[2025-06-22T01:39:25.043+0000] {processor.py:161} INFO - Started process (PID=25) to work on /opt/airflow/dags/scripts/extract_postgres.py
[2025-06-22T01:39:25.045+0000] {processor.py:830} INFO - Processing file /opt/airflow/dags/scripts/extract_postgres.py for tasks to queue
[2025-06-22T01:39:25.046+0000] {logging_mixin.py:188} INFO - [2025-06-22T01:39:25.046+0000] {dagbag.py:545} INFO - Filling up the DagBag from /opt/airflow/dags/scripts/extract_postgres.py
[2025-06-22T01:39:26.330+0000] {processor.py:842} WARNING - No viable dags retrieved from /opt/airflow/dags/scripts/extract_postgres.py
[2025-06-22T01:39:26.349+0000] {processor.py:183} INFO - Processing /opt/airflow/dags/scripts/extract_postgres.py took 1.312 seconds
[2025-06-22T01:39:56.534+0000] {processor.py:161} INFO - Started process (PID=31) to work on /opt/airflow/dags/scripts/extract_postgres.py
[2025-06-22T01:39:56.536+0000] {processor.py:830} INFO - Processing file /opt/airflow/dags/scripts/extract_postgres.py for tasks to queue
[2025-06-22T01:39:56.539+0000] {logging_mixin.py:188} INFO - [2025-06-22T01:39:56.538+0000] {dagbag.py:545} INFO - Filling up the DagBag from /opt/airflow/dags/scripts/extract_postgres.py
[2025-06-22T01:39:56.905+0000] {processor.py:842} WARNING - No viable dags retrieved from /opt/airflow/dags/scripts/extract_postgres.py
[2025-06-22T01:39:56.925+0000] {processor.py:183} INFO - Processing /opt/airflow/dags/scripts/extract_postgres.py took 0.398 seconds
[2025-06-22T01:40:27.858+0000] {processor.py:161} INFO - Started process (PID=57) to work on /opt/airflow/dags/scripts/extract_postgres.py
[2025-06-22T01:40:27.859+0000] {processor.py:830} INFO - Processing file /opt/airflow/dags/scripts/extract_postgres.py for tasks to queue
[2025-06-22T01:40:27.866+0000] {logging_mixin.py:188} INFO - [2025-06-22T01:40:27.861+0000] {dagbag.py:545} INFO - Filling up the DagBag from /opt/airflow/dags/scripts/extract_postgres.py
[2025-06-22T01:40:28.139+0000] {processor.py:842} WARNING - No viable dags retrieved from /opt/airflow/dags/scripts/extract_postgres.py
[2025-06-22T01:40:28.158+0000] {processor.py:183} INFO - Processing /opt/airflow/dags/scripts/extract_postgres.py took 0.305 seconds
[2025-06-22T01:40:58.559+0000] {processor.py:161} INFO - Started process (PID=63) to work on /opt/airflow/dags/scripts/extract_postgres.py
[2025-06-22T01:40:58.561+0000] {processor.py:830} INFO - Processing file /opt/airflow/dags/scripts/extract_postgres.py for tasks to queue
[2025-06-22T01:40:58.564+0000] {logging_mixin.py:188} INFO - [2025-06-22T01:40:58.563+0000] {dagbag.py:545} INFO - Filling up the DagBag from /opt/airflow/dags/scripts/extract_postgres.py
[2025-06-22T01:40:58.906+0000] {processor.py:842} WARNING - No viable dags retrieved from /opt/airflow/dags/scripts/extract_postgres.py
[2025-06-22T01:40:58.928+0000] {processor.py:183} INFO - Processing /opt/airflow/dags/scripts/extract_postgres.py took 0.383 seconds
[2025-06-22T01:43:08.258+0000] {processor.py:161} INFO - Started process (PID=26) to work on /opt/airflow/dags/scripts/extract_postgres.py
[2025-06-22T01:43:08.260+0000] {processor.py:830} INFO - Processing file /opt/airflow/dags/scripts/extract_postgres.py for tasks to queue
[2025-06-22T01:43:08.262+0000] {logging_mixin.py:188} INFO - [2025-06-22T01:43:08.262+0000] {dagbag.py:545} INFO - Filling up the DagBag from /opt/airflow/dags/scripts/extract_postgres.py
[2025-06-22T01:43:10.075+0000] {processor.py:842} WARNING - No viable dags retrieved from /opt/airflow/dags/scripts/extract_postgres.py
[2025-06-22T01:43:10.098+0000] {processor.py:183} INFO - Processing /opt/airflow/dags/scripts/extract_postgres.py took 1.848 seconds
[2025-06-22T01:43:40.582+0000] {processor.py:161} INFO - Started process (PID=32) to work on /opt/airflow/dags/scripts/extract_postgres.py
[2025-06-22T01:43:40.586+0000] {processor.py:830} INFO - Processing file /opt/airflow/dags/scripts/extract_postgres.py for tasks to queue
[2025-06-22T01:43:40.589+0000] {logging_mixin.py:188} INFO - [2025-06-22T01:43:40.588+0000] {dagbag.py:545} INFO - Filling up the DagBag from /opt/airflow/dags/scripts/extract_postgres.py
[2025-06-22T01:43:40.919+0000] {processor.py:842} WARNING - No viable dags retrieved from /opt/airflow/dags/scripts/extract_postgres.py
[2025-06-22T01:43:40.943+0000] {processor.py:183} INFO - Processing /opt/airflow/dags/scripts/extract_postgres.py took 0.368 seconds
[2025-06-22T01:44:11.820+0000] {processor.py:161} INFO - Started process (PID=38) to work on /opt/airflow/dags/scripts/extract_postgres.py
[2025-06-22T01:44:11.821+0000] {processor.py:830} INFO - Processing file /opt/airflow/dags/scripts/extract_postgres.py for tasks to queue
[2025-06-22T01:44:11.826+0000] {logging_mixin.py:188} INFO - [2025-06-22T01:44:11.825+0000] {dagbag.py:545} INFO - Filling up the DagBag from /opt/airflow/dags/scripts/extract_postgres.py
[2025-06-22T01:44:12.538+0000] {processor.py:842} WARNING - No viable dags retrieved from /opt/airflow/dags/scripts/extract_postgres.py
[2025-06-22T01:44:12.565+0000] {processor.py:183} INFO - Processing /opt/airflow/dags/scripts/extract_postgres.py took 0.760 seconds
[2025-06-22T01:44:42.849+0000] {processor.py:161} INFO - Started process (PID=64) to work on /opt/airflow/dags/scripts/extract_postgres.py
[2025-06-22T01:44:42.851+0000] {processor.py:830} INFO - Processing file /opt/airflow/dags/scripts/extract_postgres.py for tasks to queue
[2025-06-22T01:44:42.854+0000] {logging_mixin.py:188} INFO - [2025-06-22T01:44:42.853+0000] {dagbag.py:545} INFO - Filling up the DagBag from /opt/airflow/dags/scripts/extract_postgres.py
[2025-06-22T01:44:43.312+0000] {processor.py:842} WARNING - No viable dags retrieved from /opt/airflow/dags/scripts/extract_postgres.py
[2025-06-22T01:44:43.336+0000] {processor.py:183} INFO - Processing /opt/airflow/dags/scripts/extract_postgres.py took 0.495 seconds
[2025-06-22T01:45:13.533+0000] {processor.py:161} INFO - Started process (PID=70) to work on /opt/airflow/dags/scripts/extract_postgres.py
[2025-06-22T01:45:13.534+0000] {processor.py:830} INFO - Processing file /opt/airflow/dags/scripts/extract_postgres.py for tasks to queue
[2025-06-22T01:45:13.538+0000] {logging_mixin.py:188} INFO - [2025-06-22T01:45:13.537+0000] {dagbag.py:545} INFO - Filling up the DagBag from /opt/airflow/dags/scripts/extract_postgres.py
[2025-06-22T01:45:13.873+0000] {processor.py:842} WARNING - No viable dags retrieved from /opt/airflow/dags/scripts/extract_postgres.py
[2025-06-22T01:45:13.897+0000] {processor.py:183} INFO - Processing /opt/airflow/dags/scripts/extract_postgres.py took 0.371 seconds
[2025-06-22T01:45:44.363+0000] {processor.py:161} INFO - Started process (PID=76) to work on /opt/airflow/dags/scripts/extract_postgres.py
[2025-06-22T01:45:44.368+0000] {processor.py:830} INFO - Processing file /opt/airflow/dags/scripts/extract_postgres.py for tasks to queue
[2025-06-22T01:45:44.374+0000] {logging_mixin.py:188} INFO - [2025-06-22T01:45:44.373+0000] {dagbag.py:545} INFO - Filling up the DagBag from /opt/airflow/dags/scripts/extract_postgres.py
[2025-06-22T01:45:44.710+0000] {processor.py:842} WARNING - No viable dags retrieved from /opt/airflow/dags/scripts/extract_postgres.py
[2025-06-22T01:45:44.731+0000] {processor.py:183} INFO - Processing /opt/airflow/dags/scripts/extract_postgres.py took 0.375 seconds
[2025-06-22T01:47:09.636+0000] {processor.py:161} INFO - Started process (PID=24) to work on /opt/airflow/dags/scripts/extract_postgres.py
[2025-06-22T01:47:09.639+0000] {processor.py:830} INFO - Processing file /opt/airflow/dags/scripts/extract_postgres.py for tasks to queue
[2025-06-22T01:47:09.644+0000] {logging_mixin.py:188} INFO - [2025-06-22T01:47:09.643+0000] {dagbag.py:545} INFO - Filling up the DagBag from /opt/airflow/dags/scripts/extract_postgres.py
[2025-06-22T01:47:11.728+0000] {processor.py:842} WARNING - No viable dags retrieved from /opt/airflow/dags/scripts/extract_postgres.py
[2025-06-22T01:47:11.752+0000] {processor.py:183} INFO - Processing /opt/airflow/dags/scripts/extract_postgres.py took 2.125 seconds
[2025-06-22T01:47:42.710+0000] {processor.py:161} INFO - Started process (PID=30) to work on /opt/airflow/dags/scripts/extract_postgres.py
[2025-06-22T01:47:42.711+0000] {processor.py:830} INFO - Processing file /opt/airflow/dags/scripts/extract_postgres.py for tasks to queue
[2025-06-22T01:47:42.715+0000] {logging_mixin.py:188} INFO - [2025-06-22T01:47:42.715+0000] {dagbag.py:545} INFO - Filling up the DagBag from /opt/airflow/dags/scripts/extract_postgres.py
[2025-06-22T01:47:43.094+0000] {processor.py:842} WARNING - No viable dags retrieved from /opt/airflow/dags/scripts/extract_postgres.py
[2025-06-22T01:47:43.119+0000] {processor.py:183} INFO - Processing /opt/airflow/dags/scripts/extract_postgres.py took 0.418 seconds
[2025-06-22T01:48:14.043+0000] {processor.py:161} INFO - Started process (PID=56) to work on /opt/airflow/dags/scripts/extract_postgres.py
[2025-06-22T01:48:14.045+0000] {processor.py:830} INFO - Processing file /opt/airflow/dags/scripts/extract_postgres.py for tasks to queue
[2025-06-22T01:48:14.047+0000] {logging_mixin.py:188} INFO - [2025-06-22T01:48:14.047+0000] {dagbag.py:545} INFO - Filling up the DagBag from /opt/airflow/dags/scripts/extract_postgres.py
[2025-06-22T01:48:14.366+0000] {processor.py:842} WARNING - No viable dags retrieved from /opt/airflow/dags/scripts/extract_postgres.py
[2025-06-22T01:48:14.382+0000] {processor.py:183} INFO - Processing /opt/airflow/dags/scripts/extract_postgres.py took 0.349 seconds
[2025-06-22T01:48:45.252+0000] {processor.py:161} INFO - Started process (PID=62) to work on /opt/airflow/dags/scripts/extract_postgres.py
[2025-06-22T01:48:45.253+0000] {processor.py:830} INFO - Processing file /opt/airflow/dags/scripts/extract_postgres.py for tasks to queue
[2025-06-22T01:48:45.256+0000] {logging_mixin.py:188} INFO - [2025-06-22T01:48:45.255+0000] {dagbag.py:545} INFO - Filling up the DagBag from /opt/airflow/dags/scripts/extract_postgres.py
[2025-06-22T01:48:45.597+0000] {processor.py:842} WARNING - No viable dags retrieved from /opt/airflow/dags/scripts/extract_postgres.py
[2025-06-22T01:48:45.627+0000] {processor.py:183} INFO - Processing /opt/airflow/dags/scripts/extract_postgres.py took 0.387 seconds
[2025-06-22T01:49:16.576+0000] {processor.py:161} INFO - Started process (PID=68) to work on /opt/airflow/dags/scripts/extract_postgres.py
[2025-06-22T01:49:16.578+0000] {processor.py:830} INFO - Processing file /opt/airflow/dags/scripts/extract_postgres.py for tasks to queue
[2025-06-22T01:49:16.580+0000] {logging_mixin.py:188} INFO - [2025-06-22T01:49:16.579+0000] {dagbag.py:545} INFO - Filling up the DagBag from /opt/airflow/dags/scripts/extract_postgres.py
[2025-06-22T01:49:16.885+0000] {processor.py:842} WARNING - No viable dags retrieved from /opt/airflow/dags/scripts/extract_postgres.py
[2025-06-22T01:49:16.904+0000] {processor.py:183} INFO - Processing /opt/airflow/dags/scripts/extract_postgres.py took 0.334 seconds
[2025-06-22T01:49:47.805+0000] {processor.py:161} INFO - Started process (PID=74) to work on /opt/airflow/dags/scripts/extract_postgres.py
[2025-06-22T01:49:47.807+0000] {processor.py:830} INFO - Processing file /opt/airflow/dags/scripts/extract_postgres.py for tasks to queue
[2025-06-22T01:49:47.809+0000] {logging_mixin.py:188} INFO - [2025-06-22T01:49:47.809+0000] {dagbag.py:545} INFO - Filling up the DagBag from /opt/airflow/dags/scripts/extract_postgres.py
[2025-06-22T01:49:48.141+0000] {processor.py:842} WARNING - No viable dags retrieved from /opt/airflow/dags/scripts/extract_postgres.py
[2025-06-22T01:49:48.161+0000] {processor.py:183} INFO - Processing /opt/airflow/dags/scripts/extract_postgres.py took 0.361 seconds
[2025-06-22T01:50:19.288+0000] {processor.py:161} INFO - Started process (PID=80) to work on /opt/airflow/dags/scripts/extract_postgres.py
[2025-06-22T01:50:19.289+0000] {processor.py:830} INFO - Processing file /opt/airflow/dags/scripts/extract_postgres.py for tasks to queue
[2025-06-22T01:50:19.292+0000] {logging_mixin.py:188} INFO - [2025-06-22T01:50:19.292+0000] {dagbag.py:545} INFO - Filling up the DagBag from /opt/airflow/dags/scripts/extract_postgres.py
[2025-06-22T01:50:19.652+0000] {processor.py:842} WARNING - No viable dags retrieved from /opt/airflow/dags/scripts/extract_postgres.py
[2025-06-22T01:50:19.674+0000] {processor.py:183} INFO - Processing /opt/airflow/dags/scripts/extract_postgres.py took 0.393 seconds
[2025-06-22T01:55:20.321+0000] {processor.py:161} INFO - Started process (PID=24) to work on /opt/airflow/dags/scripts/extract_postgres.py
[2025-06-22T01:55:20.324+0000] {processor.py:830} INFO - Processing file /opt/airflow/dags/scripts/extract_postgres.py for tasks to queue
[2025-06-22T01:55:20.327+0000] {logging_mixin.py:188} INFO - [2025-06-22T01:55:20.326+0000] {dagbag.py:545} INFO - Filling up the DagBag from /opt/airflow/dags/scripts/extract_postgres.py
[2025-06-22T01:55:21.452+0000] {processor.py:842} WARNING - No viable dags retrieved from /opt/airflow/dags/scripts/extract_postgres.py
[2025-06-22T01:55:21.472+0000] {processor.py:183} INFO - Processing /opt/airflow/dags/scripts/extract_postgres.py took 1.157 seconds
[2025-06-22T01:55:51.838+0000] {processor.py:161} INFO - Started process (PID=30) to work on /opt/airflow/dags/scripts/extract_postgres.py
[2025-06-22T01:55:51.839+0000] {processor.py:830} INFO - Processing file /opt/airflow/dags/scripts/extract_postgres.py for tasks to queue
[2025-06-22T01:55:51.841+0000] {logging_mixin.py:188} INFO - [2025-06-22T01:55:51.840+0000] {dagbag.py:545} INFO - Filling up the DagBag from /opt/airflow/dags/scripts/extract_postgres.py
[2025-06-22T01:55:52.105+0000] {processor.py:842} WARNING - No viable dags retrieved from /opt/airflow/dags/scripts/extract_postgres.py
[2025-06-22T01:55:52.121+0000] {processor.py:183} INFO - Processing /opt/airflow/dags/scripts/extract_postgres.py took 0.288 seconds
[2025-06-22T01:56:22.804+0000] {processor.py:161} INFO - Started process (PID=46) to work on /opt/airflow/dags/scripts/extract_postgres.py
[2025-06-22T01:56:22.805+0000] {processor.py:830} INFO - Processing file /opt/airflow/dags/scripts/extract_postgres.py for tasks to queue
[2025-06-22T01:56:22.807+0000] {logging_mixin.py:188} INFO - [2025-06-22T01:56:22.807+0000] {dagbag.py:545} INFO - Filling up the DagBag from /opt/airflow/dags/scripts/extract_postgres.py
[2025-06-22T01:56:23.082+0000] {processor.py:842} WARNING - No viable dags retrieved from /opt/airflow/dags/scripts/extract_postgres.py
[2025-06-22T01:56:23.106+0000] {processor.py:183} INFO - Processing /opt/airflow/dags/scripts/extract_postgres.py took 0.307 seconds
[2025-06-22T01:56:53.508+0000] {processor.py:161} INFO - Started process (PID=52) to work on /opt/airflow/dags/scripts/extract_postgres.py
[2025-06-22T01:56:53.509+0000] {processor.py:830} INFO - Processing file /opt/airflow/dags/scripts/extract_postgres.py for tasks to queue
[2025-06-22T01:56:53.511+0000] {logging_mixin.py:188} INFO - [2025-06-22T01:56:53.510+0000] {dagbag.py:545} INFO - Filling up the DagBag from /opt/airflow/dags/scripts/extract_postgres.py
[2025-06-22T01:56:53.788+0000] {processor.py:842} WARNING - No viable dags retrieved from /opt/airflow/dags/scripts/extract_postgres.py
[2025-06-22T01:56:53.817+0000] {processor.py:183} INFO - Processing /opt/airflow/dags/scripts/extract_postgres.py took 0.314 seconds
[2025-06-22T01:57:24.175+0000] {processor.py:161} INFO - Started process (PID=58) to work on /opt/airflow/dags/scripts/extract_postgres.py
[2025-06-22T01:57:24.176+0000] {processor.py:830} INFO - Processing file /opt/airflow/dags/scripts/extract_postgres.py for tasks to queue
[2025-06-22T01:57:24.177+0000] {logging_mixin.py:188} INFO - [2025-06-22T01:57:24.177+0000] {dagbag.py:545} INFO - Filling up the DagBag from /opt/airflow/dags/scripts/extract_postgres.py
[2025-06-22T01:57:24.498+0000] {processor.py:842} WARNING - No viable dags retrieved from /opt/airflow/dags/scripts/extract_postgres.py
[2025-06-22T01:57:24.525+0000] {processor.py:183} INFO - Processing /opt/airflow/dags/scripts/extract_postgres.py took 0.355 seconds
[2025-06-22T01:58:56.116+0000] {processor.py:161} INFO - Started process (PID=25) to work on /opt/airflow/dags/scripts/extract_postgres.py
[2025-06-22T01:58:56.118+0000] {processor.py:830} INFO - Processing file /opt/airflow/dags/scripts/extract_postgres.py for tasks to queue
[2025-06-22T01:58:56.121+0000] {logging_mixin.py:188} INFO - [2025-06-22T01:58:56.120+0000] {dagbag.py:545} INFO - Filling up the DagBag from /opt/airflow/dags/scripts/extract_postgres.py
[2025-06-22T01:58:57.979+0000] {processor.py:842} WARNING - No viable dags retrieved from /opt/airflow/dags/scripts/extract_postgres.py
[2025-06-22T01:58:58.002+0000] {processor.py:183} INFO - Processing /opt/airflow/dags/scripts/extract_postgres.py took 1.893 seconds
[2025-06-22T01:59:28.576+0000] {processor.py:161} INFO - Started process (PID=31) to work on /opt/airflow/dags/scripts/extract_postgres.py
[2025-06-22T01:59:28.587+0000] {processor.py:830} INFO - Processing file /opt/airflow/dags/scripts/extract_postgres.py for tasks to queue
[2025-06-22T01:59:28.594+0000] {logging_mixin.py:188} INFO - [2025-06-22T01:59:28.593+0000] {dagbag.py:545} INFO - Filling up the DagBag from /opt/airflow/dags/scripts/extract_postgres.py
[2025-06-22T01:59:29.586+0000] {processor.py:842} WARNING - No viable dags retrieved from /opt/airflow/dags/scripts/extract_postgres.py
[2025-06-22T01:59:29.666+0000] {processor.py:183} INFO - Processing /opt/airflow/dags/scripts/extract_postgres.py took 1.121 seconds
[2025-06-22T02:00:00.583+0000] {processor.py:161} INFO - Started process (PID=37) to work on /opt/airflow/dags/scripts/extract_postgres.py
[2025-06-22T02:00:00.585+0000] {processor.py:830} INFO - Processing file /opt/airflow/dags/scripts/extract_postgres.py for tasks to queue
[2025-06-22T02:00:00.588+0000] {logging_mixin.py:188} INFO - [2025-06-22T02:00:00.587+0000] {dagbag.py:545} INFO - Filling up the DagBag from /opt/airflow/dags/scripts/extract_postgres.py
[2025-06-22T02:00:01.014+0000] {processor.py:842} WARNING - No viable dags retrieved from /opt/airflow/dags/scripts/extract_postgres.py
[2025-06-22T02:00:01.034+0000] {processor.py:183} INFO - Processing /opt/airflow/dags/scripts/extract_postgres.py took 0.459 seconds
[2025-06-22T02:00:31.742+0000] {processor.py:161} INFO - Started process (PID=63) to work on /opt/airflow/dags/scripts/extract_postgres.py
[2025-06-22T02:00:31.743+0000] {processor.py:830} INFO - Processing file /opt/airflow/dags/scripts/extract_postgres.py for tasks to queue
[2025-06-22T02:00:31.745+0000] {logging_mixin.py:188} INFO - [2025-06-22T02:00:31.745+0000] {dagbag.py:545} INFO - Filling up the DagBag from /opt/airflow/dags/scripts/extract_postgres.py
[2025-06-22T02:00:32.143+0000] {processor.py:842} WARNING - No viable dags retrieved from /opt/airflow/dags/scripts/extract_postgres.py
[2025-06-22T02:00:32.168+0000] {processor.py:183} INFO - Processing /opt/airflow/dags/scripts/extract_postgres.py took 0.432 seconds
[2025-06-22T02:01:02.767+0000] {processor.py:161} INFO - Started process (PID=69) to work on /opt/airflow/dags/scripts/extract_postgres.py
[2025-06-22T02:01:02.769+0000] {processor.py:830} INFO - Processing file /opt/airflow/dags/scripts/extract_postgres.py for tasks to queue
[2025-06-22T02:01:02.771+0000] {logging_mixin.py:188} INFO - [2025-06-22T02:01:02.771+0000] {dagbag.py:545} INFO - Filling up the DagBag from /opt/airflow/dags/scripts/extract_postgres.py
[2025-06-22T02:01:03.185+0000] {processor.py:842} WARNING - No viable dags retrieved from /opt/airflow/dags/scripts/extract_postgres.py
[2025-06-22T02:01:03.218+0000] {processor.py:183} INFO - Processing /opt/airflow/dags/scripts/extract_postgres.py took 0.457 seconds
[2025-06-22T02:01:33.446+0000] {processor.py:161} INFO - Started process (PID=75) to work on /opt/airflow/dags/scripts/extract_postgres.py
[2025-06-22T02:01:33.448+0000] {processor.py:830} INFO - Processing file /opt/airflow/dags/scripts/extract_postgres.py for tasks to queue
[2025-06-22T02:01:33.451+0000] {logging_mixin.py:188} INFO - [2025-06-22T02:01:33.450+0000] {dagbag.py:545} INFO - Filling up the DagBag from /opt/airflow/dags/scripts/extract_postgres.py
[2025-06-22T02:01:34.003+0000] {processor.py:842} WARNING - No viable dags retrieved from /opt/airflow/dags/scripts/extract_postgres.py
[2025-06-22T02:01:34.033+0000] {processor.py:183} INFO - Processing /opt/airflow/dags/scripts/extract_postgres.py took 0.599 seconds
[2025-06-22T02:02:04.862+0000] {processor.py:161} INFO - Started process (PID=81) to work on /opt/airflow/dags/scripts/extract_postgres.py
[2025-06-22T02:02:04.864+0000] {processor.py:830} INFO - Processing file /opt/airflow/dags/scripts/extract_postgres.py for tasks to queue
[2025-06-22T02:02:04.867+0000] {logging_mixin.py:188} INFO - [2025-06-22T02:02:04.867+0000] {dagbag.py:545} INFO - Filling up the DagBag from /opt/airflow/dags/scripts/extract_postgres.py
[2025-06-22T02:02:05.244+0000] {processor.py:842} WARNING - No viable dags retrieved from /opt/airflow/dags/scripts/extract_postgres.py
[2025-06-22T02:02:05.267+0000] {processor.py:183} INFO - Processing /opt/airflow/dags/scripts/extract_postgres.py took 0.413 seconds
[2025-06-22T02:03:56.963+0000] {processor.py:161} INFO - Started process (PID=24) to work on /opt/airflow/dags/scripts/extract_postgres.py
[2025-06-22T02:03:56.965+0000] {processor.py:830} INFO - Processing file /opt/airflow/dags/scripts/extract_postgres.py for tasks to queue
[2025-06-22T02:03:56.968+0000] {logging_mixin.py:188} INFO - [2025-06-22T02:03:56.967+0000] {dagbag.py:545} INFO - Filling up the DagBag from /opt/airflow/dags/scripts/extract_postgres.py
[2025-06-22T02:03:59.003+0000] {processor.py:842} WARNING - No viable dags retrieved from /opt/airflow/dags/scripts/extract_postgres.py
[2025-06-22T02:03:59.025+0000] {processor.py:183} INFO - Processing /opt/airflow/dags/scripts/extract_postgres.py took 2.070 seconds
[2025-06-22T02:04:29.788+0000] {processor.py:161} INFO - Started process (PID=30) to work on /opt/airflow/dags/scripts/extract_postgres.py
[2025-06-22T02:04:29.794+0000] {processor.py:830} INFO - Processing file /opt/airflow/dags/scripts/extract_postgres.py for tasks to queue
[2025-06-22T02:04:29.799+0000] {logging_mixin.py:188} INFO - [2025-06-22T02:04:29.799+0000] {dagbag.py:545} INFO - Filling up the DagBag from /opt/airflow/dags/scripts/extract_postgres.py
[2025-06-22T02:04:30.612+0000] {processor.py:842} WARNING - No viable dags retrieved from /opt/airflow/dags/scripts/extract_postgres.py
[2025-06-22T02:04:30.870+0000] {processor.py:183} INFO - Processing /opt/airflow/dags/scripts/extract_postgres.py took 1.093 seconds
[2025-06-22T02:05:06.254+0000] {processor.py:161} INFO - Started process (PID=56) to work on /opt/airflow/dags/scripts/extract_postgres.py
[2025-06-22T02:05:06.255+0000] {processor.py:830} INFO - Processing file /opt/airflow/dags/scripts/extract_postgres.py for tasks to queue
[2025-06-22T02:05:06.259+0000] {logging_mixin.py:188} INFO - [2025-06-22T02:05:06.259+0000] {dagbag.py:545} INFO - Filling up the DagBag from /opt/airflow/dags/scripts/extract_postgres.py
[2025-06-22T02:05:06.772+0000] {processor.py:842} WARNING - No viable dags retrieved from /opt/airflow/dags/scripts/extract_postgres.py
[2025-06-22T02:05:06.798+0000] {processor.py:183} INFO - Processing /opt/airflow/dags/scripts/extract_postgres.py took 0.554 seconds
[2025-06-22T02:05:37.066+0000] {processor.py:161} INFO - Started process (PID=62) to work on /opt/airflow/dags/scripts/extract_postgres.py
[2025-06-22T02:05:37.071+0000] {processor.py:830} INFO - Processing file /opt/airflow/dags/scripts/extract_postgres.py for tasks to queue
[2025-06-22T02:05:37.082+0000] {logging_mixin.py:188} INFO - [2025-06-22T02:05:37.081+0000] {dagbag.py:545} INFO - Filling up the DagBag from /opt/airflow/dags/scripts/extract_postgres.py
[2025-06-22T02:05:37.582+0000] {processor.py:842} WARNING - No viable dags retrieved from /opt/airflow/dags/scripts/extract_postgres.py
[2025-06-22T02:05:37.612+0000] {processor.py:183} INFO - Processing /opt/airflow/dags/scripts/extract_postgres.py took 0.555 seconds
[2025-06-22T02:06:08.347+0000] {processor.py:161} INFO - Started process (PID=68) to work on /opt/airflow/dags/scripts/extract_postgres.py
[2025-06-22T02:06:08.353+0000] {processor.py:830} INFO - Processing file /opt/airflow/dags/scripts/extract_postgres.py for tasks to queue
[2025-06-22T02:06:08.357+0000] {logging_mixin.py:188} INFO - [2025-06-22T02:06:08.356+0000] {dagbag.py:545} INFO - Filling up the DagBag from /opt/airflow/dags/scripts/extract_postgres.py
[2025-06-22T02:06:08.762+0000] {processor.py:842} WARNING - No viable dags retrieved from /opt/airflow/dags/scripts/extract_postgres.py
[2025-06-22T02:06:08.783+0000] {processor.py:183} INFO - Processing /opt/airflow/dags/scripts/extract_postgres.py took 0.443 seconds
[2025-06-22T02:06:38.970+0000] {processor.py:161} INFO - Started process (PID=94) to work on /opt/airflow/dags/scripts/extract_postgres.py
[2025-06-22T02:06:38.972+0000] {processor.py:830} INFO - Processing file /opt/airflow/dags/scripts/extract_postgres.py for tasks to queue
[2025-06-22T02:06:38.974+0000] {logging_mixin.py:188} INFO - [2025-06-22T02:06:38.974+0000] {dagbag.py:545} INFO - Filling up the DagBag from /opt/airflow/dags/scripts/extract_postgres.py
[2025-06-22T02:06:39.369+0000] {processor.py:842} WARNING - No viable dags retrieved from /opt/airflow/dags/scripts/extract_postgres.py
[2025-06-22T02:06:39.389+0000] {processor.py:183} INFO - Processing /opt/airflow/dags/scripts/extract_postgres.py took 0.428 seconds
[2025-06-22T02:07:09.653+0000] {processor.py:161} INFO - Started process (PID=100) to work on /opt/airflow/dags/scripts/extract_postgres.py
[2025-06-22T02:07:09.654+0000] {processor.py:830} INFO - Processing file /opt/airflow/dags/scripts/extract_postgres.py for tasks to queue
[2025-06-22T02:07:09.656+0000] {logging_mixin.py:188} INFO - [2025-06-22T02:07:09.656+0000] {dagbag.py:545} INFO - Filling up the DagBag from /opt/airflow/dags/scripts/extract_postgres.py
[2025-06-22T02:07:10.078+0000] {processor.py:842} WARNING - No viable dags retrieved from /opt/airflow/dags/scripts/extract_postgres.py
[2025-06-22T02:07:10.099+0000] {processor.py:183} INFO - Processing /opt/airflow/dags/scripts/extract_postgres.py took 0.452 seconds
[2025-06-22T02:09:23.948+0000] {processor.py:161} INFO - Started process (PID=25) to work on /opt/airflow/dags/scripts/extract_postgres.py
[2025-06-22T02:09:23.949+0000] {processor.py:830} INFO - Processing file /opt/airflow/dags/scripts/extract_postgres.py for tasks to queue
[2025-06-22T02:09:23.951+0000] {logging_mixin.py:188} INFO - [2025-06-22T02:09:23.950+0000] {dagbag.py:545} INFO - Filling up the DagBag from /opt/airflow/dags/scripts/extract_postgres.py
[2025-06-22T02:09:25.001+0000] {processor.py:842} WARNING - No viable dags retrieved from /opt/airflow/dags/scripts/extract_postgres.py
[2025-06-22T02:09:25.030+0000] {processor.py:183} INFO - Processing /opt/airflow/dags/scripts/extract_postgres.py took 1.087 seconds
[2025-06-22T02:09:55.393+0000] {processor.py:161} INFO - Started process (PID=31) to work on /opt/airflow/dags/scripts/extract_postgres.py
[2025-06-22T02:09:55.395+0000] {processor.py:830} INFO - Processing file /opt/airflow/dags/scripts/extract_postgres.py for tasks to queue
[2025-06-22T02:09:55.397+0000] {logging_mixin.py:188} INFO - [2025-06-22T02:09:55.396+0000] {dagbag.py:545} INFO - Filling up the DagBag from /opt/airflow/dags/scripts/extract_postgres.py
[2025-06-22T02:09:55.718+0000] {processor.py:842} WARNING - No viable dags retrieved from /opt/airflow/dags/scripts/extract_postgres.py
[2025-06-22T02:09:55.751+0000] {processor.py:183} INFO - Processing /opt/airflow/dags/scripts/extract_postgres.py took 0.366 seconds
[2025-06-22T02:10:26.185+0000] {processor.py:161} INFO - Started process (PID=37) to work on /opt/airflow/dags/scripts/extract_postgres.py
[2025-06-22T02:10:26.186+0000] {processor.py:830} INFO - Processing file /opt/airflow/dags/scripts/extract_postgres.py for tasks to queue
[2025-06-22T02:10:26.188+0000] {logging_mixin.py:188} INFO - [2025-06-22T02:10:26.188+0000] {dagbag.py:545} INFO - Filling up the DagBag from /opt/airflow/dags/scripts/extract_postgres.py
[2025-06-22T02:10:26.449+0000] {processor.py:842} WARNING - No viable dags retrieved from /opt/airflow/dags/scripts/extract_postgres.py
[2025-06-22T02:10:26.471+0000] {processor.py:183} INFO - Processing /opt/airflow/dags/scripts/extract_postgres.py took 0.291 seconds
[2025-06-22T02:10:57.475+0000] {processor.py:161} INFO - Started process (PID=43) to work on /opt/airflow/dags/scripts/extract_postgres.py
[2025-06-22T02:10:57.477+0000] {processor.py:830} INFO - Processing file /opt/airflow/dags/scripts/extract_postgres.py for tasks to queue
[2025-06-22T02:10:57.479+0000] {logging_mixin.py:188} INFO - [2025-06-22T02:10:57.478+0000] {dagbag.py:545} INFO - Filling up the DagBag from /opt/airflow/dags/scripts/extract_postgres.py
[2025-06-22T02:10:57.752+0000] {processor.py:842} WARNING - No viable dags retrieved from /opt/airflow/dags/scripts/extract_postgres.py
[2025-06-22T02:10:57.773+0000] {processor.py:183} INFO - Processing /opt/airflow/dags/scripts/extract_postgres.py took 0.305 seconds
[2025-06-22T02:11:28.776+0000] {processor.py:161} INFO - Started process (PID=49) to work on /opt/airflow/dags/scripts/extract_postgres.py
[2025-06-22T02:11:28.777+0000] {processor.py:830} INFO - Processing file /opt/airflow/dags/scripts/extract_postgres.py for tasks to queue
[2025-06-22T02:11:28.778+0000] {logging_mixin.py:188} INFO - [2025-06-22T02:11:28.778+0000] {dagbag.py:545} INFO - Filling up the DagBag from /opt/airflow/dags/scripts/extract_postgres.py
[2025-06-22T02:11:29.083+0000] {processor.py:842} WARNING - No viable dags retrieved from /opt/airflow/dags/scripts/extract_postgres.py
[2025-06-22T02:11:29.100+0000] {processor.py:183} INFO - Processing /opt/airflow/dags/scripts/extract_postgres.py took 0.330 seconds
[2025-06-22T02:12:00.199+0000] {processor.py:161} INFO - Started process (PID=55) to work on /opt/airflow/dags/scripts/extract_postgres.py
[2025-06-22T02:12:00.200+0000] {processor.py:830} INFO - Processing file /opt/airflow/dags/scripts/extract_postgres.py for tasks to queue
[2025-06-22T02:12:00.202+0000] {logging_mixin.py:188} INFO - [2025-06-22T02:12:00.201+0000] {dagbag.py:545} INFO - Filling up the DagBag from /opt/airflow/dags/scripts/extract_postgres.py
[2025-06-22T02:12:00.439+0000] {processor.py:842} WARNING - No viable dags retrieved from /opt/airflow/dags/scripts/extract_postgres.py
[2025-06-22T02:12:00.462+0000] {processor.py:183} INFO - Processing /opt/airflow/dags/scripts/extract_postgres.py took 0.268 seconds
[2025-06-22T02:12:31.230+0000] {processor.py:161} INFO - Started process (PID=61) to work on /opt/airflow/dags/scripts/extract_postgres.py
[2025-06-22T02:12:31.230+0000] {processor.py:830} INFO - Processing file /opt/airflow/dags/scripts/extract_postgres.py for tasks to queue
[2025-06-22T02:12:31.232+0000] {logging_mixin.py:188} INFO - [2025-06-22T02:12:31.232+0000] {dagbag.py:545} INFO - Filling up the DagBag from /opt/airflow/dags/scripts/extract_postgres.py
[2025-06-22T02:12:31.466+0000] {processor.py:842} WARNING - No viable dags retrieved from /opt/airflow/dags/scripts/extract_postgres.py
[2025-06-22T02:12:31.491+0000] {processor.py:183} INFO - Processing /opt/airflow/dags/scripts/extract_postgres.py took 0.266 seconds
[2025-06-22T02:13:02.366+0000] {processor.py:161} INFO - Started process (PID=67) to work on /opt/airflow/dags/scripts/extract_postgres.py
[2025-06-22T02:13:02.367+0000] {processor.py:830} INFO - Processing file /opt/airflow/dags/scripts/extract_postgres.py for tasks to queue
[2025-06-22T02:13:02.369+0000] {logging_mixin.py:188} INFO - [2025-06-22T02:13:02.369+0000] {dagbag.py:545} INFO - Filling up the DagBag from /opt/airflow/dags/scripts/extract_postgres.py
[2025-06-22T02:13:02.615+0000] {processor.py:842} WARNING - No viable dags retrieved from /opt/airflow/dags/scripts/extract_postgres.py
[2025-06-22T02:13:02.641+0000] {processor.py:183} INFO - Processing /opt/airflow/dags/scripts/extract_postgres.py took 0.279 seconds
[2025-06-22T02:13:33.197+0000] {processor.py:161} INFO - Started process (PID=73) to work on /opt/airflow/dags/scripts/extract_postgres.py
[2025-06-22T02:13:33.198+0000] {processor.py:830} INFO - Processing file /opt/airflow/dags/scripts/extract_postgres.py for tasks to queue
[2025-06-22T02:13:33.199+0000] {logging_mixin.py:188} INFO - [2025-06-22T02:13:33.199+0000] {dagbag.py:545} INFO - Filling up the DagBag from /opt/airflow/dags/scripts/extract_postgres.py
[2025-06-22T02:13:33.451+0000] {processor.py:842} WARNING - No viable dags retrieved from /opt/airflow/dags/scripts/extract_postgres.py
[2025-06-22T02:13:33.471+0000] {processor.py:183} INFO - Processing /opt/airflow/dags/scripts/extract_postgres.py took 0.279 seconds
[2025-06-22T02:14:49.304+0000] {processor.py:161} INFO - Started process (PID=25) to work on /opt/airflow/dags/scripts/extract_postgres.py
[2025-06-22T02:14:49.306+0000] {processor.py:830} INFO - Processing file /opt/airflow/dags/scripts/extract_postgres.py for tasks to queue
[2025-06-22T02:14:49.308+0000] {logging_mixin.py:188} INFO - [2025-06-22T02:14:49.308+0000] {dagbag.py:545} INFO - Filling up the DagBag from /opt/airflow/dags/scripts/extract_postgres.py
[2025-06-22T02:14:50.420+0000] {processor.py:842} WARNING - No viable dags retrieved from /opt/airflow/dags/scripts/extract_postgres.py
[2025-06-22T02:14:50.438+0000] {processor.py:183} INFO - Processing /opt/airflow/dags/scripts/extract_postgres.py took 1.139 seconds
[2025-06-22T02:15:20.832+0000] {processor.py:161} INFO - Started process (PID=31) to work on /opt/airflow/dags/scripts/extract_postgres.py
[2025-06-22T02:15:20.834+0000] {processor.py:830} INFO - Processing file /opt/airflow/dags/scripts/extract_postgres.py for tasks to queue
[2025-06-22T02:15:20.835+0000] {logging_mixin.py:188} INFO - [2025-06-22T02:15:20.835+0000] {dagbag.py:545} INFO - Filling up the DagBag from /opt/airflow/dags/scripts/extract_postgres.py
[2025-06-22T02:15:21.123+0000] {processor.py:842} WARNING - No viable dags retrieved from /opt/airflow/dags/scripts/extract_postgres.py
[2025-06-22T02:15:21.146+0000] {processor.py:183} INFO - Processing /opt/airflow/dags/scripts/extract_postgres.py took 0.320 seconds
[2025-06-22T02:15:51.610+0000] {processor.py:161} INFO - Started process (PID=37) to work on /opt/airflow/dags/scripts/extract_postgres.py
[2025-06-22T02:15:51.611+0000] {processor.py:830} INFO - Processing file /opt/airflow/dags/scripts/extract_postgres.py for tasks to queue
[2025-06-22T02:15:51.614+0000] {logging_mixin.py:188} INFO - [2025-06-22T02:15:51.613+0000] {dagbag.py:545} INFO - Filling up the DagBag from /opt/airflow/dags/scripts/extract_postgres.py
[2025-06-22T02:15:51.890+0000] {processor.py:842} WARNING - No viable dags retrieved from /opt/airflow/dags/scripts/extract_postgres.py
[2025-06-22T02:15:51.910+0000] {processor.py:183} INFO - Processing /opt/airflow/dags/scripts/extract_postgres.py took 0.305 seconds
[2025-06-22T02:16:22.726+0000] {processor.py:161} INFO - Started process (PID=43) to work on /opt/airflow/dags/scripts/extract_postgres.py
[2025-06-22T02:16:22.727+0000] {processor.py:830} INFO - Processing file /opt/airflow/dags/scripts/extract_postgres.py for tasks to queue
[2025-06-22T02:16:22.729+0000] {logging_mixin.py:188} INFO - [2025-06-22T02:16:22.729+0000] {dagbag.py:545} INFO - Filling up the DagBag from /opt/airflow/dags/scripts/extract_postgres.py
[2025-06-22T02:16:22.984+0000] {processor.py:842} WARNING - No viable dags retrieved from /opt/airflow/dags/scripts/extract_postgres.py
[2025-06-22T02:16:23.006+0000] {processor.py:183} INFO - Processing /opt/airflow/dags/scripts/extract_postgres.py took 0.285 seconds
[2025-06-22T02:16:53.153+0000] {processor.py:161} INFO - Started process (PID=49) to work on /opt/airflow/dags/scripts/extract_postgres.py
[2025-06-22T02:16:53.156+0000] {processor.py:830} INFO - Processing file /opt/airflow/dags/scripts/extract_postgres.py for tasks to queue
[2025-06-22T02:16:53.158+0000] {logging_mixin.py:188} INFO - [2025-06-22T02:16:53.158+0000] {dagbag.py:545} INFO - Filling up the DagBag from /opt/airflow/dags/scripts/extract_postgres.py
[2025-06-22T02:16:53.500+0000] {processor.py:842} WARNING - No viable dags retrieved from /opt/airflow/dags/scripts/extract_postgres.py
[2025-06-22T02:16:53.521+0000] {processor.py:183} INFO - Processing /opt/airflow/dags/scripts/extract_postgres.py took 0.378 seconds
[2025-06-22T02:17:24.622+0000] {processor.py:161} INFO - Started process (PID=55) to work on /opt/airflow/dags/scripts/extract_postgres.py
[2025-06-22T02:17:24.623+0000] {processor.py:830} INFO - Processing file /opt/airflow/dags/scripts/extract_postgres.py for tasks to queue
[2025-06-22T02:17:24.625+0000] {logging_mixin.py:188} INFO - [2025-06-22T02:17:24.625+0000] {dagbag.py:545} INFO - Filling up the DagBag from /opt/airflow/dags/scripts/extract_postgres.py
[2025-06-22T02:17:24.858+0000] {processor.py:842} WARNING - No viable dags retrieved from /opt/airflow/dags/scripts/extract_postgres.py
[2025-06-22T02:17:24.881+0000] {processor.py:183} INFO - Processing /opt/airflow/dags/scripts/extract_postgres.py took 0.265 seconds
[2025-06-22T02:19:19.512+0000] {processor.py:161} INFO - Started process (PID=25) to work on /opt/airflow/dags/scripts/extract_postgres.py
[2025-06-22T02:19:19.514+0000] {processor.py:830} INFO - Processing file /opt/airflow/dags/scripts/extract_postgres.py for tasks to queue
[2025-06-22T02:19:19.517+0000] {logging_mixin.py:188} INFO - [2025-06-22T02:19:19.516+0000] {dagbag.py:545} INFO - Filling up the DagBag from /opt/airflow/dags/scripts/extract_postgres.py
[2025-06-22T02:19:20.806+0000] {processor.py:842} WARNING - No viable dags retrieved from /opt/airflow/dags/scripts/extract_postgres.py
[2025-06-22T02:19:20.821+0000] {processor.py:183} INFO - Processing /opt/airflow/dags/scripts/extract_postgres.py took 1.317 seconds
[2025-06-22T02:19:51.920+0000] {processor.py:161} INFO - Started process (PID=31) to work on /opt/airflow/dags/scripts/extract_postgres.py
[2025-06-22T02:19:51.922+0000] {processor.py:830} INFO - Processing file /opt/airflow/dags/scripts/extract_postgres.py for tasks to queue
[2025-06-22T02:19:51.924+0000] {logging_mixin.py:188} INFO - [2025-06-22T02:19:51.924+0000] {dagbag.py:545} INFO - Filling up the DagBag from /opt/airflow/dags/scripts/extract_postgres.py
[2025-06-22T02:19:52.217+0000] {processor.py:842} WARNING - No viable dags retrieved from /opt/airflow/dags/scripts/extract_postgres.py
[2025-06-22T02:19:52.238+0000] {processor.py:183} INFO - Processing /opt/airflow/dags/scripts/extract_postgres.py took 0.324 seconds
[2025-06-22T02:20:22.537+0000] {processor.py:161} INFO - Started process (PID=37) to work on /opt/airflow/dags/scripts/extract_postgres.py
[2025-06-22T02:20:22.539+0000] {processor.py:830} INFO - Processing file /opt/airflow/dags/scripts/extract_postgres.py for tasks to queue
[2025-06-22T02:20:22.540+0000] {logging_mixin.py:188} INFO - [2025-06-22T02:20:22.540+0000] {dagbag.py:545} INFO - Filling up the DagBag from /opt/airflow/dags/scripts/extract_postgres.py
[2025-06-22T02:20:22.835+0000] {processor.py:842} WARNING - No viable dags retrieved from /opt/airflow/dags/scripts/extract_postgres.py
[2025-06-22T02:20:22.858+0000] {processor.py:183} INFO - Processing /opt/airflow/dags/scripts/extract_postgres.py took 0.327 seconds
[2025-06-22T02:35:00.133+0000] {processor.py:161} INFO - Started process (PID=27) to work on /opt/airflow/dags/scripts/extract_postgres.py
[2025-06-22T02:35:00.136+0000] {processor.py:830} INFO - Processing file /opt/airflow/dags/scripts/extract_postgres.py for tasks to queue
[2025-06-22T02:35:00.138+0000] {logging_mixin.py:188} INFO - [2025-06-22T02:35:00.138+0000] {dagbag.py:545} INFO - Filling up the DagBag from /opt/airflow/dags/scripts/extract_postgres.py
[2025-06-22T02:35:00.456+0000] {processor.py:842} WARNING - No viable dags retrieved from /opt/airflow/dags/scripts/extract_postgres.py
[2025-06-22T02:35:00.478+0000] {processor.py:183} INFO - Processing /opt/airflow/dags/scripts/extract_postgres.py took 0.350 seconds
[2025-06-22T02:35:30.688+0000] {processor.py:161} INFO - Started process (PID=33) to work on /opt/airflow/dags/scripts/extract_postgres.py
[2025-06-22T02:35:30.689+0000] {processor.py:830} INFO - Processing file /opt/airflow/dags/scripts/extract_postgres.py for tasks to queue
[2025-06-22T02:35:30.692+0000] {logging_mixin.py:188} INFO - [2025-06-22T02:35:30.691+0000] {dagbag.py:545} INFO - Filling up the DagBag from /opt/airflow/dags/scripts/extract_postgres.py
[2025-06-22T02:35:31.024+0000] {processor.py:842} WARNING - No viable dags retrieved from /opt/airflow/dags/scripts/extract_postgres.py
[2025-06-22T02:35:31.043+0000] {processor.py:183} INFO - Processing /opt/airflow/dags/scripts/extract_postgres.py took 0.361 seconds
[2025-06-22T02:36:01.323+0000] {processor.py:161} INFO - Started process (PID=39) to work on /opt/airflow/dags/scripts/extract_postgres.py
[2025-06-22T02:36:01.332+0000] {processor.py:830} INFO - Processing file /opt/airflow/dags/scripts/extract_postgres.py for tasks to queue
[2025-06-22T02:36:01.334+0000] {logging_mixin.py:188} INFO - [2025-06-22T02:36:01.333+0000] {dagbag.py:545} INFO - Filling up the DagBag from /opt/airflow/dags/scripts/extract_postgres.py
[2025-06-22T02:36:02.092+0000] {processor.py:842} WARNING - No viable dags retrieved from /opt/airflow/dags/scripts/extract_postgres.py
[2025-06-22T02:36:02.138+0000] {processor.py:183} INFO - Processing /opt/airflow/dags/scripts/extract_postgres.py took 0.828 seconds
[2025-06-22T02:36:32.852+0000] {processor.py:161} INFO - Started process (PID=45) to work on /opt/airflow/dags/scripts/extract_postgres.py
[2025-06-22T02:36:32.853+0000] {processor.py:830} INFO - Processing file /opt/airflow/dags/scripts/extract_postgres.py for tasks to queue
[2025-06-22T02:36:32.855+0000] {logging_mixin.py:188} INFO - [2025-06-22T02:36:32.854+0000] {dagbag.py:545} INFO - Filling up the DagBag from /opt/airflow/dags/scripts/extract_postgres.py
[2025-06-22T02:36:33.252+0000] {processor.py:842} WARNING - No viable dags retrieved from /opt/airflow/dags/scripts/extract_postgres.py
[2025-06-22T02:36:33.273+0000] {processor.py:183} INFO - Processing /opt/airflow/dags/scripts/extract_postgres.py took 0.428 seconds
[2025-06-22T02:37:03.367+0000] {processor.py:161} INFO - Started process (PID=51) to work on /opt/airflow/dags/scripts/extract_postgres.py
[2025-06-22T02:37:03.368+0000] {processor.py:830} INFO - Processing file /opt/airflow/dags/scripts/extract_postgres.py for tasks to queue
[2025-06-22T02:37:03.370+0000] {logging_mixin.py:188} INFO - [2025-06-22T02:37:03.369+0000] {dagbag.py:545} INFO - Filling up the DagBag from /opt/airflow/dags/scripts/extract_postgres.py
[2025-06-22T02:37:03.735+0000] {processor.py:842} WARNING - No viable dags retrieved from /opt/airflow/dags/scripts/extract_postgres.py
[2025-06-22T02:37:03.763+0000] {processor.py:183} INFO - Processing /opt/airflow/dags/scripts/extract_postgres.py took 0.403 seconds
[2025-06-22T02:38:13.595+0000] {processor.py:161} INFO - Started process (PID=27) to work on /opt/airflow/dags/scripts/extract_postgres.py
[2025-06-22T02:38:13.598+0000] {processor.py:830} INFO - Processing file /opt/airflow/dags/scripts/extract_postgres.py for tasks to queue
[2025-06-22T02:38:13.604+0000] {logging_mixin.py:188} INFO - [2025-06-22T02:38:13.603+0000] {dagbag.py:545} INFO - Filling up the DagBag from /opt/airflow/dags/scripts/extract_postgres.py
[2025-06-22T02:38:14.042+0000] {processor.py:842} WARNING - No viable dags retrieved from /opt/airflow/dags/scripts/extract_postgres.py
[2025-06-22T02:38:14.063+0000] {processor.py:183} INFO - Processing /opt/airflow/dags/scripts/extract_postgres.py took 0.477 seconds
[2025-06-22T02:38:45.125+0000] {processor.py:161} INFO - Started process (PID=33) to work on /opt/airflow/dags/scripts/extract_postgres.py
[2025-06-22T02:38:45.127+0000] {processor.py:830} INFO - Processing file /opt/airflow/dags/scripts/extract_postgres.py for tasks to queue
[2025-06-22T02:38:45.130+0000] {logging_mixin.py:188} INFO - [2025-06-22T02:38:45.129+0000] {dagbag.py:545} INFO - Filling up the DagBag from /opt/airflow/dags/scripts/extract_postgres.py
[2025-06-22T02:38:45.452+0000] {processor.py:842} WARNING - No viable dags retrieved from /opt/airflow/dags/scripts/extract_postgres.py
[2025-06-22T02:38:45.481+0000] {processor.py:183} INFO - Processing /opt/airflow/dags/scripts/extract_postgres.py took 0.363 seconds
[2025-06-22T02:39:15.612+0000] {processor.py:161} INFO - Started process (PID=39) to work on /opt/airflow/dags/scripts/extract_postgres.py
[2025-06-22T02:39:15.613+0000] {processor.py:830} INFO - Processing file /opt/airflow/dags/scripts/extract_postgres.py for tasks to queue
[2025-06-22T02:39:15.616+0000] {logging_mixin.py:188} INFO - [2025-06-22T02:39:15.615+0000] {dagbag.py:545} INFO - Filling up the DagBag from /opt/airflow/dags/scripts/extract_postgres.py
[2025-06-22T02:39:15.977+0000] {processor.py:842} WARNING - No viable dags retrieved from /opt/airflow/dags/scripts/extract_postgres.py
[2025-06-22T02:39:15.999+0000] {processor.py:183} INFO - Processing /opt/airflow/dags/scripts/extract_postgres.py took 0.393 seconds
[2025-06-22T02:39:46.944+0000] {processor.py:161} INFO - Started process (PID=74) to work on /opt/airflow/dags/scripts/extract_postgres.py
[2025-06-22T02:39:46.945+0000] {processor.py:830} INFO - Processing file /opt/airflow/dags/scripts/extract_postgres.py for tasks to queue
[2025-06-22T02:39:46.947+0000] {logging_mixin.py:188} INFO - [2025-06-22T02:39:46.947+0000] {dagbag.py:545} INFO - Filling up the DagBag from /opt/airflow/dags/scripts/extract_postgres.py
[2025-06-22T02:39:47.185+0000] {processor.py:842} WARNING - No viable dags retrieved from /opt/airflow/dags/scripts/extract_postgres.py
[2025-06-22T02:39:47.205+0000] {processor.py:183} INFO - Processing /opt/airflow/dags/scripts/extract_postgres.py took 0.266 seconds
[2025-06-22T02:40:18.032+0000] {processor.py:161} INFO - Started process (PID=80) to work on /opt/airflow/dags/scripts/extract_postgres.py
[2025-06-22T02:40:18.033+0000] {processor.py:830} INFO - Processing file /opt/airflow/dags/scripts/extract_postgres.py for tasks to queue
[2025-06-22T02:40:18.035+0000] {logging_mixin.py:188} INFO - [2025-06-22T02:40:18.035+0000] {dagbag.py:545} INFO - Filling up the DagBag from /opt/airflow/dags/scripts/extract_postgres.py
[2025-06-22T02:40:18.265+0000] {processor.py:842} WARNING - No viable dags retrieved from /opt/airflow/dags/scripts/extract_postgres.py
[2025-06-22T02:40:18.294+0000] {processor.py:183} INFO - Processing /opt/airflow/dags/scripts/extract_postgres.py took 0.266 seconds
[2025-06-22T02:40:49.085+0000] {processor.py:161} INFO - Started process (PID=86) to work on /opt/airflow/dags/scripts/extract_postgres.py
[2025-06-22T02:40:49.086+0000] {processor.py:830} INFO - Processing file /opt/airflow/dags/scripts/extract_postgres.py for tasks to queue
[2025-06-22T02:40:49.088+0000] {logging_mixin.py:188} INFO - [2025-06-22T02:40:49.088+0000] {dagbag.py:545} INFO - Filling up the DagBag from /opt/airflow/dags/scripts/extract_postgres.py
[2025-06-22T02:40:49.317+0000] {processor.py:842} WARNING - No viable dags retrieved from /opt/airflow/dags/scripts/extract_postgres.py
[2025-06-22T02:40:49.341+0000] {processor.py:183} INFO - Processing /opt/airflow/dags/scripts/extract_postgres.py took 0.260 seconds
[2025-06-22T02:41:20.078+0000] {processor.py:161} INFO - Started process (PID=92) to work on /opt/airflow/dags/scripts/extract_postgres.py
[2025-06-22T02:41:20.079+0000] {processor.py:830} INFO - Processing file /opt/airflow/dags/scripts/extract_postgres.py for tasks to queue
[2025-06-22T02:41:20.081+0000] {logging_mixin.py:188} INFO - [2025-06-22T02:41:20.080+0000] {dagbag.py:545} INFO - Filling up the DagBag from /opt/airflow/dags/scripts/extract_postgres.py
[2025-06-22T02:41:20.379+0000] {processor.py:842} WARNING - No viable dags retrieved from /opt/airflow/dags/scripts/extract_postgres.py
[2025-06-22T02:41:20.405+0000] {processor.py:183} INFO - Processing /opt/airflow/dags/scripts/extract_postgres.py took 0.333 seconds
[2025-06-22T02:41:51.249+0000] {processor.py:161} INFO - Started process (PID=98) to work on /opt/airflow/dags/scripts/extract_postgres.py
[2025-06-22T02:41:51.251+0000] {processor.py:830} INFO - Processing file /opt/airflow/dags/scripts/extract_postgres.py for tasks to queue
[2025-06-22T02:41:51.253+0000] {logging_mixin.py:188} INFO - [2025-06-22T02:41:51.253+0000] {dagbag.py:545} INFO - Filling up the DagBag from /opt/airflow/dags/scripts/extract_postgres.py
[2025-06-22T02:41:51.569+0000] {processor.py:842} WARNING - No viable dags retrieved from /opt/airflow/dags/scripts/extract_postgres.py
[2025-06-22T02:41:51.592+0000] {processor.py:183} INFO - Processing /opt/airflow/dags/scripts/extract_postgres.py took 0.350 seconds
[2025-06-22T02:42:21.685+0000] {processor.py:161} INFO - Started process (PID=104) to work on /opt/airflow/dags/scripts/extract_postgres.py
[2025-06-22T02:42:21.686+0000] {processor.py:830} INFO - Processing file /opt/airflow/dags/scripts/extract_postgres.py for tasks to queue
[2025-06-22T02:42:21.688+0000] {logging_mixin.py:188} INFO - [2025-06-22T02:42:21.687+0000] {dagbag.py:545} INFO - Filling up the DagBag from /opt/airflow/dags/scripts/extract_postgres.py
[2025-06-22T02:42:21.937+0000] {processor.py:842} WARNING - No viable dags retrieved from /opt/airflow/dags/scripts/extract_postgres.py
[2025-06-22T02:42:21.961+0000] {processor.py:183} INFO - Processing /opt/airflow/dags/scripts/extract_postgres.py took 0.282 seconds
[2025-06-22T02:42:52.385+0000] {processor.py:161} INFO - Started process (PID=110) to work on /opt/airflow/dags/scripts/extract_postgres.py
[2025-06-22T02:42:52.386+0000] {processor.py:830} INFO - Processing file /opt/airflow/dags/scripts/extract_postgres.py for tasks to queue
[2025-06-22T02:42:52.388+0000] {logging_mixin.py:188} INFO - [2025-06-22T02:42:52.387+0000] {dagbag.py:545} INFO - Filling up the DagBag from /opt/airflow/dags/scripts/extract_postgres.py
[2025-06-22T02:42:52.651+0000] {processor.py:842} WARNING - No viable dags retrieved from /opt/airflow/dags/scripts/extract_postgres.py
[2025-06-22T02:42:52.684+0000] {processor.py:183} INFO - Processing /opt/airflow/dags/scripts/extract_postgres.py took 0.304 seconds
[2025-06-22T02:43:23.149+0000] {processor.py:161} INFO - Started process (PID=116) to work on /opt/airflow/dags/scripts/extract_postgres.py
[2025-06-22T02:43:23.150+0000] {processor.py:830} INFO - Processing file /opt/airflow/dags/scripts/extract_postgres.py for tasks to queue
[2025-06-22T02:43:23.152+0000] {logging_mixin.py:188} INFO - [2025-06-22T02:43:23.152+0000] {dagbag.py:545} INFO - Filling up the DagBag from /opt/airflow/dags/scripts/extract_postgres.py
[2025-06-22T02:43:23.384+0000] {processor.py:842} WARNING - No viable dags retrieved from /opt/airflow/dags/scripts/extract_postgres.py
[2025-06-22T02:43:23.400+0000] {processor.py:183} INFO - Processing /opt/airflow/dags/scripts/extract_postgres.py took 0.256 seconds
[2025-06-22T02:43:41.474+0000] {processor.py:161} INFO - Started process (PID=122) to work on /opt/airflow/dags/scripts/extract_postgres.py
[2025-06-22T02:43:41.475+0000] {processor.py:830} INFO - Processing file /opt/airflow/dags/scripts/extract_postgres.py for tasks to queue
[2025-06-22T02:43:41.476+0000] {logging_mixin.py:188} INFO - [2025-06-22T02:43:41.476+0000] {dagbag.py:545} INFO - Filling up the DagBag from /opt/airflow/dags/scripts/extract_postgres.py
[2025-06-22T02:43:41.481+0000] {logging_mixin.py:188} INFO - [2025-06-22T02:43:41.481+0000] {dagbag.py:334} INFO - File /opt/airflow/dags/scripts/extract_postgres.py assumed to contain no DAGs. Skipping.
[2025-06-22T02:43:41.481+0000] {processor.py:842} WARNING - No viable dags retrieved from /opt/airflow/dags/scripts/extract_postgres.py
[2025-06-22T02:43:41.499+0000] {processor.py:183} INFO - Processing /opt/airflow/dags/scripts/extract_postgres.py took 0.031 seconds
[2025-06-22T02:44:12.061+0000] {processor.py:161} INFO - Started process (PID=127) to work on /opt/airflow/dags/scripts/extract_postgres.py
[2025-06-22T02:44:12.062+0000] {processor.py:830} INFO - Processing file /opt/airflow/dags/scripts/extract_postgres.py for tasks to queue
[2025-06-22T02:44:12.064+0000] {logging_mixin.py:188} INFO - [2025-06-22T02:44:12.064+0000] {dagbag.py:545} INFO - Filling up the DagBag from /opt/airflow/dags/scripts/extract_postgres.py
[2025-06-22T02:44:12.069+0000] {logging_mixin.py:188} INFO - [2025-06-22T02:44:12.069+0000] {dagbag.py:334} INFO - File /opt/airflow/dags/scripts/extract_postgres.py assumed to contain no DAGs. Skipping.
[2025-06-22T02:44:12.070+0000] {processor.py:842} WARNING - No viable dags retrieved from /opt/airflow/dags/scripts/extract_postgres.py
[2025-06-22T02:44:12.085+0000] {processor.py:183} INFO - Processing /opt/airflow/dags/scripts/extract_postgres.py took 0.030 seconds
[2025-06-22T02:55:50.099+0000] {processor.py:161} INFO - Started process (PID=25) to work on /opt/airflow/dags/scripts/extract_postgres.py
[2025-06-22T02:55:50.101+0000] {processor.py:830} INFO - Processing file /opt/airflow/dags/scripts/extract_postgres.py for tasks to queue
[2025-06-22T02:55:50.104+0000] {logging_mixin.py:188} INFO - [2025-06-22T02:55:50.104+0000] {dagbag.py:545} INFO - Filling up the DagBag from /opt/airflow/dags/scripts/extract_postgres.py
[2025-06-22T02:55:51.366+0000] {processor.py:842} WARNING - No viable dags retrieved from /opt/airflow/dags/scripts/extract_postgres.py
[2025-06-22T02:55:51.383+0000] {processor.py:183} INFO - Processing /opt/airflow/dags/scripts/extract_postgres.py took 1.292 seconds
[2025-06-22T02:56:21.484+0000] {processor.py:161} INFO - Started process (PID=33) to work on /opt/airflow/dags/scripts/extract_postgres.py
[2025-06-22T02:56:21.486+0000] {processor.py:830} INFO - Processing file /opt/airflow/dags/scripts/extract_postgres.py for tasks to queue
[2025-06-22T02:56:21.488+0000] {logging_mixin.py:188} INFO - [2025-06-22T02:56:21.488+0000] {dagbag.py:545} INFO - Filling up the DagBag from /opt/airflow/dags/scripts/extract_postgres.py
[2025-06-22T02:56:21.813+0000] {processor.py:842} WARNING - No viable dags retrieved from /opt/airflow/dags/scripts/extract_postgres.py
[2025-06-22T02:56:21.834+0000] {processor.py:183} INFO - Processing /opt/airflow/dags/scripts/extract_postgres.py took 0.356 seconds
[2025-06-22T02:56:52.650+0000] {processor.py:161} INFO - Started process (PID=39) to work on /opt/airflow/dags/scripts/extract_postgres.py
[2025-06-22T02:56:52.651+0000] {processor.py:830} INFO - Processing file /opt/airflow/dags/scripts/extract_postgres.py for tasks to queue
[2025-06-22T02:56:52.653+0000] {logging_mixin.py:188} INFO - [2025-06-22T02:56:52.653+0000] {dagbag.py:545} INFO - Filling up the DagBag from /opt/airflow/dags/scripts/extract_postgres.py
[2025-06-22T02:56:52.939+0000] {processor.py:842} WARNING - No viable dags retrieved from /opt/airflow/dags/scripts/extract_postgres.py
[2025-06-22T02:56:52.960+0000] {processor.py:183} INFO - Processing /opt/airflow/dags/scripts/extract_postgres.py took 0.315 seconds
[2025-06-22T02:57:23.582+0000] {processor.py:161} INFO - Started process (PID=45) to work on /opt/airflow/dags/scripts/extract_postgres.py
[2025-06-22T02:57:23.583+0000] {processor.py:830} INFO - Processing file /opt/airflow/dags/scripts/extract_postgres.py for tasks to queue
[2025-06-22T02:57:23.584+0000] {logging_mixin.py:188} INFO - [2025-06-22T02:57:23.584+0000] {dagbag.py:545} INFO - Filling up the DagBag from /opt/airflow/dags/scripts/extract_postgres.py
[2025-06-22T02:57:23.886+0000] {processor.py:842} WARNING - No viable dags retrieved from /opt/airflow/dags/scripts/extract_postgres.py
[2025-06-22T02:57:23.911+0000] {processor.py:183} INFO - Processing /opt/airflow/dags/scripts/extract_postgres.py took 0.334 seconds
[2025-06-22T02:57:54.634+0000] {processor.py:161} INFO - Started process (PID=51) to work on /opt/airflow/dags/scripts/extract_postgres.py
[2025-06-22T02:57:54.635+0000] {processor.py:830} INFO - Processing file /opt/airflow/dags/scripts/extract_postgres.py for tasks to queue
[2025-06-22T02:57:54.638+0000] {logging_mixin.py:188} INFO - [2025-06-22T02:57:54.638+0000] {dagbag.py:545} INFO - Filling up the DagBag from /opt/airflow/dags/scripts/extract_postgres.py
[2025-06-22T02:57:54.943+0000] {processor.py:842} WARNING - No viable dags retrieved from /opt/airflow/dags/scripts/extract_postgres.py
[2025-06-22T02:57:54.967+0000] {processor.py:183} INFO - Processing /opt/airflow/dags/scripts/extract_postgres.py took 0.339 seconds
[2025-06-22T02:58:25.510+0000] {processor.py:161} INFO - Started process (PID=57) to work on /opt/airflow/dags/scripts/extract_postgres.py
[2025-06-22T02:58:25.511+0000] {processor.py:830} INFO - Processing file /opt/airflow/dags/scripts/extract_postgres.py for tasks to queue
[2025-06-22T02:58:25.513+0000] {logging_mixin.py:188} INFO - [2025-06-22T02:58:25.513+0000] {dagbag.py:545} INFO - Filling up the DagBag from /opt/airflow/dags/scripts/extract_postgres.py
[2025-06-22T02:58:25.776+0000] {processor.py:842} WARNING - No viable dags retrieved from /opt/airflow/dags/scripts/extract_postgres.py
[2025-06-22T02:58:25.800+0000] {processor.py:183} INFO - Processing /opt/airflow/dags/scripts/extract_postgres.py took 0.294 seconds
[2025-06-22T02:58:56.566+0000] {processor.py:161} INFO - Started process (PID=63) to work on /opt/airflow/dags/scripts/extract_postgres.py
[2025-06-22T02:58:56.567+0000] {processor.py:830} INFO - Processing file /opt/airflow/dags/scripts/extract_postgres.py for tasks to queue
[2025-06-22T02:58:56.568+0000] {logging_mixin.py:188} INFO - [2025-06-22T02:58:56.568+0000] {dagbag.py:545} INFO - Filling up the DagBag from /opt/airflow/dags/scripts/extract_postgres.py
[2025-06-22T02:58:56.871+0000] {processor.py:842} WARNING - No viable dags retrieved from /opt/airflow/dags/scripts/extract_postgres.py
[2025-06-22T02:58:56.892+0000] {processor.py:183} INFO - Processing /opt/airflow/dags/scripts/extract_postgres.py took 0.331 seconds
[2025-06-22T02:59:27.438+0000] {processor.py:161} INFO - Started process (PID=69) to work on /opt/airflow/dags/scripts/extract_postgres.py
[2025-06-22T02:59:27.439+0000] {processor.py:830} INFO - Processing file /opt/airflow/dags/scripts/extract_postgres.py for tasks to queue
[2025-06-22T02:59:27.441+0000] {logging_mixin.py:188} INFO - [2025-06-22T02:59:27.441+0000] {dagbag.py:545} INFO - Filling up the DagBag from /opt/airflow/dags/scripts/extract_postgres.py
[2025-06-22T02:59:27.673+0000] {processor.py:842} WARNING - No viable dags retrieved from /opt/airflow/dags/scripts/extract_postgres.py
[2025-06-22T02:59:27.692+0000] {processor.py:183} INFO - Processing /opt/airflow/dags/scripts/extract_postgres.py took 0.259 seconds
[2025-06-22T02:59:58.470+0000] {processor.py:161} INFO - Started process (PID=75) to work on /opt/airflow/dags/scripts/extract_postgres.py
[2025-06-22T02:59:58.471+0000] {processor.py:830} INFO - Processing file /opt/airflow/dags/scripts/extract_postgres.py for tasks to queue
[2025-06-22T02:59:58.473+0000] {logging_mixin.py:188} INFO - [2025-06-22T02:59:58.473+0000] {dagbag.py:545} INFO - Filling up the DagBag from /opt/airflow/dags/scripts/extract_postgres.py
[2025-06-22T02:59:58.723+0000] {processor.py:842} WARNING - No viable dags retrieved from /opt/airflow/dags/scripts/extract_postgres.py
[2025-06-22T02:59:58.752+0000] {processor.py:183} INFO - Processing /opt/airflow/dags/scripts/extract_postgres.py took 0.287 seconds
[2025-06-22T03:00:29.235+0000] {processor.py:161} INFO - Started process (PID=81) to work on /opt/airflow/dags/scripts/extract_postgres.py
[2025-06-22T03:00:29.236+0000] {processor.py:830} INFO - Processing file /opt/airflow/dags/scripts/extract_postgres.py for tasks to queue
[2025-06-22T03:00:29.237+0000] {logging_mixin.py:188} INFO - [2025-06-22T03:00:29.237+0000] {dagbag.py:545} INFO - Filling up the DagBag from /opt/airflow/dags/scripts/extract_postgres.py
[2025-06-22T03:00:29.466+0000] {processor.py:842} WARNING - No viable dags retrieved from /opt/airflow/dags/scripts/extract_postgres.py
[2025-06-22T03:00:29.494+0000] {processor.py:183} INFO - Processing /opt/airflow/dags/scripts/extract_postgres.py took 0.264 seconds
[2025-06-22T03:01:02.896+0000] {processor.py:161} INFO - Started process (PID=97) to work on /opt/airflow/dags/scripts/extract_postgres.py
[2025-06-22T03:01:02.899+0000] {processor.py:830} INFO - Processing file /opt/airflow/dags/scripts/extract_postgres.py for tasks to queue
[2025-06-22T03:01:02.901+0000] {logging_mixin.py:188} INFO - [2025-06-22T03:01:02.900+0000] {dagbag.py:545} INFO - Filling up the DagBag from /opt/airflow/dags/scripts/extract_postgres.py
[2025-06-22T03:01:03.359+0000] {processor.py:842} WARNING - No viable dags retrieved from /opt/airflow/dags/scripts/extract_postgres.py
[2025-06-22T03:01:03.402+0000] {processor.py:183} INFO - Processing /opt/airflow/dags/scripts/extract_postgres.py took 0.521 seconds
[2025-06-22T03:01:33.873+0000] {processor.py:161} INFO - Started process (PID=113) to work on /opt/airflow/dags/scripts/extract_postgres.py
[2025-06-22T03:01:33.874+0000] {processor.py:830} INFO - Processing file /opt/airflow/dags/scripts/extract_postgres.py for tasks to queue
[2025-06-22T03:01:33.876+0000] {logging_mixin.py:188} INFO - [2025-06-22T03:01:33.875+0000] {dagbag.py:545} INFO - Filling up the DagBag from /opt/airflow/dags/scripts/extract_postgres.py
[2025-06-22T03:01:34.134+0000] {processor.py:842} WARNING - No viable dags retrieved from /opt/airflow/dags/scripts/extract_postgres.py
[2025-06-22T03:01:34.151+0000] {processor.py:183} INFO - Processing /opt/airflow/dags/scripts/extract_postgres.py took 0.284 seconds
[2025-06-22T03:02:04.842+0000] {processor.py:161} INFO - Started process (PID=119) to work on /opt/airflow/dags/scripts/extract_postgres.py
[2025-06-22T03:02:04.844+0000] {processor.py:830} INFO - Processing file /opt/airflow/dags/scripts/extract_postgres.py for tasks to queue
[2025-06-22T03:02:04.845+0000] {logging_mixin.py:188} INFO - [2025-06-22T03:02:04.845+0000] {dagbag.py:545} INFO - Filling up the DagBag from /opt/airflow/dags/scripts/extract_postgres.py
[2025-06-22T03:02:05.203+0000] {processor.py:842} WARNING - No viable dags retrieved from /opt/airflow/dags/scripts/extract_postgres.py
[2025-06-22T03:02:05.229+0000] {processor.py:183} INFO - Processing /opt/airflow/dags/scripts/extract_postgres.py took 0.393 seconds
[2025-06-22T03:02:35.932+0000] {processor.py:161} INFO - Started process (PID=125) to work on /opt/airflow/dags/scripts/extract_postgres.py
[2025-06-22T03:02:35.933+0000] {processor.py:830} INFO - Processing file /opt/airflow/dags/scripts/extract_postgres.py for tasks to queue
[2025-06-22T03:02:35.935+0000] {logging_mixin.py:188} INFO - [2025-06-22T03:02:35.935+0000] {dagbag.py:545} INFO - Filling up the DagBag from /opt/airflow/dags/scripts/extract_postgres.py
[2025-06-22T03:02:36.188+0000] {processor.py:842} WARNING - No viable dags retrieved from /opt/airflow/dags/scripts/extract_postgres.py
[2025-06-22T03:02:36.209+0000] {processor.py:183} INFO - Processing /opt/airflow/dags/scripts/extract_postgres.py took 0.282 seconds
[2025-06-22T03:03:30.755+0000] {processor.py:161} INFO - Started process (PID=26) to work on /opt/airflow/dags/scripts/extract_postgres.py
[2025-06-22T03:03:30.756+0000] {processor.py:830} INFO - Processing file /opt/airflow/dags/scripts/extract_postgres.py for tasks to queue
[2025-06-22T03:03:30.758+0000] {logging_mixin.py:188} INFO - [2025-06-22T03:03:30.757+0000] {dagbag.py:545} INFO - Filling up the DagBag from /opt/airflow/dags/scripts/extract_postgres.py
[2025-06-22T03:03:31.074+0000] {processor.py:842} WARNING - No viable dags retrieved from /opt/airflow/dags/scripts/extract_postgres.py
[2025-06-22T03:03:31.092+0000] {processor.py:183} INFO - Processing /opt/airflow/dags/scripts/extract_postgres.py took 0.344 seconds
[2025-06-22T03:04:02.136+0000] {processor.py:161} INFO - Started process (PID=32) to work on /opt/airflow/dags/scripts/extract_postgres.py
[2025-06-22T03:04:02.137+0000] {processor.py:830} INFO - Processing file /opt/airflow/dags/scripts/extract_postgres.py for tasks to queue
[2025-06-22T03:04:02.139+0000] {logging_mixin.py:188} INFO - [2025-06-22T03:04:02.139+0000] {dagbag.py:545} INFO - Filling up the DagBag from /opt/airflow/dags/scripts/extract_postgres.py
[2025-06-22T03:04:02.437+0000] {processor.py:842} WARNING - No viable dags retrieved from /opt/airflow/dags/scripts/extract_postgres.py
[2025-06-22T03:04:02.455+0000] {processor.py:183} INFO - Processing /opt/airflow/dags/scripts/extract_postgres.py took 0.325 seconds
[2025-06-22T03:04:33.826+0000] {processor.py:161} INFO - Started process (PID=38) to work on /opt/airflow/dags/scripts/extract_postgres.py
[2025-06-22T03:04:33.828+0000] {processor.py:830} INFO - Processing file /opt/airflow/dags/scripts/extract_postgres.py for tasks to queue
[2025-06-22T03:04:33.831+0000] {logging_mixin.py:188} INFO - [2025-06-22T03:04:33.831+0000] {dagbag.py:545} INFO - Filling up the DagBag from /opt/airflow/dags/scripts/extract_postgres.py
[2025-06-22T03:04:34.247+0000] {processor.py:842} WARNING - No viable dags retrieved from /opt/airflow/dags/scripts/extract_postgres.py
[2025-06-22T03:04:34.273+0000] {processor.py:183} INFO - Processing /opt/airflow/dags/scripts/extract_postgres.py took 0.453 seconds
[2025-06-22T03:05:04.869+0000] {processor.py:161} INFO - Started process (PID=64) to work on /opt/airflow/dags/scripts/extract_postgres.py
[2025-06-22T03:05:04.870+0000] {processor.py:830} INFO - Processing file /opt/airflow/dags/scripts/extract_postgres.py for tasks to queue
[2025-06-22T03:05:04.872+0000] {logging_mixin.py:188} INFO - [2025-06-22T03:05:04.872+0000] {dagbag.py:545} INFO - Filling up the DagBag from /opt/airflow/dags/scripts/extract_postgres.py
[2025-06-22T03:05:05.112+0000] {processor.py:842} WARNING - No viable dags retrieved from /opt/airflow/dags/scripts/extract_postgres.py
[2025-06-22T03:05:05.133+0000] {processor.py:183} INFO - Processing /opt/airflow/dags/scripts/extract_postgres.py took 0.269 seconds
[2025-06-22T03:05:35.453+0000] {processor.py:161} INFO - Started process (PID=90) to work on /opt/airflow/dags/scripts/extract_postgres.py
[2025-06-22T03:05:35.454+0000] {processor.py:830} INFO - Processing file /opt/airflow/dags/scripts/extract_postgres.py for tasks to queue
[2025-06-22T03:05:35.456+0000] {logging_mixin.py:188} INFO - [2025-06-22T03:05:35.455+0000] {dagbag.py:545} INFO - Filling up the DagBag from /opt/airflow/dags/scripts/extract_postgres.py
[2025-06-22T03:05:35.701+0000] {processor.py:842} WARNING - No viable dags retrieved from /opt/airflow/dags/scripts/extract_postgres.py
[2025-06-22T03:05:35.722+0000] {processor.py:183} INFO - Processing /opt/airflow/dags/scripts/extract_postgres.py took 0.275 seconds
[2025-06-22T03:06:06.119+0000] {processor.py:161} INFO - Started process (PID=96) to work on /opt/airflow/dags/scripts/extract_postgres.py
[2025-06-22T03:06:06.120+0000] {processor.py:830} INFO - Processing file /opt/airflow/dags/scripts/extract_postgres.py for tasks to queue
[2025-06-22T03:06:06.122+0000] {logging_mixin.py:188} INFO - [2025-06-22T03:06:06.121+0000] {dagbag.py:545} INFO - Filling up the DagBag from /opt/airflow/dags/scripts/extract_postgres.py
[2025-06-22T03:06:06.354+0000] {processor.py:842} WARNING - No viable dags retrieved from /opt/airflow/dags/scripts/extract_postgres.py
[2025-06-22T03:06:06.380+0000] {processor.py:183} INFO - Processing /opt/airflow/dags/scripts/extract_postgres.py took 0.265 seconds
[2025-06-22T03:06:36.644+0000] {processor.py:161} INFO - Started process (PID=102) to work on /opt/airflow/dags/scripts/extract_postgres.py
[2025-06-22T03:06:36.644+0000] {processor.py:830} INFO - Processing file /opt/airflow/dags/scripts/extract_postgres.py for tasks to queue
[2025-06-22T03:06:36.646+0000] {logging_mixin.py:188} INFO - [2025-06-22T03:06:36.646+0000] {dagbag.py:545} INFO - Filling up the DagBag from /opt/airflow/dags/scripts/extract_postgres.py
[2025-06-22T03:06:36.883+0000] {processor.py:842} WARNING - No viable dags retrieved from /opt/airflow/dags/scripts/extract_postgres.py
[2025-06-22T03:06:36.906+0000] {processor.py:183} INFO - Processing /opt/airflow/dags/scripts/extract_postgres.py took 0.267 seconds
[2025-06-22T03:07:07.182+0000] {processor.py:161} INFO - Started process (PID=108) to work on /opt/airflow/dags/scripts/extract_postgres.py
[2025-06-22T03:07:07.183+0000] {processor.py:830} INFO - Processing file /opt/airflow/dags/scripts/extract_postgres.py for tasks to queue
[2025-06-22T03:07:07.185+0000] {logging_mixin.py:188} INFO - [2025-06-22T03:07:07.184+0000] {dagbag.py:545} INFO - Filling up the DagBag from /opt/airflow/dags/scripts/extract_postgres.py
[2025-06-22T03:07:07.468+0000] {processor.py:842} WARNING - No viable dags retrieved from /opt/airflow/dags/scripts/extract_postgres.py
[2025-06-22T03:07:07.488+0000] {processor.py:183} INFO - Processing /opt/airflow/dags/scripts/extract_postgres.py took 0.311 seconds
[2025-06-22T03:08:29.396+0000] {processor.py:161} INFO - Started process (PID=26) to work on /opt/airflow/dags/scripts/extract_postgres.py
[2025-06-22T03:08:29.397+0000] {processor.py:830} INFO - Processing file /opt/airflow/dags/scripts/extract_postgres.py for tasks to queue
[2025-06-22T03:08:29.400+0000] {logging_mixin.py:188} INFO - [2025-06-22T03:08:29.399+0000] {dagbag.py:545} INFO - Filling up the DagBag from /opt/airflow/dags/scripts/extract_postgres.py
[2025-06-22T03:08:29.704+0000] {processor.py:842} WARNING - No viable dags retrieved from /opt/airflow/dags/scripts/extract_postgres.py
[2025-06-22T03:08:29.718+0000] {processor.py:183} INFO - Processing /opt/airflow/dags/scripts/extract_postgres.py took 0.329 seconds
[2025-06-22T03:08:59.977+0000] {processor.py:161} INFO - Started process (PID=32) to work on /opt/airflow/dags/scripts/extract_postgres.py
[2025-06-22T03:08:59.978+0000] {processor.py:830} INFO - Processing file /opt/airflow/dags/scripts/extract_postgres.py for tasks to queue
[2025-06-22T03:08:59.980+0000] {logging_mixin.py:188} INFO - [2025-06-22T03:08:59.980+0000] {dagbag.py:545} INFO - Filling up the DagBag from /opt/airflow/dags/scripts/extract_postgres.py
[2025-06-22T03:09:00.272+0000] {processor.py:842} WARNING - No viable dags retrieved from /opt/airflow/dags/scripts/extract_postgres.py
[2025-06-22T03:09:00.290+0000] {processor.py:183} INFO - Processing /opt/airflow/dags/scripts/extract_postgres.py took 0.319 seconds
[2025-06-22T03:09:30.737+0000] {processor.py:161} INFO - Started process (PID=38) to work on /opt/airflow/dags/scripts/extract_postgres.py
[2025-06-22T03:09:30.738+0000] {processor.py:830} INFO - Processing file /opt/airflow/dags/scripts/extract_postgres.py for tasks to queue
[2025-06-22T03:09:30.741+0000] {logging_mixin.py:188} INFO - [2025-06-22T03:09:30.740+0000] {dagbag.py:545} INFO - Filling up the DagBag from /opt/airflow/dags/scripts/extract_postgres.py
[2025-06-22T03:09:31.111+0000] {processor.py:842} WARNING - No viable dags retrieved from /opt/airflow/dags/scripts/extract_postgres.py
[2025-06-22T03:09:31.125+0000] {processor.py:183} INFO - Processing /opt/airflow/dags/scripts/extract_postgres.py took 0.395 seconds
[2025-06-22T03:10:01.780+0000] {processor.py:161} INFO - Started process (PID=64) to work on /opt/airflow/dags/scripts/extract_postgres.py
[2025-06-22T03:10:01.781+0000] {processor.py:830} INFO - Processing file /opt/airflow/dags/scripts/extract_postgres.py for tasks to queue
[2025-06-22T03:10:01.783+0000] {logging_mixin.py:188} INFO - [2025-06-22T03:10:01.783+0000] {dagbag.py:545} INFO - Filling up the DagBag from /opt/airflow/dags/scripts/extract_postgres.py
[2025-06-22T03:10:02.041+0000] {processor.py:842} WARNING - No viable dags retrieved from /opt/airflow/dags/scripts/extract_postgres.py
[2025-06-22T03:10:02.063+0000] {processor.py:183} INFO - Processing /opt/airflow/dags/scripts/extract_postgres.py took 0.288 seconds
[2025-06-22T03:10:32.418+0000] {processor.py:161} INFO - Started process (PID=70) to work on /opt/airflow/dags/scripts/extract_postgres.py
[2025-06-22T03:10:32.419+0000] {processor.py:830} INFO - Processing file /opt/airflow/dags/scripts/extract_postgres.py for tasks to queue
[2025-06-22T03:10:32.421+0000] {logging_mixin.py:188} INFO - [2025-06-22T03:10:32.420+0000] {dagbag.py:545} INFO - Filling up the DagBag from /opt/airflow/dags/scripts/extract_postgres.py
[2025-06-22T03:10:32.691+0000] {processor.py:842} WARNING - No viable dags retrieved from /opt/airflow/dags/scripts/extract_postgres.py
[2025-06-22T03:10:32.710+0000] {processor.py:183} INFO - Processing /opt/airflow/dags/scripts/extract_postgres.py took 0.299 seconds
[2025-06-22T03:11:57.384+0000] {processor.py:161} INFO - Started process (PID=28) to work on /opt/airflow/dags/scripts/extract_postgres.py
[2025-06-22T03:11:57.385+0000] {processor.py:830} INFO - Processing file /opt/airflow/dags/scripts/extract_postgres.py for tasks to queue
[2025-06-22T03:11:57.387+0000] {logging_mixin.py:188} INFO - [2025-06-22T03:11:57.386+0000] {dagbag.py:545} INFO - Filling up the DagBag from /opt/airflow/dags/scripts/extract_postgres.py
[2025-06-22T03:11:57.713+0000] {processor.py:842} WARNING - No viable dags retrieved from /opt/airflow/dags/scripts/extract_postgres.py
[2025-06-22T03:11:57.730+0000] {processor.py:183} INFO - Processing /opt/airflow/dags/scripts/extract_postgres.py took 0.352 seconds
[2025-06-22T03:12:28.823+0000] {processor.py:161} INFO - Started process (PID=34) to work on /opt/airflow/dags/scripts/extract_postgres.py
[2025-06-22T03:12:28.824+0000] {processor.py:830} INFO - Processing file /opt/airflow/dags/scripts/extract_postgres.py for tasks to queue
[2025-06-22T03:12:28.826+0000] {logging_mixin.py:188} INFO - [2025-06-22T03:12:28.826+0000] {dagbag.py:545} INFO - Filling up the DagBag from /opt/airflow/dags/scripts/extract_postgres.py
[2025-06-22T03:12:29.083+0000] {processor.py:842} WARNING - No viable dags retrieved from /opt/airflow/dags/scripts/extract_postgres.py
[2025-06-22T03:12:29.105+0000] {processor.py:183} INFO - Processing /opt/airflow/dags/scripts/extract_postgres.py took 0.288 seconds
[2025-06-22T03:13:01.002+0000] {processor.py:161} INFO - Started process (PID=60) to work on /opt/airflow/dags/scripts/extract_postgres.py
[2025-06-22T03:13:01.004+0000] {processor.py:830} INFO - Processing file /opt/airflow/dags/scripts/extract_postgres.py for tasks to queue
[2025-06-22T03:13:01.006+0000] {logging_mixin.py:188} INFO - [2025-06-22T03:13:01.006+0000] {dagbag.py:545} INFO - Filling up the DagBag from /opt/airflow/dags/scripts/extract_postgres.py
[2025-06-22T03:13:01.276+0000] {processor.py:842} WARNING - No viable dags retrieved from /opt/airflow/dags/scripts/extract_postgres.py
[2025-06-22T03:13:01.297+0000] {processor.py:183} INFO - Processing /opt/airflow/dags/scripts/extract_postgres.py took 0.304 seconds
[2025-06-22T03:13:32.436+0000] {processor.py:161} INFO - Started process (PID=66) to work on /opt/airflow/dags/scripts/extract_postgres.py
[2025-06-22T03:13:32.437+0000] {processor.py:830} INFO - Processing file /opt/airflow/dags/scripts/extract_postgres.py for tasks to queue
[2025-06-22T03:13:32.439+0000] {logging_mixin.py:188} INFO - [2025-06-22T03:13:32.438+0000] {dagbag.py:545} INFO - Filling up the DagBag from /opt/airflow/dags/scripts/extract_postgres.py
[2025-06-22T03:13:32.673+0000] {processor.py:842} WARNING - No viable dags retrieved from /opt/airflow/dags/scripts/extract_postgres.py
[2025-06-22T03:13:32.697+0000] {processor.py:183} INFO - Processing /opt/airflow/dags/scripts/extract_postgres.py took 0.266 seconds
[2025-06-22T03:14:03.057+0000] {processor.py:161} INFO - Started process (PID=72) to work on /opt/airflow/dags/scripts/extract_postgres.py
[2025-06-22T03:14:03.058+0000] {processor.py:830} INFO - Processing file /opt/airflow/dags/scripts/extract_postgres.py for tasks to queue
[2025-06-22T03:14:03.060+0000] {logging_mixin.py:188} INFO - [2025-06-22T03:14:03.060+0000] {dagbag.py:545} INFO - Filling up the DagBag from /opt/airflow/dags/scripts/extract_postgres.py
[2025-06-22T03:14:03.359+0000] {processor.py:842} WARNING - No viable dags retrieved from /opt/airflow/dags/scripts/extract_postgres.py
[2025-06-22T03:14:03.377+0000] {processor.py:183} INFO - Processing /opt/airflow/dags/scripts/extract_postgres.py took 0.325 seconds
[2025-06-22T03:14:34.465+0000] {processor.py:161} INFO - Started process (PID=78) to work on /opt/airflow/dags/scripts/extract_postgres.py
[2025-06-22T03:14:34.467+0000] {processor.py:830} INFO - Processing file /opt/airflow/dags/scripts/extract_postgres.py for tasks to queue
[2025-06-22T03:14:34.469+0000] {logging_mixin.py:188} INFO - [2025-06-22T03:14:34.469+0000] {dagbag.py:545} INFO - Filling up the DagBag from /opt/airflow/dags/scripts/extract_postgres.py
[2025-06-22T03:14:34.727+0000] {processor.py:842} WARNING - No viable dags retrieved from /opt/airflow/dags/scripts/extract_postgres.py
[2025-06-22T03:14:34.748+0000] {processor.py:183} INFO - Processing /opt/airflow/dags/scripts/extract_postgres.py took 0.288 seconds
[2025-06-22T03:15:52.325+0000] {processor.py:161} INFO - Started process (PID=27) to work on /opt/airflow/dags/scripts/extract_postgres.py
[2025-06-22T03:15:52.326+0000] {processor.py:830} INFO - Processing file /opt/airflow/dags/scripts/extract_postgres.py for tasks to queue
[2025-06-22T03:15:52.328+0000] {logging_mixin.py:188} INFO - [2025-06-22T03:15:52.328+0000] {dagbag.py:545} INFO - Filling up the DagBag from /opt/airflow/dags/scripts/extract_postgres.py
[2025-06-22T03:15:52.630+0000] {processor.py:842} WARNING - No viable dags retrieved from /opt/airflow/dags/scripts/extract_postgres.py
[2025-06-22T03:15:52.654+0000] {processor.py:183} INFO - Processing /opt/airflow/dags/scripts/extract_postgres.py took 0.333 seconds
[2025-06-22T03:16:22.915+0000] {processor.py:161} INFO - Started process (PID=33) to work on /opt/airflow/dags/scripts/extract_postgres.py
[2025-06-22T03:16:22.917+0000] {processor.py:830} INFO - Processing file /opt/airflow/dags/scripts/extract_postgres.py for tasks to queue
[2025-06-22T03:16:22.947+0000] {logging_mixin.py:188} INFO - [2025-06-22T03:16:22.944+0000] {dagbag.py:545} INFO - Filling up the DagBag from /opt/airflow/dags/scripts/extract_postgres.py
[2025-06-22T03:16:23.427+0000] {processor.py:842} WARNING - No viable dags retrieved from /opt/airflow/dags/scripts/extract_postgres.py
[2025-06-22T03:16:23.457+0000] {processor.py:183} INFO - Processing /opt/airflow/dags/scripts/extract_postgres.py took 0.550 seconds
[2025-06-22T03:16:54.494+0000] {processor.py:161} INFO - Started process (PID=39) to work on /opt/airflow/dags/scripts/extract_postgres.py
[2025-06-22T03:16:54.495+0000] {processor.py:830} INFO - Processing file /opt/airflow/dags/scripts/extract_postgres.py for tasks to queue
[2025-06-22T03:16:54.502+0000] {logging_mixin.py:188} INFO - [2025-06-22T03:16:54.501+0000] {dagbag.py:545} INFO - Filling up the DagBag from /opt/airflow/dags/scripts/extract_postgres.py
[2025-06-22T03:16:54.995+0000] {processor.py:842} WARNING - No viable dags retrieved from /opt/airflow/dags/scripts/extract_postgres.py
[2025-06-22T03:16:55.013+0000] {processor.py:183} INFO - Processing /opt/airflow/dags/scripts/extract_postgres.py took 0.529 seconds
[2025-06-22T03:17:25.960+0000] {processor.py:161} INFO - Started process (PID=45) to work on /opt/airflow/dags/scripts/extract_postgres.py
[2025-06-22T03:17:25.961+0000] {processor.py:830} INFO - Processing file /opt/airflow/dags/scripts/extract_postgres.py for tasks to queue
[2025-06-22T03:17:25.962+0000] {logging_mixin.py:188} INFO - [2025-06-22T03:17:25.962+0000] {dagbag.py:545} INFO - Filling up the DagBag from /opt/airflow/dags/scripts/extract_postgres.py
[2025-06-22T03:17:26.193+0000] {processor.py:842} WARNING - No viable dags retrieved from /opt/airflow/dags/scripts/extract_postgres.py
[2025-06-22T03:17:26.222+0000] {processor.py:183} INFO - Processing /opt/airflow/dags/scripts/extract_postgres.py took 0.266 seconds
[2025-06-22T03:18:01.375+0000] {processor.py:161} INFO - Started process (PID=71) to work on /opt/airflow/dags/scripts/extract_postgres.py
[2025-06-22T03:18:01.377+0000] {processor.py:830} INFO - Processing file /opt/airflow/dags/scripts/extract_postgres.py for tasks to queue
[2025-06-22T03:18:01.379+0000] {logging_mixin.py:188} INFO - [2025-06-22T03:18:01.378+0000] {dagbag.py:545} INFO - Filling up the DagBag from /opt/airflow/dags/scripts/extract_postgres.py
[2025-06-22T03:18:01.650+0000] {processor.py:842} WARNING - No viable dags retrieved from /opt/airflow/dags/scripts/extract_postgres.py
[2025-06-22T03:18:01.670+0000] {processor.py:183} INFO - Processing /opt/airflow/dags/scripts/extract_postgres.py took 0.301 seconds
[2025-06-22T03:18:31.925+0000] {processor.py:161} INFO - Started process (PID=77) to work on /opt/airflow/dags/scripts/extract_postgres.py
[2025-06-22T03:18:31.926+0000] {processor.py:830} INFO - Processing file /opt/airflow/dags/scripts/extract_postgres.py for tasks to queue
[2025-06-22T03:18:31.928+0000] {logging_mixin.py:188} INFO - [2025-06-22T03:18:31.928+0000] {dagbag.py:545} INFO - Filling up the DagBag from /opt/airflow/dags/scripts/extract_postgres.py
[2025-06-22T03:18:32.184+0000] {processor.py:842} WARNING - No viable dags retrieved from /opt/airflow/dags/scripts/extract_postgres.py
[2025-06-22T03:18:32.211+0000] {processor.py:183} INFO - Processing /opt/airflow/dags/scripts/extract_postgres.py took 0.292 seconds
[2025-06-22T03:19:02.814+0000] {processor.py:161} INFO - Started process (PID=83) to work on /opt/airflow/dags/scripts/extract_postgres.py
[2025-06-22T03:19:02.815+0000] {processor.py:830} INFO - Processing file /opt/airflow/dags/scripts/extract_postgres.py for tasks to queue
[2025-06-22T03:19:02.818+0000] {logging_mixin.py:188} INFO - [2025-06-22T03:19:02.818+0000] {dagbag.py:545} INFO - Filling up the DagBag from /opt/airflow/dags/scripts/extract_postgres.py
[2025-06-22T03:19:03.112+0000] {processor.py:842} WARNING - No viable dags retrieved from /opt/airflow/dags/scripts/extract_postgres.py
[2025-06-22T03:19:03.131+0000] {processor.py:183} INFO - Processing /opt/airflow/dags/scripts/extract_postgres.py took 0.324 seconds
