[2025-06-22T01:39:27.570+0000] {processor.py:161} INFO - Started process (PID=27) to work on /opt/airflow/dags/scripts/load_to_hive.py
[2025-06-22T01:39:27.571+0000] {processor.py:830} INFO - Processing file /opt/airflow/dags/scripts/load_to_hive.py for tasks to queue
[2025-06-22T01:39:27.574+0000] {logging_mixin.py:188} INFO - [2025-06-22T01:39:27.573+0000] {dagbag.py:545} INFO - Filling up the DagBag from /opt/airflow/dags/scripts/load_to_hive.py
[2025-06-22T01:39:27.856+0000] {processor.py:842} WARNING - No viable dags retrieved from /opt/airflow/dags/scripts/load_to_hive.py
[2025-06-22T01:39:27.873+0000] {processor.py:183} INFO - Processing /opt/airflow/dags/scripts/load_to_hive.py took 0.310 seconds
[2025-06-22T01:39:58.276+0000] {processor.py:161} INFO - Started process (PID=33) to work on /opt/airflow/dags/scripts/load_to_hive.py
[2025-06-22T01:39:58.277+0000] {processor.py:830} INFO - Processing file /opt/airflow/dags/scripts/load_to_hive.py for tasks to queue
[2025-06-22T01:39:58.281+0000] {logging_mixin.py:188} INFO - [2025-06-22T01:39:58.280+0000] {dagbag.py:545} INFO - Filling up the DagBag from /opt/airflow/dags/scripts/load_to_hive.py
[2025-06-22T01:39:58.799+0000] {processor.py:842} WARNING - No viable dags retrieved from /opt/airflow/dags/scripts/load_to_hive.py
[2025-06-22T01:39:58.827+0000] {processor.py:183} INFO - Processing /opt/airflow/dags/scripts/load_to_hive.py took 0.559 seconds
[2025-06-22T01:40:29.393+0000] {processor.py:161} INFO - Started process (PID=59) to work on /opt/airflow/dags/scripts/load_to_hive.py
[2025-06-22T01:40:29.394+0000] {processor.py:830} INFO - Processing file /opt/airflow/dags/scripts/load_to_hive.py for tasks to queue
[2025-06-22T01:40:29.395+0000] {logging_mixin.py:188} INFO - [2025-06-22T01:40:29.395+0000] {dagbag.py:545} INFO - Filling up the DagBag from /opt/airflow/dags/scripts/load_to_hive.py
[2025-06-22T01:40:29.647+0000] {processor.py:842} WARNING - No viable dags retrieved from /opt/airflow/dags/scripts/load_to_hive.py
[2025-06-22T01:40:29.663+0000] {processor.py:183} INFO - Processing /opt/airflow/dags/scripts/load_to_hive.py took 0.276 seconds
[2025-06-22T01:41:00.200+0000] {processor.py:161} INFO - Started process (PID=65) to work on /opt/airflow/dags/scripts/load_to_hive.py
[2025-06-22T01:41:00.201+0000] {processor.py:830} INFO - Processing file /opt/airflow/dags/scripts/load_to_hive.py for tasks to queue
[2025-06-22T01:41:00.203+0000] {logging_mixin.py:188} INFO - [2025-06-22T01:41:00.203+0000] {dagbag.py:545} INFO - Filling up the DagBag from /opt/airflow/dags/scripts/load_to_hive.py
[2025-06-22T01:41:00.495+0000] {processor.py:842} WARNING - No viable dags retrieved from /opt/airflow/dags/scripts/load_to_hive.py
[2025-06-22T01:41:00.514+0000] {processor.py:183} INFO - Processing /opt/airflow/dags/scripts/load_to_hive.py took 0.319 seconds
[2025-06-22T01:43:11.307+0000] {processor.py:161} INFO - Started process (PID=28) to work on /opt/airflow/dags/scripts/load_to_hive.py
[2025-06-22T01:43:11.309+0000] {processor.py:830} INFO - Processing file /opt/airflow/dags/scripts/load_to_hive.py for tasks to queue
[2025-06-22T01:43:11.312+0000] {logging_mixin.py:188} INFO - [2025-06-22T01:43:11.312+0000] {dagbag.py:545} INFO - Filling up the DagBag from /opt/airflow/dags/scripts/load_to_hive.py
[2025-06-22T01:43:11.757+0000] {processor.py:842} WARNING - No viable dags retrieved from /opt/airflow/dags/scripts/load_to_hive.py
[2025-06-22T01:43:11.773+0000] {processor.py:183} INFO - Processing /opt/airflow/dags/scripts/load_to_hive.py took 0.475 seconds
[2025-06-22T01:43:42.078+0000] {processor.py:161} INFO - Started process (PID=34) to work on /opt/airflow/dags/scripts/load_to_hive.py
[2025-06-22T01:43:42.079+0000] {processor.py:830} INFO - Processing file /opt/airflow/dags/scripts/load_to_hive.py for tasks to queue
[2025-06-22T01:43:42.081+0000] {logging_mixin.py:188} INFO - [2025-06-22T01:43:42.080+0000] {dagbag.py:545} INFO - Filling up the DagBag from /opt/airflow/dags/scripts/load_to_hive.py
[2025-06-22T01:43:42.408+0000] {processor.py:842} WARNING - No viable dags retrieved from /opt/airflow/dags/scripts/load_to_hive.py
[2025-06-22T01:43:42.425+0000] {processor.py:183} INFO - Processing /opt/airflow/dags/scripts/load_to_hive.py took 0.353 seconds
[2025-06-22T01:44:13.771+0000] {processor.py:161} INFO - Started process (PID=40) to work on /opt/airflow/dags/scripts/load_to_hive.py
[2025-06-22T01:44:13.772+0000] {processor.py:830} INFO - Processing file /opt/airflow/dags/scripts/load_to_hive.py for tasks to queue
[2025-06-22T01:44:13.775+0000] {logging_mixin.py:188} INFO - [2025-06-22T01:44:13.774+0000] {dagbag.py:545} INFO - Filling up the DagBag from /opt/airflow/dags/scripts/load_to_hive.py
[2025-06-22T01:44:14.217+0000] {processor.py:842} WARNING - No viable dags retrieved from /opt/airflow/dags/scripts/load_to_hive.py
[2025-06-22T01:44:14.235+0000] {processor.py:183} INFO - Processing /opt/airflow/dags/scripts/load_to_hive.py took 0.471 seconds
[2025-06-22T01:44:44.558+0000] {processor.py:161} INFO - Started process (PID=66) to work on /opt/airflow/dags/scripts/load_to_hive.py
[2025-06-22T01:44:44.563+0000] {processor.py:830} INFO - Processing file /opt/airflow/dags/scripts/load_to_hive.py for tasks to queue
[2025-06-22T01:44:44.566+0000] {logging_mixin.py:188} INFO - [2025-06-22T01:44:44.565+0000] {dagbag.py:545} INFO - Filling up the DagBag from /opt/airflow/dags/scripts/load_to_hive.py
[2025-06-22T01:44:44.933+0000] {processor.py:842} WARNING - No viable dags retrieved from /opt/airflow/dags/scripts/load_to_hive.py
[2025-06-22T01:44:44.951+0000] {processor.py:183} INFO - Processing /opt/airflow/dags/scripts/load_to_hive.py took 0.399 seconds
[2025-06-22T01:45:15.643+0000] {processor.py:161} INFO - Started process (PID=72) to work on /opt/airflow/dags/scripts/load_to_hive.py
[2025-06-22T01:45:15.644+0000] {processor.py:830} INFO - Processing file /opt/airflow/dags/scripts/load_to_hive.py for tasks to queue
[2025-06-22T01:45:15.647+0000] {logging_mixin.py:188} INFO - [2025-06-22T01:45:15.647+0000] {dagbag.py:545} INFO - Filling up the DagBag from /opt/airflow/dags/scripts/load_to_hive.py
[2025-06-22T01:45:16.000+0000] {processor.py:842} WARNING - No viable dags retrieved from /opt/airflow/dags/scripts/load_to_hive.py
[2025-06-22T01:45:16.019+0000] {processor.py:183} INFO - Processing /opt/airflow/dags/scripts/load_to_hive.py took 0.382 seconds
[2025-06-22T01:45:46.342+0000] {processor.py:161} INFO - Started process (PID=78) to work on /opt/airflow/dags/scripts/load_to_hive.py
[2025-06-22T01:45:46.343+0000] {processor.py:830} INFO - Processing file /opt/airflow/dags/scripts/load_to_hive.py for tasks to queue
[2025-06-22T01:45:46.345+0000] {logging_mixin.py:188} INFO - [2025-06-22T01:45:46.345+0000] {dagbag.py:545} INFO - Filling up the DagBag from /opt/airflow/dags/scripts/load_to_hive.py
[2025-06-22T01:45:46.743+0000] {processor.py:842} WARNING - No viable dags retrieved from /opt/airflow/dags/scripts/load_to_hive.py
[2025-06-22T01:45:46.779+0000] {processor.py:183} INFO - Processing /opt/airflow/dags/scripts/load_to_hive.py took 0.442 seconds
[2025-06-22T01:47:13.059+0000] {processor.py:161} INFO - Started process (PID=26) to work on /opt/airflow/dags/scripts/load_to_hive.py
[2025-06-22T01:47:13.071+0000] {processor.py:830} INFO - Processing file /opt/airflow/dags/scripts/load_to_hive.py for tasks to queue
[2025-06-22T01:47:13.075+0000] {logging_mixin.py:188} INFO - [2025-06-22T01:47:13.074+0000] {dagbag.py:545} INFO - Filling up the DagBag from /opt/airflow/dags/scripts/load_to_hive.py
[2025-06-22T01:47:13.512+0000] {processor.py:842} WARNING - No viable dags retrieved from /opt/airflow/dags/scripts/load_to_hive.py
[2025-06-22T01:47:13.532+0000] {processor.py:183} INFO - Processing /opt/airflow/dags/scripts/load_to_hive.py took 0.494 seconds
[2025-06-22T01:47:44.344+0000] {processor.py:161} INFO - Started process (PID=32) to work on /opt/airflow/dags/scripts/load_to_hive.py
[2025-06-22T01:47:44.345+0000] {processor.py:830} INFO - Processing file /opt/airflow/dags/scripts/load_to_hive.py for tasks to queue
[2025-06-22T01:47:44.349+0000] {logging_mixin.py:188} INFO - [2025-06-22T01:47:44.348+0000] {dagbag.py:545} INFO - Filling up the DagBag from /opt/airflow/dags/scripts/load_to_hive.py
[2025-06-22T01:47:44.965+0000] {processor.py:842} WARNING - No viable dags retrieved from /opt/airflow/dags/scripts/load_to_hive.py
[2025-06-22T01:47:45.052+0000] {processor.py:183} INFO - Processing /opt/airflow/dags/scripts/load_to_hive.py took 0.716 seconds
[2025-06-22T01:48:15.523+0000] {processor.py:161} INFO - Started process (PID=58) to work on /opt/airflow/dags/scripts/load_to_hive.py
[2025-06-22T01:48:15.524+0000] {processor.py:830} INFO - Processing file /opt/airflow/dags/scripts/load_to_hive.py for tasks to queue
[2025-06-22T01:48:15.526+0000] {logging_mixin.py:188} INFO - [2025-06-22T01:48:15.525+0000] {dagbag.py:545} INFO - Filling up the DagBag from /opt/airflow/dags/scripts/load_to_hive.py
[2025-06-22T01:48:15.843+0000] {processor.py:842} WARNING - No viable dags retrieved from /opt/airflow/dags/scripts/load_to_hive.py
[2025-06-22T01:48:15.861+0000] {processor.py:183} INFO - Processing /opt/airflow/dags/scripts/load_to_hive.py took 0.344 seconds
[2025-06-22T01:48:46.844+0000] {processor.py:161} INFO - Started process (PID=64) to work on /opt/airflow/dags/scripts/load_to_hive.py
[2025-06-22T01:48:46.845+0000] {processor.py:830} INFO - Processing file /opt/airflow/dags/scripts/load_to_hive.py for tasks to queue
[2025-06-22T01:48:46.847+0000] {logging_mixin.py:188} INFO - [2025-06-22T01:48:46.846+0000] {dagbag.py:545} INFO - Filling up the DagBag from /opt/airflow/dags/scripts/load_to_hive.py
[2025-06-22T01:48:47.183+0000] {processor.py:842} WARNING - No viable dags retrieved from /opt/airflow/dags/scripts/load_to_hive.py
[2025-06-22T01:48:47.206+0000] {processor.py:183} INFO - Processing /opt/airflow/dags/scripts/load_to_hive.py took 0.371 seconds
[2025-06-22T01:49:18.071+0000] {processor.py:161} INFO - Started process (PID=70) to work on /opt/airflow/dags/scripts/load_to_hive.py
[2025-06-22T01:49:18.072+0000] {processor.py:830} INFO - Processing file /opt/airflow/dags/scripts/load_to_hive.py for tasks to queue
[2025-06-22T01:49:18.074+0000] {logging_mixin.py:188} INFO - [2025-06-22T01:49:18.074+0000] {dagbag.py:545} INFO - Filling up the DagBag from /opt/airflow/dags/scripts/load_to_hive.py
[2025-06-22T01:49:18.402+0000] {processor.py:842} WARNING - No viable dags retrieved from /opt/airflow/dags/scripts/load_to_hive.py
[2025-06-22T01:49:18.421+0000] {processor.py:183} INFO - Processing /opt/airflow/dags/scripts/load_to_hive.py took 0.355 seconds
[2025-06-22T01:49:49.291+0000] {processor.py:161} INFO - Started process (PID=76) to work on /opt/airflow/dags/scripts/load_to_hive.py
[2025-06-22T01:49:49.292+0000] {processor.py:830} INFO - Processing file /opt/airflow/dags/scripts/load_to_hive.py for tasks to queue
[2025-06-22T01:49:49.294+0000] {logging_mixin.py:188} INFO - [2025-06-22T01:49:49.293+0000] {dagbag.py:545} INFO - Filling up the DagBag from /opt/airflow/dags/scripts/load_to_hive.py
[2025-06-22T01:49:49.631+0000] {processor.py:842} WARNING - No viable dags retrieved from /opt/airflow/dags/scripts/load_to_hive.py
[2025-06-22T01:49:49.652+0000] {processor.py:183} INFO - Processing /opt/airflow/dags/scripts/load_to_hive.py took 0.367 seconds
[2025-06-22T01:50:20.888+0000] {processor.py:161} INFO - Started process (PID=82) to work on /opt/airflow/dags/scripts/load_to_hive.py
[2025-06-22T01:50:20.890+0000] {processor.py:830} INFO - Processing file /opt/airflow/dags/scripts/load_to_hive.py for tasks to queue
[2025-06-22T01:50:20.891+0000] {logging_mixin.py:188} INFO - [2025-06-22T01:50:20.891+0000] {dagbag.py:545} INFO - Filling up the DagBag from /opt/airflow/dags/scripts/load_to_hive.py
[2025-06-22T01:50:21.248+0000] {processor.py:842} WARNING - No viable dags retrieved from /opt/airflow/dags/scripts/load_to_hive.py
[2025-06-22T01:50:21.270+0000] {processor.py:183} INFO - Processing /opt/airflow/dags/scripts/load_to_hive.py took 0.389 seconds
[2025-06-22T01:55:22.650+0000] {processor.py:161} INFO - Started process (PID=26) to work on /opt/airflow/dags/scripts/load_to_hive.py
[2025-06-22T01:55:22.651+0000] {processor.py:830} INFO - Processing file /opt/airflow/dags/scripts/load_to_hive.py for tasks to queue
[2025-06-22T01:55:22.654+0000] {logging_mixin.py:188} INFO - [2025-06-22T01:55:22.653+0000] {dagbag.py:545} INFO - Filling up the DagBag from /opt/airflow/dags/scripts/load_to_hive.py
[2025-06-22T01:55:23.095+0000] {processor.py:842} WARNING - No viable dags retrieved from /opt/airflow/dags/scripts/load_to_hive.py
[2025-06-22T01:55:23.116+0000] {processor.py:183} INFO - Processing /opt/airflow/dags/scripts/load_to_hive.py took 0.472 seconds
[2025-06-22T01:55:53.345+0000] {processor.py:161} INFO - Started process (PID=32) to work on /opt/airflow/dags/scripts/load_to_hive.py
[2025-06-22T01:55:53.347+0000] {processor.py:830} INFO - Processing file /opt/airflow/dags/scripts/load_to_hive.py for tasks to queue
[2025-06-22T01:55:53.350+0000] {logging_mixin.py:188} INFO - [2025-06-22T01:55:53.349+0000] {dagbag.py:545} INFO - Filling up the DagBag from /opt/airflow/dags/scripts/load_to_hive.py
[2025-06-22T01:55:53.689+0000] {processor.py:842} WARNING - No viable dags retrieved from /opt/airflow/dags/scripts/load_to_hive.py
[2025-06-22T01:55:53.739+0000] {processor.py:183} INFO - Processing /opt/airflow/dags/scripts/load_to_hive.py took 0.402 seconds
[2025-06-22T01:56:24.282+0000] {processor.py:161} INFO - Started process (PID=48) to work on /opt/airflow/dags/scripts/load_to_hive.py
[2025-06-22T01:56:24.284+0000] {processor.py:830} INFO - Processing file /opt/airflow/dags/scripts/load_to_hive.py for tasks to queue
[2025-06-22T01:56:24.285+0000] {logging_mixin.py:188} INFO - [2025-06-22T01:56:24.285+0000] {dagbag.py:545} INFO - Filling up the DagBag from /opt/airflow/dags/scripts/load_to_hive.py
[2025-06-22T01:56:24.528+0000] {processor.py:842} WARNING - No viable dags retrieved from /opt/airflow/dags/scripts/load_to_hive.py
[2025-06-22T01:56:24.556+0000] {processor.py:183} INFO - Processing /opt/airflow/dags/scripts/load_to_hive.py took 0.279 seconds
[2025-06-22T01:56:55.023+0000] {processor.py:161} INFO - Started process (PID=54) to work on /opt/airflow/dags/scripts/load_to_hive.py
[2025-06-22T01:56:55.023+0000] {processor.py:830} INFO - Processing file /opt/airflow/dags/scripts/load_to_hive.py for tasks to queue
[2025-06-22T01:56:55.025+0000] {logging_mixin.py:188} INFO - [2025-06-22T01:56:55.025+0000] {dagbag.py:545} INFO - Filling up the DagBag from /opt/airflow/dags/scripts/load_to_hive.py
[2025-06-22T01:56:55.282+0000] {processor.py:842} WARNING - No viable dags retrieved from /opt/airflow/dags/scripts/load_to_hive.py
[2025-06-22T01:56:55.311+0000] {processor.py:183} INFO - Processing /opt/airflow/dags/scripts/load_to_hive.py took 0.292 seconds
[2025-06-22T01:57:25.658+0000] {processor.py:161} INFO - Started process (PID=60) to work on /opt/airflow/dags/scripts/load_to_hive.py
[2025-06-22T01:57:25.660+0000] {processor.py:830} INFO - Processing file /opt/airflow/dags/scripts/load_to_hive.py for tasks to queue
[2025-06-22T01:57:25.661+0000] {logging_mixin.py:188} INFO - [2025-06-22T01:57:25.661+0000] {dagbag.py:545} INFO - Filling up the DagBag from /opt/airflow/dags/scripts/load_to_hive.py
[2025-06-22T01:57:25.941+0000] {processor.py:842} WARNING - No viable dags retrieved from /opt/airflow/dags/scripts/load_to_hive.py
[2025-06-22T01:57:25.959+0000] {processor.py:183} INFO - Processing /opt/airflow/dags/scripts/load_to_hive.py took 0.306 seconds
[2025-06-22T01:58:59.296+0000] {processor.py:161} INFO - Started process (PID=27) to work on /opt/airflow/dags/scripts/load_to_hive.py
[2025-06-22T01:58:59.297+0000] {processor.py:830} INFO - Processing file /opt/airflow/dags/scripts/load_to_hive.py for tasks to queue
[2025-06-22T01:58:59.300+0000] {logging_mixin.py:188} INFO - [2025-06-22T01:58:59.299+0000] {dagbag.py:545} INFO - Filling up the DagBag from /opt/airflow/dags/scripts/load_to_hive.py
[2025-06-22T01:58:59.827+0000] {processor.py:842} WARNING - No viable dags retrieved from /opt/airflow/dags/scripts/load_to_hive.py
[2025-06-22T01:58:59.857+0000] {processor.py:183} INFO - Processing /opt/airflow/dags/scripts/load_to_hive.py took 0.568 seconds
[2025-06-22T01:59:30.973+0000] {processor.py:161} INFO - Started process (PID=33) to work on /opt/airflow/dags/scripts/load_to_hive.py
[2025-06-22T01:59:30.975+0000] {processor.py:830} INFO - Processing file /opt/airflow/dags/scripts/load_to_hive.py for tasks to queue
[2025-06-22T01:59:30.978+0000] {logging_mixin.py:188} INFO - [2025-06-22T01:59:30.977+0000] {dagbag.py:545} INFO - Filling up the DagBag from /opt/airflow/dags/scripts/load_to_hive.py
[2025-06-22T01:59:31.519+0000] {processor.py:842} WARNING - No viable dags retrieved from /opt/airflow/dags/scripts/load_to_hive.py
[2025-06-22T01:59:31.546+0000] {processor.py:183} INFO - Processing /opt/airflow/dags/scripts/load_to_hive.py took 0.584 seconds
[2025-06-22T02:00:02.191+0000] {processor.py:161} INFO - Started process (PID=39) to work on /opt/airflow/dags/scripts/load_to_hive.py
[2025-06-22T02:00:02.197+0000] {processor.py:830} INFO - Processing file /opt/airflow/dags/scripts/load_to_hive.py for tasks to queue
[2025-06-22T02:00:02.200+0000] {logging_mixin.py:188} INFO - [2025-06-22T02:00:02.199+0000] {dagbag.py:545} INFO - Filling up the DagBag from /opt/airflow/dags/scripts/load_to_hive.py
[2025-06-22T02:00:02.583+0000] {processor.py:842} WARNING - No viable dags retrieved from /opt/airflow/dags/scripts/load_to_hive.py
[2025-06-22T02:00:02.608+0000] {processor.py:183} INFO - Processing /opt/airflow/dags/scripts/load_to_hive.py took 0.423 seconds
[2025-06-22T02:00:33.412+0000] {processor.py:161} INFO - Started process (PID=65) to work on /opt/airflow/dags/scripts/load_to_hive.py
[2025-06-22T02:00:33.414+0000] {processor.py:830} INFO - Processing file /opt/airflow/dags/scripts/load_to_hive.py for tasks to queue
[2025-06-22T02:00:33.416+0000] {logging_mixin.py:188} INFO - [2025-06-22T02:00:33.416+0000] {dagbag.py:545} INFO - Filling up the DagBag from /opt/airflow/dags/scripts/load_to_hive.py
[2025-06-22T02:00:33.922+0000] {processor.py:842} WARNING - No viable dags retrieved from /opt/airflow/dags/scripts/load_to_hive.py
[2025-06-22T02:00:33.939+0000] {processor.py:183} INFO - Processing /opt/airflow/dags/scripts/load_to_hive.py took 0.539 seconds
[2025-06-22T02:01:04.513+0000] {processor.py:161} INFO - Started process (PID=71) to work on /opt/airflow/dags/scripts/load_to_hive.py
[2025-06-22T02:01:04.515+0000] {processor.py:830} INFO - Processing file /opt/airflow/dags/scripts/load_to_hive.py for tasks to queue
[2025-06-22T02:01:04.517+0000] {logging_mixin.py:188} INFO - [2025-06-22T02:01:04.517+0000] {dagbag.py:545} INFO - Filling up the DagBag from /opt/airflow/dags/scripts/load_to_hive.py
[2025-06-22T02:01:04.969+0000] {processor.py:842} WARNING - No viable dags retrieved from /opt/airflow/dags/scripts/load_to_hive.py
[2025-06-22T02:01:04.987+0000] {processor.py:183} INFO - Processing /opt/airflow/dags/scripts/load_to_hive.py took 0.482 seconds
[2025-06-22T02:01:35.286+0000] {processor.py:161} INFO - Started process (PID=77) to work on /opt/airflow/dags/scripts/load_to_hive.py
[2025-06-22T02:01:35.288+0000] {processor.py:830} INFO - Processing file /opt/airflow/dags/scripts/load_to_hive.py for tasks to queue
[2025-06-22T02:01:35.290+0000] {logging_mixin.py:188} INFO - [2025-06-22T02:01:35.290+0000] {dagbag.py:545} INFO - Filling up the DagBag from /opt/airflow/dags/scripts/load_to_hive.py
[2025-06-22T02:01:35.740+0000] {processor.py:842} WARNING - No viable dags retrieved from /opt/airflow/dags/scripts/load_to_hive.py
[2025-06-22T02:01:35.760+0000] {processor.py:183} INFO - Processing /opt/airflow/dags/scripts/load_to_hive.py took 0.481 seconds
[2025-06-22T02:02:06.498+0000] {processor.py:161} INFO - Started process (PID=83) to work on /opt/airflow/dags/scripts/load_to_hive.py
[2025-06-22T02:02:06.499+0000] {processor.py:830} INFO - Processing file /opt/airflow/dags/scripts/load_to_hive.py for tasks to queue
[2025-06-22T02:02:06.501+0000] {logging_mixin.py:188} INFO - [2025-06-22T02:02:06.500+0000] {dagbag.py:545} INFO - Filling up the DagBag from /opt/airflow/dags/scripts/load_to_hive.py
[2025-06-22T02:02:06.877+0000] {processor.py:842} WARNING - No viable dags retrieved from /opt/airflow/dags/scripts/load_to_hive.py
[2025-06-22T02:02:06.899+0000] {processor.py:183} INFO - Processing /opt/airflow/dags/scripts/load_to_hive.py took 0.407 seconds
[2025-06-22T02:04:00.229+0000] {processor.py:161} INFO - Started process (PID=26) to work on /opt/airflow/dags/scripts/load_to_hive.py
[2025-06-22T02:04:00.231+0000] {processor.py:830} INFO - Processing file /opt/airflow/dags/scripts/load_to_hive.py for tasks to queue
[2025-06-22T02:04:00.234+0000] {logging_mixin.py:188} INFO - [2025-06-22T02:04:00.233+0000] {dagbag.py:545} INFO - Filling up the DagBag from /opt/airflow/dags/scripts/load_to_hive.py
[2025-06-22T02:04:00.778+0000] {processor.py:842} WARNING - No viable dags retrieved from /opt/airflow/dags/scripts/load_to_hive.py
[2025-06-22T02:04:00.799+0000] {processor.py:183} INFO - Processing /opt/airflow/dags/scripts/load_to_hive.py took 0.579 seconds
[2025-06-22T02:04:32.299+0000] {processor.py:161} INFO - Started process (PID=32) to work on /opt/airflow/dags/scripts/load_to_hive.py
[2025-06-22T02:04:32.300+0000] {processor.py:830} INFO - Processing file /opt/airflow/dags/scripts/load_to_hive.py for tasks to queue
[2025-06-22T02:04:32.303+0000] {logging_mixin.py:188} INFO - [2025-06-22T02:04:32.302+0000] {dagbag.py:545} INFO - Filling up the DagBag from /opt/airflow/dags/scripts/load_to_hive.py
[2025-06-22T02:04:33.111+0000] {processor.py:842} WARNING - No viable dags retrieved from /opt/airflow/dags/scripts/load_to_hive.py
[2025-06-22T02:04:33.151+0000] {processor.py:183} INFO - Processing /opt/airflow/dags/scripts/load_to_hive.py took 0.868 seconds
[2025-06-22T02:05:07.983+0000] {processor.py:161} INFO - Started process (PID=58) to work on /opt/airflow/dags/scripts/load_to_hive.py
[2025-06-22T02:05:07.985+0000] {processor.py:830} INFO - Processing file /opt/airflow/dags/scripts/load_to_hive.py for tasks to queue
[2025-06-22T02:05:07.987+0000] {logging_mixin.py:188} INFO - [2025-06-22T02:05:07.987+0000] {dagbag.py:545} INFO - Filling up the DagBag from /opt/airflow/dags/scripts/load_to_hive.py
[2025-06-22T02:05:08.393+0000] {processor.py:842} WARNING - No viable dags retrieved from /opt/airflow/dags/scripts/load_to_hive.py
[2025-06-22T02:05:08.412+0000] {processor.py:183} INFO - Processing /opt/airflow/dags/scripts/load_to_hive.py took 0.436 seconds
[2025-06-22T02:05:38.762+0000] {processor.py:161} INFO - Started process (PID=64) to work on /opt/airflow/dags/scripts/load_to_hive.py
[2025-06-22T02:05:38.763+0000] {processor.py:830} INFO - Processing file /opt/airflow/dags/scripts/load_to_hive.py for tasks to queue
[2025-06-22T02:05:38.765+0000] {logging_mixin.py:188} INFO - [2025-06-22T02:05:38.765+0000] {dagbag.py:545} INFO - Filling up the DagBag from /opt/airflow/dags/scripts/load_to_hive.py
[2025-06-22T02:05:39.233+0000] {processor.py:842} WARNING - No viable dags retrieved from /opt/airflow/dags/scripts/load_to_hive.py
[2025-06-22T02:05:39.255+0000] {processor.py:183} INFO - Processing /opt/airflow/dags/scripts/load_to_hive.py took 0.502 seconds
[2025-06-22T02:06:09.982+0000] {processor.py:161} INFO - Started process (PID=70) to work on /opt/airflow/dags/scripts/load_to_hive.py
[2025-06-22T02:06:09.986+0000] {processor.py:830} INFO - Processing file /opt/airflow/dags/scripts/load_to_hive.py for tasks to queue
[2025-06-22T02:06:09.990+0000] {logging_mixin.py:188} INFO - [2025-06-22T02:06:09.989+0000] {dagbag.py:545} INFO - Filling up the DagBag from /opt/airflow/dags/scripts/load_to_hive.py
[2025-06-22T02:06:10.816+0000] {processor.py:842} WARNING - No viable dags retrieved from /opt/airflow/dags/scripts/load_to_hive.py
[2025-06-22T02:06:10.885+0000] {processor.py:183} INFO - Processing /opt/airflow/dags/scripts/load_to_hive.py took 0.914 seconds
[2025-06-22T02:06:41.711+0000] {processor.py:161} INFO - Started process (PID=96) to work on /opt/airflow/dags/scripts/load_to_hive.py
[2025-06-22T02:06:41.713+0000] {processor.py:830} INFO - Processing file /opt/airflow/dags/scripts/load_to_hive.py for tasks to queue
[2025-06-22T02:06:41.719+0000] {logging_mixin.py:188} INFO - [2025-06-22T02:06:41.718+0000] {dagbag.py:545} INFO - Filling up the DagBag from /opt/airflow/dags/scripts/load_to_hive.py
[2025-06-22T02:06:42.106+0000] {processor.py:842} WARNING - No viable dags retrieved from /opt/airflow/dags/scripts/load_to_hive.py
[2025-06-22T02:06:42.127+0000] {processor.py:183} INFO - Processing /opt/airflow/dags/scripts/load_to_hive.py took 0.423 seconds
[2025-06-22T02:07:12.580+0000] {processor.py:161} INFO - Started process (PID=102) to work on /opt/airflow/dags/scripts/load_to_hive.py
[2025-06-22T02:07:12.581+0000] {processor.py:830} INFO - Processing file /opt/airflow/dags/scripts/load_to_hive.py for tasks to queue
[2025-06-22T02:07:12.583+0000] {logging_mixin.py:188} INFO - [2025-06-22T02:07:12.583+0000] {dagbag.py:545} INFO - Filling up the DagBag from /opt/airflow/dags/scripts/load_to_hive.py
[2025-06-22T02:07:12.980+0000] {processor.py:842} WARNING - No viable dags retrieved from /opt/airflow/dags/scripts/load_to_hive.py
[2025-06-22T02:07:12.999+0000] {processor.py:183} INFO - Processing /opt/airflow/dags/scripts/load_to_hive.py took 0.425 seconds
[2025-06-22T02:09:26.212+0000] {processor.py:161} INFO - Started process (PID=27) to work on /opt/airflow/dags/scripts/load_to_hive.py
[2025-06-22T02:09:26.213+0000] {processor.py:830} INFO - Processing file /opt/airflow/dags/scripts/load_to_hive.py for tasks to queue
[2025-06-22T02:09:26.214+0000] {logging_mixin.py:188} INFO - [2025-06-22T02:09:26.214+0000] {dagbag.py:545} INFO - Filling up the DagBag from /opt/airflow/dags/scripts/load_to_hive.py
[2025-06-22T02:09:26.602+0000] {processor.py:842} WARNING - No viable dags retrieved from /opt/airflow/dags/scripts/load_to_hive.py
[2025-06-22T02:09:26.624+0000] {processor.py:183} INFO - Processing /opt/airflow/dags/scripts/load_to_hive.py took 0.417 seconds
[2025-06-22T02:09:56.909+0000] {processor.py:161} INFO - Started process (PID=33) to work on /opt/airflow/dags/scripts/load_to_hive.py
[2025-06-22T02:09:56.911+0000] {processor.py:830} INFO - Processing file /opt/airflow/dags/scripts/load_to_hive.py for tasks to queue
[2025-06-22T02:09:56.912+0000] {logging_mixin.py:188} INFO - [2025-06-22T02:09:56.912+0000] {dagbag.py:545} INFO - Filling up the DagBag from /opt/airflow/dags/scripts/load_to_hive.py
[2025-06-22T02:09:57.331+0000] {processor.py:842} WARNING - No viable dags retrieved from /opt/airflow/dags/scripts/load_to_hive.py
[2025-06-22T02:09:57.351+0000] {processor.py:183} INFO - Processing /opt/airflow/dags/scripts/load_to_hive.py took 0.447 seconds
[2025-06-22T02:10:27.585+0000] {processor.py:161} INFO - Started process (PID=39) to work on /opt/airflow/dags/scripts/load_to_hive.py
[2025-06-22T02:10:27.586+0000] {processor.py:830} INFO - Processing file /opt/airflow/dags/scripts/load_to_hive.py for tasks to queue
[2025-06-22T02:10:27.588+0000] {logging_mixin.py:188} INFO - [2025-06-22T02:10:27.588+0000] {dagbag.py:545} INFO - Filling up the DagBag from /opt/airflow/dags/scripts/load_to_hive.py
[2025-06-22T02:10:27.856+0000] {processor.py:842} WARNING - No viable dags retrieved from /opt/airflow/dags/scripts/load_to_hive.py
[2025-06-22T02:10:27.879+0000] {processor.py:183} INFO - Processing /opt/airflow/dags/scripts/load_to_hive.py took 0.298 seconds
[2025-06-22T02:10:58.972+0000] {processor.py:161} INFO - Started process (PID=45) to work on /opt/airflow/dags/scripts/load_to_hive.py
[2025-06-22T02:10:58.973+0000] {processor.py:830} INFO - Processing file /opt/airflow/dags/scripts/load_to_hive.py for tasks to queue
[2025-06-22T02:10:58.975+0000] {logging_mixin.py:188} INFO - [2025-06-22T02:10:58.975+0000] {dagbag.py:545} INFO - Filling up the DagBag from /opt/airflow/dags/scripts/load_to_hive.py
[2025-06-22T02:10:59.331+0000] {processor.py:842} WARNING - No viable dags retrieved from /opt/airflow/dags/scripts/load_to_hive.py
[2025-06-22T02:10:59.351+0000] {processor.py:183} INFO - Processing /opt/airflow/dags/scripts/load_to_hive.py took 0.385 seconds
[2025-06-22T02:11:30.285+0000] {processor.py:161} INFO - Started process (PID=51) to work on /opt/airflow/dags/scripts/load_to_hive.py
[2025-06-22T02:11:30.286+0000] {processor.py:830} INFO - Processing file /opt/airflow/dags/scripts/load_to_hive.py for tasks to queue
[2025-06-22T02:11:30.288+0000] {logging_mixin.py:188} INFO - [2025-06-22T02:11:30.288+0000] {dagbag.py:545} INFO - Filling up the DagBag from /opt/airflow/dags/scripts/load_to_hive.py
[2025-06-22T02:11:30.547+0000] {processor.py:842} WARNING - No viable dags retrieved from /opt/airflow/dags/scripts/load_to_hive.py
[2025-06-22T02:11:30.566+0000] {processor.py:183} INFO - Processing /opt/airflow/dags/scripts/load_to_hive.py took 0.286 seconds
[2025-06-22T02:12:01.592+0000] {processor.py:161} INFO - Started process (PID=57) to work on /opt/airflow/dags/scripts/load_to_hive.py
[2025-06-22T02:12:01.593+0000] {processor.py:830} INFO - Processing file /opt/airflow/dags/scripts/load_to_hive.py for tasks to queue
[2025-06-22T02:12:01.594+0000] {logging_mixin.py:188} INFO - [2025-06-22T02:12:01.594+0000] {dagbag.py:545} INFO - Filling up the DagBag from /opt/airflow/dags/scripts/load_to_hive.py
[2025-06-22T02:12:01.866+0000] {processor.py:842} WARNING - No viable dags retrieved from /opt/airflow/dags/scripts/load_to_hive.py
[2025-06-22T02:12:01.888+0000] {processor.py:183} INFO - Processing /opt/airflow/dags/scripts/load_to_hive.py took 0.301 seconds
[2025-06-22T02:12:32.628+0000] {processor.py:161} INFO - Started process (PID=63) to work on /opt/airflow/dags/scripts/load_to_hive.py
[2025-06-22T02:12:32.629+0000] {processor.py:830} INFO - Processing file /opt/airflow/dags/scripts/load_to_hive.py for tasks to queue
[2025-06-22T02:12:32.631+0000] {logging_mixin.py:188} INFO - [2025-06-22T02:12:32.631+0000] {dagbag.py:545} INFO - Filling up the DagBag from /opt/airflow/dags/scripts/load_to_hive.py
[2025-06-22T02:12:32.934+0000] {processor.py:842} WARNING - No viable dags retrieved from /opt/airflow/dags/scripts/load_to_hive.py
[2025-06-22T02:12:32.952+0000] {processor.py:183} INFO - Processing /opt/airflow/dags/scripts/load_to_hive.py took 0.329 seconds
[2025-06-22T02:13:03.756+0000] {processor.py:161} INFO - Started process (PID=69) to work on /opt/airflow/dags/scripts/load_to_hive.py
[2025-06-22T02:13:03.757+0000] {processor.py:830} INFO - Processing file /opt/airflow/dags/scripts/load_to_hive.py for tasks to queue
[2025-06-22T02:13:03.759+0000] {logging_mixin.py:188} INFO - [2025-06-22T02:13:03.758+0000] {dagbag.py:545} INFO - Filling up the DagBag from /opt/airflow/dags/scripts/load_to_hive.py
[2025-06-22T02:13:04.031+0000] {processor.py:842} WARNING - No viable dags retrieved from /opt/airflow/dags/scripts/load_to_hive.py
[2025-06-22T02:13:04.050+0000] {processor.py:183} INFO - Processing /opt/airflow/dags/scripts/load_to_hive.py took 0.299 seconds
[2025-06-22T02:13:34.587+0000] {processor.py:161} INFO - Started process (PID=75) to work on /opt/airflow/dags/scripts/load_to_hive.py
[2025-06-22T02:13:34.588+0000] {processor.py:830} INFO - Processing file /opt/airflow/dags/scripts/load_to_hive.py for tasks to queue
[2025-06-22T02:13:34.590+0000] {logging_mixin.py:188} INFO - [2025-06-22T02:13:34.589+0000] {dagbag.py:545} INFO - Filling up the DagBag from /opt/airflow/dags/scripts/load_to_hive.py
[2025-06-22T02:13:34.849+0000] {processor.py:842} WARNING - No viable dags retrieved from /opt/airflow/dags/scripts/load_to_hive.py
[2025-06-22T02:13:34.864+0000] {processor.py:183} INFO - Processing /opt/airflow/dags/scripts/load_to_hive.py took 0.282 seconds
[2025-06-22T02:14:51.638+0000] {processor.py:161} INFO - Started process (PID=27) to work on /opt/airflow/dags/scripts/load_to_hive.py
[2025-06-22T02:14:51.639+0000] {processor.py:830} INFO - Processing file /opt/airflow/dags/scripts/load_to_hive.py for tasks to queue
[2025-06-22T02:14:51.644+0000] {logging_mixin.py:188} INFO - [2025-06-22T02:14:51.643+0000] {dagbag.py:545} INFO - Filling up the DagBag from /opt/airflow/dags/scripts/load_to_hive.py
[2025-06-22T02:14:51.960+0000] {processor.py:842} WARNING - No viable dags retrieved from /opt/airflow/dags/scripts/load_to_hive.py
[2025-06-22T02:14:51.980+0000] {processor.py:183} INFO - Processing /opt/airflow/dags/scripts/load_to_hive.py took 0.349 seconds
[2025-06-22T02:15:22.317+0000] {processor.py:161} INFO - Started process (PID=33) to work on /opt/airflow/dags/scripts/load_to_hive.py
[2025-06-22T02:15:22.318+0000] {processor.py:830} INFO - Processing file /opt/airflow/dags/scripts/load_to_hive.py for tasks to queue
[2025-06-22T02:15:22.320+0000] {logging_mixin.py:188} INFO - [2025-06-22T02:15:22.319+0000] {dagbag.py:545} INFO - Filling up the DagBag from /opt/airflow/dags/scripts/load_to_hive.py
[2025-06-22T02:15:22.624+0000] {processor.py:842} WARNING - No viable dags retrieved from /opt/airflow/dags/scripts/load_to_hive.py
[2025-06-22T02:15:22.642+0000] {processor.py:183} INFO - Processing /opt/airflow/dags/scripts/load_to_hive.py took 0.330 seconds
[2025-06-22T02:15:53.086+0000] {processor.py:161} INFO - Started process (PID=39) to work on /opt/airflow/dags/scripts/load_to_hive.py
[2025-06-22T02:15:53.087+0000] {processor.py:830} INFO - Processing file /opt/airflow/dags/scripts/load_to_hive.py for tasks to queue
[2025-06-22T02:15:53.089+0000] {logging_mixin.py:188} INFO - [2025-06-22T02:15:53.088+0000] {dagbag.py:545} INFO - Filling up the DagBag from /opt/airflow/dags/scripts/load_to_hive.py
[2025-06-22T02:15:53.417+0000] {processor.py:842} WARNING - No viable dags retrieved from /opt/airflow/dags/scripts/load_to_hive.py
[2025-06-22T02:15:53.439+0000] {processor.py:183} INFO - Processing /opt/airflow/dags/scripts/load_to_hive.py took 0.357 seconds
[2025-06-22T02:16:24.141+0000] {processor.py:161} INFO - Started process (PID=45) to work on /opt/airflow/dags/scripts/load_to_hive.py
[2025-06-22T02:16:24.142+0000] {processor.py:830} INFO - Processing file /opt/airflow/dags/scripts/load_to_hive.py for tasks to queue
[2025-06-22T02:16:24.144+0000] {logging_mixin.py:188} INFO - [2025-06-22T02:16:24.144+0000] {dagbag.py:545} INFO - Filling up the DagBag from /opt/airflow/dags/scripts/load_to_hive.py
[2025-06-22T02:16:24.434+0000] {processor.py:842} WARNING - No viable dags retrieved from /opt/airflow/dags/scripts/load_to_hive.py
[2025-06-22T02:16:24.451+0000] {processor.py:183} INFO - Processing /opt/airflow/dags/scripts/load_to_hive.py took 0.318 seconds
[2025-06-22T02:16:54.681+0000] {processor.py:161} INFO - Started process (PID=51) to work on /opt/airflow/dags/scripts/load_to_hive.py
[2025-06-22T02:16:54.682+0000] {processor.py:830} INFO - Processing file /opt/airflow/dags/scripts/load_to_hive.py for tasks to queue
[2025-06-22T02:16:54.684+0000] {logging_mixin.py:188} INFO - [2025-06-22T02:16:54.684+0000] {dagbag.py:545} INFO - Filling up the DagBag from /opt/airflow/dags/scripts/load_to_hive.py
[2025-06-22T02:16:54.960+0000] {processor.py:842} WARNING - No viable dags retrieved from /opt/airflow/dags/scripts/load_to_hive.py
[2025-06-22T02:16:54.977+0000] {processor.py:183} INFO - Processing /opt/airflow/dags/scripts/load_to_hive.py took 0.300 seconds
[2025-06-22T02:17:26.057+0000] {processor.py:161} INFO - Started process (PID=57) to work on /opt/airflow/dags/scripts/load_to_hive.py
[2025-06-22T02:17:26.058+0000] {processor.py:830} INFO - Processing file /opt/airflow/dags/scripts/load_to_hive.py for tasks to queue
[2025-06-22T02:17:26.060+0000] {logging_mixin.py:188} INFO - [2025-06-22T02:17:26.060+0000] {dagbag.py:545} INFO - Filling up the DagBag from /opt/airflow/dags/scripts/load_to_hive.py
[2025-06-22T02:17:26.299+0000] {processor.py:842} WARNING - No viable dags retrieved from /opt/airflow/dags/scripts/load_to_hive.py
[2025-06-22T02:17:26.319+0000] {processor.py:183} INFO - Processing /opt/airflow/dags/scripts/load_to_hive.py took 0.268 seconds
[2025-06-22T02:19:22.035+0000] {processor.py:161} INFO - Started process (PID=27) to work on /opt/airflow/dags/scripts/load_to_hive.py
[2025-06-22T02:19:22.037+0000] {processor.py:830} INFO - Processing file /opt/airflow/dags/scripts/load_to_hive.py for tasks to queue
[2025-06-22T02:19:22.040+0000] {logging_mixin.py:188} INFO - [2025-06-22T02:19:22.039+0000] {dagbag.py:545} INFO - Filling up the DagBag from /opt/airflow/dags/scripts/load_to_hive.py
[2025-06-22T02:19:22.469+0000] {processor.py:842} WARNING - No viable dags retrieved from /opt/airflow/dags/scripts/load_to_hive.py
[2025-06-22T02:19:22.486+0000] {processor.py:183} INFO - Processing /opt/airflow/dags/scripts/load_to_hive.py took 0.459 seconds
[2025-06-22T02:19:53.410+0000] {processor.py:161} INFO - Started process (PID=33) to work on /opt/airflow/dags/scripts/load_to_hive.py
[2025-06-22T02:19:53.412+0000] {processor.py:830} INFO - Processing file /opt/airflow/dags/scripts/load_to_hive.py for tasks to queue
[2025-06-22T02:19:53.414+0000] {logging_mixin.py:188} INFO - [2025-06-22T02:19:53.414+0000] {dagbag.py:545} INFO - Filling up the DagBag from /opt/airflow/dags/scripts/load_to_hive.py
[2025-06-22T02:19:53.736+0000] {processor.py:842} WARNING - No viable dags retrieved from /opt/airflow/dags/scripts/load_to_hive.py
[2025-06-22T02:19:53.760+0000] {processor.py:183} INFO - Processing /opt/airflow/dags/scripts/load_to_hive.py took 0.356 seconds
[2025-06-22T02:20:24.041+0000] {processor.py:161} INFO - Started process (PID=39) to work on /opt/airflow/dags/scripts/load_to_hive.py
[2025-06-22T02:20:24.047+0000] {processor.py:830} INFO - Processing file /opt/airflow/dags/scripts/load_to_hive.py for tasks to queue
[2025-06-22T02:20:24.050+0000] {logging_mixin.py:188} INFO - [2025-06-22T02:20:24.049+0000] {dagbag.py:545} INFO - Filling up the DagBag from /opt/airflow/dags/scripts/load_to_hive.py
[2025-06-22T02:20:24.284+0000] {processor.py:842} WARNING - No viable dags retrieved from /opt/airflow/dags/scripts/load_to_hive.py
[2025-06-22T02:20:24.306+0000] {processor.py:183} INFO - Processing /opt/airflow/dags/scripts/load_to_hive.py took 0.270 seconds
[2025-06-22T02:34:57.081+0000] {processor.py:161} INFO - Started process (PID=25) to work on /opt/airflow/dags/scripts/load_to_hive.py
[2025-06-22T02:34:57.085+0000] {processor.py:830} INFO - Processing file /opt/airflow/dags/scripts/load_to_hive.py for tasks to queue
[2025-06-22T02:34:57.088+0000] {logging_mixin.py:188} INFO - [2025-06-22T02:34:57.087+0000] {dagbag.py:545} INFO - Filling up the DagBag from /opt/airflow/dags/scripts/load_to_hive.py
[2025-06-22T02:34:58.673+0000] {processor.py:842} WARNING - No viable dags retrieved from /opt/airflow/dags/scripts/load_to_hive.py
[2025-06-22T02:34:58.690+0000] {processor.py:183} INFO - Processing /opt/airflow/dags/scripts/load_to_hive.py took 1.616 seconds
[2025-06-22T02:35:29.083+0000] {processor.py:161} INFO - Started process (PID=31) to work on /opt/airflow/dags/scripts/load_to_hive.py
[2025-06-22T02:35:29.084+0000] {processor.py:830} INFO - Processing file /opt/airflow/dags/scripts/load_to_hive.py for tasks to queue
[2025-06-22T02:35:29.086+0000] {logging_mixin.py:188} INFO - [2025-06-22T02:35:29.086+0000] {dagbag.py:545} INFO - Filling up the DagBag from /opt/airflow/dags/scripts/load_to_hive.py
[2025-06-22T02:35:29.467+0000] {processor.py:842} WARNING - No viable dags retrieved from /opt/airflow/dags/scripts/load_to_hive.py
[2025-06-22T02:35:29.484+0000] {processor.py:183} INFO - Processing /opt/airflow/dags/scripts/load_to_hive.py took 0.408 seconds
[2025-06-22T02:35:59.786+0000] {processor.py:161} INFO - Started process (PID=37) to work on /opt/airflow/dags/scripts/load_to_hive.py
[2025-06-22T02:35:59.787+0000] {processor.py:830} INFO - Processing file /opt/airflow/dags/scripts/load_to_hive.py for tasks to queue
[2025-06-22T02:35:59.788+0000] {logging_mixin.py:188} INFO - [2025-06-22T02:35:59.788+0000] {dagbag.py:545} INFO - Filling up the DagBag from /opt/airflow/dags/scripts/load_to_hive.py
[2025-06-22T02:36:00.085+0000] {processor.py:842} WARNING - No viable dags retrieved from /opt/airflow/dags/scripts/load_to_hive.py
[2025-06-22T02:36:00.111+0000] {processor.py:183} INFO - Processing /opt/airflow/dags/scripts/load_to_hive.py took 0.331 seconds
[2025-06-22T02:36:17.548+0000] {processor.py:161} INFO - Started process (PID=43) to work on /opt/airflow/dags/scripts/load_to_hive.py
[2025-06-22T02:36:17.549+0000] {processor.py:830} INFO - Processing file /opt/airflow/dags/scripts/load_to_hive.py for tasks to queue
[2025-06-22T02:36:17.550+0000] {logging_mixin.py:188} INFO - [2025-06-22T02:36:17.550+0000] {dagbag.py:545} INFO - Filling up the DagBag from /opt/airflow/dags/scripts/load_to_hive.py
[2025-06-22T02:36:17.951+0000] {processor.py:842} WARNING - No viable dags retrieved from /opt/airflow/dags/scripts/load_to_hive.py
[2025-06-22T02:36:17.975+0000] {processor.py:183} INFO - Processing /opt/airflow/dags/scripts/load_to_hive.py took 0.435 seconds
[2025-06-22T02:36:48.294+0000] {processor.py:161} INFO - Started process (PID=49) to work on /opt/airflow/dags/scripts/load_to_hive.py
[2025-06-22T02:36:48.295+0000] {processor.py:830} INFO - Processing file /opt/airflow/dags/scripts/load_to_hive.py for tasks to queue
[2025-06-22T02:36:48.296+0000] {logging_mixin.py:188} INFO - [2025-06-22T02:36:48.296+0000] {dagbag.py:545} INFO - Filling up the DagBag from /opt/airflow/dags/scripts/load_to_hive.py
[2025-06-22T02:36:48.608+0000] {processor.py:842} WARNING - No viable dags retrieved from /opt/airflow/dags/scripts/load_to_hive.py
[2025-06-22T02:36:48.627+0000] {processor.py:183} INFO - Processing /opt/airflow/dags/scripts/load_to_hive.py took 0.338 seconds
[2025-06-22T02:38:10.696+0000] {processor.py:161} INFO - Started process (PID=25) to work on /opt/airflow/dags/scripts/load_to_hive.py
[2025-06-22T02:38:10.698+0000] {processor.py:830} INFO - Processing file /opt/airflow/dags/scripts/load_to_hive.py for tasks to queue
[2025-06-22T02:38:10.700+0000] {logging_mixin.py:188} INFO - [2025-06-22T02:38:10.699+0000] {dagbag.py:545} INFO - Filling up the DagBag from /opt/airflow/dags/scripts/load_to_hive.py
[2025-06-22T02:38:12.259+0000] {processor.py:842} WARNING - No viable dags retrieved from /opt/airflow/dags/scripts/load_to_hive.py
[2025-06-22T02:38:12.283+0000] {processor.py:183} INFO - Processing /opt/airflow/dags/scripts/load_to_hive.py took 1.594 seconds
[2025-06-22T02:38:43.420+0000] {processor.py:161} INFO - Started process (PID=31) to work on /opt/airflow/dags/scripts/load_to_hive.py
[2025-06-22T02:38:43.421+0000] {processor.py:830} INFO - Processing file /opt/airflow/dags/scripts/load_to_hive.py for tasks to queue
[2025-06-22T02:38:43.424+0000] {logging_mixin.py:188} INFO - [2025-06-22T02:38:43.423+0000] {dagbag.py:545} INFO - Filling up the DagBag from /opt/airflow/dags/scripts/load_to_hive.py
[2025-06-22T02:38:43.899+0000] {processor.py:842} WARNING - No viable dags retrieved from /opt/airflow/dags/scripts/load_to_hive.py
[2025-06-22T02:38:43.921+0000] {processor.py:183} INFO - Processing /opt/airflow/dags/scripts/load_to_hive.py took 0.509 seconds
[2025-06-22T02:39:14.094+0000] {processor.py:161} INFO - Started process (PID=37) to work on /opt/airflow/dags/scripts/load_to_hive.py
[2025-06-22T02:39:14.095+0000] {processor.py:830} INFO - Processing file /opt/airflow/dags/scripts/load_to_hive.py for tasks to queue
[2025-06-22T02:39:14.099+0000] {logging_mixin.py:188} INFO - [2025-06-22T02:39:14.098+0000] {dagbag.py:545} INFO - Filling up the DagBag from /opt/airflow/dags/scripts/load_to_hive.py
[2025-06-22T02:39:14.477+0000] {processor.py:842} WARNING - No viable dags retrieved from /opt/airflow/dags/scripts/load_to_hive.py
[2025-06-22T02:39:14.521+0000] {processor.py:183} INFO - Processing /opt/airflow/dags/scripts/load_to_hive.py took 0.435 seconds
[2025-06-22T02:39:45.569+0000] {processor.py:161} INFO - Started process (PID=72) to work on /opt/airflow/dags/scripts/load_to_hive.py
[2025-06-22T02:39:45.570+0000] {processor.py:830} INFO - Processing file /opt/airflow/dags/scripts/load_to_hive.py for tasks to queue
[2025-06-22T02:39:45.571+0000] {logging_mixin.py:188} INFO - [2025-06-22T02:39:45.571+0000] {dagbag.py:545} INFO - Filling up the DagBag from /opt/airflow/dags/scripts/load_to_hive.py
[2025-06-22T02:39:45.839+0000] {processor.py:842} WARNING - No viable dags retrieved from /opt/airflow/dags/scripts/load_to_hive.py
[2025-06-22T02:39:45.859+0000] {processor.py:183} INFO - Processing /opt/airflow/dags/scripts/load_to_hive.py took 0.295 seconds
[2025-06-22T02:40:16.857+0000] {processor.py:161} INFO - Started process (PID=78) to work on /opt/airflow/dags/scripts/load_to_hive.py
[2025-06-22T02:40:16.858+0000] {processor.py:830} INFO - Processing file /opt/airflow/dags/scripts/load_to_hive.py for tasks to queue
[2025-06-22T02:40:16.860+0000] {logging_mixin.py:188} INFO - [2025-06-22T02:40:16.860+0000] {dagbag.py:545} INFO - Filling up the DagBag from /opt/airflow/dags/scripts/load_to_hive.py
[2025-06-22T02:40:17.157+0000] {processor.py:842} WARNING - No viable dags retrieved from /opt/airflow/dags/scripts/load_to_hive.py
[2025-06-22T02:40:17.176+0000] {processor.py:183} INFO - Processing /opt/airflow/dags/scripts/load_to_hive.py took 0.326 seconds
[2025-06-22T02:40:48.120+0000] {processor.py:161} INFO - Started process (PID=84) to work on /opt/airflow/dags/scripts/load_to_hive.py
[2025-06-22T02:40:48.122+0000] {processor.py:830} INFO - Processing file /opt/airflow/dags/scripts/load_to_hive.py for tasks to queue
[2025-06-22T02:40:48.124+0000] {logging_mixin.py:188} INFO - [2025-06-22T02:40:48.123+0000] {dagbag.py:545} INFO - Filling up the DagBag from /opt/airflow/dags/scripts/load_to_hive.py
[2025-06-22T02:40:48.373+0000] {processor.py:842} WARNING - No viable dags retrieved from /opt/airflow/dags/scripts/load_to_hive.py
[2025-06-22T02:40:48.405+0000] {processor.py:183} INFO - Processing /opt/airflow/dags/scripts/load_to_hive.py took 0.289 seconds
[2025-06-22T02:41:19.451+0000] {processor.py:161} INFO - Started process (PID=90) to work on /opt/airflow/dags/scripts/load_to_hive.py
[2025-06-22T02:41:19.452+0000] {processor.py:830} INFO - Processing file /opt/airflow/dags/scripts/load_to_hive.py for tasks to queue
[2025-06-22T02:41:19.454+0000] {logging_mixin.py:188} INFO - [2025-06-22T02:41:19.454+0000] {dagbag.py:545} INFO - Filling up the DagBag from /opt/airflow/dags/scripts/load_to_hive.py
[2025-06-22T02:41:19.706+0000] {processor.py:842} WARNING - No viable dags retrieved from /opt/airflow/dags/scripts/load_to_hive.py
[2025-06-22T02:41:19.736+0000] {processor.py:183} INFO - Processing /opt/airflow/dags/scripts/load_to_hive.py took 0.289 seconds
[2025-06-22T02:41:25.298+0000] {processor.py:161} INFO - Started process (PID=96) to work on /opt/airflow/dags/scripts/load_to_hive.py
[2025-06-22T02:41:25.299+0000] {processor.py:830} INFO - Processing file /opt/airflow/dags/scripts/load_to_hive.py for tasks to queue
[2025-06-22T02:41:25.301+0000] {logging_mixin.py:188} INFO - [2025-06-22T02:41:25.300+0000] {dagbag.py:545} INFO - Filling up the DagBag from /opt/airflow/dags/scripts/load_to_hive.py
[2025-06-22T02:41:25.576+0000] {processor.py:842} WARNING - No viable dags retrieved from /opt/airflow/dags/scripts/load_to_hive.py
[2025-06-22T02:41:25.595+0000] {processor.py:183} INFO - Processing /opt/airflow/dags/scripts/load_to_hive.py took 0.302 seconds
[2025-06-22T02:41:55.981+0000] {processor.py:161} INFO - Started process (PID=102) to work on /opt/airflow/dags/scripts/load_to_hive.py
[2025-06-22T02:41:55.982+0000] {processor.py:830} INFO - Processing file /opt/airflow/dags/scripts/load_to_hive.py for tasks to queue
[2025-06-22T02:41:55.984+0000] {logging_mixin.py:188} INFO - [2025-06-22T02:41:55.983+0000] {dagbag.py:545} INFO - Filling up the DagBag from /opt/airflow/dags/scripts/load_to_hive.py
[2025-06-22T02:41:56.233+0000] {processor.py:842} WARNING - No viable dags retrieved from /opt/airflow/dags/scripts/load_to_hive.py
[2025-06-22T02:41:56.256+0000] {processor.py:183} INFO - Processing /opt/airflow/dags/scripts/load_to_hive.py took 0.281 seconds
[2025-06-22T02:42:26.575+0000] {processor.py:161} INFO - Started process (PID=108) to work on /opt/airflow/dags/scripts/load_to_hive.py
[2025-06-22T02:42:26.576+0000] {processor.py:830} INFO - Processing file /opt/airflow/dags/scripts/load_to_hive.py for tasks to queue
[2025-06-22T02:42:26.577+0000] {logging_mixin.py:188} INFO - [2025-06-22T02:42:26.577+0000] {dagbag.py:545} INFO - Filling up the DagBag from /opt/airflow/dags/scripts/load_to_hive.py
[2025-06-22T02:42:26.833+0000] {processor.py:842} WARNING - No viable dags retrieved from /opt/airflow/dags/scripts/load_to_hive.py
[2025-06-22T02:42:26.851+0000] {processor.py:183} INFO - Processing /opt/airflow/dags/scripts/load_to_hive.py took 0.281 seconds
[2025-06-22T02:42:57.941+0000] {processor.py:161} INFO - Started process (PID=114) to work on /opt/airflow/dags/scripts/load_to_hive.py
[2025-06-22T02:42:57.942+0000] {processor.py:830} INFO - Processing file /opt/airflow/dags/scripts/load_to_hive.py for tasks to queue
[2025-06-22T02:42:57.945+0000] {logging_mixin.py:188} INFO - [2025-06-22T02:42:57.944+0000] {dagbag.py:545} INFO - Filling up the DagBag from /opt/airflow/dags/scripts/load_to_hive.py
[2025-06-22T02:42:58.223+0000] {processor.py:842} WARNING - No viable dags retrieved from /opt/airflow/dags/scripts/load_to_hive.py
[2025-06-22T02:42:58.248+0000] {processor.py:183} INFO - Processing /opt/airflow/dags/scripts/load_to_hive.py took 0.315 seconds
[2025-06-22T02:43:28.559+0000] {processor.py:161} INFO - Started process (PID=120) to work on /opt/airflow/dags/scripts/load_to_hive.py
[2025-06-22T02:43:28.560+0000] {processor.py:830} INFO - Processing file /opt/airflow/dags/scripts/load_to_hive.py for tasks to queue
[2025-06-22T02:43:28.563+0000] {logging_mixin.py:188} INFO - [2025-06-22T02:43:28.562+0000] {dagbag.py:545} INFO - Filling up the DagBag from /opt/airflow/dags/scripts/load_to_hive.py
[2025-06-22T02:43:28.944+0000] {processor.py:842} WARNING - No viable dags retrieved from /opt/airflow/dags/scripts/load_to_hive.py
[2025-06-22T02:43:28.965+0000] {processor.py:183} INFO - Processing /opt/airflow/dags/scripts/load_to_hive.py took 0.415 seconds
[2025-06-22T02:43:59.220+0000] {processor.py:161} INFO - Started process (PID=125) to work on /opt/airflow/dags/scripts/load_to_hive.py
[2025-06-22T02:43:59.221+0000] {processor.py:830} INFO - Processing file /opt/airflow/dags/scripts/load_to_hive.py for tasks to queue
[2025-06-22T02:43:59.222+0000] {logging_mixin.py:188} INFO - [2025-06-22T02:43:59.222+0000] {dagbag.py:545} INFO - Filling up the DagBag from /opt/airflow/dags/scripts/load_to_hive.py
[2025-06-22T02:43:59.491+0000] {processor.py:842} WARNING - No viable dags retrieved from /opt/airflow/dags/scripts/load_to_hive.py
[2025-06-22T02:43:59.510+0000] {processor.py:183} INFO - Processing /opt/airflow/dags/scripts/load_to_hive.py took 0.295 seconds
[2025-06-22T02:47:02.329+0000] {processor.py:161} INFO - Started process (PID=24) to work on /opt/airflow/dags/scripts/load_to_hive.py
[2025-06-22T02:47:02.331+0000] {processor.py:830} INFO - Processing file /opt/airflow/dags/scripts/load_to_hive.py for tasks to queue
[2025-06-22T02:47:02.334+0000] {logging_mixin.py:188} INFO - [2025-06-22T02:47:02.333+0000] {dagbag.py:545} INFO - Filling up the DagBag from /opt/airflow/dags/scripts/load_to_hive.py
[2025-06-22T02:47:03.674+0000] {processor.py:842} WARNING - No viable dags retrieved from /opt/airflow/dags/scripts/load_to_hive.py
[2025-06-22T02:47:03.694+0000] {processor.py:183} INFO - Processing /opt/airflow/dags/scripts/load_to_hive.py took 1.374 seconds
[2025-06-22T02:47:34.813+0000] {processor.py:161} INFO - Started process (PID=28) to work on /opt/airflow/dags/scripts/load_to_hive.py
[2025-06-22T02:47:34.815+0000] {processor.py:830} INFO - Processing file /opt/airflow/dags/scripts/load_to_hive.py for tasks to queue
[2025-06-22T02:47:34.818+0000] {logging_mixin.py:188} INFO - [2025-06-22T02:47:34.817+0000] {dagbag.py:545} INFO - Filling up the DagBag from /opt/airflow/dags/scripts/load_to_hive.py
[2025-06-22T02:47:35.180+0000] {processor.py:842} WARNING - No viable dags retrieved from /opt/airflow/dags/scripts/load_to_hive.py
[2025-06-22T02:47:35.203+0000] {processor.py:183} INFO - Processing /opt/airflow/dags/scripts/load_to_hive.py took 0.396 seconds
[2025-06-22T02:48:05.527+0000] {processor.py:161} INFO - Started process (PID=32) to work on /opt/airflow/dags/scripts/load_to_hive.py
[2025-06-22T02:48:05.529+0000] {processor.py:830} INFO - Processing file /opt/airflow/dags/scripts/load_to_hive.py for tasks to queue
[2025-06-22T02:48:05.532+0000] {logging_mixin.py:188} INFO - [2025-06-22T02:48:05.531+0000] {dagbag.py:545} INFO - Filling up the DagBag from /opt/airflow/dags/scripts/load_to_hive.py
[2025-06-22T02:48:05.919+0000] {processor.py:842} WARNING - No viable dags retrieved from /opt/airflow/dags/scripts/load_to_hive.py
[2025-06-22T02:48:05.948+0000] {processor.py:183} INFO - Processing /opt/airflow/dags/scripts/load_to_hive.py took 0.429 seconds
[2025-06-22T02:48:36.119+0000] {processor.py:161} INFO - Started process (PID=46) to work on /opt/airflow/dags/scripts/load_to_hive.py
[2025-06-22T02:48:36.121+0000] {processor.py:830} INFO - Processing file /opt/airflow/dags/scripts/load_to_hive.py for tasks to queue
[2025-06-22T02:48:36.123+0000] {logging_mixin.py:188} INFO - [2025-06-22T02:48:36.123+0000] {dagbag.py:545} INFO - Filling up the DagBag from /opt/airflow/dags/scripts/load_to_hive.py
[2025-06-22T02:48:36.532+0000] {processor.py:842} WARNING - No viable dags retrieved from /opt/airflow/dags/scripts/load_to_hive.py
[2025-06-22T02:48:36.554+0000] {processor.py:183} INFO - Processing /opt/airflow/dags/scripts/load_to_hive.py took 0.441 seconds
[2025-06-22T02:49:06.856+0000] {processor.py:161} INFO - Started process (PID=50) to work on /opt/airflow/dags/scripts/load_to_hive.py
[2025-06-22T02:49:06.858+0000] {processor.py:830} INFO - Processing file /opt/airflow/dags/scripts/load_to_hive.py for tasks to queue
[2025-06-22T02:49:06.860+0000] {logging_mixin.py:188} INFO - [2025-06-22T02:49:06.860+0000] {dagbag.py:545} INFO - Filling up the DagBag from /opt/airflow/dags/scripts/load_to_hive.py
[2025-06-22T02:49:07.168+0000] {processor.py:842} WARNING - No viable dags retrieved from /opt/airflow/dags/scripts/load_to_hive.py
[2025-06-22T02:49:07.190+0000] {processor.py:183} INFO - Processing /opt/airflow/dags/scripts/load_to_hive.py took 0.339 seconds
[2025-06-22T02:49:37.444+0000] {processor.py:161} INFO - Started process (PID=54) to work on /opt/airflow/dags/scripts/load_to_hive.py
[2025-06-22T02:49:37.446+0000] {processor.py:830} INFO - Processing file /opt/airflow/dags/scripts/load_to_hive.py for tasks to queue
[2025-06-22T02:49:37.448+0000] {logging_mixin.py:188} INFO - [2025-06-22T02:49:37.447+0000] {dagbag.py:545} INFO - Filling up the DagBag from /opt/airflow/dags/scripts/load_to_hive.py
[2025-06-22T02:49:37.744+0000] {processor.py:842} WARNING - No viable dags retrieved from /opt/airflow/dags/scripts/load_to_hive.py
[2025-06-22T02:49:37.762+0000] {processor.py:183} INFO - Processing /opt/airflow/dags/scripts/load_to_hive.py took 0.324 seconds
[2025-06-22T02:50:07.931+0000] {processor.py:161} INFO - Started process (PID=58) to work on /opt/airflow/dags/scripts/load_to_hive.py
[2025-06-22T02:50:07.932+0000] {processor.py:830} INFO - Processing file /opt/airflow/dags/scripts/load_to_hive.py for tasks to queue
[2025-06-22T02:50:07.934+0000] {logging_mixin.py:188} INFO - [2025-06-22T02:50:07.934+0000] {dagbag.py:545} INFO - Filling up the DagBag from /opt/airflow/dags/scripts/load_to_hive.py
[2025-06-22T02:50:08.214+0000] {processor.py:842} WARNING - No viable dags retrieved from /opt/airflow/dags/scripts/load_to_hive.py
[2025-06-22T02:50:08.234+0000] {processor.py:183} INFO - Processing /opt/airflow/dags/scripts/load_to_hive.py took 0.308 seconds
[2025-06-22T02:50:38.486+0000] {processor.py:161} INFO - Started process (PID=62) to work on /opt/airflow/dags/scripts/load_to_hive.py
[2025-06-22T02:50:38.487+0000] {processor.py:830} INFO - Processing file /opt/airflow/dags/scripts/load_to_hive.py for tasks to queue
[2025-06-22T02:50:38.488+0000] {logging_mixin.py:188} INFO - [2025-06-22T02:50:38.488+0000] {dagbag.py:545} INFO - Filling up the DagBag from /opt/airflow/dags/scripts/load_to_hive.py
[2025-06-22T02:50:38.756+0000] {processor.py:842} WARNING - No viable dags retrieved from /opt/airflow/dags/scripts/load_to_hive.py
[2025-06-22T02:50:38.778+0000] {processor.py:183} INFO - Processing /opt/airflow/dags/scripts/load_to_hive.py took 0.297 seconds
[2025-06-22T02:51:30.837+0000] {processor.py:161} INFO - Started process (PID=25) to work on /opt/airflow/dags/scripts/load_to_hive.py
[2025-06-22T02:51:30.838+0000] {processor.py:830} INFO - Processing file /opt/airflow/dags/scripts/load_to_hive.py for tasks to queue
[2025-06-22T02:51:30.841+0000] {logging_mixin.py:188} INFO - [2025-06-22T02:51:30.840+0000] {dagbag.py:545} INFO - Filling up the DagBag from /opt/airflow/dags/scripts/load_to_hive.py
[2025-06-22T02:51:31.953+0000] {processor.py:842} WARNING - No viable dags retrieved from /opt/airflow/dags/scripts/load_to_hive.py
[2025-06-22T02:51:31.972+0000] {processor.py:183} INFO - Processing /opt/airflow/dags/scripts/load_to_hive.py took 1.141 seconds
[2025-06-22T02:52:02.141+0000] {processor.py:161} INFO - Started process (PID=29) to work on /opt/airflow/dags/scripts/load_to_hive.py
[2025-06-22T02:52:02.142+0000] {processor.py:830} INFO - Processing file /opt/airflow/dags/scripts/load_to_hive.py for tasks to queue
[2025-06-22T02:52:02.144+0000] {logging_mixin.py:188} INFO - [2025-06-22T02:52:02.144+0000] {dagbag.py:545} INFO - Filling up the DagBag from /opt/airflow/dags/scripts/load_to_hive.py
[2025-06-22T02:52:02.491+0000] {processor.py:842} WARNING - No viable dags retrieved from /opt/airflow/dags/scripts/load_to_hive.py
[2025-06-22T02:52:02.517+0000] {processor.py:183} INFO - Processing /opt/airflow/dags/scripts/load_to_hive.py took 0.382 seconds
[2025-06-22T02:52:32.898+0000] {processor.py:161} INFO - Started process (PID=33) to work on /opt/airflow/dags/scripts/load_to_hive.py
[2025-06-22T02:52:32.900+0000] {processor.py:830} INFO - Processing file /opt/airflow/dags/scripts/load_to_hive.py for tasks to queue
[2025-06-22T02:52:32.902+0000] {logging_mixin.py:188} INFO - [2025-06-22T02:52:32.902+0000] {dagbag.py:545} INFO - Filling up the DagBag from /opt/airflow/dags/scripts/load_to_hive.py
[2025-06-22T02:52:33.165+0000] {processor.py:842} WARNING - No viable dags retrieved from /opt/airflow/dags/scripts/load_to_hive.py
[2025-06-22T02:52:33.190+0000] {processor.py:183} INFO - Processing /opt/airflow/dags/scripts/load_to_hive.py took 0.297 seconds
[2025-06-22T02:53:04.334+0000] {processor.py:161} INFO - Started process (PID=47) to work on /opt/airflow/dags/scripts/load_to_hive.py
[2025-06-22T02:53:04.336+0000] {processor.py:830} INFO - Processing file /opt/airflow/dags/scripts/load_to_hive.py for tasks to queue
[2025-06-22T02:53:04.337+0000] {logging_mixin.py:188} INFO - [2025-06-22T02:53:04.337+0000] {dagbag.py:545} INFO - Filling up the DagBag from /opt/airflow/dags/scripts/load_to_hive.py
[2025-06-22T02:53:04.608+0000] {processor.py:842} WARNING - No viable dags retrieved from /opt/airflow/dags/scripts/load_to_hive.py
[2025-06-22T02:53:04.625+0000] {processor.py:183} INFO - Processing /opt/airflow/dags/scripts/load_to_hive.py took 0.295 seconds
[2025-06-22T02:53:35.576+0000] {processor.py:161} INFO - Started process (PID=51) to work on /opt/airflow/dags/scripts/load_to_hive.py
[2025-06-22T02:53:35.577+0000] {processor.py:830} INFO - Processing file /opt/airflow/dags/scripts/load_to_hive.py for tasks to queue
[2025-06-22T02:53:35.579+0000] {logging_mixin.py:188} INFO - [2025-06-22T02:53:35.579+0000] {dagbag.py:545} INFO - Filling up the DagBag from /opt/airflow/dags/scripts/load_to_hive.py
[2025-06-22T02:53:35.878+0000] {processor.py:842} WARNING - No viable dags retrieved from /opt/airflow/dags/scripts/load_to_hive.py
[2025-06-22T02:53:35.903+0000] {processor.py:183} INFO - Processing /opt/airflow/dags/scripts/load_to_hive.py took 0.333 seconds
[2025-06-22T02:54:06.181+0000] {processor.py:161} INFO - Started process (PID=55) to work on /opt/airflow/dags/scripts/load_to_hive.py
[2025-06-22T02:54:06.182+0000] {processor.py:830} INFO - Processing file /opt/airflow/dags/scripts/load_to_hive.py for tasks to queue
[2025-06-22T02:54:06.184+0000] {logging_mixin.py:188} INFO - [2025-06-22T02:54:06.183+0000] {dagbag.py:545} INFO - Filling up the DagBag from /opt/airflow/dags/scripts/load_to_hive.py
[2025-06-22T02:54:06.587+0000] {processor.py:842} WARNING - No viable dags retrieved from /opt/airflow/dags/scripts/load_to_hive.py
[2025-06-22T02:54:06.607+0000] {processor.py:183} INFO - Processing /opt/airflow/dags/scripts/load_to_hive.py took 0.431 seconds
[2025-06-22T02:54:36.925+0000] {processor.py:161} INFO - Started process (PID=59) to work on /opt/airflow/dags/scripts/load_to_hive.py
[2025-06-22T02:54:36.926+0000] {processor.py:830} INFO - Processing file /opt/airflow/dags/scripts/load_to_hive.py for tasks to queue
[2025-06-22T02:54:36.928+0000] {logging_mixin.py:188} INFO - [2025-06-22T02:54:36.927+0000] {dagbag.py:545} INFO - Filling up the DagBag from /opt/airflow/dags/scripts/load_to_hive.py
[2025-06-22T02:54:37.191+0000] {processor.py:842} WARNING - No viable dags retrieved from /opt/airflow/dags/scripts/load_to_hive.py
[2025-06-22T02:54:37.217+0000] {processor.py:183} INFO - Processing /opt/airflow/dags/scripts/load_to_hive.py took 0.297 seconds
[2025-06-22T02:54:52.471+0000] {processor.py:161} INFO - Started process (PID=63) to work on /opt/airflow/dags/scripts/load_to_hive.py
[2025-06-22T02:54:52.472+0000] {processor.py:830} INFO - Processing file /opt/airflow/dags/scripts/load_to_hive.py for tasks to queue
[2025-06-22T02:54:52.474+0000] {logging_mixin.py:188} INFO - [2025-06-22T02:54:52.473+0000] {dagbag.py:545} INFO - Filling up the DagBag from /opt/airflow/dags/scripts/load_to_hive.py
[2025-06-22T02:54:52.820+0000] {processor.py:842} WARNING - No viable dags retrieved from /opt/airflow/dags/scripts/load_to_hive.py
[2025-06-22T02:54:52.836+0000] {processor.py:183} INFO - Processing /opt/airflow/dags/scripts/load_to_hive.py took 0.370 seconds
[2025-06-22T02:55:52.574+0000] {processor.py:161} INFO - Started process (PID=27) to work on /opt/airflow/dags/scripts/load_to_hive.py
[2025-06-22T02:55:52.575+0000] {processor.py:830} INFO - Processing file /opt/airflow/dags/scripts/load_to_hive.py for tasks to queue
[2025-06-22T02:55:52.577+0000] {logging_mixin.py:188} INFO - [2025-06-22T02:55:52.576+0000] {dagbag.py:545} INFO - Filling up the DagBag from /opt/airflow/dags/scripts/load_to_hive.py
[2025-06-22T02:55:52.935+0000] {processor.py:842} WARNING - No viable dags retrieved from /opt/airflow/dags/scripts/load_to_hive.py
[2025-06-22T02:55:52.955+0000] {processor.py:183} INFO - Processing /opt/airflow/dags/scripts/load_to_hive.py took 0.386 seconds
[2025-06-22T02:56:04.342+0000] {processor.py:161} INFO - Started process (PID=31) to work on /opt/airflow/dags/scripts/load_to_hive.py
[2025-06-22T02:56:04.343+0000] {processor.py:830} INFO - Processing file /opt/airflow/dags/scripts/load_to_hive.py for tasks to queue
[2025-06-22T02:56:04.345+0000] {logging_mixin.py:188} INFO - [2025-06-22T02:56:04.344+0000] {dagbag.py:545} INFO - Filling up the DagBag from /opt/airflow/dags/scripts/load_to_hive.py
[2025-06-22T02:56:04.686+0000] {processor.py:842} WARNING - No viable dags retrieved from /opt/airflow/dags/scripts/load_to_hive.py
[2025-06-22T02:56:04.703+0000] {processor.py:183} INFO - Processing /opt/airflow/dags/scripts/load_to_hive.py took 0.366 seconds
[2025-06-22T02:56:35.310+0000] {processor.py:161} INFO - Started process (PID=37) to work on /opt/airflow/dags/scripts/load_to_hive.py
[2025-06-22T02:56:35.312+0000] {processor.py:830} INFO - Processing file /opt/airflow/dags/scripts/load_to_hive.py for tasks to queue
[2025-06-22T02:56:35.316+0000] {logging_mixin.py:188} INFO - [2025-06-22T02:56:35.315+0000] {dagbag.py:545} INFO - Filling up the DagBag from /opt/airflow/dags/scripts/load_to_hive.py
[2025-06-22T02:56:36.531+0000] {processor.py:842} WARNING - No viable dags retrieved from /opt/airflow/dags/scripts/load_to_hive.py
[2025-06-22T02:56:36.584+0000] {processor.py:183} INFO - Processing /opt/airflow/dags/scripts/load_to_hive.py took 1.292 seconds
[2025-06-22T02:57:06.905+0000] {processor.py:161} INFO - Started process (PID=43) to work on /opt/airflow/dags/scripts/load_to_hive.py
[2025-06-22T02:57:06.906+0000] {processor.py:830} INFO - Processing file /opt/airflow/dags/scripts/load_to_hive.py for tasks to queue
[2025-06-22T02:57:06.908+0000] {logging_mixin.py:188} INFO - [2025-06-22T02:57:06.908+0000] {dagbag.py:545} INFO - Filling up the DagBag from /opt/airflow/dags/scripts/load_to_hive.py
[2025-06-22T02:57:07.270+0000] {processor.py:842} WARNING - No viable dags retrieved from /opt/airflow/dags/scripts/load_to_hive.py
[2025-06-22T02:57:07.288+0000] {processor.py:183} INFO - Processing /opt/airflow/dags/scripts/load_to_hive.py took 0.388 seconds
[2025-06-22T02:57:37.470+0000] {processor.py:161} INFO - Started process (PID=49) to work on /opt/airflow/dags/scripts/load_to_hive.py
[2025-06-22T02:57:37.471+0000] {processor.py:830} INFO - Processing file /opt/airflow/dags/scripts/load_to_hive.py for tasks to queue
[2025-06-22T02:57:37.473+0000] {logging_mixin.py:188} INFO - [2025-06-22T02:57:37.473+0000] {dagbag.py:545} INFO - Filling up the DagBag from /opt/airflow/dags/scripts/load_to_hive.py
[2025-06-22T02:57:37.715+0000] {processor.py:842} WARNING - No viable dags retrieved from /opt/airflow/dags/scripts/load_to_hive.py
[2025-06-22T02:57:37.735+0000] {processor.py:183} INFO - Processing /opt/airflow/dags/scripts/load_to_hive.py took 0.270 seconds
[2025-06-22T02:58:07.964+0000] {processor.py:161} INFO - Started process (PID=55) to work on /opt/airflow/dags/scripts/load_to_hive.py
[2025-06-22T02:58:07.965+0000] {processor.py:830} INFO - Processing file /opt/airflow/dags/scripts/load_to_hive.py for tasks to queue
[2025-06-22T02:58:07.967+0000] {logging_mixin.py:188} INFO - [2025-06-22T02:58:07.966+0000] {dagbag.py:545} INFO - Filling up the DagBag from /opt/airflow/dags/scripts/load_to_hive.py
[2025-06-22T02:58:08.209+0000] {processor.py:842} WARNING - No viable dags retrieved from /opt/airflow/dags/scripts/load_to_hive.py
[2025-06-22T02:58:08.234+0000] {processor.py:183} INFO - Processing /opt/airflow/dags/scripts/load_to_hive.py took 0.274 seconds
[2025-06-22T02:58:38.289+0000] {processor.py:161} INFO - Started process (PID=61) to work on /opt/airflow/dags/scripts/load_to_hive.py
[2025-06-22T02:58:38.290+0000] {processor.py:830} INFO - Processing file /opt/airflow/dags/scripts/load_to_hive.py for tasks to queue
[2025-06-22T02:58:38.291+0000] {logging_mixin.py:188} INFO - [2025-06-22T02:58:38.291+0000] {dagbag.py:545} INFO - Filling up the DagBag from /opt/airflow/dags/scripts/load_to_hive.py
[2025-06-22T02:58:38.525+0000] {processor.py:842} WARNING - No viable dags retrieved from /opt/airflow/dags/scripts/load_to_hive.py
[2025-06-22T02:58:38.552+0000] {processor.py:183} INFO - Processing /opt/airflow/dags/scripts/load_to_hive.py took 0.268 seconds
[2025-06-22T02:59:08.776+0000] {processor.py:161} INFO - Started process (PID=67) to work on /opt/airflow/dags/scripts/load_to_hive.py
[2025-06-22T02:59:08.777+0000] {processor.py:830} INFO - Processing file /opt/airflow/dags/scripts/load_to_hive.py for tasks to queue
[2025-06-22T02:59:08.779+0000] {logging_mixin.py:188} INFO - [2025-06-22T02:59:08.779+0000] {dagbag.py:545} INFO - Filling up the DagBag from /opt/airflow/dags/scripts/load_to_hive.py
[2025-06-22T02:59:09.011+0000] {processor.py:842} WARNING - No viable dags retrieved from /opt/airflow/dags/scripts/load_to_hive.py
[2025-06-22T02:59:09.037+0000] {processor.py:183} INFO - Processing /opt/airflow/dags/scripts/load_to_hive.py took 0.265 seconds
[2025-06-22T02:59:39.123+0000] {processor.py:161} INFO - Started process (PID=73) to work on /opt/airflow/dags/scripts/load_to_hive.py
[2025-06-22T02:59:39.124+0000] {processor.py:830} INFO - Processing file /opt/airflow/dags/scripts/load_to_hive.py for tasks to queue
[2025-06-22T02:59:39.126+0000] {logging_mixin.py:188} INFO - [2025-06-22T02:59:39.125+0000] {dagbag.py:545} INFO - Filling up the DagBag from /opt/airflow/dags/scripts/load_to_hive.py
[2025-06-22T02:59:39.372+0000] {processor.py:842} WARNING - No viable dags retrieved from /opt/airflow/dags/scripts/load_to_hive.py
[2025-06-22T02:59:39.393+0000] {processor.py:183} INFO - Processing /opt/airflow/dags/scripts/load_to_hive.py took 0.276 seconds
[2025-06-22T03:00:09.556+0000] {processor.py:161} INFO - Started process (PID=79) to work on /opt/airflow/dags/scripts/load_to_hive.py
[2025-06-22T03:00:09.557+0000] {processor.py:830} INFO - Processing file /opt/airflow/dags/scripts/load_to_hive.py for tasks to queue
[2025-06-22T03:00:09.559+0000] {logging_mixin.py:188} INFO - [2025-06-22T03:00:09.558+0000] {dagbag.py:545} INFO - Filling up the DagBag from /opt/airflow/dags/scripts/load_to_hive.py
[2025-06-22T03:00:09.792+0000] {processor.py:842} WARNING - No viable dags retrieved from /opt/airflow/dags/scripts/load_to_hive.py
[2025-06-22T03:00:09.819+0000] {processor.py:183} INFO - Processing /opt/airflow/dags/scripts/load_to_hive.py took 0.268 seconds
[2025-06-22T03:00:40.027+0000] {processor.py:161} INFO - Started process (PID=85) to work on /opt/airflow/dags/scripts/load_to_hive.py
[2025-06-22T03:00:40.028+0000] {processor.py:830} INFO - Processing file /opt/airflow/dags/scripts/load_to_hive.py for tasks to queue
[2025-06-22T03:00:40.030+0000] {logging_mixin.py:188} INFO - [2025-06-22T03:00:40.029+0000] {dagbag.py:545} INFO - Filling up the DagBag from /opt/airflow/dags/scripts/load_to_hive.py
[2025-06-22T03:00:40.279+0000] {processor.py:842} WARNING - No viable dags retrieved from /opt/airflow/dags/scripts/load_to_hive.py
[2025-06-22T03:00:40.298+0000] {processor.py:183} INFO - Processing /opt/airflow/dags/scripts/load_to_hive.py took 0.276 seconds
[2025-06-22T03:01:12.438+0000] {processor.py:161} INFO - Started process (PID=109) to work on /opt/airflow/dags/scripts/load_to_hive.py
[2025-06-22T03:01:12.439+0000] {processor.py:830} INFO - Processing file /opt/airflow/dags/scripts/load_to_hive.py for tasks to queue
[2025-06-22T03:01:12.441+0000] {logging_mixin.py:188} INFO - [2025-06-22T03:01:12.441+0000] {dagbag.py:545} INFO - Filling up the DagBag from /opt/airflow/dags/scripts/load_to_hive.py
[2025-06-22T03:01:12.757+0000] {processor.py:842} WARNING - No viable dags retrieved from /opt/airflow/dags/scripts/load_to_hive.py
[2025-06-22T03:01:12.776+0000] {processor.py:183} INFO - Processing /opt/airflow/dags/scripts/load_to_hive.py took 0.344 seconds
[2025-06-22T03:01:42.972+0000] {processor.py:161} INFO - Started process (PID=115) to work on /opt/airflow/dags/scripts/load_to_hive.py
[2025-06-22T03:01:42.973+0000] {processor.py:830} INFO - Processing file /opt/airflow/dags/scripts/load_to_hive.py for tasks to queue
[2025-06-22T03:01:42.974+0000] {logging_mixin.py:188} INFO - [2025-06-22T03:01:42.974+0000] {dagbag.py:545} INFO - Filling up the DagBag from /opt/airflow/dags/scripts/load_to_hive.py
[2025-06-22T03:01:43.229+0000] {processor.py:842} WARNING - No viable dags retrieved from /opt/airflow/dags/scripts/load_to_hive.py
[2025-06-22T03:01:43.248+0000] {processor.py:183} INFO - Processing /opt/airflow/dags/scripts/load_to_hive.py took 0.282 seconds
[2025-06-22T03:02:13.917+0000] {processor.py:161} INFO - Started process (PID=121) to work on /opt/airflow/dags/scripts/load_to_hive.py
[2025-06-22T03:02:13.918+0000] {processor.py:830} INFO - Processing file /opt/airflow/dags/scripts/load_to_hive.py for tasks to queue
[2025-06-22T03:02:13.919+0000] {logging_mixin.py:188} INFO - [2025-06-22T03:02:13.919+0000] {dagbag.py:545} INFO - Filling up the DagBag from /opt/airflow/dags/scripts/load_to_hive.py
[2025-06-22T03:02:14.290+0000] {processor.py:842} WARNING - No viable dags retrieved from /opt/airflow/dags/scripts/load_to_hive.py
[2025-06-22T03:02:14.320+0000] {processor.py:183} INFO - Processing /opt/airflow/dags/scripts/load_to_hive.py took 0.409 seconds
[2025-06-22T03:03:28.115+0000] {processor.py:161} INFO - Started process (PID=24) to work on /opt/airflow/dags/scripts/load_to_hive.py
[2025-06-22T03:03:28.116+0000] {processor.py:830} INFO - Processing file /opt/airflow/dags/scripts/load_to_hive.py for tasks to queue
[2025-06-22T03:03:28.119+0000] {logging_mixin.py:188} INFO - [2025-06-22T03:03:28.118+0000] {dagbag.py:545} INFO - Filling up the DagBag from /opt/airflow/dags/scripts/load_to_hive.py
[2025-06-22T03:03:29.488+0000] {processor.py:842} WARNING - No viable dags retrieved from /opt/airflow/dags/scripts/load_to_hive.py
[2025-06-22T03:03:29.514+0000] {processor.py:183} INFO - Processing /opt/airflow/dags/scripts/load_to_hive.py took 1.406 seconds
[2025-06-22T03:04:00.631+0000] {processor.py:161} INFO - Started process (PID=30) to work on /opt/airflow/dags/scripts/load_to_hive.py
[2025-06-22T03:04:00.633+0000] {processor.py:830} INFO - Processing file /opt/airflow/dags/scripts/load_to_hive.py for tasks to queue
[2025-06-22T03:04:00.636+0000] {logging_mixin.py:188} INFO - [2025-06-22T03:04:00.635+0000] {dagbag.py:545} INFO - Filling up the DagBag from /opt/airflow/dags/scripts/load_to_hive.py
[2025-06-22T03:04:00.949+0000] {processor.py:842} WARNING - No viable dags retrieved from /opt/airflow/dags/scripts/load_to_hive.py
[2025-06-22T03:04:00.970+0000] {processor.py:183} INFO - Processing /opt/airflow/dags/scripts/load_to_hive.py took 0.346 seconds
[2025-06-22T03:04:32.128+0000] {processor.py:161} INFO - Started process (PID=36) to work on /opt/airflow/dags/scripts/load_to_hive.py
[2025-06-22T03:04:32.130+0000] {processor.py:830} INFO - Processing file /opt/airflow/dags/scripts/load_to_hive.py for tasks to queue
[2025-06-22T03:04:32.132+0000] {logging_mixin.py:188} INFO - [2025-06-22T03:04:32.132+0000] {dagbag.py:545} INFO - Filling up the DagBag from /opt/airflow/dags/scripts/load_to_hive.py
[2025-06-22T03:04:32.502+0000] {processor.py:842} WARNING - No viable dags retrieved from /opt/airflow/dags/scripts/load_to_hive.py
[2025-06-22T03:04:32.520+0000] {processor.py:183} INFO - Processing /opt/airflow/dags/scripts/load_to_hive.py took 0.400 seconds
[2025-06-22T03:05:03.631+0000] {processor.py:161} INFO - Started process (PID=62) to work on /opt/airflow/dags/scripts/load_to_hive.py
[2025-06-22T03:05:03.632+0000] {processor.py:830} INFO - Processing file /opt/airflow/dags/scripts/load_to_hive.py for tasks to queue
[2025-06-22T03:05:03.633+0000] {logging_mixin.py:188} INFO - [2025-06-22T03:05:03.633+0000] {dagbag.py:545} INFO - Filling up the DagBag from /opt/airflow/dags/scripts/load_to_hive.py
[2025-06-22T03:05:03.887+0000] {processor.py:842} WARNING - No viable dags retrieved from /opt/airflow/dags/scripts/load_to_hive.py
[2025-06-22T03:05:03.913+0000] {processor.py:183} INFO - Processing /opt/airflow/dags/scripts/load_to_hive.py took 0.287 seconds
[2025-06-22T03:05:34.050+0000] {processor.py:161} INFO - Started process (PID=88) to work on /opt/airflow/dags/scripts/load_to_hive.py
[2025-06-22T03:05:34.051+0000] {processor.py:830} INFO - Processing file /opt/airflow/dags/scripts/load_to_hive.py for tasks to queue
[2025-06-22T03:05:34.052+0000] {logging_mixin.py:188} INFO - [2025-06-22T03:05:34.052+0000] {dagbag.py:545} INFO - Filling up the DagBag from /opt/airflow/dags/scripts/load_to_hive.py
[2025-06-22T03:05:34.308+0000] {processor.py:842} WARNING - No viable dags retrieved from /opt/airflow/dags/scripts/load_to_hive.py
[2025-06-22T03:05:34.330+0000] {processor.py:183} INFO - Processing /opt/airflow/dags/scripts/load_to_hive.py took 0.285 seconds
[2025-06-22T03:06:05.169+0000] {processor.py:161} INFO - Started process (PID=94) to work on /opt/airflow/dags/scripts/load_to_hive.py
[2025-06-22T03:06:05.171+0000] {processor.py:830} INFO - Processing file /opt/airflow/dags/scripts/load_to_hive.py for tasks to queue
[2025-06-22T03:06:05.172+0000] {logging_mixin.py:188} INFO - [2025-06-22T03:06:05.172+0000] {dagbag.py:545} INFO - Filling up the DagBag from /opt/airflow/dags/scripts/load_to_hive.py
[2025-06-22T03:06:05.501+0000] {processor.py:842} WARNING - No viable dags retrieved from /opt/airflow/dags/scripts/load_to_hive.py
[2025-06-22T03:06:05.519+0000] {processor.py:183} INFO - Processing /opt/airflow/dags/scripts/load_to_hive.py took 0.356 seconds
[2025-06-22T03:06:35.736+0000] {processor.py:161} INFO - Started process (PID=100) to work on /opt/airflow/dags/scripts/load_to_hive.py
[2025-06-22T03:06:35.737+0000] {processor.py:830} INFO - Processing file /opt/airflow/dags/scripts/load_to_hive.py for tasks to queue
[2025-06-22T03:06:35.739+0000] {logging_mixin.py:188} INFO - [2025-06-22T03:06:35.738+0000] {dagbag.py:545} INFO - Filling up the DagBag from /opt/airflow/dags/scripts/load_to_hive.py
[2025-06-22T03:06:36.011+0000] {processor.py:842} WARNING - No viable dags retrieved from /opt/airflow/dags/scripts/load_to_hive.py
[2025-06-22T03:06:36.032+0000] {processor.py:183} INFO - Processing /opt/airflow/dags/scripts/load_to_hive.py took 0.301 seconds
[2025-06-22T03:07:06.410+0000] {processor.py:161} INFO - Started process (PID=106) to work on /opt/airflow/dags/scripts/load_to_hive.py
[2025-06-22T03:07:06.411+0000] {processor.py:830} INFO - Processing file /opt/airflow/dags/scripts/load_to_hive.py for tasks to queue
[2025-06-22T03:07:06.413+0000] {logging_mixin.py:188} INFO - [2025-06-22T03:07:06.413+0000] {dagbag.py:545} INFO - Filling up the DagBag from /opt/airflow/dags/scripts/load_to_hive.py
[2025-06-22T03:07:06.690+0000] {processor.py:842} WARNING - No viable dags retrieved from /opt/airflow/dags/scripts/load_to_hive.py
[2025-06-22T03:07:06.710+0000] {processor.py:183} INFO - Processing /opt/airflow/dags/scripts/load_to_hive.py took 0.305 seconds
[2025-06-22T03:07:23.992+0000] {processor.py:161} INFO - Started process (PID=112) to work on /opt/airflow/dags/scripts/load_to_hive.py
[2025-06-22T03:07:23.993+0000] {processor.py:830} INFO - Processing file /opt/airflow/dags/scripts/load_to_hive.py for tasks to queue
[2025-06-22T03:07:23.996+0000] {logging_mixin.py:188} INFO - [2025-06-22T03:07:23.996+0000] {dagbag.py:545} INFO - Filling up the DagBag from /opt/airflow/dags/scripts/load_to_hive.py
[2025-06-22T03:07:24.292+0000] {processor.py:842} WARNING - No viable dags retrieved from /opt/airflow/dags/scripts/load_to_hive.py
[2025-06-22T03:07:24.308+0000] {processor.py:183} INFO - Processing /opt/airflow/dags/scripts/load_to_hive.py took 0.325 seconds
[2025-06-22T03:08:27.033+0000] {processor.py:161} INFO - Started process (PID=24) to work on /opt/airflow/dags/scripts/load_to_hive.py
[2025-06-22T03:08:27.035+0000] {processor.py:830} INFO - Processing file /opt/airflow/dags/scripts/load_to_hive.py for tasks to queue
[2025-06-22T03:08:27.037+0000] {logging_mixin.py:188} INFO - [2025-06-22T03:08:27.037+0000] {dagbag.py:545} INFO - Filling up the DagBag from /opt/airflow/dags/scripts/load_to_hive.py
[2025-06-22T03:08:28.114+0000] {processor.py:842} WARNING - No viable dags retrieved from /opt/airflow/dags/scripts/load_to_hive.py
[2025-06-22T03:08:28.136+0000] {processor.py:183} INFO - Processing /opt/airflow/dags/scripts/load_to_hive.py took 1.110 seconds
[2025-06-22T03:08:58.486+0000] {processor.py:161} INFO - Started process (PID=30) to work on /opt/airflow/dags/scripts/load_to_hive.py
[2025-06-22T03:08:58.488+0000] {processor.py:830} INFO - Processing file /opt/airflow/dags/scripts/load_to_hive.py for tasks to queue
[2025-06-22T03:08:58.490+0000] {logging_mixin.py:188} INFO - [2025-06-22T03:08:58.489+0000] {dagbag.py:545} INFO - Filling up the DagBag from /opt/airflow/dags/scripts/load_to_hive.py
[2025-06-22T03:08:58.778+0000] {processor.py:842} WARNING - No viable dags retrieved from /opt/airflow/dags/scripts/load_to_hive.py
[2025-06-22T03:08:58.805+0000] {processor.py:183} INFO - Processing /opt/airflow/dags/scripts/load_to_hive.py took 0.325 seconds
[2025-06-22T03:09:29.151+0000] {processor.py:161} INFO - Started process (PID=36) to work on /opt/airflow/dags/scripts/load_to_hive.py
[2025-06-22T03:09:29.152+0000] {processor.py:830} INFO - Processing file /opt/airflow/dags/scripts/load_to_hive.py for tasks to queue
[2025-06-22T03:09:29.155+0000] {logging_mixin.py:188} INFO - [2025-06-22T03:09:29.154+0000] {dagbag.py:545} INFO - Filling up the DagBag from /opt/airflow/dags/scripts/load_to_hive.py
[2025-06-22T03:09:29.454+0000] {processor.py:842} WARNING - No viable dags retrieved from /opt/airflow/dags/scripts/load_to_hive.py
[2025-06-22T03:09:29.484+0000] {processor.py:183} INFO - Processing /opt/airflow/dags/scripts/load_to_hive.py took 0.338 seconds
[2025-06-22T03:10:00.259+0000] {processor.py:161} INFO - Started process (PID=62) to work on /opt/airflow/dags/scripts/load_to_hive.py
[2025-06-22T03:10:00.270+0000] {processor.py:830} INFO - Processing file /opt/airflow/dags/scripts/load_to_hive.py for tasks to queue
[2025-06-22T03:10:00.280+0000] {logging_mixin.py:188} INFO - [2025-06-22T03:10:00.277+0000] {dagbag.py:545} INFO - Filling up the DagBag from /opt/airflow/dags/scripts/load_to_hive.py
[2025-06-22T03:10:00.617+0000] {processor.py:842} WARNING - No viable dags retrieved from /opt/airflow/dags/scripts/load_to_hive.py
[2025-06-22T03:10:00.634+0000] {processor.py:183} INFO - Processing /opt/airflow/dags/scripts/load_to_hive.py took 0.381 seconds
[2025-06-22T03:10:30.877+0000] {processor.py:161} INFO - Started process (PID=68) to work on /opt/airflow/dags/scripts/load_to_hive.py
[2025-06-22T03:10:30.879+0000] {processor.py:830} INFO - Processing file /opt/airflow/dags/scripts/load_to_hive.py for tasks to queue
[2025-06-22T03:10:30.881+0000] {logging_mixin.py:188} INFO - [2025-06-22T03:10:30.880+0000] {dagbag.py:545} INFO - Filling up the DagBag from /opt/airflow/dags/scripts/load_to_hive.py
[2025-06-22T03:10:31.173+0000] {processor.py:842} WARNING - No viable dags retrieved from /opt/airflow/dags/scripts/load_to_hive.py
[2025-06-22T03:10:31.200+0000] {processor.py:183} INFO - Processing /opt/airflow/dags/scripts/load_to_hive.py took 0.328 seconds
[2025-06-22T03:10:40.046+0000] {processor.py:161} INFO - Started process (PID=74) to work on /opt/airflow/dags/scripts/load_to_hive.py
[2025-06-22T03:10:40.047+0000] {processor.py:830} INFO - Processing file /opt/airflow/dags/scripts/load_to_hive.py for tasks to queue
[2025-06-22T03:10:40.049+0000] {logging_mixin.py:188} INFO - [2025-06-22T03:10:40.049+0000] {dagbag.py:545} INFO - Filling up the DagBag from /opt/airflow/dags/scripts/load_to_hive.py
[2025-06-22T03:10:40.338+0000] {processor.py:842} WARNING - No viable dags retrieved from /opt/airflow/dags/scripts/load_to_hive.py
[2025-06-22T03:10:40.359+0000] {processor.py:183} INFO - Processing /opt/airflow/dags/scripts/load_to_hive.py took 0.317 seconds
[2025-06-22T03:11:54.960+0000] {processor.py:161} INFO - Started process (PID=26) to work on /opt/airflow/dags/scripts/load_to_hive.py
[2025-06-22T03:11:54.961+0000] {processor.py:830} INFO - Processing file /opt/airflow/dags/scripts/load_to_hive.py for tasks to queue
[2025-06-22T03:11:54.966+0000] {logging_mixin.py:188} INFO - [2025-06-22T03:11:54.965+0000] {dagbag.py:545} INFO - Filling up the DagBag from /opt/airflow/dags/scripts/load_to_hive.py
[2025-06-22T03:11:56.163+0000] {processor.py:842} WARNING - No viable dags retrieved from /opt/airflow/dags/scripts/load_to_hive.py
[2025-06-22T03:11:56.184+0000] {processor.py:183} INFO - Processing /opt/airflow/dags/scripts/load_to_hive.py took 1.234 seconds
[2025-06-22T03:12:26.274+0000] {processor.py:161} INFO - Started process (PID=32) to work on /opt/airflow/dags/scripts/load_to_hive.py
[2025-06-22T03:12:26.275+0000] {processor.py:830} INFO - Processing file /opt/airflow/dags/scripts/load_to_hive.py for tasks to queue
[2025-06-22T03:12:26.278+0000] {logging_mixin.py:188} INFO - [2025-06-22T03:12:26.277+0000] {dagbag.py:545} INFO - Filling up the DagBag from /opt/airflow/dags/scripts/load_to_hive.py
[2025-06-22T03:12:26.584+0000] {processor.py:842} WARNING - No viable dags retrieved from /opt/airflow/dags/scripts/load_to_hive.py
[2025-06-22T03:12:26.602+0000] {processor.py:183} INFO - Processing /opt/airflow/dags/scripts/load_to_hive.py took 0.335 seconds
[2025-06-22T03:12:59.334+0000] {processor.py:161} INFO - Started process (PID=58) to work on /opt/airflow/dags/scripts/load_to_hive.py
[2025-06-22T03:12:59.339+0000] {processor.py:830} INFO - Processing file /opt/airflow/dags/scripts/load_to_hive.py for tasks to queue
[2025-06-22T03:12:59.348+0000] {logging_mixin.py:188} INFO - [2025-06-22T03:12:59.347+0000] {dagbag.py:545} INFO - Filling up the DagBag from /opt/airflow/dags/scripts/load_to_hive.py
[2025-06-22T03:12:59.780+0000] {processor.py:842} WARNING - No viable dags retrieved from /opt/airflow/dags/scripts/load_to_hive.py
[2025-06-22T03:12:59.798+0000] {processor.py:183} INFO - Processing /opt/airflow/dags/scripts/load_to_hive.py took 0.499 seconds
[2025-06-22T03:13:30.937+0000] {processor.py:161} INFO - Started process (PID=64) to work on /opt/airflow/dags/scripts/load_to_hive.py
[2025-06-22T03:13:30.938+0000] {processor.py:830} INFO - Processing file /opt/airflow/dags/scripts/load_to_hive.py for tasks to queue
[2025-06-22T03:13:30.940+0000] {logging_mixin.py:188} INFO - [2025-06-22T03:13:30.940+0000] {dagbag.py:545} INFO - Filling up the DagBag from /opt/airflow/dags/scripts/load_to_hive.py
[2025-06-22T03:13:31.201+0000] {processor.py:842} WARNING - No viable dags retrieved from /opt/airflow/dags/scripts/load_to_hive.py
[2025-06-22T03:13:31.223+0000] {processor.py:183} INFO - Processing /opt/airflow/dags/scripts/load_to_hive.py took 0.296 seconds
[2025-06-22T03:14:01.583+0000] {processor.py:161} INFO - Started process (PID=70) to work on /opt/airflow/dags/scripts/load_to_hive.py
[2025-06-22T03:14:01.585+0000] {processor.py:830} INFO - Processing file /opt/airflow/dags/scripts/load_to_hive.py for tasks to queue
[2025-06-22T03:14:01.588+0000] {logging_mixin.py:188} INFO - [2025-06-22T03:14:01.587+0000] {dagbag.py:545} INFO - Filling up the DagBag from /opt/airflow/dags/scripts/load_to_hive.py
[2025-06-22T03:14:01.898+0000] {processor.py:842} WARNING - No viable dags retrieved from /opt/airflow/dags/scripts/load_to_hive.py
[2025-06-22T03:14:01.929+0000] {processor.py:183} INFO - Processing /opt/airflow/dags/scripts/load_to_hive.py took 0.351 seconds
[2025-06-22T03:14:18.102+0000] {processor.py:161} INFO - Started process (PID=76) to work on /opt/airflow/dags/scripts/load_to_hive.py
[2025-06-22T03:14:18.103+0000] {processor.py:830} INFO - Processing file /opt/airflow/dags/scripts/load_to_hive.py for tasks to queue
[2025-06-22T03:14:18.105+0000] {logging_mixin.py:188} INFO - [2025-06-22T03:14:18.105+0000] {dagbag.py:545} INFO - Filling up the DagBag from /opt/airflow/dags/scripts/load_to_hive.py
[2025-06-22T03:14:18.468+0000] {processor.py:842} WARNING - No viable dags retrieved from /opt/airflow/dags/scripts/load_to_hive.py
[2025-06-22T03:14:18.491+0000] {processor.py:183} INFO - Processing /opt/airflow/dags/scripts/load_to_hive.py took 0.395 seconds
[2025-06-22T03:14:48.815+0000] {processor.py:161} INFO - Started process (PID=82) to work on /opt/airflow/dags/scripts/load_to_hive.py
[2025-06-22T03:14:48.816+0000] {processor.py:830} INFO - Processing file /opt/airflow/dags/scripts/load_to_hive.py for tasks to queue
[2025-06-22T03:14:48.817+0000] {logging_mixin.py:188} INFO - [2025-06-22T03:14:48.817+0000] {dagbag.py:545} INFO - Filling up the DagBag from /opt/airflow/dags/scripts/load_to_hive.py
[2025-06-22T03:14:49.090+0000] {processor.py:842} WARNING - No viable dags retrieved from /opt/airflow/dags/scripts/load_to_hive.py
[2025-06-22T03:14:49.111+0000] {processor.py:183} INFO - Processing /opt/airflow/dags/scripts/load_to_hive.py took 0.301 seconds
[2025-06-22T03:14:54.966+0000] {processor.py:161} INFO - Started process (PID=84) to work on /opt/airflow/dags/scripts/load_to_hive.py
[2025-06-22T03:14:54.967+0000] {processor.py:830} INFO - Processing file /opt/airflow/dags/scripts/load_to_hive.py for tasks to queue
[2025-06-22T03:14:54.969+0000] {logging_mixin.py:188} INFO - [2025-06-22T03:14:54.969+0000] {dagbag.py:545} INFO - Filling up the DagBag from /opt/airflow/dags/scripts/load_to_hive.py
[2025-06-22T03:14:55.261+0000] {processor.py:842} WARNING - No viable dags retrieved from /opt/airflow/dags/scripts/load_to_hive.py
[2025-06-22T03:14:55.280+0000] {processor.py:183} INFO - Processing /opt/airflow/dags/scripts/load_to_hive.py took 0.319 seconds
[2025-06-22T03:15:49.725+0000] {processor.py:161} INFO - Started process (PID=25) to work on /opt/airflow/dags/scripts/load_to_hive.py
[2025-06-22T03:15:49.726+0000] {processor.py:830} INFO - Processing file /opt/airflow/dags/scripts/load_to_hive.py for tasks to queue
[2025-06-22T03:15:49.728+0000] {logging_mixin.py:188} INFO - [2025-06-22T03:15:49.728+0000] {dagbag.py:545} INFO - Filling up the DagBag from /opt/airflow/dags/scripts/load_to_hive.py
[2025-06-22T03:15:51.114+0000] {processor.py:842} WARNING - No viable dags retrieved from /opt/airflow/dags/scripts/load_to_hive.py
[2025-06-22T03:15:51.130+0000] {processor.py:183} INFO - Processing /opt/airflow/dags/scripts/load_to_hive.py took 1.410 seconds
[2025-06-22T03:16:21.400+0000] {processor.py:161} INFO - Started process (PID=31) to work on /opt/airflow/dags/scripts/load_to_hive.py
[2025-06-22T03:16:21.401+0000] {processor.py:830} INFO - Processing file /opt/airflow/dags/scripts/load_to_hive.py for tasks to queue
[2025-06-22T03:16:21.403+0000] {logging_mixin.py:188} INFO - [2025-06-22T03:16:21.403+0000] {dagbag.py:545} INFO - Filling up the DagBag from /opt/airflow/dags/scripts/load_to_hive.py
[2025-06-22T03:16:21.759+0000] {processor.py:842} WARNING - No viable dags retrieved from /opt/airflow/dags/scripts/load_to_hive.py
[2025-06-22T03:16:21.780+0000] {processor.py:183} INFO - Processing /opt/airflow/dags/scripts/load_to_hive.py took 0.387 seconds
[2025-06-22T03:16:52.600+0000] {processor.py:161} INFO - Started process (PID=37) to work on /opt/airflow/dags/scripts/load_to_hive.py
[2025-06-22T03:16:52.602+0000] {processor.py:830} INFO - Processing file /opt/airflow/dags/scripts/load_to_hive.py for tasks to queue
[2025-06-22T03:16:52.607+0000] {logging_mixin.py:188} INFO - [2025-06-22T03:16:52.606+0000] {dagbag.py:545} INFO - Filling up the DagBag from /opt/airflow/dags/scripts/load_to_hive.py
[2025-06-22T03:16:53.190+0000] {processor.py:842} WARNING - No viable dags retrieved from /opt/airflow/dags/scripts/load_to_hive.py
[2025-06-22T03:16:53.221+0000] {processor.py:183} INFO - Processing /opt/airflow/dags/scripts/load_to_hive.py took 0.629 seconds
[2025-06-22T03:17:23.387+0000] {processor.py:161} INFO - Started process (PID=43) to work on /opt/airflow/dags/scripts/load_to_hive.py
[2025-06-22T03:17:23.388+0000] {processor.py:830} INFO - Processing file /opt/airflow/dags/scripts/load_to_hive.py for tasks to queue
[2025-06-22T03:17:23.389+0000] {logging_mixin.py:188} INFO - [2025-06-22T03:17:23.389+0000] {dagbag.py:545} INFO - Filling up the DagBag from /opt/airflow/dags/scripts/load_to_hive.py
[2025-06-22T03:17:23.652+0000] {processor.py:842} WARNING - No viable dags retrieved from /opt/airflow/dags/scripts/load_to_hive.py
[2025-06-22T03:17:23.674+0000] {processor.py:183} INFO - Processing /opt/airflow/dags/scripts/load_to_hive.py took 0.292 seconds
[2025-06-22T03:17:59.845+0000] {processor.py:161} INFO - Started process (PID=69) to work on /opt/airflow/dags/scripts/load_to_hive.py
[2025-06-22T03:17:59.846+0000] {processor.py:830} INFO - Processing file /opt/airflow/dags/scripts/load_to_hive.py for tasks to queue
[2025-06-22T03:17:59.847+0000] {logging_mixin.py:188} INFO - [2025-06-22T03:17:59.847+0000] {dagbag.py:545} INFO - Filling up the DagBag from /opt/airflow/dags/scripts/load_to_hive.py
[2025-06-22T03:18:00.197+0000] {processor.py:842} WARNING - No viable dags retrieved from /opt/airflow/dags/scripts/load_to_hive.py
[2025-06-22T03:18:00.211+0000] {processor.py:183} INFO - Processing /opt/airflow/dags/scripts/load_to_hive.py took 0.372 seconds
[2025-06-22T03:18:30.400+0000] {processor.py:161} INFO - Started process (PID=75) to work on /opt/airflow/dags/scripts/load_to_hive.py
[2025-06-22T03:18:30.401+0000] {processor.py:830} INFO - Processing file /opt/airflow/dags/scripts/load_to_hive.py for tasks to queue
[2025-06-22T03:18:30.403+0000] {logging_mixin.py:188} INFO - [2025-06-22T03:18:30.403+0000] {dagbag.py:545} INFO - Filling up the DagBag from /opt/airflow/dags/scripts/load_to_hive.py
[2025-06-22T03:18:30.737+0000] {processor.py:842} WARNING - No viable dags retrieved from /opt/airflow/dags/scripts/load_to_hive.py
[2025-06-22T03:18:30.755+0000] {processor.py:183} INFO - Processing /opt/airflow/dags/scripts/load_to_hive.py took 0.360 seconds
[2025-06-22T03:19:01.290+0000] {processor.py:161} INFO - Started process (PID=81) to work on /opt/airflow/dags/scripts/load_to_hive.py
[2025-06-22T03:19:01.291+0000] {processor.py:830} INFO - Processing file /opt/airflow/dags/scripts/load_to_hive.py for tasks to queue
[2025-06-22T03:19:01.293+0000] {logging_mixin.py:188} INFO - [2025-06-22T03:19:01.293+0000] {dagbag.py:545} INFO - Filling up the DagBag from /opt/airflow/dags/scripts/load_to_hive.py
[2025-06-22T03:19:01.570+0000] {processor.py:842} WARNING - No viable dags retrieved from /opt/airflow/dags/scripts/load_to_hive.py
[2025-06-22T03:19:01.600+0000] {processor.py:183} INFO - Processing /opt/airflow/dags/scripts/load_to_hive.py took 0.317 seconds
