[2025-06-21T21:47:15.851+0000] {manager.py:470} INFO - Processing files using up to 1 processes at a time 
[2025-06-21T21:47:15.852+0000] {manager.py:471} INFO - Process each file at most once every 30 seconds
[2025-06-21T21:47:15.854+0000] {manager.py:472} INFO - Checking for new files in /opt/airflow/dags every 300 seconds
[2025-06-21T21:47:15.865+0000] {manager.py:737} INFO - Searching for files in /opt/airflow/dags
[2025-06-21T21:47:15.932+0000] {manager.py:740} INFO - There are 1 files in /opt/airflow/dags
[2025-06-21T21:47:17.573+0000] {manager.py:878} INFO - 
================================================================================
DAG File Processing Stats

File Path                     PID    Runtime      # DAGs    # Errors  Last Runtime    Last Run
----------------------------  -----  ---------  --------  ----------  --------------  -------------------
/opt/airflow/dags/etl_dag.py                           0           1  1.14s           2025-06-21T21:47:17
================================================================================
[2025-06-21T21:47:50.651+0000] {manager.py:878} INFO - 
================================================================================
DAG File Processing Stats

File Path                     PID    Runtime      # DAGs    # Errors  Last Runtime    Last Run
----------------------------  -----  ---------  --------  ----------  --------------  -------------------
/opt/airflow/dags/etl_dag.py                           0           1  1.22s           2025-06-21T21:47:50
================================================================================
[2025-06-21T21:48:22.291+0000] {manager.py:878} INFO - 
================================================================================
DAG File Processing Stats

File Path                     PID    Runtime      # DAGs    # Errors  Last Runtime    Last Run
----------------------------  -----  ---------  --------  ----------  --------------  -------------------
/opt/airflow/dags/etl_dag.py                           0           1  0.21s           2025-06-21T21:48:22
================================================================================
[2025-06-21T21:48:53.103+0000] {manager.py:878} INFO - 
================================================================================
DAG File Processing Stats

File Path                     PID    Runtime      # DAGs    # Errors  Last Runtime    Last Run
----------------------------  -----  ---------  --------  ----------  --------------  -------------------
/opt/airflow/dags/etl_dag.py                           0           1  0.41s           2025-06-21T21:48:53
================================================================================
[2025-06-21T21:49:23.436+0000] {manager.py:878} INFO - 
================================================================================
DAG File Processing Stats

File Path                     PID    Runtime      # DAGs    # Errors  Last Runtime    Last Run
----------------------------  -----  ---------  --------  ----------  --------------  -------------------
/opt/airflow/dags/etl_dag.py                           0           1  0.31s           2025-06-21T21:49:23
================================================================================
[2025-06-21T21:49:54.693+0000] {manager.py:878} INFO - 
================================================================================
DAG File Processing Stats

File Path                     PID    Runtime      # DAGs    # Errors  Last Runtime    Last Run
----------------------------  -----  ---------  --------  ----------  --------------  -------------------
/opt/airflow/dags/etl_dag.py                           0           1  0.21s           2025-06-21T21:49:54
================================================================================
[2025-06-21T21:50:25.013+0000] {manager.py:878} INFO - 
================================================================================
DAG File Processing Stats

File Path                     PID    Runtime      # DAGs    # Errors  Last Runtime    Last Run
----------------------------  -----  ---------  --------  ----------  --------------  -------------------
/opt/airflow/dags/etl_dag.py                           0           1  0.21s           2025-06-21T21:50:25
================================================================================
[2025-06-21T21:50:55.332+0000] {manager.py:878} INFO - 
================================================================================
DAG File Processing Stats

File Path                     PID    Runtime      # DAGs    # Errors  Last Runtime    Last Run
----------------------------  -----  ---------  --------  ----------  --------------  -------------------
/opt/airflow/dags/etl_dag.py                           0           1  0.22s           2025-06-21T21:50:55
================================================================================
[2025-06-21T21:51:25.484+0000] {manager.py:878} INFO - 
================================================================================
DAG File Processing Stats

File Path                     PID    Runtime      # DAGs    # Errors  Last Runtime    Last Run
----------------------------  -----  ---------  --------  ----------  --------------  -------------------
/opt/airflow/dags/etl_dag.py                           0           1  0.11s           2025-06-21T21:51:25
================================================================================
[2025-06-21T21:51:56.283+0000] {manager.py:878} INFO - 
================================================================================
DAG File Processing Stats

File Path                     PID    Runtime      # DAGs    # Errors  Last Runtime    Last Run
----------------------------  -----  ---------  --------  ----------  --------------  -------------------
/opt/airflow/dags/etl_dag.py                           0           1  0.11s           2025-06-21T21:51:56
================================================================================
[2025-06-21T21:52:15.961+0000] {manager.py:737} INFO - Searching for files in /opt/airflow/dags
[2025-06-21T21:52:15.976+0000] {manager.py:740} INFO - There are 1 files in /opt/airflow/dags
[2025-06-21T21:52:27.023+0000] {manager.py:878} INFO - 
================================================================================
DAG File Processing Stats

File Path                     PID    Runtime      # DAGs    # Errors  Last Runtime    Last Run
----------------------------  -----  ---------  --------  ----------  --------------  -------------------
/opt/airflow/dags/etl_dag.py                           0           1  0.21s           2025-06-21T21:52:27
================================================================================
[2025-06-21T21:52:58.105+0000] {manager.py:878} INFO - 
================================================================================
DAG File Processing Stats

File Path                     PID    Runtime      # DAGs    # Errors  Last Runtime    Last Run
----------------------------  -----  ---------  --------  ----------  --------------  -------------------
/opt/airflow/dags/etl_dag.py                           0           1  0.11s           2025-06-21T21:52:58
================================================================================
[2025-06-21T21:53:28.858+0000] {manager.py:878} INFO - 
================================================================================
DAG File Processing Stats

File Path                     PID    Runtime      # DAGs    # Errors  Last Runtime    Last Run
----------------------------  -----  ---------  --------  ----------  --------------  -------------------
/opt/airflow/dags/etl_dag.py                           0           1  0.10s           2025-06-21T21:53:28
================================================================================
[2025-06-21T21:53:59.445+0000] {manager.py:878} INFO - 
================================================================================
DAG File Processing Stats

File Path                     PID    Runtime      # DAGs    # Errors  Last Runtime    Last Run
----------------------------  -----  ---------  --------  ----------  --------------  -------------------
/opt/airflow/dags/etl_dag.py                           0           1  0.11s           2025-06-21T21:53:59
================================================================================
[2025-06-21T21:54:29.971+0000] {manager.py:878} INFO - 
================================================================================
DAG File Processing Stats

File Path                     PID    Runtime      # DAGs    # Errors  Last Runtime    Last Run
----------------------------  -----  ---------  --------  ----------  --------------  -------------------
/opt/airflow/dags/etl_dag.py                           0           1  0.10s           2025-06-21T21:54:29
================================================================================
[2025-06-21T21:55:00.548+0000] {manager.py:878} INFO - 
================================================================================
DAG File Processing Stats

File Path                     PID    Runtime      # DAGs    # Errors  Last Runtime    Last Run
----------------------------  -----  ---------  --------  ----------  --------------  -------------------
/opt/airflow/dags/etl_dag.py                           0           1  0.11s           2025-06-21T21:55:00
================================================================================
[2025-06-21T21:55:31.222+0000] {manager.py:878} INFO - 
================================================================================
DAG File Processing Stats

File Path                     PID    Runtime      # DAGs    # Errors  Last Runtime    Last Run
----------------------------  -----  ---------  --------  ----------  --------------  -------------------
/opt/airflow/dags/etl_dag.py                           0           1  0.10s           2025-06-21T21:55:31
================================================================================
[2025-06-21T21:56:01.821+0000] {manager.py:878} INFO - 
================================================================================
DAG File Processing Stats

File Path                     PID    Runtime      # DAGs    # Errors  Last Runtime    Last Run
----------------------------  -----  ---------  --------  ----------  --------------  -------------------
/opt/airflow/dags/etl_dag.py                           0           1  0.10s           2025-06-21T21:56:01
================================================================================
[2025-06-21T21:56:32.429+0000] {manager.py:878} INFO - 
================================================================================
DAG File Processing Stats

File Path                     PID    Runtime      # DAGs    # Errors  Last Runtime    Last Run
----------------------------  -----  ---------  --------  ----------  --------------  -------------------
/opt/airflow/dags/etl_dag.py                           0           1  0.10s           2025-06-21T21:56:32
================================================================================
[2025-06-21T21:57:03.004+0000] {manager.py:878} INFO - 
================================================================================
DAG File Processing Stats

File Path                     PID    Runtime      # DAGs    # Errors  Last Runtime    Last Run
----------------------------  -----  ---------  --------  ----------  --------------  -------------------
/opt/airflow/dags/etl_dag.py                           0           1  0.10s           2025-06-21T21:57:03
================================================================================
[2025-06-21T21:57:16.049+0000] {manager.py:737} INFO - Searching for files in /opt/airflow/dags
[2025-06-21T21:57:16.061+0000] {manager.py:740} INFO - There are 1 files in /opt/airflow/dags
[2025-06-21T21:57:33.639+0000] {manager.py:878} INFO - 
================================================================================
DAG File Processing Stats

File Path                     PID    Runtime      # DAGs    # Errors  Last Runtime    Last Run
----------------------------  -----  ---------  --------  ----------  --------------  -------------------
/opt/airflow/dags/etl_dag.py                           0           1  0.11s           2025-06-21T21:57:33
================================================================================
[2025-06-21T21:58:04.287+0000] {manager.py:878} INFO - 
================================================================================
DAG File Processing Stats

File Path                     PID    Runtime      # DAGs    # Errors  Last Runtime    Last Run
----------------------------  -----  ---------  --------  ----------  --------------  -------------------
/opt/airflow/dags/etl_dag.py                           0           1  0.10s           2025-06-21T21:58:04
================================================================================
[2025-06-21T21:58:34.959+0000] {manager.py:878} INFO - 
================================================================================
DAG File Processing Stats

File Path                     PID    Runtime      # DAGs    # Errors  Last Runtime    Last Run
----------------------------  -----  ---------  --------  ----------  --------------  -------------------
/opt/airflow/dags/etl_dag.py                           0           1  0.11s           2025-06-21T21:58:34
================================================================================
[2025-06-21T21:59:05.545+0000] {manager.py:878} INFO - 
================================================================================
DAG File Processing Stats

File Path                     PID    Runtime      # DAGs    # Errors  Last Runtime    Last Run
----------------------------  -----  ---------  --------  ----------  --------------  -------------------
/opt/airflow/dags/etl_dag.py                           0           1  0.10s           2025-06-21T21:59:05
================================================================================
[2025-06-21T21:59:36.140+0000] {manager.py:878} INFO - 
================================================================================
DAG File Processing Stats

File Path                     PID    Runtime      # DAGs    # Errors  Last Runtime    Last Run
----------------------------  -----  ---------  --------  ----------  --------------  -------------------
/opt/airflow/dags/etl_dag.py                           0           1  0.10s           2025-06-21T21:59:36
================================================================================
[2025-06-21T22:00:06.502+0000] {manager.py:878} INFO - 
================================================================================
DAG File Processing Stats

File Path                     PID    Runtime      # DAGs    # Errors  Last Runtime    Last Run
----------------------------  -----  ---------  --------  ----------  --------------  -------------------
/opt/airflow/dags/etl_dag.py                           0           1  0.10s           2025-06-21T22:00:06
================================================================================
[2025-06-21T22:00:36.837+0000] {manager.py:878} INFO - 
================================================================================
DAG File Processing Stats

File Path                     PID    Runtime      # DAGs    # Errors  Last Runtime    Last Run
----------------------------  -----  ---------  --------  ----------  --------------  -------------------
/opt/airflow/dags/etl_dag.py                           0           1  0.11s           2025-06-21T22:00:36
================================================================================
[2025-06-21T22:01:07.230+0000] {manager.py:878} INFO - 
================================================================================
DAG File Processing Stats

File Path                     PID    Runtime      # DAGs    # Errors  Last Runtime    Last Run
----------------------------  -----  ---------  --------  ----------  --------------  -------------------
/opt/airflow/dags/etl_dag.py                           0           1  0.20s           2025-06-21T22:01:07
================================================================================
[2025-06-21T22:01:37.608+0000] {manager.py:878} INFO - 
================================================================================
DAG File Processing Stats

File Path                     PID    Runtime      # DAGs    # Errors  Last Runtime    Last Run
----------------------------  -----  ---------  --------  ----------  --------------  -------------------
/opt/airflow/dags/etl_dag.py                           0           1  0.11s           2025-06-21T22:01:37
================================================================================
[2025-06-21T22:02:07.949+0000] {manager.py:878} INFO - 
================================================================================
DAG File Processing Stats

File Path                     PID    Runtime      # DAGs    # Errors  Last Runtime    Last Run
----------------------------  -----  ---------  --------  ----------  --------------  -------------------
/opt/airflow/dags/etl_dag.py                           0           1  0.11s           2025-06-21T22:02:07
================================================================================
[2025-06-21T22:02:16.137+0000] {manager.py:737} INFO - Searching for files in /opt/airflow/dags
[2025-06-21T22:02:16.148+0000] {manager.py:740} INFO - There are 1 files in /opt/airflow/dags
[2025-06-21T22:02:38.410+0000] {manager.py:878} INFO - 
================================================================================
DAG File Processing Stats

File Path                     PID    Runtime      # DAGs    # Errors  Last Runtime    Last Run
----------------------------  -----  ---------  --------  ----------  --------------  -------------------
/opt/airflow/dags/etl_dag.py                           0           1  0.21s           2025-06-21T22:02:38
================================================================================
[2025-06-21T22:03:08.625+0000] {manager.py:878} INFO - 
================================================================================
DAG File Processing Stats

File Path                     PID    Runtime      # DAGs    # Errors  Last Runtime    Last Run
----------------------------  -----  ---------  --------  ----------  --------------  -------------------
/opt/airflow/dags/etl_dag.py                           0           1  0.10s           2025-06-21T22:03:08
================================================================================
