[2025-06-23T00:45:41.974+0000] {local_task_job_runner.py:120} INFO - ::group::Pre task execution logs
[2025-06-23T00:45:42.010+0000] {taskinstance.py:2076} INFO - Dependencies all met for dep_context=non-requeueable deps ti=<TaskInstance: etl_pipeline.extract manual__2025-06-23T00:45:36.765891+00:00 [queued]>
[2025-06-23T00:45:42.021+0000] {taskinstance.py:2076} INFO - Dependencies all met for dep_context=requeueable deps ti=<TaskInstance: etl_pipeline.extract manual__2025-06-23T00:45:36.765891+00:00 [queued]>
[2025-06-23T00:45:42.022+0000] {taskinstance.py:2306} INFO - Starting attempt 1 of 1
[2025-06-23T00:45:42.052+0000] {taskinstance.py:2330} INFO - Executing <Task(PythonOperator): extract> on 2025-06-23 00:45:36.765891+00:00
[2025-06-23T00:45:42.063+0000] {standard_task_runner.py:90} INFO - Running: ['airflow', 'tasks', 'run', 'etl_pipeline', 'extract', 'manual__2025-06-23T00:45:36.765891+00:00', '--job-id', '171', '--raw', '--subdir', 'DAGS_FOLDER/etl_dag.py', '--cfg-path', '/tmp/tmphw8y61c_']
[2025-06-23T00:45:42.066+0000] {standard_task_runner.py:91} INFO - Job 171: Subtask extract
[2025-06-23T00:45:42.071+0000] {logging_mixin.py:188} WARNING - /home/airflow/.local/lib/python3.12/site-packages/airflow/task/task_runner/standard_task_runner.py:61 DeprecationWarning: This process (pid=44) is multi-threaded, use of fork() may lead to deadlocks in the child.
[2025-06-23T00:45:42.072+0000] {standard_task_runner.py:63} INFO - Started process 53 to run task
[2025-06-23T00:45:42.175+0000] {task_command.py:426} INFO - Running <TaskInstance: etl_pipeline.extract manual__2025-06-23T00:45:36.765891+00:00 [running]> on host bf7d98e72989
[2025-06-23T00:45:42.421+0000] {taskinstance.py:2648} INFO - Exporting env vars: AIRFLOW_CTX_DAG_OWNER='airflow' AIRFLOW_CTX_DAG_ID='etl_pipeline' AIRFLOW_CTX_TASK_ID='extract' AIRFLOW_CTX_EXECUTION_DATE='2025-06-23T00:45:36.765891+00:00' AIRFLOW_CTX_TRY_NUMBER='1' AIRFLOW_CTX_DAG_RUN_ID='manual__2025-06-23T00:45:36.765891+00:00'
[2025-06-23T00:45:42.422+0000] {taskinstance.py:430} INFO - ::endgroup::
[2025-06-23T00:45:42.501+0000] {logging_mixin.py:188} INFO - Extrayendo tabla: order_line
[2025-06-23T00:45:42.507+0000] {logging_mixin.py:188} WARNING - /opt/airflow/dags/scripts/extract_postgres.py:25 UserWarning: pandas only supports SQLAlchemy connectable (engine/connection) or database string URI or sqlite3 DBAPI2 connection. Other DBAPI2 objects are not tested. Please consider using SQLAlchemy.
[2025-06-23T00:45:42.531+0000] {logging_mixin.py:188} INFO - Extrayendo tabla: reservation
[2025-06-23T00:45:42.533+0000] {logging_mixin.py:188} WARNING - /opt/airflow/dags/scripts/extract_postgres.py:25 UserWarning: pandas only supports SQLAlchemy connectable (engine/connection) or database string URI or sqlite3 DBAPI2 connection. Other DBAPI2 objects are not tested. Please consider using SQLAlchemy.
[2025-06-23T00:45:42.540+0000] {logging_mixin.py:188} INFO - Extrayendo tabla: Order
[2025-06-23T00:45:42.542+0000] {logging_mixin.py:188} WARNING - /opt/airflow/dags/scripts/extract_postgres.py:25 UserWarning: pandas only supports SQLAlchemy connectable (engine/connection) or database string URI or sqlite3 DBAPI2 connection. Other DBAPI2 objects are not tested. Please consider using SQLAlchemy.
[2025-06-23T00:45:42.552+0000] {logging_mixin.py:188} INFO - Extrayendo tabla: Table
[2025-06-23T00:45:42.554+0000] {logging_mixin.py:188} WARNING - /opt/airflow/dags/scripts/extract_postgres.py:25 UserWarning: pandas only supports SQLAlchemy connectable (engine/connection) or database string URI or sqlite3 DBAPI2 connection. Other DBAPI2 objects are not tested. Please consider using SQLAlchemy.
[2025-06-23T00:45:42.560+0000] {logging_mixin.py:188} INFO - Extrayendo tabla: menu_restaurant
[2025-06-23T00:45:42.562+0000] {logging_mixin.py:188} WARNING - /opt/airflow/dags/scripts/extract_postgres.py:25 UserWarning: pandas only supports SQLAlchemy connectable (engine/connection) or database string URI or sqlite3 DBAPI2 connection. Other DBAPI2 objects are not tested. Please consider using SQLAlchemy.
[2025-06-23T00:45:42.568+0000] {logging_mixin.py:188} INFO - Extrayendo tabla: products
[2025-06-23T00:45:42.570+0000] {logging_mixin.py:188} WARNING - /opt/airflow/dags/scripts/extract_postgres.py:25 UserWarning: pandas only supports SQLAlchemy connectable (engine/connection) or database string URI or sqlite3 DBAPI2 connection. Other DBAPI2 objects are not tested. Please consider using SQLAlchemy.
[2025-06-23T00:45:42.578+0000] {logging_mixin.py:188} INFO - Extrayendo tabla: menu
[2025-06-23T00:45:42.580+0000] {logging_mixin.py:188} WARNING - /opt/airflow/dags/scripts/extract_postgres.py:25 UserWarning: pandas only supports SQLAlchemy connectable (engine/connection) or database string URI or sqlite3 DBAPI2 connection. Other DBAPI2 objects are not tested. Please consider using SQLAlchemy.
[2025-06-23T00:45:42.590+0000] {logging_mixin.py:188} INFO - Extrayendo tabla: restaurant
[2025-06-23T00:45:42.597+0000] {logging_mixin.py:188} INFO - Extrayendo tabla: users
[2025-06-23T00:45:42.601+0000] {logging_mixin.py:188} WARNING - /opt/airflow/dags/scripts/extract_postgres.py:25 UserWarning: pandas only supports SQLAlchemy connectable (engine/connection) or database string URI or sqlite3 DBAPI2 connection. Other DBAPI2 objects are not tested. Please consider using SQLAlchemy.
[2025-06-23T00:45:42.608+0000] {python.py:237} INFO - Done. Returned value was: None
[2025-06-23T00:45:42.609+0000] {taskinstance.py:441} INFO - ::group::Post task execution logs
[2025-06-23T00:45:42.623+0000] {taskinstance.py:1206} INFO - Marking task as SUCCESS. dag_id=etl_pipeline, task_id=extract, run_id=manual__2025-06-23T00:45:36.765891+00:00, execution_date=20250623T004536, start_date=20250623T004542, end_date=20250623T004542
[2025-06-23T00:45:42.688+0000] {local_task_job_runner.py:240} INFO - Task exited with return code 0
[2025-06-23T00:45:42.746+0000] {taskinstance.py:3498} INFO - 1 downstream tasks scheduled from follow-on schedule check
[2025-06-23T00:45:42.758+0000] {local_task_job_runner.py:222} INFO - ::endgroup::
