[2025-06-23T00:12:24.334+0000] {processor.py:161} INFO - Started process (PID=26) to work on /opt/airflow/dags/etl_dag.py
[2025-06-23T00:12:24.335+0000] {processor.py:830} INFO - Processing file /opt/airflow/dags/etl_dag.py for tasks to queue
[2025-06-23T00:12:24.338+0000] {logging_mixin.py:188} INFO - [2025-06-23T00:12:24.338+0000] {dagbag.py:545} INFO - Filling up the DagBag from /opt/airflow/dags/etl_dag.py
[2025-06-23T00:12:25.994+0000] {processor.py:840} INFO - DAG(s) 'etl_pipeline' retrieved from /opt/airflow/dags/etl_dag.py
[2025-06-23T00:12:26.009+0000] {logging_mixin.py:188} INFO - [2025-06-23T00:12:26.008+0000] {dag.py:3096} INFO - Sync 1 DAGs
[2025-06-23T00:12:26.032+0000] {logging_mixin.py:188} INFO - [2025-06-23T00:12:26.032+0000] {dag.py:3954} INFO - Setting next_dagrun for etl_pipeline to 2025-06-22 00:00:00+00:00, run_after=2025-06-23 00:00:00+00:00
[2025-06-23T00:12:26.086+0000] {processor.py:183} INFO - Processing /opt/airflow/dags/etl_dag.py took 1.762 seconds
[2025-06-23T00:13:12.322+0000] {processor.py:161} INFO - Started process (PID=520) to work on /opt/airflow/dags/etl_dag.py
[2025-06-23T00:13:12.324+0000] {processor.py:830} INFO - Processing file /opt/airflow/dags/etl_dag.py for tasks to queue
[2025-06-23T00:13:12.326+0000] {logging_mixin.py:188} INFO - [2025-06-23T00:13:12.326+0000] {dagbag.py:545} INFO - Filling up the DagBag from /opt/airflow/dags/etl_dag.py
[2025-06-23T00:13:13.218+0000] {processor.py:840} INFO - DAG(s) 'etl_pipeline' retrieved from /opt/airflow/dags/etl_dag.py
[2025-06-23T00:13:13.466+0000] {logging_mixin.py:188} INFO - [2025-06-23T00:13:13.465+0000] {dag.py:3096} INFO - Sync 1 DAGs
[2025-06-23T00:13:13.496+0000] {logging_mixin.py:188} INFO - [2025-06-23T00:13:13.495+0000] {dag.py:3954} INFO - Setting next_dagrun for etl_pipeline to 2025-06-23 00:00:00+00:00, run_after=2025-06-24 00:00:00+00:00
[2025-06-23T00:13:13.569+0000] {processor.py:183} INFO - Processing /opt/airflow/dags/etl_dag.py took 1.254 seconds
[2025-06-23T00:13:44.252+0000] {processor.py:161} INFO - Started process (PID=527) to work on /opt/airflow/dags/etl_dag.py
[2025-06-23T00:13:44.256+0000] {processor.py:830} INFO - Processing file /opt/airflow/dags/etl_dag.py for tasks to queue
[2025-06-23T00:13:44.259+0000] {logging_mixin.py:188} INFO - [2025-06-23T00:13:44.258+0000] {dagbag.py:545} INFO - Filling up the DagBag from /opt/airflow/dags/etl_dag.py
[2025-06-23T00:13:45.061+0000] {processor.py:840} INFO - DAG(s) 'etl_pipeline' retrieved from /opt/airflow/dags/etl_dag.py
[2025-06-23T00:13:45.091+0000] {logging_mixin.py:188} INFO - [2025-06-23T00:13:45.090+0000] {dag.py:3096} INFO - Sync 1 DAGs
[2025-06-23T00:13:45.114+0000] {logging_mixin.py:188} INFO - [2025-06-23T00:13:45.114+0000] {dag.py:3954} INFO - Setting next_dagrun for etl_pipeline to 2025-06-23 00:00:00+00:00, run_after=2025-06-24 00:00:00+00:00
[2025-06-23T00:13:45.176+0000] {processor.py:183} INFO - Processing /opt/airflow/dags/etl_dag.py took 0.931 seconds
[2025-06-23T00:14:16.222+0000] {processor.py:161} INFO - Started process (PID=534) to work on /opt/airflow/dags/etl_dag.py
[2025-06-23T00:14:16.224+0000] {processor.py:830} INFO - Processing file /opt/airflow/dags/etl_dag.py for tasks to queue
[2025-06-23T00:14:16.226+0000] {logging_mixin.py:188} INFO - [2025-06-23T00:14:16.225+0000] {dagbag.py:545} INFO - Filling up the DagBag from /opt/airflow/dags/etl_dag.py
[2025-06-23T00:14:16.811+0000] {processor.py:840} INFO - DAG(s) 'etl_pipeline' retrieved from /opt/airflow/dags/etl_dag.py
[2025-06-23T00:14:16.840+0000] {logging_mixin.py:188} INFO - [2025-06-23T00:14:16.839+0000] {dag.py:3096} INFO - Sync 1 DAGs
[2025-06-23T00:14:16.866+0000] {logging_mixin.py:188} INFO - [2025-06-23T00:14:16.866+0000] {dag.py:3954} INFO - Setting next_dagrun for etl_pipeline to 2025-06-23 00:00:00+00:00, run_after=2025-06-24 00:00:00+00:00
[2025-06-23T00:14:16.933+0000] {processor.py:183} INFO - Processing /opt/airflow/dags/etl_dag.py took 0.717 seconds
[2025-06-23T00:15:02.617+0000] {processor.py:161} INFO - Started process (PID=992) to work on /opt/airflow/dags/etl_dag.py
[2025-06-23T00:15:02.620+0000] {processor.py:830} INFO - Processing file /opt/airflow/dags/etl_dag.py for tasks to queue
[2025-06-23T00:15:02.626+0000] {logging_mixin.py:188} INFO - [2025-06-23T00:15:02.625+0000] {dagbag.py:545} INFO - Filling up the DagBag from /opt/airflow/dags/etl_dag.py
[2025-06-23T00:15:03.847+0000] {processor.py:840} INFO - DAG(s) 'etl_pipeline' retrieved from /opt/airflow/dags/etl_dag.py
[2025-06-23T00:15:03.903+0000] {logging_mixin.py:188} INFO - [2025-06-23T00:15:03.902+0000] {dag.py:3096} INFO - Sync 1 DAGs
[2025-06-23T00:15:03.949+0000] {logging_mixin.py:188} INFO - [2025-06-23T00:15:03.948+0000] {dag.py:3954} INFO - Setting next_dagrun for etl_pipeline to 2025-06-23 00:00:00+00:00, run_after=2025-06-24 00:00:00+00:00
[2025-06-23T00:15:04.046+0000] {processor.py:183} INFO - Processing /opt/airflow/dags/etl_dag.py took 1.439 seconds
[2025-06-23T00:15:34.848+0000] {processor.py:161} INFO - Started process (PID=1019) to work on /opt/airflow/dags/etl_dag.py
[2025-06-23T00:15:34.849+0000] {processor.py:830} INFO - Processing file /opt/airflow/dags/etl_dag.py for tasks to queue
[2025-06-23T00:15:34.852+0000] {logging_mixin.py:188} INFO - [2025-06-23T00:15:34.851+0000] {dagbag.py:545} INFO - Filling up the DagBag from /opt/airflow/dags/etl_dag.py
[2025-06-23T00:15:35.419+0000] {processor.py:840} INFO - DAG(s) 'etl_pipeline' retrieved from /opt/airflow/dags/etl_dag.py
[2025-06-23T00:15:35.451+0000] {logging_mixin.py:188} INFO - [2025-06-23T00:15:35.450+0000] {dag.py:3096} INFO - Sync 1 DAGs
[2025-06-23T00:15:35.474+0000] {logging_mixin.py:188} INFO - [2025-06-23T00:15:35.474+0000] {dag.py:3954} INFO - Setting next_dagrun for etl_pipeline to 2025-06-23 00:00:00+00:00, run_after=2025-06-24 00:00:00+00:00
[2025-06-23T00:15:35.531+0000] {processor.py:183} INFO - Processing /opt/airflow/dags/etl_dag.py took 0.689 seconds
[2025-06-23T00:16:06.109+0000] {processor.py:161} INFO - Started process (PID=1026) to work on /opt/airflow/dags/etl_dag.py
[2025-06-23T00:16:06.110+0000] {processor.py:830} INFO - Processing file /opt/airflow/dags/etl_dag.py for tasks to queue
[2025-06-23T00:16:06.111+0000] {logging_mixin.py:188} INFO - [2025-06-23T00:16:06.111+0000] {dagbag.py:545} INFO - Filling up the DagBag from /opt/airflow/dags/etl_dag.py
[2025-06-23T00:16:06.715+0000] {processor.py:840} INFO - DAG(s) 'etl_pipeline' retrieved from /opt/airflow/dags/etl_dag.py
[2025-06-23T00:16:06.756+0000] {logging_mixin.py:188} INFO - [2025-06-23T00:16:06.756+0000] {dag.py:3096} INFO - Sync 1 DAGs
[2025-06-23T00:16:06.788+0000] {logging_mixin.py:188} INFO - [2025-06-23T00:16:06.788+0000] {dag.py:3954} INFO - Setting next_dagrun for etl_pipeline to 2025-06-23 00:00:00+00:00, run_after=2025-06-24 00:00:00+00:00
[2025-06-23T00:16:06.853+0000] {processor.py:183} INFO - Processing /opt/airflow/dags/etl_dag.py took 0.749 seconds
[2025-06-23T00:16:37.068+0000] {processor.py:161} INFO - Started process (PID=1033) to work on /opt/airflow/dags/etl_dag.py
[2025-06-23T00:16:37.069+0000] {processor.py:830} INFO - Processing file /opt/airflow/dags/etl_dag.py for tasks to queue
[2025-06-23T00:16:37.072+0000] {logging_mixin.py:188} INFO - [2025-06-23T00:16:37.071+0000] {dagbag.py:545} INFO - Filling up the DagBag from /opt/airflow/dags/etl_dag.py
[2025-06-23T00:16:37.579+0000] {processor.py:840} INFO - DAG(s) 'etl_pipeline' retrieved from /opt/airflow/dags/etl_dag.py
[2025-06-23T00:16:37.608+0000] {logging_mixin.py:188} INFO - [2025-06-23T00:16:37.608+0000] {dag.py:3096} INFO - Sync 1 DAGs
[2025-06-23T00:16:37.636+0000] {logging_mixin.py:188} INFO - [2025-06-23T00:16:37.636+0000] {dag.py:3954} INFO - Setting next_dagrun for etl_pipeline to 2025-06-23 00:00:00+00:00, run_after=2025-06-24 00:00:00+00:00
[2025-06-23T00:16:37.694+0000] {processor.py:183} INFO - Processing /opt/airflow/dags/etl_dag.py took 0.631 seconds
[2025-06-23T00:17:07.970+0000] {processor.py:161} INFO - Started process (PID=1040) to work on /opt/airflow/dags/etl_dag.py
[2025-06-23T00:17:07.971+0000] {processor.py:830} INFO - Processing file /opt/airflow/dags/etl_dag.py for tasks to queue
[2025-06-23T00:17:07.973+0000] {logging_mixin.py:188} INFO - [2025-06-23T00:17:07.973+0000] {dagbag.py:545} INFO - Filling up the DagBag from /opt/airflow/dags/etl_dag.py
[2025-06-23T00:17:08.541+0000] {processor.py:840} INFO - DAG(s) 'etl_pipeline' retrieved from /opt/airflow/dags/etl_dag.py
[2025-06-23T00:17:08.566+0000] {logging_mixin.py:188} INFO - [2025-06-23T00:17:08.565+0000] {dag.py:3096} INFO - Sync 1 DAGs
[2025-06-23T00:17:08.592+0000] {logging_mixin.py:188} INFO - [2025-06-23T00:17:08.592+0000] {dag.py:3954} INFO - Setting next_dagrun for etl_pipeline to 2025-06-23 00:00:00+00:00, run_after=2025-06-24 00:00:00+00:00
[2025-06-23T00:17:08.649+0000] {processor.py:183} INFO - Processing /opt/airflow/dags/etl_dag.py took 0.685 seconds
[2025-06-23T00:18:48.048+0000] {processor.py:161} INFO - Started process (PID=25) to work on /opt/airflow/dags/etl_dag.py
[2025-06-23T00:18:48.051+0000] {processor.py:830} INFO - Processing file /opt/airflow/dags/etl_dag.py for tasks to queue
[2025-06-23T00:18:48.056+0000] {logging_mixin.py:188} INFO - [2025-06-23T00:18:48.053+0000] {dagbag.py:545} INFO - Filling up the DagBag from /opt/airflow/dags/etl_dag.py
[2025-06-23T00:18:49.947+0000] {processor.py:840} INFO - DAG(s) 'etl_pipeline' retrieved from /opt/airflow/dags/etl_dag.py
[2025-06-23T00:18:49.961+0000] {logging_mixin.py:188} INFO - [2025-06-23T00:18:49.960+0000] {dag.py:3096} INFO - Sync 1 DAGs
[2025-06-23T00:18:49.988+0000] {logging_mixin.py:188} INFO - [2025-06-23T00:18:49.988+0000] {dag.py:3954} INFO - Setting next_dagrun for etl_pipeline to 2025-06-23 00:00:00+00:00, run_after=2025-06-24 00:00:00+00:00
[2025-06-23T00:18:50.052+0000] {processor.py:183} INFO - Processing /opt/airflow/dags/etl_dag.py took 2.012 seconds
[2025-06-23T00:19:21.005+0000] {processor.py:161} INFO - Started process (PID=32) to work on /opt/airflow/dags/etl_dag.py
[2025-06-23T00:19:21.007+0000] {processor.py:830} INFO - Processing file /opt/airflow/dags/etl_dag.py for tasks to queue
[2025-06-23T00:19:21.011+0000] {logging_mixin.py:188} INFO - [2025-06-23T00:19:21.010+0000] {dagbag.py:545} INFO - Filling up the DagBag from /opt/airflow/dags/etl_dag.py
[2025-06-23T00:19:21.745+0000] {processor.py:840} INFO - DAG(s) 'etl_pipeline' retrieved from /opt/airflow/dags/etl_dag.py
[2025-06-23T00:19:21.940+0000] {logging_mixin.py:188} INFO - [2025-06-23T00:19:21.940+0000] {dag.py:3096} INFO - Sync 1 DAGs
[2025-06-23T00:19:21.957+0000] {logging_mixin.py:188} INFO - [2025-06-23T00:19:21.957+0000] {dag.py:3954} INFO - Setting next_dagrun for etl_pipeline to 2025-06-23 00:00:00+00:00, run_after=2025-06-24 00:00:00+00:00
[2025-06-23T00:19:22.023+0000] {processor.py:183} INFO - Processing /opt/airflow/dags/etl_dag.py took 1.027 seconds
[2025-06-23T00:19:52.225+0000] {processor.py:161} INFO - Started process (PID=39) to work on /opt/airflow/dags/etl_dag.py
[2025-06-23T00:19:52.229+0000] {processor.py:830} INFO - Processing file /opt/airflow/dags/etl_dag.py for tasks to queue
[2025-06-23T00:19:52.233+0000] {logging_mixin.py:188} INFO - [2025-06-23T00:19:52.232+0000] {dagbag.py:545} INFO - Filling up the DagBag from /opt/airflow/dags/etl_dag.py
[2025-06-23T00:19:53.074+0000] {processor.py:840} INFO - DAG(s) 'etl_pipeline' retrieved from /opt/airflow/dags/etl_dag.py
[2025-06-23T00:19:53.104+0000] {logging_mixin.py:188} INFO - [2025-06-23T00:19:53.104+0000] {dag.py:3096} INFO - Sync 1 DAGs
[2025-06-23T00:19:53.130+0000] {logging_mixin.py:188} INFO - [2025-06-23T00:19:53.130+0000] {dag.py:3954} INFO - Setting next_dagrun for etl_pipeline to 2025-06-23 00:00:00+00:00, run_after=2025-06-24 00:00:00+00:00
[2025-06-23T00:19:53.196+0000] {processor.py:183} INFO - Processing /opt/airflow/dags/etl_dag.py took 0.978 seconds
[2025-06-23T00:20:31.540+0000] {processor.py:161} INFO - Started process (PID=501) to work on /opt/airflow/dags/etl_dag.py
[2025-06-23T00:20:31.541+0000] {processor.py:830} INFO - Processing file /opt/airflow/dags/etl_dag.py for tasks to queue
[2025-06-23T00:20:31.544+0000] {logging_mixin.py:188} INFO - [2025-06-23T00:20:31.543+0000] {dagbag.py:545} INFO - Filling up the DagBag from /opt/airflow/dags/etl_dag.py
[2025-06-23T00:20:32.204+0000] {processor.py:840} INFO - DAG(s) 'etl_pipeline' retrieved from /opt/airflow/dags/etl_dag.py
[2025-06-23T00:20:32.232+0000] {logging_mixin.py:188} INFO - [2025-06-23T00:20:32.231+0000] {dag.py:3096} INFO - Sync 1 DAGs
[2025-06-23T00:20:32.251+0000] {logging_mixin.py:188} INFO - [2025-06-23T00:20:32.251+0000] {dag.py:3954} INFO - Setting next_dagrun for etl_pipeline to 2025-06-23 00:00:00+00:00, run_after=2025-06-24 00:00:00+00:00
[2025-06-23T00:20:32.308+0000] {processor.py:183} INFO - Processing /opt/airflow/dags/etl_dag.py took 0.775 seconds
[2025-06-23T00:21:02.494+0000] {processor.py:161} INFO - Started process (PID=528) to work on /opt/airflow/dags/etl_dag.py
[2025-06-23T00:21:02.496+0000] {processor.py:830} INFO - Processing file /opt/airflow/dags/etl_dag.py for tasks to queue
[2025-06-23T00:21:02.498+0000] {logging_mixin.py:188} INFO - [2025-06-23T00:21:02.497+0000] {dagbag.py:545} INFO - Filling up the DagBag from /opt/airflow/dags/etl_dag.py
[2025-06-23T00:21:03.010+0000] {processor.py:840} INFO - DAG(s) 'etl_pipeline' retrieved from /opt/airflow/dags/etl_dag.py
[2025-06-23T00:21:03.040+0000] {logging_mixin.py:188} INFO - [2025-06-23T00:21:03.040+0000] {dag.py:3096} INFO - Sync 1 DAGs
[2025-06-23T00:21:03.066+0000] {logging_mixin.py:188} INFO - [2025-06-23T00:21:03.066+0000] {dag.py:3954} INFO - Setting next_dagrun for etl_pipeline to 2025-06-23 00:00:00+00:00, run_after=2025-06-24 00:00:00+00:00
[2025-06-23T00:21:03.154+0000] {processor.py:183} INFO - Processing /opt/airflow/dags/etl_dag.py took 0.665 seconds
[2025-06-23T00:21:34.069+0000] {processor.py:161} INFO - Started process (PID=535) to work on /opt/airflow/dags/etl_dag.py
[2025-06-23T00:21:34.070+0000] {processor.py:830} INFO - Processing file /opt/airflow/dags/etl_dag.py for tasks to queue
[2025-06-23T00:21:34.073+0000] {logging_mixin.py:188} INFO - [2025-06-23T00:21:34.072+0000] {dagbag.py:545} INFO - Filling up the DagBag from /opt/airflow/dags/etl_dag.py
[2025-06-23T00:21:34.575+0000] {processor.py:840} INFO - DAG(s) 'etl_pipeline' retrieved from /opt/airflow/dags/etl_dag.py
[2025-06-23T00:21:34.608+0000] {logging_mixin.py:188} INFO - [2025-06-23T00:21:34.607+0000] {dag.py:3096} INFO - Sync 1 DAGs
[2025-06-23T00:21:34.639+0000] {logging_mixin.py:188} INFO - [2025-06-23T00:21:34.639+0000] {dag.py:3954} INFO - Setting next_dagrun for etl_pipeline to 2025-06-23 00:00:00+00:00, run_after=2025-06-24 00:00:00+00:00
[2025-06-23T00:21:34.730+0000] {processor.py:183} INFO - Processing /opt/airflow/dags/etl_dag.py took 0.667 seconds
[2025-06-23T00:22:04.903+0000] {processor.py:161} INFO - Started process (PID=542) to work on /opt/airflow/dags/etl_dag.py
[2025-06-23T00:22:04.904+0000] {processor.py:830} INFO - Processing file /opt/airflow/dags/etl_dag.py for tasks to queue
[2025-06-23T00:22:04.906+0000] {logging_mixin.py:188} INFO - [2025-06-23T00:22:04.906+0000] {dagbag.py:545} INFO - Filling up the DagBag from /opt/airflow/dags/etl_dag.py
[2025-06-23T00:22:05.581+0000] {processor.py:840} INFO - DAG(s) 'etl_pipeline' retrieved from /opt/airflow/dags/etl_dag.py
[2025-06-23T00:22:05.605+0000] {logging_mixin.py:188} INFO - [2025-06-23T00:22:05.604+0000] {dag.py:3096} INFO - Sync 1 DAGs
[2025-06-23T00:22:05.628+0000] {logging_mixin.py:188} INFO - [2025-06-23T00:22:05.628+0000] {dag.py:3954} INFO - Setting next_dagrun for etl_pipeline to 2025-06-23 00:00:00+00:00, run_after=2025-06-24 00:00:00+00:00
[2025-06-23T00:22:05.700+0000] {processor.py:183} INFO - Processing /opt/airflow/dags/etl_dag.py took 0.803 seconds
[2025-06-23T00:22:35.822+0000] {processor.py:161} INFO - Started process (PID=549) to work on /opt/airflow/dags/etl_dag.py
[2025-06-23T00:22:35.823+0000] {processor.py:830} INFO - Processing file /opt/airflow/dags/etl_dag.py for tasks to queue
[2025-06-23T00:22:35.825+0000] {logging_mixin.py:188} INFO - [2025-06-23T00:22:35.825+0000] {dagbag.py:545} INFO - Filling up the DagBag from /opt/airflow/dags/etl_dag.py
[2025-06-23T00:22:36.431+0000] {processor.py:840} INFO - DAG(s) 'etl_pipeline' retrieved from /opt/airflow/dags/etl_dag.py
[2025-06-23T00:22:36.490+0000] {logging_mixin.py:188} INFO - [2025-06-23T00:22:36.489+0000] {dag.py:3096} INFO - Sync 1 DAGs
[2025-06-23T00:22:36.550+0000] {logging_mixin.py:188} INFO - [2025-06-23T00:22:36.550+0000] {dag.py:3954} INFO - Setting next_dagrun for etl_pipeline to 2025-06-23 00:00:00+00:00, run_after=2025-06-24 00:00:00+00:00
[2025-06-23T00:22:36.628+0000] {processor.py:183} INFO - Processing /opt/airflow/dags/etl_dag.py took 0.811 seconds
[2025-06-23T00:23:07.134+0000] {processor.py:161} INFO - Started process (PID=556) to work on /opt/airflow/dags/etl_dag.py
[2025-06-23T00:23:07.135+0000] {processor.py:830} INFO - Processing file /opt/airflow/dags/etl_dag.py for tasks to queue
[2025-06-23T00:23:07.137+0000] {logging_mixin.py:188} INFO - [2025-06-23T00:23:07.137+0000] {dagbag.py:545} INFO - Filling up the DagBag from /opt/airflow/dags/etl_dag.py
[2025-06-23T00:23:08.039+0000] {processor.py:840} INFO - DAG(s) 'etl_pipeline' retrieved from /opt/airflow/dags/etl_dag.py
[2025-06-23T00:23:08.079+0000] {logging_mixin.py:188} INFO - [2025-06-23T00:23:08.078+0000] {dag.py:3096} INFO - Sync 1 DAGs
[2025-06-23T00:23:08.116+0000] {logging_mixin.py:188} INFO - [2025-06-23T00:23:08.115+0000] {dag.py:3954} INFO - Setting next_dagrun for etl_pipeline to 2025-06-23 00:00:00+00:00, run_after=2025-06-24 00:00:00+00:00
[2025-06-23T00:23:08.188+0000] {processor.py:183} INFO - Processing /opt/airflow/dags/etl_dag.py took 1.061 seconds
[2025-06-23T00:23:38.425+0000] {processor.py:161} INFO - Started process (PID=563) to work on /opt/airflow/dags/etl_dag.py
[2025-06-23T00:23:38.427+0000] {processor.py:830} INFO - Processing file /opt/airflow/dags/etl_dag.py for tasks to queue
[2025-06-23T00:23:38.429+0000] {logging_mixin.py:188} INFO - [2025-06-23T00:23:38.428+0000] {dagbag.py:545} INFO - Filling up the DagBag from /opt/airflow/dags/etl_dag.py
[2025-06-23T00:23:39.166+0000] {processor.py:840} INFO - DAG(s) 'etl_pipeline' retrieved from /opt/airflow/dags/etl_dag.py
[2025-06-23T00:23:39.196+0000] {logging_mixin.py:188} INFO - [2025-06-23T00:23:39.196+0000] {dag.py:3096} INFO - Sync 1 DAGs
[2025-06-23T00:23:39.221+0000] {logging_mixin.py:188} INFO - [2025-06-23T00:23:39.221+0000] {dag.py:3954} INFO - Setting next_dagrun for etl_pipeline to 2025-06-23 00:00:00+00:00, run_after=2025-06-24 00:00:00+00:00
[2025-06-23T00:23:39.277+0000] {processor.py:183} INFO - Processing /opt/airflow/dags/etl_dag.py took 0.858 seconds
[2025-06-23T00:24:09.534+0000] {processor.py:161} INFO - Started process (PID=570) to work on /opt/airflow/dags/etl_dag.py
[2025-06-23T00:24:09.535+0000] {processor.py:830} INFO - Processing file /opt/airflow/dags/etl_dag.py for tasks to queue
[2025-06-23T00:24:09.537+0000] {logging_mixin.py:188} INFO - [2025-06-23T00:24:09.537+0000] {dagbag.py:545} INFO - Filling up the DagBag from /opt/airflow/dags/etl_dag.py
[2025-06-23T00:24:10.262+0000] {processor.py:840} INFO - DAG(s) 'etl_pipeline' retrieved from /opt/airflow/dags/etl_dag.py
[2025-06-23T00:24:10.286+0000] {logging_mixin.py:188} INFO - [2025-06-23T00:24:10.286+0000] {dag.py:3096} INFO - Sync 1 DAGs
[2025-06-23T00:24:10.307+0000] {logging_mixin.py:188} INFO - [2025-06-23T00:24:10.307+0000] {dag.py:3954} INFO - Setting next_dagrun for etl_pipeline to 2025-06-23 00:00:00+00:00, run_after=2025-06-24 00:00:00+00:00
[2025-06-23T00:24:10.367+0000] {processor.py:183} INFO - Processing /opt/airflow/dags/etl_dag.py took 0.837 seconds
[2025-06-23T00:25:36.541+0000] {processor.py:161} INFO - Started process (PID=25) to work on /opt/airflow/dags/etl_dag.py
[2025-06-23T00:25:36.542+0000] {processor.py:830} INFO - Processing file /opt/airflow/dags/etl_dag.py for tasks to queue
[2025-06-23T00:25:36.545+0000] {logging_mixin.py:188} INFO - [2025-06-23T00:25:36.544+0000] {dagbag.py:545} INFO - Filling up the DagBag from /opt/airflow/dags/etl_dag.py
[2025-06-23T00:25:39.375+0000] {processor.py:840} INFO - DAG(s) 'etl_pipeline' retrieved from /opt/airflow/dags/etl_dag.py
[2025-06-23T00:25:39.387+0000] {logging_mixin.py:188} INFO - [2025-06-23T00:25:39.386+0000] {dag.py:3096} INFO - Sync 1 DAGs
[2025-06-23T00:25:39.414+0000] {logging_mixin.py:188} INFO - [2025-06-23T00:25:39.414+0000] {dag.py:3954} INFO - Setting next_dagrun for etl_pipeline to 2025-06-23 00:00:00+00:00, run_after=2025-06-24 00:00:00+00:00
[2025-06-23T00:25:39.557+0000] {processor.py:183} INFO - Processing /opt/airflow/dags/etl_dag.py took 3.025 seconds
[2025-06-23T00:26:10.340+0000] {processor.py:161} INFO - Started process (PID=32) to work on /opt/airflow/dags/etl_dag.py
[2025-06-23T00:26:10.342+0000] {processor.py:830} INFO - Processing file /opt/airflow/dags/etl_dag.py for tasks to queue
[2025-06-23T00:26:10.345+0000] {logging_mixin.py:188} INFO - [2025-06-23T00:26:10.344+0000] {dagbag.py:545} INFO - Filling up the DagBag from /opt/airflow/dags/etl_dag.py
[2025-06-23T00:26:11.118+0000] {processor.py:840} INFO - DAG(s) 'etl_pipeline' retrieved from /opt/airflow/dags/etl_dag.py
[2025-06-23T00:26:11.419+0000] {logging_mixin.py:188} INFO - [2025-06-23T00:26:11.418+0000] {dag.py:3096} INFO - Sync 1 DAGs
[2025-06-23T00:26:11.447+0000] {logging_mixin.py:188} INFO - [2025-06-23T00:26:11.446+0000] {dag.py:3954} INFO - Setting next_dagrun for etl_pipeline to 2025-06-23 00:00:00+00:00, run_after=2025-06-24 00:00:00+00:00
[2025-06-23T00:26:11.530+0000] {processor.py:183} INFO - Processing /opt/airflow/dags/etl_dag.py took 1.202 seconds
[2025-06-23T00:26:41.742+0000] {processor.py:161} INFO - Started process (PID=39) to work on /opt/airflow/dags/etl_dag.py
[2025-06-23T00:26:41.749+0000] {processor.py:830} INFO - Processing file /opt/airflow/dags/etl_dag.py for tasks to queue
[2025-06-23T00:26:41.756+0000] {logging_mixin.py:188} INFO - [2025-06-23T00:26:41.755+0000] {dagbag.py:545} INFO - Filling up the DagBag from /opt/airflow/dags/etl_dag.py
[2025-06-23T00:26:42.887+0000] {processor.py:840} INFO - DAG(s) 'etl_pipeline' retrieved from /opt/airflow/dags/etl_dag.py
[2025-06-23T00:26:42.924+0000] {logging_mixin.py:188} INFO - [2025-06-23T00:26:42.923+0000] {dag.py:3096} INFO - Sync 1 DAGs
[2025-06-23T00:26:42.959+0000] {logging_mixin.py:188} INFO - [2025-06-23T00:26:42.958+0000] {dag.py:3954} INFO - Setting next_dagrun for etl_pipeline to 2025-06-23 00:00:00+00:00, run_after=2025-06-24 00:00:00+00:00
[2025-06-23T00:26:43.033+0000] {processor.py:183} INFO - Processing /opt/airflow/dags/etl_dag.py took 1.302 seconds
[2025-06-23T00:27:17.016+0000] {processor.py:161} INFO - Started process (PID=496) to work on /opt/airflow/dags/etl_dag.py
[2025-06-23T00:27:17.017+0000] {processor.py:830} INFO - Processing file /opt/airflow/dags/etl_dag.py for tasks to queue
[2025-06-23T00:27:17.019+0000] {logging_mixin.py:188} INFO - [2025-06-23T00:27:17.018+0000] {dagbag.py:545} INFO - Filling up the DagBag from /opt/airflow/dags/etl_dag.py
[2025-06-23T00:27:17.612+0000] {processor.py:840} INFO - DAG(s) 'etl_pipeline' retrieved from /opt/airflow/dags/etl_dag.py
[2025-06-23T00:27:17.635+0000] {logging_mixin.py:188} INFO - [2025-06-23T00:27:17.634+0000] {dag.py:3096} INFO - Sync 1 DAGs
[2025-06-23T00:27:17.680+0000] {logging_mixin.py:188} INFO - [2025-06-23T00:27:17.679+0000] {dag.py:3954} INFO - Setting next_dagrun for etl_pipeline to 2025-06-23 00:00:00+00:00, run_after=2025-06-24 00:00:00+00:00
[2025-06-23T00:27:17.745+0000] {processor.py:183} INFO - Processing /opt/airflow/dags/etl_dag.py took 0.735 seconds
[2025-06-23T00:27:48.686+0000] {processor.py:161} INFO - Started process (PID=523) to work on /opt/airflow/dags/etl_dag.py
[2025-06-23T00:27:48.687+0000] {processor.py:830} INFO - Processing file /opt/airflow/dags/etl_dag.py for tasks to queue
[2025-06-23T00:27:48.690+0000] {logging_mixin.py:188} INFO - [2025-06-23T00:27:48.689+0000] {dagbag.py:545} INFO - Filling up the DagBag from /opt/airflow/dags/etl_dag.py
[2025-06-23T00:27:49.256+0000] {processor.py:840} INFO - DAG(s) 'etl_pipeline' retrieved from /opt/airflow/dags/etl_dag.py
[2025-06-23T00:27:49.282+0000] {logging_mixin.py:188} INFO - [2025-06-23T00:27:49.281+0000] {dag.py:3096} INFO - Sync 1 DAGs
[2025-06-23T00:27:49.307+0000] {logging_mixin.py:188} INFO - [2025-06-23T00:27:49.307+0000] {dag.py:3954} INFO - Setting next_dagrun for etl_pipeline to 2025-06-23 00:00:00+00:00, run_after=2025-06-24 00:00:00+00:00
[2025-06-23T00:27:49.366+0000] {processor.py:183} INFO - Processing /opt/airflow/dags/etl_dag.py took 0.688 seconds
[2025-06-23T00:28:20.069+0000] {processor.py:161} INFO - Started process (PID=530) to work on /opt/airflow/dags/etl_dag.py
[2025-06-23T00:28:20.071+0000] {processor.py:830} INFO - Processing file /opt/airflow/dags/etl_dag.py for tasks to queue
[2025-06-23T00:28:20.073+0000] {logging_mixin.py:188} INFO - [2025-06-23T00:28:20.072+0000] {dagbag.py:545} INFO - Filling up the DagBag from /opt/airflow/dags/etl_dag.py
[2025-06-23T00:28:20.683+0000] {processor.py:840} INFO - DAG(s) 'etl_pipeline' retrieved from /opt/airflow/dags/etl_dag.py
[2025-06-23T00:28:20.711+0000] {logging_mixin.py:188} INFO - [2025-06-23T00:28:20.711+0000] {dag.py:3096} INFO - Sync 1 DAGs
[2025-06-23T00:28:20.737+0000] {logging_mixin.py:188} INFO - [2025-06-23T00:28:20.737+0000] {dag.py:3954} INFO - Setting next_dagrun for etl_pipeline to 2025-06-23 00:00:00+00:00, run_after=2025-06-24 00:00:00+00:00
[2025-06-23T00:28:20.824+0000] {processor.py:183} INFO - Processing /opt/airflow/dags/etl_dag.py took 0.764 seconds
[2025-06-23T00:28:51.751+0000] {processor.py:161} INFO - Started process (PID=537) to work on /opt/airflow/dags/etl_dag.py
[2025-06-23T00:28:51.753+0000] {processor.py:830} INFO - Processing file /opt/airflow/dags/etl_dag.py for tasks to queue
[2025-06-23T00:28:51.755+0000] {logging_mixin.py:188} INFO - [2025-06-23T00:28:51.755+0000] {dagbag.py:545} INFO - Filling up the DagBag from /opt/airflow/dags/etl_dag.py
[2025-06-23T00:28:52.371+0000] {processor.py:840} INFO - DAG(s) 'etl_pipeline' retrieved from /opt/airflow/dags/etl_dag.py
[2025-06-23T00:28:52.404+0000] {logging_mixin.py:188} INFO - [2025-06-23T00:28:52.404+0000] {dag.py:3096} INFO - Sync 1 DAGs
[2025-06-23T00:28:52.432+0000] {logging_mixin.py:188} INFO - [2025-06-23T00:28:52.431+0000] {dag.py:3954} INFO - Setting next_dagrun for etl_pipeline to 2025-06-23 00:00:00+00:00, run_after=2025-06-24 00:00:00+00:00
[2025-06-23T00:28:52.532+0000] {processor.py:183} INFO - Processing /opt/airflow/dags/etl_dag.py took 0.788 seconds
[2025-06-23T00:29:22.895+0000] {processor.py:161} INFO - Started process (PID=544) to work on /opt/airflow/dags/etl_dag.py
[2025-06-23T00:29:22.896+0000] {processor.py:830} INFO - Processing file /opt/airflow/dags/etl_dag.py for tasks to queue
[2025-06-23T00:29:22.899+0000] {logging_mixin.py:188} INFO - [2025-06-23T00:29:22.898+0000] {dagbag.py:545} INFO - Filling up the DagBag from /opt/airflow/dags/etl_dag.py
[2025-06-23T00:29:23.612+0000] {processor.py:840} INFO - DAG(s) 'etl_pipeline' retrieved from /opt/airflow/dags/etl_dag.py
[2025-06-23T00:29:23.634+0000] {logging_mixin.py:188} INFO - [2025-06-23T00:29:23.633+0000] {dag.py:3096} INFO - Sync 1 DAGs
[2025-06-23T00:29:23.656+0000] {logging_mixin.py:188} INFO - [2025-06-23T00:29:23.655+0000] {dag.py:3954} INFO - Setting next_dagrun for etl_pipeline to 2025-06-23 00:00:00+00:00, run_after=2025-06-24 00:00:00+00:00
[2025-06-23T00:29:23.707+0000] {processor.py:183} INFO - Processing /opt/airflow/dags/etl_dag.py took 0.818 seconds
[2025-06-23T00:29:53.910+0000] {processor.py:161} INFO - Started process (PID=551) to work on /opt/airflow/dags/etl_dag.py
[2025-06-23T00:29:53.911+0000] {processor.py:830} INFO - Processing file /opt/airflow/dags/etl_dag.py for tasks to queue
[2025-06-23T00:29:53.913+0000] {logging_mixin.py:188} INFO - [2025-06-23T00:29:53.912+0000] {dagbag.py:545} INFO - Filling up the DagBag from /opt/airflow/dags/etl_dag.py
[2025-06-23T00:29:54.497+0000] {processor.py:840} INFO - DAG(s) 'etl_pipeline' retrieved from /opt/airflow/dags/etl_dag.py
[2025-06-23T00:29:54.528+0000] {logging_mixin.py:188} INFO - [2025-06-23T00:29:54.527+0000] {dag.py:3096} INFO - Sync 1 DAGs
[2025-06-23T00:29:54.551+0000] {logging_mixin.py:188} INFO - [2025-06-23T00:29:54.550+0000] {dag.py:3954} INFO - Setting next_dagrun for etl_pipeline to 2025-06-23 00:00:00+00:00, run_after=2025-06-24 00:00:00+00:00
[2025-06-23T00:29:54.611+0000] {processor.py:183} INFO - Processing /opt/airflow/dags/etl_dag.py took 0.706 seconds
[2025-06-23T00:32:13.913+0000] {processor.py:161} INFO - Started process (PID=25) to work on /opt/airflow/dags/etl_dag.py
[2025-06-23T00:32:13.914+0000] {processor.py:830} INFO - Processing file /opt/airflow/dags/etl_dag.py for tasks to queue
[2025-06-23T00:32:13.916+0000] {logging_mixin.py:188} INFO - [2025-06-23T00:32:13.916+0000] {dagbag.py:545} INFO - Filling up the DagBag from /opt/airflow/dags/etl_dag.py
[2025-06-23T00:32:15.912+0000] {processor.py:840} INFO - DAG(s) 'etl_pipeline' retrieved from /opt/airflow/dags/etl_dag.py
[2025-06-23T00:32:15.924+0000] {logging_mixin.py:188} INFO - [2025-06-23T00:32:15.923+0000] {dag.py:3096} INFO - Sync 1 DAGs
[2025-06-23T00:32:15.949+0000] {logging_mixin.py:188} INFO - [2025-06-23T00:32:15.948+0000] {dag.py:3954} INFO - Setting next_dagrun for etl_pipeline to 2025-06-23 00:00:00+00:00, run_after=2025-06-24 00:00:00+00:00
[2025-06-23T00:32:16.022+0000] {processor.py:183} INFO - Processing /opt/airflow/dags/etl_dag.py took 2.123 seconds
[2025-06-23T00:32:46.356+0000] {processor.py:161} INFO - Started process (PID=32) to work on /opt/airflow/dags/etl_dag.py
[2025-06-23T00:32:46.357+0000] {processor.py:830} INFO - Processing file /opt/airflow/dags/etl_dag.py for tasks to queue
[2025-06-23T00:32:46.360+0000] {logging_mixin.py:188} INFO - [2025-06-23T00:32:46.359+0000] {dagbag.py:545} INFO - Filling up the DagBag from /opt/airflow/dags/etl_dag.py
[2025-06-23T00:32:47.209+0000] {processor.py:840} INFO - DAG(s) 'etl_pipeline' retrieved from /opt/airflow/dags/etl_dag.py
[2025-06-23T00:32:47.497+0000] {logging_mixin.py:188} INFO - [2025-06-23T00:32:47.496+0000] {dag.py:3096} INFO - Sync 1 DAGs
[2025-06-23T00:32:47.549+0000] {logging_mixin.py:188} INFO - [2025-06-23T00:32:47.549+0000] {dag.py:3954} INFO - Setting next_dagrun for etl_pipeline to 2025-06-23 00:00:00+00:00, run_after=2025-06-24 00:00:00+00:00
[2025-06-23T00:32:47.640+0000] {processor.py:183} INFO - Processing /opt/airflow/dags/etl_dag.py took 1.292 seconds
[2025-06-23T00:33:18.695+0000] {processor.py:161} INFO - Started process (PID=39) to work on /opt/airflow/dags/etl_dag.py
[2025-06-23T00:33:18.698+0000] {processor.py:830} INFO - Processing file /opt/airflow/dags/etl_dag.py for tasks to queue
[2025-06-23T00:33:18.702+0000] {logging_mixin.py:188} INFO - [2025-06-23T00:33:18.701+0000] {dagbag.py:545} INFO - Filling up the DagBag from /opt/airflow/dags/etl_dag.py
[2025-06-23T00:33:19.297+0000] {processor.py:840} INFO - DAG(s) 'etl_pipeline' retrieved from /opt/airflow/dags/etl_dag.py
[2025-06-23T00:33:19.324+0000] {logging_mixin.py:188} INFO - [2025-06-23T00:33:19.323+0000] {dag.py:3096} INFO - Sync 1 DAGs
[2025-06-23T00:33:19.345+0000] {logging_mixin.py:188} INFO - [2025-06-23T00:33:19.345+0000] {dag.py:3954} INFO - Setting next_dagrun for etl_pipeline to 2025-06-23 00:00:00+00:00, run_after=2025-06-24 00:00:00+00:00
[2025-06-23T00:33:19.390+0000] {processor.py:183} INFO - Processing /opt/airflow/dags/etl_dag.py took 0.704 seconds
[2025-06-23T00:33:58.460+0000] {processor.py:161} INFO - Started process (PID=507) to work on /opt/airflow/dags/etl_dag.py
[2025-06-23T00:33:58.462+0000] {processor.py:830} INFO - Processing file /opt/airflow/dags/etl_dag.py for tasks to queue
[2025-06-23T00:33:58.464+0000] {logging_mixin.py:188} INFO - [2025-06-23T00:33:58.464+0000] {dagbag.py:545} INFO - Filling up the DagBag from /opt/airflow/dags/etl_dag.py
[2025-06-23T00:33:59.245+0000] {processor.py:840} INFO - DAG(s) 'etl_pipeline' retrieved from /opt/airflow/dags/etl_dag.py
[2025-06-23T00:33:59.276+0000] {logging_mixin.py:188} INFO - [2025-06-23T00:33:59.275+0000] {dag.py:3096} INFO - Sync 1 DAGs
[2025-06-23T00:33:59.309+0000] {logging_mixin.py:188} INFO - [2025-06-23T00:33:59.308+0000] {dag.py:3954} INFO - Setting next_dagrun for etl_pipeline to 2025-06-23 00:00:00+00:00, run_after=2025-06-24 00:00:00+00:00
[2025-06-23T00:33:59.377+0000] {processor.py:183} INFO - Processing /opt/airflow/dags/etl_dag.py took 0.923 seconds
[2025-06-23T00:34:30.173+0000] {processor.py:161} INFO - Started process (PID=534) to work on /opt/airflow/dags/etl_dag.py
[2025-06-23T00:34:30.174+0000] {processor.py:830} INFO - Processing file /opt/airflow/dags/etl_dag.py for tasks to queue
[2025-06-23T00:34:30.177+0000] {logging_mixin.py:188} INFO - [2025-06-23T00:34:30.177+0000] {dagbag.py:545} INFO - Filling up the DagBag from /opt/airflow/dags/etl_dag.py
[2025-06-23T00:34:30.846+0000] {processor.py:840} INFO - DAG(s) 'etl_pipeline' retrieved from /opt/airflow/dags/etl_dag.py
[2025-06-23T00:34:30.879+0000] {logging_mixin.py:188} INFO - [2025-06-23T00:34:30.879+0000] {dag.py:3096} INFO - Sync 1 DAGs
[2025-06-23T00:34:30.907+0000] {logging_mixin.py:188} INFO - [2025-06-23T00:34:30.907+0000] {dag.py:3954} INFO - Setting next_dagrun for etl_pipeline to 2025-06-23 00:00:00+00:00, run_after=2025-06-24 00:00:00+00:00
[2025-06-23T00:34:31.022+0000] {processor.py:183} INFO - Processing /opt/airflow/dags/etl_dag.py took 0.856 seconds
[2025-06-23T00:35:01.257+0000] {processor.py:161} INFO - Started process (PID=541) to work on /opt/airflow/dags/etl_dag.py
[2025-06-23T00:35:01.259+0000] {processor.py:830} INFO - Processing file /opt/airflow/dags/etl_dag.py for tasks to queue
[2025-06-23T00:35:01.261+0000] {logging_mixin.py:188} INFO - [2025-06-23T00:35:01.261+0000] {dagbag.py:545} INFO - Filling up the DagBag from /opt/airflow/dags/etl_dag.py
[2025-06-23T00:35:01.982+0000] {processor.py:840} INFO - DAG(s) 'etl_pipeline' retrieved from /opt/airflow/dags/etl_dag.py
[2025-06-23T00:35:02.014+0000] {logging_mixin.py:188} INFO - [2025-06-23T00:35:02.014+0000] {dag.py:3096} INFO - Sync 1 DAGs
[2025-06-23T00:35:02.047+0000] {logging_mixin.py:188} INFO - [2025-06-23T00:35:02.047+0000] {dag.py:3954} INFO - Setting next_dagrun for etl_pipeline to 2025-06-23 00:00:00+00:00, run_after=2025-06-24 00:00:00+00:00
[2025-06-23T00:35:02.126+0000] {processor.py:183} INFO - Processing /opt/airflow/dags/etl_dag.py took 0.878 seconds
[2025-06-23T00:35:32.423+0000] {processor.py:161} INFO - Started process (PID=548) to work on /opt/airflow/dags/etl_dag.py
[2025-06-23T00:35:32.425+0000] {processor.py:830} INFO - Processing file /opt/airflow/dags/etl_dag.py for tasks to queue
[2025-06-23T00:35:32.427+0000] {logging_mixin.py:188} INFO - [2025-06-23T00:35:32.427+0000] {dagbag.py:545} INFO - Filling up the DagBag from /opt/airflow/dags/etl_dag.py
[2025-06-23T00:35:33.270+0000] {processor.py:840} INFO - DAG(s) 'etl_pipeline' retrieved from /opt/airflow/dags/etl_dag.py
[2025-06-23T00:35:33.306+0000] {logging_mixin.py:188} INFO - [2025-06-23T00:35:33.305+0000] {dag.py:3096} INFO - Sync 1 DAGs
[2025-06-23T00:35:33.341+0000] {logging_mixin.py:188} INFO - [2025-06-23T00:35:33.340+0000] {dag.py:3954} INFO - Setting next_dagrun for etl_pipeline to 2025-06-23 00:00:00+00:00, run_after=2025-06-24 00:00:00+00:00
[2025-06-23T00:35:33.440+0000] {processor.py:183} INFO - Processing /opt/airflow/dags/etl_dag.py took 1.024 seconds
[2025-06-23T00:36:03.658+0000] {processor.py:161} INFO - Started process (PID=555) to work on /opt/airflow/dags/etl_dag.py
[2025-06-23T00:36:03.660+0000] {processor.py:830} INFO - Processing file /opt/airflow/dags/etl_dag.py for tasks to queue
[2025-06-23T00:36:03.661+0000] {logging_mixin.py:188} INFO - [2025-06-23T00:36:03.661+0000] {dagbag.py:545} INFO - Filling up the DagBag from /opt/airflow/dags/etl_dag.py
[2025-06-23T00:36:04.268+0000] {processor.py:840} INFO - DAG(s) 'etl_pipeline' retrieved from /opt/airflow/dags/etl_dag.py
[2025-06-23T00:36:04.291+0000] {logging_mixin.py:188} INFO - [2025-06-23T00:36:04.291+0000] {dag.py:3096} INFO - Sync 1 DAGs
[2025-06-23T00:36:04.316+0000] {logging_mixin.py:188} INFO - [2025-06-23T00:36:04.315+0000] {dag.py:3954} INFO - Setting next_dagrun for etl_pipeline to 2025-06-23 00:00:00+00:00, run_after=2025-06-24 00:00:00+00:00
[2025-06-23T00:36:04.370+0000] {processor.py:183} INFO - Processing /opt/airflow/dags/etl_dag.py took 0.718 seconds
[2025-06-23T00:36:34.652+0000] {processor.py:161} INFO - Started process (PID=562) to work on /opt/airflow/dags/etl_dag.py
[2025-06-23T00:36:34.655+0000] {processor.py:830} INFO - Processing file /opt/airflow/dags/etl_dag.py for tasks to queue
[2025-06-23T00:36:34.659+0000] {logging_mixin.py:188} INFO - [2025-06-23T00:36:34.658+0000] {dagbag.py:545} INFO - Filling up the DagBag from /opt/airflow/dags/etl_dag.py
[2025-06-23T00:36:35.274+0000] {processor.py:840} INFO - DAG(s) 'etl_pipeline' retrieved from /opt/airflow/dags/etl_dag.py
[2025-06-23T00:36:35.296+0000] {logging_mixin.py:188} INFO - [2025-06-23T00:36:35.296+0000] {dag.py:3096} INFO - Sync 1 DAGs
[2025-06-23T00:36:35.319+0000] {logging_mixin.py:188} INFO - [2025-06-23T00:36:35.319+0000] {dag.py:3954} INFO - Setting next_dagrun for etl_pipeline to 2025-06-23 00:00:00+00:00, run_after=2025-06-24 00:00:00+00:00
[2025-06-23T00:36:35.369+0000] {processor.py:183} INFO - Processing /opt/airflow/dags/etl_dag.py took 0.726 seconds
[2025-06-23T00:37:05.743+0000] {processor.py:161} INFO - Started process (PID=569) to work on /opt/airflow/dags/etl_dag.py
[2025-06-23T00:37:05.746+0000] {processor.py:830} INFO - Processing file /opt/airflow/dags/etl_dag.py for tasks to queue
[2025-06-23T00:37:05.749+0000] {logging_mixin.py:188} INFO - [2025-06-23T00:37:05.748+0000] {dagbag.py:545} INFO - Filling up the DagBag from /opt/airflow/dags/etl_dag.py
[2025-06-23T00:37:06.293+0000] {processor.py:840} INFO - DAG(s) 'etl_pipeline' retrieved from /opt/airflow/dags/etl_dag.py
[2025-06-23T00:37:06.323+0000] {logging_mixin.py:188} INFO - [2025-06-23T00:37:06.322+0000] {dag.py:3096} INFO - Sync 1 DAGs
[2025-06-23T00:37:06.350+0000] {logging_mixin.py:188} INFO - [2025-06-23T00:37:06.350+0000] {dag.py:3954} INFO - Setting next_dagrun for etl_pipeline to 2025-06-23 00:00:00+00:00, run_after=2025-06-24 00:00:00+00:00
[2025-06-23T00:37:06.475+0000] {processor.py:183} INFO - Processing /opt/airflow/dags/etl_dag.py took 0.739 seconds
[2025-06-23T00:37:36.809+0000] {processor.py:161} INFO - Started process (PID=576) to work on /opt/airflow/dags/etl_dag.py
[2025-06-23T00:37:36.811+0000] {processor.py:830} INFO - Processing file /opt/airflow/dags/etl_dag.py for tasks to queue
[2025-06-23T00:37:36.815+0000] {logging_mixin.py:188} INFO - [2025-06-23T00:37:36.814+0000] {dagbag.py:545} INFO - Filling up the DagBag from /opt/airflow/dags/etl_dag.py
[2025-06-23T00:37:37.386+0000] {processor.py:840} INFO - DAG(s) 'etl_pipeline' retrieved from /opt/airflow/dags/etl_dag.py
[2025-06-23T00:37:37.418+0000] {logging_mixin.py:188} INFO - [2025-06-23T00:37:37.418+0000] {dag.py:3096} INFO - Sync 1 DAGs
[2025-06-23T00:37:37.448+0000] {logging_mixin.py:188} INFO - [2025-06-23T00:37:37.447+0000] {dag.py:3954} INFO - Setting next_dagrun for etl_pipeline to 2025-06-23 00:00:00+00:00, run_after=2025-06-24 00:00:00+00:00
[2025-06-23T00:37:37.526+0000] {processor.py:183} INFO - Processing /opt/airflow/dags/etl_dag.py took 0.724 seconds
[2025-06-23T00:38:07.855+0000] {processor.py:161} INFO - Started process (PID=583) to work on /opt/airflow/dags/etl_dag.py
[2025-06-23T00:38:07.857+0000] {processor.py:830} INFO - Processing file /opt/airflow/dags/etl_dag.py for tasks to queue
[2025-06-23T00:38:07.860+0000] {logging_mixin.py:188} INFO - [2025-06-23T00:38:07.859+0000] {dagbag.py:545} INFO - Filling up the DagBag from /opt/airflow/dags/etl_dag.py
[2025-06-23T00:38:08.386+0000] {processor.py:840} INFO - DAG(s) 'etl_pipeline' retrieved from /opt/airflow/dags/etl_dag.py
[2025-06-23T00:38:08.412+0000] {logging_mixin.py:188} INFO - [2025-06-23T00:38:08.412+0000] {dag.py:3096} INFO - Sync 1 DAGs
[2025-06-23T00:38:08.437+0000] {logging_mixin.py:188} INFO - [2025-06-23T00:38:08.437+0000] {dag.py:3954} INFO - Setting next_dagrun for etl_pipeline to 2025-06-23 00:00:00+00:00, run_after=2025-06-24 00:00:00+00:00
[2025-06-23T00:38:08.487+0000] {processor.py:183} INFO - Processing /opt/airflow/dags/etl_dag.py took 0.638 seconds
[2025-06-23T00:38:38.590+0000] {processor.py:161} INFO - Started process (PID=590) to work on /opt/airflow/dags/etl_dag.py
[2025-06-23T00:38:38.591+0000] {processor.py:830} INFO - Processing file /opt/airflow/dags/etl_dag.py for tasks to queue
[2025-06-23T00:38:38.593+0000] {logging_mixin.py:188} INFO - [2025-06-23T00:38:38.593+0000] {dagbag.py:545} INFO - Filling up the DagBag from /opt/airflow/dags/etl_dag.py
[2025-06-23T00:38:39.123+0000] {processor.py:840} INFO - DAG(s) 'etl_pipeline' retrieved from /opt/airflow/dags/etl_dag.py
[2025-06-23T00:38:39.152+0000] {logging_mixin.py:188} INFO - [2025-06-23T00:38:39.151+0000] {dag.py:3096} INFO - Sync 1 DAGs
[2025-06-23T00:38:39.175+0000] {logging_mixin.py:188} INFO - [2025-06-23T00:38:39.175+0000] {dag.py:3954} INFO - Setting next_dagrun for etl_pipeline to 2025-06-23 00:00:00+00:00, run_after=2025-06-24 00:00:00+00:00
[2025-06-23T00:38:39.222+0000] {processor.py:183} INFO - Processing /opt/airflow/dags/etl_dag.py took 0.637 seconds
