[2025-06-22T03:12:51.226+0000] {local_task_job_runner.py:120} INFO - ::group::Pre task execution logs
[2025-06-22T03:12:51.261+0000] {taskinstance.py:2076} INFO - Dependencies all met for dep_context=non-requeueable deps ti=<TaskInstance: etl_pipeline.extract manual__2025-06-22T03:12:46.716307+00:00 [queued]>
[2025-06-22T03:12:51.272+0000] {taskinstance.py:2076} INFO - Dependencies all met for dep_context=requeueable deps ti=<TaskInstance: etl_pipeline.extract manual__2025-06-22T03:12:46.716307+00:00 [queued]>
[2025-06-22T03:12:51.275+0000] {taskinstance.py:2306} INFO - Starting attempt 1 of 1
[2025-06-22T03:12:51.312+0000] {taskinstance.py:2330} INFO - Executing <Task(PythonOperator): extract> on 2025-06-22 03:12:46.716307+00:00
[2025-06-22T03:12:51.322+0000] {standard_task_runner.py:90} INFO - Running: ['airflow', 'tasks', 'run', 'etl_pipeline', 'extract', 'manual__2025-06-22T03:12:46.716307+00:00', '--job-id', '68', '--raw', '--subdir', 'DAGS_FOLDER/etl_dag.py', '--cfg-path', '/tmp/tmpk7qgslib']
[2025-06-22T03:12:51.325+0000] {standard_task_runner.py:91} INFO - Job 68: Subtask extract
[2025-06-22T03:12:51.329+0000] {logging_mixin.py:188} WARNING - /home/airflow/.local/lib/python3.12/site-packages/airflow/task/task_runner/standard_task_runner.py:61 DeprecationWarning: This process (pid=38) is multi-threaded, use of fork() may lead to deadlocks in the child.
[2025-06-22T03:12:51.329+0000] {standard_task_runner.py:63} INFO - Started process 47 to run task
[2025-06-22T03:12:51.427+0000] {task_command.py:426} INFO - Running <TaskInstance: etl_pipeline.extract manual__2025-06-22T03:12:46.716307+00:00 [running]> on host 6d5ba1cd1134
[2025-06-22T03:12:51.548+0000] {taskinstance.py:2648} INFO - Exporting env vars: AIRFLOW_CTX_DAG_OWNER='airflow' AIRFLOW_CTX_DAG_ID='etl_pipeline' AIRFLOW_CTX_TASK_ID='extract' AIRFLOW_CTX_EXECUTION_DATE='2025-06-22T03:12:46.716307+00:00' AIRFLOW_CTX_TRY_NUMBER='1' AIRFLOW_CTX_DAG_RUN_ID='manual__2025-06-22T03:12:46.716307+00:00'
[2025-06-22T03:12:51.550+0000] {taskinstance.py:430} INFO - ::endgroup::
[2025-06-22T03:12:51.589+0000] {logging_mixin.py:188} INFO - Extrayendo tabla: order_line
[2025-06-22T03:12:51.593+0000] {logging_mixin.py:188} WARNING - /opt/airflow/dags/scripts/extract_postgres.py:25 UserWarning: pandas only supports SQLAlchemy connectable (engine/connection) or database string URI or sqlite3 DBAPI2 connection. Other DBAPI2 objects are not tested. Please consider using SQLAlchemy.
[2025-06-22T03:12:51.611+0000] {logging_mixin.py:188} INFO - Extrayendo tabla: reservation
[2025-06-22T03:12:51.624+0000] {logging_mixin.py:188} INFO - Extrayendo tabla: Order
[2025-06-22T03:12:51.634+0000] {logging_mixin.py:188} INFO - Extrayendo tabla: Table
[2025-06-22T03:12:51.647+0000] {logging_mixin.py:188} INFO - Extrayendo tabla: menu_restaurant
[2025-06-22T03:12:51.653+0000] {logging_mixin.py:188} INFO - Extrayendo tabla: products
[2025-06-22T03:12:51.661+0000] {logging_mixin.py:188} INFO - Extrayendo tabla: menu
[2025-06-22T03:12:51.666+0000] {logging_mixin.py:188} INFO - Extrayendo tabla: restaurant
[2025-06-22T03:12:51.672+0000] {logging_mixin.py:188} INFO - Extrayendo tabla: users
[2025-06-22T03:12:51.681+0000] {python.py:237} INFO - Done. Returned value was: None
[2025-06-22T03:12:51.682+0000] {taskinstance.py:441} INFO - ::group::Post task execution logs
[2025-06-22T03:12:51.697+0000] {taskinstance.py:1206} INFO - Marking task as SUCCESS. dag_id=etl_pipeline, task_id=extract, run_id=manual__2025-06-22T03:12:46.716307+00:00, execution_date=20250622T031246, start_date=20250622T031251, end_date=20250622T031251
[2025-06-22T03:12:51.745+0000] {local_task_job_runner.py:240} INFO - Task exited with return code 0
[2025-06-22T03:12:51.767+0000] {taskinstance.py:3498} INFO - 1 downstream tasks scheduled from follow-on schedule check
[2025-06-22T03:12:51.774+0000] {local_task_job_runner.py:222} INFO - ::endgroup::
