[2025-06-22T21:05:35.605+0000] {local_task_job_runner.py:120} INFO - ::group::Pre task execution logs
[2025-06-22T21:05:35.630+0000] {taskinstance.py:2076} INFO - Dependencies all met for dep_context=non-requeueable deps ti=<TaskInstance: etl_pipeline.load manual__2025-06-22T21:05:06.811496+00:00 [queued]>
[2025-06-22T21:05:35.638+0000] {taskinstance.py:2076} INFO - Dependencies all met for dep_context=requeueable deps ti=<TaskInstance: etl_pipeline.load manual__2025-06-22T21:05:06.811496+00:00 [queued]>
[2025-06-22T21:05:35.639+0000] {taskinstance.py:2306} INFO - Starting attempt 1 of 1
[2025-06-22T21:05:35.664+0000] {taskinstance.py:2330} INFO - Executing <Task(PythonOperator): load> on 2025-06-22 21:05:06.811496+00:00
[2025-06-22T21:05:35.670+0000] {standard_task_runner.py:90} INFO - Running: ['airflow', 'tasks', 'run', 'etl_pipeline', 'load', 'manual__2025-06-22T21:05:06.811496+00:00', '--job-id', '144', '--raw', '--subdir', 'DAGS_FOLDER/etl_dag.py', '--cfg-path', '/tmp/tmpfm4j6c0u']
[2025-06-22T21:05:35.673+0000] {standard_task_runner.py:91} INFO - Job 144: Subtask load
[2025-06-22T21:05:35.679+0000] {logging_mixin.py:188} WARNING - /home/airflow/.local/lib/python3.12/site-packages/airflow/task/task_runner/standard_task_runner.py:61 DeprecationWarning: This process (pid=504) is multi-threaded, use of fork() may lead to deadlocks in the child.
[2025-06-22T21:05:35.679+0000] {standard_task_runner.py:63} INFO - Started process 513 to run task
[2025-06-22T21:05:35.751+0000] {task_command.py:426} INFO - Running <TaskInstance: etl_pipeline.load manual__2025-06-22T21:05:06.811496+00:00 [running]> on host 871cbf03a40f
[2025-06-22T21:05:35.867+0000] {taskinstance.py:2648} INFO - Exporting env vars: AIRFLOW_CTX_DAG_OWNER='airflow' AIRFLOW_CTX_DAG_ID='etl_pipeline' AIRFLOW_CTX_TASK_ID='load' AIRFLOW_CTX_EXECUTION_DATE='2025-06-22T21:05:06.811496+00:00' AIRFLOW_CTX_TRY_NUMBER='1' AIRFLOW_CTX_DAG_RUN_ID='manual__2025-06-22T21:05:06.811496+00:00'
[2025-06-22T21:05:35.867+0000] {taskinstance.py:430} INFO - ::endgroup::
[2025-06-22T21:05:36.063+0000] {hive.py:475} INFO - USE `default`
[2025-06-22T21:05:36.845+0000] {logging_mixin.py:188} INFO - Cargando tabla: customers desde /opt/airflow/dags/customers.csv
[2025-06-22T21:05:36.858+0000] {hive.py:475} INFO - 
                CREATE TABLE IF NOT EXISTS `customers` (
                    user_id INT, Role STRING, email STRING
                )
                ROW FORMAT DELIMITED
                FIELDS TERMINATED BY ','
                STORED AS TEXTFILE
            
[2025-06-22T21:05:37.436+0000] {hive.py:475} INFO - LOAD DATA LOCAL INPATH '/opt/airflow/dags/customers.csv' OVERWRITE INTO TABLE `customers`
[2025-06-22T21:05:38.854+0000] {logging_mixin.py:188} INFO - Cargando tabla: Order desde /opt/airflow/dags/Order.csv
[2025-06-22T21:05:38.861+0000] {hive.py:475} INFO - 
                CREATE TABLE IF NOT EXISTS `Order` (
                    order_id INT, Datetime STRING, user_id INT, restaurant_id INT, Address STRING, Status STRING
                )
                ROW FORMAT DELIMITED
                FIELDS TERMINATED BY ','
                STORED AS TEXTFILE
            
[2025-06-22T21:05:38.975+0000] {hive.py:475} INFO - LOAD DATA LOCAL INPATH '/opt/airflow/dags/Order.csv' OVERWRITE INTO TABLE `Order`
[2025-06-22T21:05:39.787+0000] {logging_mixin.py:188} INFO - Cargando tabla: order_line desde /opt/airflow/dags/order_line.csv
[2025-06-22T21:05:39.792+0000] {hive.py:475} INFO - 
                CREATE TABLE IF NOT EXISTS `order_line` (
                    order_id INT, product_id INT, price FLOAT
                )
                ROW FORMAT DELIMITED
                FIELDS TERMINATED BY ','
                STORED AS TEXTFILE
            
[2025-06-22T21:05:39.884+0000] {hive.py:475} INFO - LOAD DATA LOCAL INPATH '/opt/airflow/dags/order_line.csv' OVERWRITE INTO TABLE `order_line`
[2025-06-22T21:05:40.208+0000] {logging_mixin.py:188} INFO - Cargando tabla: products desde /opt/airflow/dags/products.csv
[2025-06-22T21:05:40.212+0000] {hive.py:475} INFO - 
                CREATE TABLE IF NOT EXISTS `products` (
                    product_id INT, Name STRING, menu_id INT, price FLOAT
                )
                ROW FORMAT DELIMITED
                FIELDS TERMINATED BY ','
                STORED AS TEXTFILE
            
[2025-06-22T21:05:40.306+0000] {hive.py:475} INFO - LOAD DATA LOCAL INPATH '/opt/airflow/dags/products.csv' OVERWRITE INTO TABLE `products`
[2025-06-22T21:05:40.637+0000] {logging_mixin.py:188} INFO - Cargando tabla: product_sales desde /opt/airflow/dags/product_sales.csv
[2025-06-22T21:05:40.647+0000] {hive.py:475} INFO - 
                CREATE TABLE IF NOT EXISTS `product_sales` (
                    product_id INT, name STRING, menu_id INT, order_id INT, price FLOAT
                )
                ROW FORMAT DELIMITED
                FIELDS TERMINATED BY ','
                STORED AS TEXTFILE
            
[2025-06-22T21:05:40.753+0000] {hive.py:475} INFO - LOAD DATA LOCAL INPATH '/opt/airflow/dags/product_sales.csv' OVERWRITE INTO TABLE `product_sales`
[2025-06-22T21:05:41.136+0000] {logging_mixin.py:188} INFO - Cargando tabla: reservation desde /opt/airflow/dags/reservation.csv
[2025-06-22T21:05:41.141+0000] {hive.py:475} INFO - 
                CREATE TABLE IF NOT EXISTS `reservation` (
                    reservation_id INT, Datetime STRING, user_id INT, capacity INT, table_id INT, restaurant_id INT
                )
                ROW FORMAT DELIMITED
                FIELDS TERMINATED BY ','
                STORED AS TEXTFILE
            
[2025-06-22T21:05:41.250+0000] {hive.py:475} INFO - LOAD DATA LOCAL INPATH '/opt/airflow/dags/reservation.csv' OVERWRITE INTO TABLE `reservation`
[2025-06-22T21:05:41.609+0000] {logging_mixin.py:188} INFO - Cargando tabla: restaurant desde /opt/airflow/dags/restaurant.csv
[2025-06-22T21:05:41.616+0000] {hive.py:475} INFO - 
                CREATE TABLE IF NOT EXISTS `restaurant` (
                    restaurant_id INT, Name STRING, Address STRING
                )
                ROW FORMAT DELIMITED
                FIELDS TERMINATED BY ','
                STORED AS TEXTFILE
            
[2025-06-22T21:05:41.727+0000] {hive.py:475} INFO - LOAD DATA LOCAL INPATH '/opt/airflow/dags/restaurant.csv' OVERWRITE INTO TABLE `restaurant`
[2025-06-22T21:05:42.092+0000] {logging_mixin.py:188} INFO - Cargando tabla: sales desde /opt/airflow/dags/sales.csv
[2025-06-22T21:05:42.098+0000] {hive.py:475} INFO - 
                CREATE TABLE IF NOT EXISTS `sales` (
                    order_id INT, datetime STRING, user_id INT, restaurant_id INT, address STRING, status STRING, total FLOAT
                )
                ROW FORMAT DELIMITED
                FIELDS TERMINATED BY ','
                STORED AS TEXTFILE
            
[2025-06-22T21:05:42.188+0000] {hive.py:475} INFO - LOAD DATA LOCAL INPATH '/opt/airflow/dags/sales.csv' OVERWRITE INTO TABLE `sales`
[2025-06-22T21:05:43.033+0000] {python.py:237} INFO - Done. Returned value was: None
[2025-06-22T21:05:43.034+0000] {taskinstance.py:441} INFO - ::group::Post task execution logs
[2025-06-22T21:05:43.046+0000] {taskinstance.py:1206} INFO - Marking task as SUCCESS. dag_id=etl_pipeline, task_id=load, run_id=manual__2025-06-22T21:05:06.811496+00:00, execution_date=20250622T210506, start_date=20250622T210535, end_date=20250622T210543
[2025-06-22T21:05:43.115+0000] {local_task_job_runner.py:240} INFO - Task exited with return code 0
[2025-06-22T21:05:43.143+0000] {taskinstance.py:3498} INFO - 1 downstream tasks scheduled from follow-on schedule check
[2025-06-22T21:05:43.152+0000] {local_task_job_runner.py:222} INFO - ::endgroup::
