[2025-06-22T18:13:56.148+0000] {local_task_job_runner.py:120} INFO - ::group::Pre task execution logs
[2025-06-22T18:13:56.174+0000] {taskinstance.py:2076} INFO - Dependencies all met for dep_context=non-requeueable deps ti=<TaskInstance: etl_pipeline.load manual__2025-06-22T18:13:32.001860+00:00 [queued]>
[2025-06-22T18:13:56.185+0000] {taskinstance.py:2076} INFO - Dependencies all met for dep_context=requeueable deps ti=<TaskInstance: etl_pipeline.load manual__2025-06-22T18:13:32.001860+00:00 [queued]>
[2025-06-22T18:13:56.185+0000] {taskinstance.py:2306} INFO - Starting attempt 1 of 1
[2025-06-22T18:13:56.211+0000] {taskinstance.py:2330} INFO - Executing <Task(PythonOperator): load> on 2025-06-22 18:13:32.001860+00:00
[2025-06-22T18:13:56.219+0000] {standard_task_runner.py:90} INFO - Running: ['airflow', 'tasks', 'run', 'etl_pipeline', 'load', 'manual__2025-06-22T18:13:32.001860+00:00', '--job-id', '90', '--raw', '--subdir', 'DAGS_FOLDER/etl_dag.py', '--cfg-path', '/tmp/tmp2pfxogpz']
[2025-06-22T18:13:56.221+0000] {standard_task_runner.py:91} INFO - Job 90: Subtask load
[2025-06-22T18:13:56.226+0000] {logging_mixin.py:188} WARNING - /home/airflow/.local/lib/python3.12/site-packages/airflow/task/task_runner/standard_task_runner.py:61 DeprecationWarning: This process (pid=251) is multi-threaded, use of fork() may lead to deadlocks in the child.
[2025-06-22T18:13:56.227+0000] {standard_task_runner.py:63} INFO - Started process 260 to run task
[2025-06-22T18:13:56.282+0000] {task_command.py:426} INFO - Running <TaskInstance: etl_pipeline.load manual__2025-06-22T18:13:32.001860+00:00 [running]> on host e56a2454592b
[2025-06-22T18:13:56.381+0000] {taskinstance.py:2648} INFO - Exporting env vars: AIRFLOW_CTX_DAG_OWNER='airflow' AIRFLOW_CTX_DAG_ID='etl_pipeline' AIRFLOW_CTX_TASK_ID='load' AIRFLOW_CTX_EXECUTION_DATE='2025-06-22T18:13:32.001860+00:00' AIRFLOW_CTX_TRY_NUMBER='1' AIRFLOW_CTX_DAG_RUN_ID='manual__2025-06-22T18:13:32.001860+00:00'
[2025-06-22T18:13:56.382+0000] {taskinstance.py:430} INFO - ::endgroup::
[2025-06-22T18:13:56.613+0000] {hive.py:475} INFO - USE `default`
[2025-06-22T18:13:57.483+0000] {logging_mixin.py:188} INFO - Cargando tabla: menu desde /opt/airflow/dags/menu.csv
[2025-06-22T18:13:57.497+0000] {hive.py:475} INFO - 
                CREATE TABLE IF NOT EXISTS `menu` (
                    menu_id INT, Name STRING
                )
                ROW FORMAT DELIMITED
                FIELDS TERMINATED BY ','
                STORED AS TEXTFILE
            
[2025-06-22T18:13:58.041+0000] {hive.py:475} INFO - LOAD DATA LOCAL INPATH '/opt/airflow/dags/menu.csv' OVERWRITE INTO TABLE `menu`
[2025-06-22T18:13:59.305+0000] {logging_mixin.py:188} INFO - Cargando tabla: menu_restaurant desde /opt/airflow/dags/menu_restaurant.csv
[2025-06-22T18:13:59.311+0000] {hive.py:475} INFO - 
                CREATE TABLE IF NOT EXISTS `menu_restaurant` (
                    restaurant_id INT, menu_id INT
                )
                ROW FORMAT DELIMITED
                FIELDS TERMINATED BY ','
                STORED AS TEXTFILE
            
[2025-06-22T18:13:59.450+0000] {hive.py:475} INFO - LOAD DATA LOCAL INPATH '/opt/airflow/dags/menu_restaurant.csv' OVERWRITE INTO TABLE `menu_restaurant`
[2025-06-22T18:13:59.844+0000] {logging_mixin.py:188} INFO - Cargando tabla: Order desde /opt/airflow/dags/Order.csv
[2025-06-22T18:13:59.855+0000] {hive.py:475} INFO - 
                CREATE TABLE IF NOT EXISTS `Order` (
                    order_id INT, Datetime STRING, user_id INT, restaurant_id INT, Address STRING, Status STRING
                )
                ROW FORMAT DELIMITED
                FIELDS TERMINATED BY ','
                STORED AS TEXTFILE
            
[2025-06-22T18:13:59.966+0000] {hive.py:475} INFO - LOAD DATA LOCAL INPATH '/opt/airflow/dags/Order.csv' OVERWRITE INTO TABLE `Order`
[2025-06-22T18:14:00.419+0000] {logging_mixin.py:188} INFO - Cargando tabla: order_line desde /opt/airflow/dags/order_line.csv
[2025-06-22T18:14:00.423+0000] {hive.py:475} INFO - 
                CREATE TABLE IF NOT EXISTS `order_line` (
                    order_id INT, product_id INT, unit_price FLOAT
                )
                ROW FORMAT DELIMITED
                FIELDS TERMINATED BY ','
                STORED AS TEXTFILE
            
[2025-06-22T18:14:00.523+0000] {hive.py:475} INFO - LOAD DATA LOCAL INPATH '/opt/airflow/dags/order_line.csv' OVERWRITE INTO TABLE `order_line`
[2025-06-22T18:14:01.282+0000] {logging_mixin.py:188} INFO - Cargando tabla: products desde /opt/airflow/dags/products.csv
[2025-06-22T18:14:01.289+0000] {hive.py:475} INFO - 
                CREATE TABLE IF NOT EXISTS `products` (
                    product_id INT, Name STRING, Description STRING, menu_id INT, price FLOAT
                )
                ROW FORMAT DELIMITED
                FIELDS TERMINATED BY ','
                STORED AS TEXTFILE
            
[2025-06-22T18:14:01.385+0000] {hive.py:475} INFO - LOAD DATA LOCAL INPATH '/opt/airflow/dags/products.csv' OVERWRITE INTO TABLE `products`
[2025-06-22T18:14:02.042+0000] {logging_mixin.py:188} INFO - Cargando tabla: reservation desde /opt/airflow/dags/reservation.csv
[2025-06-22T18:14:02.048+0000] {hive.py:475} INFO - 
                CREATE TABLE IF NOT EXISTS `reservation` (
                    reservation_id INT, Datetime STRING, user_id INT, capacity INT, table_id INT, restaurant_id INT
                )
                ROW FORMAT DELIMITED
                FIELDS TERMINATED BY ','
                STORED AS TEXTFILE
            
[2025-06-22T18:14:02.164+0000] {hive.py:475} INFO - LOAD DATA LOCAL INPATH '/opt/airflow/dags/reservation.csv' OVERWRITE INTO TABLE `reservation`
[2025-06-22T18:14:02.907+0000] {logging_mixin.py:188} INFO - Cargando tabla: restaurant desde /opt/airflow/dags/restaurant.csv
[2025-06-22T18:14:02.914+0000] {hive.py:475} INFO - 
                CREATE TABLE IF NOT EXISTS `restaurant` (
                    restaurant_id INT, Name STRING, Address STRING
                )
                ROW FORMAT DELIMITED
                FIELDS TERMINATED BY ','
                STORED AS TEXTFILE
            
[2025-06-22T18:14:03.026+0000] {hive.py:475} INFO - LOAD DATA LOCAL INPATH '/opt/airflow/dags/restaurant.csv' OVERWRITE INTO TABLE `restaurant`
[2025-06-22T18:14:03.350+0000] {logging_mixin.py:188} INFO - Cargando tabla: Table desde /opt/airflow/dags/Table.csv
[2025-06-22T18:14:03.355+0000] {hive.py:475} INFO - 
                CREATE TABLE IF NOT EXISTS `Table` (
                    table_id INT, restaurant_id INT, capacity INT, available STRING
                )
                ROW FORMAT DELIMITED
                FIELDS TERMINATED BY ','
                STORED AS TEXTFILE
            
[2025-06-22T18:14:03.442+0000] {hive.py:475} INFO - LOAD DATA LOCAL INPATH '/opt/airflow/dags/Table.csv' OVERWRITE INTO TABLE `Table`
[2025-06-22T18:14:03.900+0000] {logging_mixin.py:188} INFO - Cargando tabla: users desde /opt/airflow/dags/users.csv
[2025-06-22T18:14:03.911+0000] {hive.py:475} INFO - 
                CREATE TABLE IF NOT EXISTS `users` (
                    user_id INT, Role STRING, username STRING, email STRING, Password STRING
                )
                ROW FORMAT DELIMITED
                FIELDS TERMINATED BY ','
                STORED AS TEXTFILE
            
[2025-06-22T18:14:04.037+0000] {hive.py:475} INFO - LOAD DATA LOCAL INPATH '/opt/airflow/dags/users.csv' OVERWRITE INTO TABLE `users`
[2025-06-22T18:14:04.393+0000] {python.py:237} INFO - Done. Returned value was: None
[2025-06-22T18:14:04.394+0000] {taskinstance.py:441} INFO - ::group::Post task execution logs
[2025-06-22T18:14:04.406+0000] {taskinstance.py:1206} INFO - Marking task as SUCCESS. dag_id=etl_pipeline, task_id=load, run_id=manual__2025-06-22T18:13:32.001860+00:00, execution_date=20250622T181332, start_date=20250622T181356, end_date=20250622T181404
[2025-06-22T18:14:04.457+0000] {local_task_job_runner.py:240} INFO - Task exited with return code 0
[2025-06-22T18:14:04.478+0000] {taskinstance.py:3498} INFO - 0 downstream tasks scheduled from follow-on schedule check
[2025-06-22T18:14:04.479+0000] {local_task_job_runner.py:222} INFO - ::endgroup::
