[2025-06-22T02:20:40.070+0000] {local_task_job_runner.py:120} INFO - ::group::Pre task execution logs
[2025-06-22T02:20:40.095+0000] {taskinstance.py:2076} INFO - Dependencies all met for dep_context=non-requeueable deps ti=<TaskInstance: etl_pipeline.load manual__2025-06-22T02:20:28.560513+00:00 [queued]>
[2025-06-22T02:20:40.104+0000] {taskinstance.py:2076} INFO - Dependencies all met for dep_context=requeueable deps ti=<TaskInstance: etl_pipeline.load manual__2025-06-22T02:20:28.560513+00:00 [queued]>
[2025-06-22T02:20:40.305+0000] {taskinstance.py:2306} INFO - Starting attempt 1 of 1
[2025-06-22T02:20:40.963+0000] {taskinstance.py:2330} INFO - Executing <Task(PythonOperator): load> on 2025-06-22 02:20:28.560513+00:00
[2025-06-22T02:20:40.971+0000] {standard_task_runner.py:90} INFO - Running: ['airflow', 'tasks', 'run', 'etl_pipeline', 'load', 'manual__2025-06-22T02:20:28.560513+00:00', '--job-id', '47', '--raw', '--subdir', 'DAGS_FOLDER/etl_dag.py', '--cfg-path', '/tmp/tmp06mvy5o4']
[2025-06-22T02:20:40.973+0000] {standard_task_runner.py:91} INFO - Job 47: Subtask load
[2025-06-22T02:20:40.974+0000] {logging_mixin.py:188} WARNING - /home/airflow/.local/lib/python3.12/site-packages/airflow/task/task_runner/standard_task_runner.py:61 DeprecationWarning: This process (pid=53) is multi-threaded, use of fork() may lead to deadlocks in the child.
[2025-06-22T02:20:40.975+0000] {standard_task_runner.py:63} INFO - Started process 62 to run task
[2025-06-22T02:20:41.652+0000] {task_command.py:426} INFO - Running <TaskInstance: etl_pipeline.load manual__2025-06-22T02:20:28.560513+00:00 [running]> on host f1d0b39fdd41
[2025-06-22T02:20:41.928+0000] {taskinstance.py:2648} INFO - Exporting env vars: AIRFLOW_CTX_DAG_OWNER='airflow' AIRFLOW_CTX_DAG_ID='etl_pipeline' AIRFLOW_CTX_TASK_ID='load' AIRFLOW_CTX_EXECUTION_DATE='2025-06-22T02:20:28.560513+00:00' AIRFLOW_CTX_TRY_NUMBER='1' AIRFLOW_CTX_DAG_RUN_ID='manual__2025-06-22T02:20:28.560513+00:00'
[2025-06-22T02:20:41.930+0000] {taskinstance.py:430} INFO - ::endgroup::
[2025-06-22T02:20:42.181+0000] {hive.py:475} INFO - USE `default`
[2025-06-22T02:20:43.105+0000] {logging_mixin.py:188} INFO - Cargando tabla: menu desde /opt/airflow/dags/menu.csv
[2025-06-22T02:20:43.169+0000] {hive.py:475} INFO - 
                CREATE TABLE IF NOT EXISTS menu (
                    menu_id INT, Name STRING
                )
                ROW FORMAT DELIMITED
                FIELDS TERMINATED BY ','
                STORED AS TEXTFILE
            
[2025-06-22T02:20:44.305+0000] {hive.py:475} INFO - INSERT INTO menu VALUES (1, 'Kids Menu')
[2025-06-22T02:20:49.948+0000] {hive.py:475} INFO - INSERT INTO menu VALUES (2, 'Lunch Menu')
[2025-06-22T02:20:52.372+0000] {hive.py:475} INFO - INSERT INTO menu VALUES (3, 'Dinner Menu')
[2025-06-22T02:20:54.633+0000] {hive.py:475} INFO - INSERT INTO menu VALUES (4, 'Happy Hour Menu')
[2025-06-22T02:20:57.053+0000] {hive.py:475} INFO - INSERT INTO menu VALUES (5, 'Seasonal Menu')
[2025-06-22T02:20:58.898+0000] {hive.py:475} INFO - INSERT INTO menu VALUES (6, 'Chefs Special Menu')
[2025-06-22T02:21:00.764+0000] {hive.py:475} INFO - INSERT INTO menu VALUES (7, 'Tasting Menu')
[2025-06-22T02:21:02.571+0000] {hive.py:475} INFO - INSERT INTO menu VALUES (8, 'Drinks Menu')
[2025-06-22T02:21:04.773+0000] {hive.py:475} INFO - INSERT INTO menu VALUES (9, 'Cocktail Menu')
[2025-06-22T02:21:06.401+0000] {hive.py:475} INFO - INSERT INTO menu VALUES (10, 'Wine Menu')
[2025-06-22T02:21:08.512+0000] {hive.py:475} INFO - INSERT INTO menu VALUES (11, 'Beer Menu')
[2025-06-22T02:21:10.483+0000] {hive.py:475} INFO - INSERT INTO menu VALUES (12, 'Vegan Menu')
[2025-06-22T02:21:12.524+0000] {hive.py:475} INFO - INSERT INTO menu VALUES (13, 'Vegetarian Menu')
[2025-06-22T02:21:14.084+0000] {hive.py:475} INFO - INSERT INTO menu VALUES (14, 'Gluten-Free Menu')
[2025-06-22T02:21:16.032+0000] {hive.py:475} INFO - INSERT INTO menu VALUES (15, 'Allergen-Free Menu')
[2025-06-22T02:21:18.020+0000] {hive.py:475} INFO - INSERT INTO menu VALUES (16, 'Low-Carb Menu')
[2025-06-22T02:21:19.763+0000] {hive.py:475} INFO - INSERT INTO menu VALUES (17, 'Low-Calorie Menu')
[2025-06-22T02:21:22.260+0000] {hive.py:475} INFO - INSERT INTO menu VALUES (18, 'High-Protein Menu')
[2025-06-22T02:21:24.289+0000] {hive.py:475} INFO - INSERT INTO menu VALUES (19, 'Keto Menu')
[2025-06-22T02:21:26.432+0000] {hive.py:475} INFO - INSERT INTO menu VALUES (20, 'Paleo Menu')
[2025-06-22T02:21:28.207+0000] {hive.py:475} INFO - INSERT INTO menu VALUES (21, 'Holiday Menu')
[2025-06-22T02:21:30.285+0000] {hive.py:475} INFO - INSERT INTO menu VALUES (22, 'Thanksgiving Menu')
[2025-06-22T02:21:32.257+0000] {hive.py:475} INFO - INSERT INTO menu VALUES (23, 'Christmas Menu')
[2025-06-22T02:21:34.232+0000] {hive.py:475} INFO - INSERT INTO menu VALUES (24, 'New Year Menu')
[2025-06-22T02:21:36.320+0000] {hive.py:475} INFO - INSERT INTO menu VALUES (25, 'Easter Menu')
[2025-06-22T02:21:37.869+0000] {hive.py:475} INFO - INSERT INTO menu VALUES (26, 'Valentine’s Menu')
[2025-06-22T02:21:39.935+0000] {hive.py:475} INFO - INSERT INTO menu VALUES (27, 'Mother’s Day Menu')
[2025-06-22T02:21:41.891+0000] {hive.py:475} INFO - INSERT INTO menu VALUES (28, 'Father’s Day Menu')
[2025-06-22T02:21:43.855+0000] {hive.py:475} INFO - INSERT INTO menu VALUES (29, 'Fourth of July Menu')
[2025-06-22T02:21:45.405+0000] {hive.py:475} INFO - INSERT INTO menu VALUES (30, 'Weekend Brunch Menu')
[2025-06-22T02:21:46.987+0000] {hive.py:475} INFO - INSERT INTO menu VALUES (31, 'Midweek Special Menu')
[2025-06-22T02:21:49.005+0000] {hive.py:475} INFO - INSERT INTO menu VALUES (32, 'Late Night Menu')
[2025-06-22T02:21:50.599+0000] {hive.py:475} INFO - INSERT INTO menu VALUES (33, 'Afternoon Tea Menu')
[2025-06-22T02:21:52.139+0000] {hive.py:475} INFO - INSERT INTO menu VALUES (34, 'Buffet Menu')
[2025-06-22T02:21:53.708+0000] {hive.py:475} INFO - INSERT INTO menu VALUES (35, 'À la Carte Menu')
[2025-06-22T02:21:55.774+0000] {hive.py:475} INFO - INSERT INTO menu VALUES (36, 'Prix Fixe Menu')
[2025-06-22T02:21:57.803+0000] {hive.py:475} INFO - INSERT INTO menu VALUES (37, 'Set Menu')
[2025-06-22T02:21:59.817+0000] {hive.py:475} INFO - INSERT INTO menu VALUES (38, 'Mini Menu')
[2025-06-22T02:22:01.790+0000] {hive.py:475} INFO - INSERT INTO menu VALUES (39, 'Snack Menu')
[2025-06-22T02:22:03.768+0000] {hive.py:475} INFO - INSERT INTO menu VALUES (40, 'Bistro Menu')
[2025-06-22T02:22:05.805+0000] {hive.py:475} INFO - INSERT INTO menu VALUES (41, 'Grill Menu')
[2025-06-22T02:22:07.778+0000] {hive.py:475} INFO - INSERT INTO menu VALUES (42, 'Barbecue Menu')
[2025-06-22T02:22:09.369+0000] {hive.py:475} INFO - INSERT INTO menu VALUES (43, 'Seafood Menu')
[2025-06-22T02:22:11.352+0000] {hive.py:475} INFO - INSERT INTO menu VALUES (44, 'Steakhouse Menu')
[2025-06-22T02:22:13.334+0000] {hive.py:475} INFO - INSERT INTO menu VALUES (45, 'Italian Menu')
[2025-06-22T02:22:15.353+0000] {hive.py:475} INFO - INSERT INTO menu VALUES (46, 'Mexican Menu')
[2025-06-22T02:22:17.490+0000] {hive.py:475} INFO - INSERT INTO menu VALUES (47, 'Chinese Menu')
[2025-06-22T02:22:19.707+0000] {hive.py:475} INFO - INSERT INTO menu VALUES (48, 'Japanese Menu')
[2025-06-22T02:22:21.709+0000] {hive.py:475} INFO - INSERT INTO menu VALUES (49, 'Thai Menu')
[2025-06-22T02:22:23.724+0000] {hive.py:475} INFO - INSERT INTO menu VALUES (50, 'Indian Menu')
[2025-06-22T02:22:25.363+0000] {hive.py:475} INFO - INSERT INTO menu VALUES (51, 'French Menu')
[2025-06-22T02:22:27.380+0000] {hive.py:475} INFO - INSERT INTO menu VALUES (52, 'Greek Menu')
[2025-06-22T02:22:28.920+0000] {hive.py:475} INFO - INSERT INTO menu VALUES (53, 'Mediterranean Menu')
[2025-06-22T02:22:30.860+0000] {hive.py:475} INFO - INSERT INTO menu VALUES (54, 'American Menu')
[2025-06-22T02:22:32.828+0000] {hive.py:475} INFO - INSERT INTO menu VALUES (55, 'Fusion Menu')
[2025-06-22T02:22:34.372+0000] {hive.py:475} INFO - INSERT INTO menu VALUES (56, 'Rustic Menu')
[2025-06-22T02:22:36.383+0000] {hive.py:475} INFO - INSERT INTO menu VALUES (57, 'Gourmet Menu')
[2025-06-22T02:22:38.369+0000] {hive.py:475} INFO - INSERT INTO menu VALUES (58, 'Fine Dining Menu')
[2025-06-22T02:22:40.322+0000] {hive.py:475} INFO - INSERT INTO menu VALUES (59, 'Casual Dining Menu')
[2025-06-22T02:22:42.265+0000] {hive.py:475} INFO - INSERT INTO menu VALUES (60, 'Family Menu')
[2025-06-22T02:22:44.239+0000] {hive.py:475} INFO - INSERT INTO menu VALUES (61, 'Express Menu')
[2025-06-22T02:22:46.221+0000] {hive.py:475} INFO - INSERT INTO menu VALUES (62, 'Takeout Menu')
[2025-06-22T02:22:48.187+0000] {hive.py:475} INFO - INSERT INTO menu VALUES (63, 'Delivery Menu')
[2025-06-22T02:22:50.209+0000] {hive.py:475} INFO - INSERT INTO menu VALUES (64, 'Drive-Thru Menu')
[2025-06-22T02:22:52.315+0000] {hive.py:475} INFO - INSERT INTO menu VALUES (65, 'Pickup Menu')
[2025-06-22T02:22:54.292+0000] {hive.py:475} INFO - INSERT INTO menu VALUES (66, 'Online Order Menu')
[2025-06-22T02:22:56.217+0000] {hive.py:475} INFO - INSERT INTO menu VALUES (67, 'Mobile Order Menu')
[2025-06-22T02:22:58.120+0000] {hive.py:475} INFO - INSERT INTO menu VALUES (68, 'Special Events Menu')
[2025-06-22T02:23:00.117+0000] {hive.py:475} INFO - INSERT INTO menu VALUES (69, 'Birthday Menu')
[2025-06-22T02:23:02.016+0000] {hive.py:475} INFO - INSERT INTO menu VALUES (70, 'Anniversary Menu')
[2025-06-22T02:23:03.914+0000] {hive.py:475} INFO - INSERT INTO menu VALUES (71, 'Corporate Menu')
[2025-06-22T02:23:05.788+0000] {hive.py:475} INFO - INSERT INTO menu VALUES (72, 'Catering Menu')
[2025-06-22T02:23:07.713+0000] {hive.py:475} INFO - INSERT INTO menu VALUES (73, 'Banquet Menu')
[2025-06-22T02:23:09.674+0000] {hive.py:475} INFO - INSERT INTO menu VALUES (74, 'Outdoor Menu')
[2025-06-22T02:23:11.580+0000] {hive.py:475} INFO - INSERT INTO menu VALUES (75, 'Patio Menu')
[2025-06-22T02:23:13.479+0000] {hive.py:475} INFO - INSERT INTO menu VALUES (76, 'Poolside Menu')
[2025-06-22T02:23:15.370+0000] {hive.py:475} INFO - INSERT INTO menu VALUES (77, 'Room Service Menu')
[2025-06-22T02:23:17.272+0000] {hive.py:475} INFO - INSERT INTO menu VALUES (78, 'Hotel Menu')
[2025-06-22T02:23:19.200+0000] {hive.py:475} INFO - INSERT INTO menu VALUES (79, 'Spa Menu')
[2025-06-22T02:23:21.087+0000] {hive.py:475} INFO - INSERT INTO menu VALUES (80, 'Wellness Menu')
[2025-06-22T02:23:23.113+0000] {hive.py:475} INFO - INSERT INTO menu VALUES (81, 'Detox Menu')
[2025-06-22T02:23:24.834+0000] {hive.py:475} INFO - INSERT INTO menu VALUES (82, 'Smoothie Menu')
[2025-06-22T02:23:26.473+0000] {hive.py:475} INFO - INSERT INTO menu VALUES (83, 'Juice Menu')
[2025-06-22T02:23:28.535+0000] {hive.py:475} INFO - INSERT INTO menu VALUES (84, 'Coffee Menu')
[2025-06-22T02:23:30.614+0000] {hive.py:475} INFO - INSERT INTO menu VALUES (85, 'Tea Menu')
[2025-06-22T02:23:32.561+0000] {hive.py:475} INFO - INSERT INTO menu VALUES (86, 'Bakery Menu')
[2025-06-22T02:23:34.580+0000] {hive.py:475} INFO - INSERT INTO menu VALUES (87, 'Pastry Menu')
[2025-06-22T02:23:36.584+0000] {hive.py:475} INFO - INSERT INTO menu VALUES (88, 'Ice Cream Menu')
[2025-06-22T02:23:38.668+0000] {hive.py:475} INFO - INSERT INTO menu VALUES (89, 'Sundae Menu')
[2025-06-22T02:23:40.618+0000] {hive.py:475} INFO - INSERT INTO menu VALUES (90, 'Frozen Dessert Menu')
[2025-06-22T02:23:42.527+0000] {hive.py:475} INFO - INSERT INTO menu VALUES (91, 'Comfort Food Menu')
[2025-06-22T02:23:44.492+0000] {hive.py:475} INFO - INSERT INTO menu VALUES (92, 'Street Food Menu')
[2025-06-22T02:23:46.443+0000] {hive.py:475} INFO - INSERT INTO menu VALUES (93, 'Tapas Menu')
[2025-06-22T02:23:48.375+0000] {hive.py:475} INFO - INSERT INTO menu VALUES (94, 'Appetizer Menu')
[2025-06-22T02:23:50.322+0000] {hive.py:475} INFO - INSERT INTO menu VALUES (95, 'Soup Menu')
[2025-06-22T02:23:52.222+0000] {hive.py:475} INFO - INSERT INTO menu VALUES (96, 'Salad Menu')
[2025-06-22T02:23:54.215+0000] {hive.py:475} INFO - INSERT INTO menu VALUES (97, 'Sandwich Menu')
[2025-06-22T02:23:56.120+0000] {hive.py:475} INFO - INSERT INTO menu VALUES (98, 'Pizza Menu')
[2025-06-22T02:23:58.033+0000] {hive.py:475} INFO - INSERT INTO menu VALUES (99, 'Pasta Menu')
[2025-06-22T02:24:00.030+0000] {hive.py:475} INFO - INSERT INTO menu VALUES (100, 'Noodle Menu')
[2025-06-22T02:24:02.049+0000] {hive.py:475} INFO - INSERT INTO menu VALUES (101, 'Rice Menu')
[2025-06-22T02:24:03.976+0000] {hive.py:475} INFO - INSERT INTO menu VALUES (102, 'Grain Bowl Menu')
[2025-06-22T02:24:05.890+0000] {hive.py:475} INFO - INSERT INTO menu VALUES (103, 'Sushi Menu')
[2025-06-22T02:24:07.814+0000] {hive.py:475} INFO - INSERT INTO menu VALUES (104, 'Dim Sum Menu')
[2025-06-22T02:24:09.772+0000] {logging_mixin.py:188} INFO - Cargando tabla: menu_restaurant desde /opt/airflow/dags/menu_restaurant.csv
[2025-06-22T02:24:09.784+0000] {hive.py:475} INFO - 
                CREATE TABLE IF NOT EXISTS menu_restaurant (
                    restaurant_id INT, menu_id INT
                )
                ROW FORMAT DELIMITED
                FIELDS TERMINATED BY ','
                STORED AS TEXTFILE
            
[2025-06-22T02:24:09.869+0000] {hive.py:475} INFO - INSERT INTO menu_restaurant VALUES (1, 41)
[2025-06-22T02:24:11.922+0000] {hive.py:475} INFO - INSERT INTO menu_restaurant VALUES (1, 10)
[2025-06-22T02:24:13.881+0000] {hive.py:475} INFO - INSERT INTO menu_restaurant VALUES (2, 71)
[2025-06-22T02:24:15.814+0000] {hive.py:475} INFO - INSERT INTO menu_restaurant VALUES (2, 24)
[2025-06-22T02:24:17.295+0000] {hive.py:475} INFO - INSERT INTO menu_restaurant VALUES (3, 9)
[2025-06-22T02:24:19.176+0000] {hive.py:475} INFO - INSERT INTO menu_restaurant VALUES (3, 28)
[2025-06-22T02:24:21.060+0000] {hive.py:475} INFO - INSERT INTO menu_restaurant VALUES (4, 83)
[2025-06-22T02:24:22.941+0000] {hive.py:475} INFO - INSERT INTO menu_restaurant VALUES (4, 68)
[2025-06-22T02:24:24.833+0000] {hive.py:475} INFO - INSERT INTO menu_restaurant VALUES (5, 49)
[2025-06-22T02:24:26.728+0000] {hive.py:475} INFO - INSERT INTO menu_restaurant VALUES (5, 68)
[2025-06-22T02:24:28.614+0000] {hive.py:475} INFO - INSERT INTO menu_restaurant VALUES (6, 38)
[2025-06-22T02:24:30.217+0000] {hive.py:475} INFO - INSERT INTO menu_restaurant VALUES (6, 24)
[2025-06-22T02:24:32.088+0000] {hive.py:475} INFO - INSERT INTO menu_restaurant VALUES (7, 31)
[2025-06-22T02:24:33.957+0000] {hive.py:475} INFO - INSERT INTO menu_restaurant VALUES (7, 1)
[2025-06-22T02:24:35.422+0000] {hive.py:475} INFO - INSERT INTO menu_restaurant VALUES (8, 46)
[2025-06-22T02:24:37.296+0000] {hive.py:475} INFO - INSERT INTO menu_restaurant VALUES (8, 29)
[2025-06-22T02:24:39.166+0000] {hive.py:475} INFO - INSERT INTO menu_restaurant VALUES (9, 78)
[2025-06-22T02:24:41.048+0000] {hive.py:475} INFO - INSERT INTO menu_restaurant VALUES (9, 50)
[2025-06-22T02:24:42.925+0000] {hive.py:475} INFO - INSERT INTO menu_restaurant VALUES (10, 66)
[2025-06-22T02:24:44.863+0000] {hive.py:475} INFO - INSERT INTO menu_restaurant VALUES (10, 49)
[2025-06-22T02:24:46.771+0000] {hive.py:475} INFO - INSERT INTO menu_restaurant VALUES (11, 40)
[2025-06-22T02:24:48.675+0000] {hive.py:475} INFO - INSERT INTO menu_restaurant VALUES (11, 96)
[2025-06-22T02:24:50.540+0000] {hive.py:475} INFO - INSERT INTO menu_restaurant VALUES (12, 59)
[2025-06-22T02:24:52.013+0000] {hive.py:475} INFO - INSERT INTO menu_restaurant VALUES (12, 54)
[2025-06-22T02:24:53.926+0000] {hive.py:475} INFO - INSERT INTO menu_restaurant VALUES (13, 58)
[2025-06-22T02:24:55.819+0000] {hive.py:475} INFO - INSERT INTO menu_restaurant VALUES (13, 45)
[2025-06-22T02:24:57.740+0000] {hive.py:475} INFO - INSERT INTO menu_restaurant VALUES (14, 79)
[2025-06-22T02:24:59.643+0000] {hive.py:475} INFO - INSERT INTO menu_restaurant VALUES (14, 10)
[2025-06-22T02:25:01.503+0000] {hive.py:475} INFO - INSERT INTO menu_restaurant VALUES (15, 2)
[2025-06-22T02:25:03.413+0000] {hive.py:475} INFO - INSERT INTO menu_restaurant VALUES (15, 101)
[2025-06-22T02:25:05.306+0000] {hive.py:475} INFO - INSERT INTO menu_restaurant VALUES (16, 47)
[2025-06-22T02:25:07.217+0000] {hive.py:475} INFO - INSERT INTO menu_restaurant VALUES (16, 99)
[2025-06-22T02:25:09.183+0000] {hive.py:475} INFO - INSERT INTO menu_restaurant VALUES (17, 100)
[2025-06-22T02:25:11.221+0000] {hive.py:475} INFO - INSERT INTO menu_restaurant VALUES (17, 72)
[2025-06-22T02:25:13.135+0000] {hive.py:475} INFO - INSERT INTO menu_restaurant VALUES (18, 96)
[2025-06-22T02:25:15.059+0000] {hive.py:475} INFO - INSERT INTO menu_restaurant VALUES (18, 89)
[2025-06-22T02:25:16.991+0000] {hive.py:475} INFO - INSERT INTO menu_restaurant VALUES (19, 68)
[2025-06-22T02:25:18.486+0000] {hive.py:475} INFO - INSERT INTO menu_restaurant VALUES (19, 26)
[2025-06-22T02:25:20.396+0000] {hive.py:475} INFO - INSERT INTO menu_restaurant VALUES (20, 23)
[2025-06-22T02:25:22.272+0000] {hive.py:475} INFO - INSERT INTO menu_restaurant VALUES (20, 70)
[2025-06-22T02:25:24.143+0000] {hive.py:475} INFO - INSERT INTO menu_restaurant VALUES (21, 4)
[2025-06-22T02:25:26.134+0000] {hive.py:475} INFO - INSERT INTO menu_restaurant VALUES (21, 48)
[2025-06-22T02:25:28.033+0000] {hive.py:475} INFO - INSERT INTO menu_restaurant VALUES (22, 62)
[2025-06-22T02:25:29.946+0000] {hive.py:475} INFO - INSERT INTO menu_restaurant VALUES (22, 69)
[2025-06-22T02:25:31.824+0000] {hive.py:475} INFO - INSERT INTO menu_restaurant VALUES (23, 19)
[2025-06-22T02:25:33.756+0000] {hive.py:475} INFO - INSERT INTO menu_restaurant VALUES (23, 80)
[2025-06-22T02:25:35.636+0000] {hive.py:475} INFO - INSERT INTO menu_restaurant VALUES (24, 74)
[2025-06-22T02:25:37.567+0000] {hive.py:475} INFO - INSERT INTO menu_restaurant VALUES (24, 53)
[2025-06-22T02:25:39.480+0000] {hive.py:475} INFO - INSERT INTO menu_restaurant VALUES (25, 92)
[2025-06-22T02:25:41.415+0000] {hive.py:475} INFO - INSERT INTO menu_restaurant VALUES (25, 65)
[2025-06-22T02:25:43.337+0000] {hive.py:475} INFO - INSERT INTO menu_restaurant VALUES (26, 103)
[2025-06-22T02:25:45.227+0000] {hive.py:475} INFO - INSERT INTO menu_restaurant VALUES (26, 25)
[2025-06-22T02:25:47.109+0000] {hive.py:475} INFO - INSERT INTO menu_restaurant VALUES (27, 5)
[2025-06-22T02:25:48.983+0000] {hive.py:475} INFO - INSERT INTO menu_restaurant VALUES (27, 31)
[2025-06-22T02:25:50.850+0000] {hive.py:475} INFO - INSERT INTO menu_restaurant VALUES (28, 64)
[2025-06-22T02:25:52.744+0000] {hive.py:475} INFO - INSERT INTO menu_restaurant VALUES (28, 51)
[2025-06-22T02:25:54.629+0000] {hive.py:475} INFO - INSERT INTO menu_restaurant VALUES (29, 12)
[2025-06-22T02:25:56.530+0000] {hive.py:475} INFO - INSERT INTO menu_restaurant VALUES (29, 99)
[2025-06-22T02:25:58.417+0000] {hive.py:475} INFO - INSERT INTO menu_restaurant VALUES (30, 73)
[2025-06-22T02:25:59.884+0000] {hive.py:475} INFO - INSERT INTO menu_restaurant VALUES (30, 85)
[2025-06-22T02:26:01.754+0000] {hive.py:475} INFO - INSERT INTO menu_restaurant VALUES (31, 99)
[2025-06-22T02:26:03.658+0000] {hive.py:475} INFO - INSERT INTO menu_restaurant VALUES (31, 16)
[2025-06-22T02:26:05.591+0000] {hive.py:475} INFO - INSERT INTO menu_restaurant VALUES (32, 13)
[2025-06-22T02:26:07.513+0000] {hive.py:475} INFO - INSERT INTO menu_restaurant VALUES (32, 16)
[2025-06-22T02:26:09.444+0000] {hive.py:475} INFO - INSERT INTO menu_restaurant VALUES (33, 67)
[2025-06-22T02:26:11.415+0000] {hive.py:475} INFO - INSERT INTO menu_restaurant VALUES (33, 7)
[2025-06-22T02:26:13.288+0000] {hive.py:475} INFO - INSERT INTO menu_restaurant VALUES (34, 41)
[2025-06-22T02:26:15.177+0000] {hive.py:475} INFO - INSERT INTO menu_restaurant VALUES (34, 8)
[2025-06-22T02:26:17.108+0000] {hive.py:475} INFO - INSERT INTO menu_restaurant VALUES (35, 62)
[2025-06-22T02:26:19.063+0000] {hive.py:475} INFO - INSERT INTO menu_restaurant VALUES (35, 33)
[2025-06-22T02:26:21.002+0000] {hive.py:475} INFO - INSERT INTO menu_restaurant VALUES (36, 56)
[2025-06-22T02:26:22.912+0000] {hive.py:475} INFO - INSERT INTO menu_restaurant VALUES (36, 53)
[2025-06-22T02:26:24.768+0000] {hive.py:475} INFO - INSERT INTO menu_restaurant VALUES (37, 39)
[2025-06-22T02:26:26.666+0000] {hive.py:475} INFO - INSERT INTO menu_restaurant VALUES (37, 42)
[2025-06-22T02:26:28.626+0000] {hive.py:475} INFO - INSERT INTO menu_restaurant VALUES (38, 86)
[2025-06-22T02:26:30.552+0000] {hive.py:475} INFO - INSERT INTO menu_restaurant VALUES (38, 63)
[2025-06-22T02:26:32.453+0000] {hive.py:475} INFO - INSERT INTO menu_restaurant VALUES (39, 23)
[2025-06-22T02:26:34.380+0000] {hive.py:475} INFO - INSERT INTO menu_restaurant VALUES (39, 102)
[2025-06-22T02:26:36.315+0000] {hive.py:475} INFO - INSERT INTO menu_restaurant VALUES (40, 29)
[2025-06-22T02:26:38.218+0000] {hive.py:475} INFO - INSERT INTO menu_restaurant VALUES (40, 84)
[2025-06-22T02:26:40.125+0000] {hive.py:475} INFO - INSERT INTO menu_restaurant VALUES (41, 94)
[2025-06-22T02:26:41.997+0000] {hive.py:475} INFO - INSERT INTO menu_restaurant VALUES (41, 11)
[2025-06-22T02:26:43.886+0000] {hive.py:475} INFO - INSERT INTO menu_restaurant VALUES (42, 93)
[2025-06-22T02:26:45.805+0000] {hive.py:475} INFO - INSERT INTO menu_restaurant VALUES (42, 45)
[2025-06-22T02:26:47.747+0000] {hive.py:475} INFO - INSERT INTO menu_restaurant VALUES (43, 6)
[2025-06-22T02:26:49.631+0000] {hive.py:475} INFO - INSERT INTO menu_restaurant VALUES (43, 89)
[2025-06-22T02:26:51.506+0000] {hive.py:475} INFO - INSERT INTO menu_restaurant VALUES (44, 28)
[2025-06-22T02:26:53.378+0000] {hive.py:475} INFO - INSERT INTO menu_restaurant VALUES (44, 86)
[2025-06-22T02:26:55.302+0000] {hive.py:475} INFO - INSERT INTO menu_restaurant VALUES (45, 78)
[2025-06-22T02:26:57.198+0000] {hive.py:475} INFO - INSERT INTO menu_restaurant VALUES (45, 1)
[2025-06-22T02:26:59.159+0000] {hive.py:475} INFO - INSERT INTO menu_restaurant VALUES (46, 25)
[2025-06-22T02:27:00.714+0000] {hive.py:475} INFO - INSERT INTO menu_restaurant VALUES (46, 26)
[2025-06-22T02:27:02.622+0000] {hive.py:475} INFO - INSERT INTO menu_restaurant VALUES (47, 48)
[2025-06-22T02:27:04.485+0000] {hive.py:475} INFO - INSERT INTO menu_restaurant VALUES (47, 94)
[2025-06-22T02:27:06.363+0000] {hive.py:475} INFO - INSERT INTO menu_restaurant VALUES (48, 98)
[2025-06-22T02:27:08.246+0000] {hive.py:475} INFO - INSERT INTO menu_restaurant VALUES (48, 93)
[2025-06-22T02:27:10.159+0000] {hive.py:475} INFO - INSERT INTO menu_restaurant VALUES (49, 19)
[2025-06-22T02:27:12.079+0000] {hive.py:475} INFO - INSERT INTO menu_restaurant VALUES (49, 18)
[2025-06-22T02:27:13.988+0000] {hive.py:475} INFO - INSERT INTO menu_restaurant VALUES (50, 74)
[2025-06-22T02:27:15.902+0000] {hive.py:475} INFO - INSERT INTO menu_restaurant VALUES (50, 66)
[2025-06-22T02:27:17.849+0000] {hive.py:475} INFO - INSERT INTO menu_restaurant VALUES (51, 1)
[2025-06-22T02:27:19.795+0000] {hive.py:475} INFO - INSERT INTO menu_restaurant VALUES (51, 60)
[2025-06-22T02:27:21.784+0000] {hive.py:475} INFO - INSERT INTO menu_restaurant VALUES (52, 61)
[2025-06-22T02:27:23.717+0000] {hive.py:475} INFO - INSERT INTO menu_restaurant VALUES (52, 84)
[2025-06-22T02:27:25.590+0000] {hive.py:475} INFO - INSERT INTO menu_restaurant VALUES (53, 45)
[2025-06-22T02:27:27.468+0000] {hive.py:475} INFO - INSERT INTO menu_restaurant VALUES (53, 43)
[2025-06-22T02:27:28.954+0000] {hive.py:475} INFO - INSERT INTO menu_restaurant VALUES (54, 104)
[2025-06-22T02:27:30.830+0000] {hive.py:475} INFO - INSERT INTO menu_restaurant VALUES (54, 34)
[2025-06-22T02:27:32.765+0000] {hive.py:475} INFO - INSERT INTO menu_restaurant VALUES (55, 65)
[2025-06-22T02:27:34.649+0000] {hive.py:475} INFO - INSERT INTO menu_restaurant VALUES (55, 59)
[2025-06-22T02:27:36.545+0000] {hive.py:475} INFO - INSERT INTO menu_restaurant VALUES (56, 64)
[2025-06-22T02:27:38.459+0000] {hive.py:475} INFO - INSERT INTO menu_restaurant VALUES (56, 2)
[2025-06-22T02:27:40.397+0000] {hive.py:475} INFO - INSERT INTO menu_restaurant VALUES (57, 9)
[2025-06-22T02:27:42.314+0000] {hive.py:475} INFO - INSERT INTO menu_restaurant VALUES (57, 52)
[2025-06-22T02:27:44.197+0000] {hive.py:475} INFO - INSERT INTO menu_restaurant VALUES (58, 2)
[2025-06-22T02:27:46.079+0000] {hive.py:475} INFO - INSERT INTO menu_restaurant VALUES (58, 90)
[2025-06-22T02:27:47.954+0000] {hive.py:475} INFO - INSERT INTO menu_restaurant VALUES (59, 103)
[2025-06-22T02:27:49.852+0000] {hive.py:475} INFO - INSERT INTO menu_restaurant VALUES (59, 96)
[2025-06-22T02:27:51.789+0000] {hive.py:475} INFO - INSERT INTO menu_restaurant VALUES (60, 52)
[2025-06-22T02:27:53.675+0000] {hive.py:475} INFO - INSERT INTO menu_restaurant VALUES (60, 75)
[2025-06-22T02:27:55.631+0000] {hive.py:475} INFO - INSERT INTO menu_restaurant VALUES (61, 43)
[2025-06-22T02:27:57.648+0000] {hive.py:475} INFO - INSERT INTO menu_restaurant VALUES (61, 7)
[2025-06-22T02:27:59.679+0000] {hive.py:475} INFO - INSERT INTO menu_restaurant VALUES (62, 4)
[2025-06-22T02:28:01.699+0000] {hive.py:475} INFO - INSERT INTO menu_restaurant VALUES (62, 25)
[2025-06-22T02:28:03.634+0000] {hive.py:475} INFO - INSERT INTO menu_restaurant VALUES (63, 100)
[2025-06-22T02:28:05.599+0000] {hive.py:475} INFO - INSERT INTO menu_restaurant VALUES (63, 86)
[2025-06-22T02:28:07.575+0000] {hive.py:475} INFO - INSERT INTO menu_restaurant VALUES (64, 28)
[2025-06-22T02:28:09.548+0000] {hive.py:475} INFO - INSERT INTO menu_restaurant VALUES (64, 1)
[2025-06-22T02:28:11.507+0000] {hive.py:475} INFO - INSERT INTO menu_restaurant VALUES (65, 19)
[2025-06-22T02:28:13.441+0000] {hive.py:475} INFO - INSERT INTO menu_restaurant VALUES (65, 103)
[2025-06-22T02:28:15.381+0000] {hive.py:475} INFO - INSERT INTO menu_restaurant VALUES (66, 62)
[2025-06-22T02:28:17.323+0000] {hive.py:475} INFO - INSERT INTO menu_restaurant VALUES (66, 42)
[2025-06-22T02:28:19.278+0000] {hive.py:475} INFO - INSERT INTO menu_restaurant VALUES (67, 40)
[2025-06-22T02:28:21.218+0000] {hive.py:475} INFO - INSERT INTO menu_restaurant VALUES (67, 96)
[2025-06-22T02:28:23.243+0000] {hive.py:475} INFO - INSERT INTO menu_restaurant VALUES (68, 4)
[2025-06-22T02:28:25.260+0000] {hive.py:475} INFO - INSERT INTO menu_restaurant VALUES (68, 68)
[2025-06-22T02:28:27.244+0000] {hive.py:475} INFO - INSERT INTO menu_restaurant VALUES (69, 72)
[2025-06-22T02:28:29.179+0000] {hive.py:475} INFO - INSERT INTO menu_restaurant VALUES (69, 37)
[2025-06-22T02:28:31.118+0000] {hive.py:475} INFO - INSERT INTO menu_restaurant VALUES (70, 85)
[2025-06-22T02:28:33.178+0000] {hive.py:475} INFO - INSERT INTO menu_restaurant VALUES (70, 33)
[2025-06-22T02:28:35.153+0000] {hive.py:475} INFO - INSERT INTO menu_restaurant VALUES (71, 22)
[2025-06-22T02:28:37.123+0000] {hive.py:475} INFO - INSERT INTO menu_restaurant VALUES (71, 67)
[2025-06-22T02:28:39.116+0000] {hive.py:475} INFO - INSERT INTO menu_restaurant VALUES (72, 78)
[2025-06-22T02:28:41.044+0000] {hive.py:475} INFO - INSERT INTO menu_restaurant VALUES (72, 8)
[2025-06-22T02:28:43.061+0000] {hive.py:475} INFO - INSERT INTO menu_restaurant VALUES (73, 14)
[2025-06-22T02:28:45.036+0000] {hive.py:475} INFO - INSERT INTO menu_restaurant VALUES (73, 88)
[2025-06-22T02:28:47.013+0000] {hive.py:475} INFO - INSERT INTO menu_restaurant VALUES (74, 88)
[2025-06-22T02:28:48.942+0000] {hive.py:475} INFO - INSERT INTO menu_restaurant VALUES (74, 90)
[2025-06-22T02:28:50.817+0000] {hive.py:475} INFO - INSERT INTO menu_restaurant VALUES (75, 5)
[2025-06-22T02:28:52.708+0000] {hive.py:475} INFO - INSERT INTO menu_restaurant VALUES (75, 94)
[2025-06-22T02:28:54.621+0000] {hive.py:475} INFO - INSERT INTO menu_restaurant VALUES (76, 57)
[2025-06-22T02:28:56.569+0000] {hive.py:475} INFO - INSERT INTO menu_restaurant VALUES (76, 41)
[2025-06-22T02:28:58.582+0000] {hive.py:475} INFO - INSERT INTO menu_restaurant VALUES (77, 83)
[2025-06-22T02:29:00.560+0000] {hive.py:475} INFO - INSERT INTO menu_restaurant VALUES (77, 95)
[2025-06-22T02:29:02.611+0000] {hive.py:475} INFO - INSERT INTO menu_restaurant VALUES (78, 31)
[2025-06-22T02:29:04.512+0000] {hive.py:475} INFO - INSERT INTO menu_restaurant VALUES (78, 97)
[2025-06-22T02:29:06.393+0000] {hive.py:475} INFO - INSERT INTO menu_restaurant VALUES (79, 101)
[2025-06-22T02:29:08.284+0000] {hive.py:475} INFO - INSERT INTO menu_restaurant VALUES (79, 84)
[2025-06-22T02:29:10.189+0000] {hive.py:475} INFO - INSERT INTO menu_restaurant VALUES (80, 67)
[2025-06-22T02:29:12.251+0000] {hive.py:475} INFO - INSERT INTO menu_restaurant VALUES (80, 51)
[2025-06-22T02:29:14.170+0000] {hive.py:475} INFO - INSERT INTO menu_restaurant VALUES (81, 74)
[2025-06-22T02:29:15.697+0000] {hive.py:475} INFO - INSERT INTO menu_restaurant VALUES (81, 104)
[2025-06-22T02:29:17.887+0000] {hive.py:475} INFO - INSERT INTO menu_restaurant VALUES (82, 71)
[2025-06-22T02:29:20.022+0000] {hive.py:475} INFO - INSERT INTO menu_restaurant VALUES (82, 87)
[2025-06-22T02:29:21.982+0000] {hive.py:475} INFO - INSERT INTO menu_restaurant VALUES (83, 83)
[2025-06-22T02:29:23.947+0000] {hive.py:475} INFO - INSERT INTO menu_restaurant VALUES (83, 13)
[2025-06-22T02:29:25.990+0000] {hive.py:475} INFO - INSERT INTO menu_restaurant VALUES (84, 62)
[2025-06-22T02:29:29.204+0000] {hive.py:475} INFO - INSERT INTO menu_restaurant VALUES (84, 61)
[2025-06-22T02:29:31.416+0000] {hive.py:475} INFO - INSERT INTO menu_restaurant VALUES (85, 3)
[2025-06-22T02:29:33.480+0000] {hive.py:475} INFO - INSERT INTO menu_restaurant VALUES (85, 49)
[2025-06-22T02:29:35.837+0000] {hive.py:475} INFO - INSERT INTO menu_restaurant VALUES (86, 75)
[2025-06-22T02:29:37.885+0000] {hive.py:475} INFO - INSERT INTO menu_restaurant VALUES (86, 11)
[2025-06-22T02:29:40.119+0000] {hive.py:475} INFO - INSERT INTO menu_restaurant VALUES (87, 66)
[2025-06-22T02:29:42.429+0000] {hive.py:475} INFO - INSERT INTO menu_restaurant VALUES (87, 5)
[2025-06-22T02:29:44.799+0000] {hive.py:475} INFO - INSERT INTO menu_restaurant VALUES (88, 74)
[2025-06-22T02:29:49.307+0000] {hive.py:475} INFO - INSERT INTO menu_restaurant VALUES (88, 13)
[2025-06-22T02:29:51.553+0000] {hive.py:475} INFO - INSERT INTO menu_restaurant VALUES (89, 21)
[2025-06-22T02:29:55.176+0000] {hive.py:475} INFO - INSERT INTO menu_restaurant VALUES (89, 85)
[2025-06-22T02:29:59.016+0000] {hive.py:475} INFO - INSERT INTO menu_restaurant VALUES (90, 42)
[2025-06-22T02:30:03.377+0000] {hive.py:475} INFO - INSERT INTO menu_restaurant VALUES (90, 2)
[2025-06-22T02:30:06.638+0000] {hive.py:475} INFO - INSERT INTO menu_restaurant VALUES (91, 40)
[2025-06-22T02:30:10.041+0000] {hive.py:475} INFO - INSERT INTO menu_restaurant VALUES (91, 78)
[2025-06-22T02:30:12.030+0000] {hive.py:475} INFO - INSERT INTO menu_restaurant VALUES (92, 52)
[2025-06-22T02:30:14.041+0000] {hive.py:475} INFO - INSERT INTO menu_restaurant VALUES (92, 70)
[2025-06-22T02:30:16.079+0000] {hive.py:475} INFO - INSERT INTO menu_restaurant VALUES (93, 69)
[2025-06-22T02:30:18.072+0000] {hive.py:475} INFO - INSERT INTO menu_restaurant VALUES (93, 10)
[2025-06-22T02:30:19.662+0000] {hive.py:475} INFO - INSERT INTO menu_restaurant VALUES (94, 33)
[2025-06-22T02:30:21.769+0000] {hive.py:475} INFO - INSERT INTO menu_restaurant VALUES (94, 22)
[2025-06-22T02:30:24.012+0000] {hive.py:475} INFO - INSERT INTO menu_restaurant VALUES (95, 31)
[2025-06-22T02:30:26.226+0000] {hive.py:475} INFO - INSERT INTO menu_restaurant VALUES (95, 93)
[2025-06-22T02:30:28.256+0000] {hive.py:475} INFO - INSERT INTO menu_restaurant VALUES (96, 97)
[2025-06-22T02:30:30.316+0000] {hive.py:475} INFO - INSERT INTO menu_restaurant VALUES (96, 27)
[2025-06-22T02:30:34.136+0000] {hive.py:475} INFO - INSERT INTO menu_restaurant VALUES (97, 102)
[2025-06-22T02:30:36.350+0000] {hive.py:475} INFO - INSERT INTO menu_restaurant VALUES (97, 1)
[2025-06-22T02:30:42.055+0000] {hive.py:475} INFO - INSERT INTO menu_restaurant VALUES (98, 76)
[2025-06-22T02:30:45.880+0000] {hive.py:475} INFO - INSERT INTO menu_restaurant VALUES (98, 3)
[2025-06-22T02:30:49.586+0000] {hive.py:475} INFO - INSERT INTO menu_restaurant VALUES (99, 28)
[2025-06-22T02:30:51.514+0000] {hive.py:475} INFO - INSERT INTO menu_restaurant VALUES (99, 49)
[2025-06-22T02:30:53.775+0000] {hive.py:475} INFO - INSERT INTO menu_restaurant VALUES (100, 65)
[2025-06-22T02:30:55.963+0000] {hive.py:475} INFO - INSERT INTO menu_restaurant VALUES (100, 104)
[2025-06-22T02:30:57.714+0000] {hive.py:475} INFO - INSERT INTO menu_restaurant VALUES (101, 83)
[2025-06-22T02:30:59.909+0000] {hive.py:475} INFO - INSERT INTO menu_restaurant VALUES (101, 87)
[2025-06-22T02:31:02.127+0000] {hive.py:475} INFO - INSERT INTO menu_restaurant VALUES (102, 68)
[2025-06-22T02:31:04.139+0000] {hive.py:475} INFO - INSERT INTO menu_restaurant VALUES (102, 58)
[2025-06-22T02:31:05.772+0000] {hive.py:475} INFO - INSERT INTO menu_restaurant VALUES (103, 89)
[2025-06-22T02:31:07.807+0000] {hive.py:475} INFO - INSERT INTO menu_restaurant VALUES (103, 31)
[2025-06-22T02:31:09.755+0000] {hive.py:475} INFO - INSERT INTO menu_restaurant VALUES (104, 89)
[2025-06-22T02:31:11.702+0000] {hive.py:475} INFO - INSERT INTO menu_restaurant VALUES (104, 83)
[2025-06-22T02:31:13.292+0000] {hive.py:475} INFO - INSERT INTO menu_restaurant VALUES (105, 66)
[2025-06-22T02:31:14.839+0000] {hive.py:475} INFO - INSERT INTO menu_restaurant VALUES (105, 85)
[2025-06-22T02:31:16.837+0000] {hive.py:475} INFO - INSERT INTO menu_restaurant VALUES (106, 35)
[2025-06-22T02:31:18.783+0000] {hive.py:475} INFO - INSERT INTO menu_restaurant VALUES (106, 104)
[2025-06-22T02:31:22.772+0000] {hive.py:475} INFO - INSERT INTO menu_restaurant VALUES (107, 48)
[2025-06-22T02:31:24.840+0000] {hive.py:475} INFO - INSERT INTO menu_restaurant VALUES (107, 53)
[2025-06-22T02:31:27.177+0000] {hive.py:475} INFO - INSERT INTO menu_restaurant VALUES (108, 31)
[2025-06-22T02:31:29.479+0000] {hive.py:475} INFO - INSERT INTO menu_restaurant VALUES (108, 23)
[2025-06-22T02:31:31.578+0000] {hive.py:475} INFO - INSERT INTO menu_restaurant VALUES (109, 2)
[2025-06-22T02:31:33.367+0000] {hive.py:475} INFO - INSERT INTO menu_restaurant VALUES (109, 3)
[2025-06-22T02:31:35.133+0000] {hive.py:475} INFO - INSERT INTO menu_restaurant VALUES (110, 46)
[2025-06-22T02:31:37.184+0000] {hive.py:475} INFO - INSERT INTO menu_restaurant VALUES (110, 33)
[2025-06-22T02:31:39.424+0000] {hive.py:475} INFO - INSERT INTO menu_restaurant VALUES (111, 77)
[2025-06-22T02:31:41.627+0000] {hive.py:475} INFO - INSERT INTO menu_restaurant VALUES (111, 56)
[2025-06-22T02:31:44.243+0000] {hive.py:475} INFO - INSERT INTO menu_restaurant VALUES (112, 95)
[2025-06-22T02:31:49.396+0000] {hive.py:475} INFO - INSERT INTO menu_restaurant VALUES (112, 4)
[2025-06-22T02:31:51.566+0000] {hive.py:475} INFO - INSERT INTO menu_restaurant VALUES (113, 98)
[2025-06-22T02:31:53.719+0000] {hive.py:475} INFO - INSERT INTO menu_restaurant VALUES (113, 83)
[2025-06-22T02:31:55.909+0000] {hive.py:475} INFO - INSERT INTO menu_restaurant VALUES (114, 65)
[2025-06-22T02:31:58.096+0000] {hive.py:475} INFO - INSERT INTO menu_restaurant VALUES (114, 64)
[2025-06-22T02:32:02.074+0000] {hive.py:475} INFO - INSERT INTO menu_restaurant VALUES (115, 30)
[2025-06-22T02:32:04.114+0000] {hive.py:475} INFO - INSERT INTO menu_restaurant VALUES (115, 1)
[2025-06-22T02:32:06.114+0000] {hive.py:475} INFO - INSERT INTO menu_restaurant VALUES (116, 28)
[2025-06-22T02:32:08.083+0000] {hive.py:475} INFO - INSERT INTO menu_restaurant VALUES (116, 44)
[2025-06-22T02:32:10.020+0000] {hive.py:475} INFO - INSERT INTO menu_restaurant VALUES (117, 75)
[2025-06-22T02:32:11.998+0000] {hive.py:475} INFO - INSERT INTO menu_restaurant VALUES (117, 69)
[2025-06-22T02:32:14.006+0000] {hive.py:475} INFO - INSERT INTO menu_restaurant VALUES (118, 36)
[2025-06-22T02:32:16.023+0000] {hive.py:475} INFO - INSERT INTO menu_restaurant VALUES (118, 1)
[2025-06-22T02:32:18.074+0000] {hive.py:475} INFO - INSERT INTO menu_restaurant VALUES (119, 30)
[2025-06-22T02:32:22.112+0000] {hive.py:475} INFO - INSERT INTO menu_restaurant VALUES (119, 102)
[2025-06-22T02:32:24.241+0000] {hive.py:475} INFO - INSERT INTO menu_restaurant VALUES (120, 41)
[2025-06-22T02:32:26.819+0000] {hive.py:475} INFO - INSERT INTO menu_restaurant VALUES (120, 3)
[2025-06-22T02:32:29.065+0000] {hive.py:475} INFO - INSERT INTO menu_restaurant VALUES (121, 79)
[2025-06-22T02:32:31.215+0000] {hive.py:475} INFO - INSERT INTO menu_restaurant VALUES (121, 4)
[2025-06-22T02:32:33.006+0000] {hive.py:475} INFO - INSERT INTO menu_restaurant VALUES (122, 62)
[2025-06-22T02:32:35.093+0000] {hive.py:475} INFO - INSERT INTO menu_restaurant VALUES (122, 82)
[2025-06-22T02:32:37.403+0000] {hive.py:475} INFO - INSERT INTO menu_restaurant VALUES (123, 86)
[2025-06-22T02:32:39.093+0000] {hive.py:475} INFO - INSERT INTO menu_restaurant VALUES (123, 79)
[2025-06-22T02:32:41.693+0000] {hive.py:475} INFO - INSERT INTO menu_restaurant VALUES (124, 93)
[2025-06-22T02:32:43.735+0000] {hive.py:475} INFO - INSERT INTO menu_restaurant VALUES (124, 58)
[2025-06-22T02:32:45.572+0000] {local_task_job_runner.py:124} ERROR - Received SIGTERM. Terminating subprocesses
[2025-06-22T02:32:47.064+0000] {process_utils.py:132} INFO - Sending 15 to group 62. PIDs of all processes in the group: [62]
[2025-06-22T02:32:47.066+0000] {process_utils.py:87} INFO - Sending the signal 15 to group 62
[2025-06-22T02:32:47.310+0000] {taskinstance.py:2611} ERROR - Received SIGTERM. Terminating subprocesses.
[2025-06-22T02:32:47.314+0000] {taskinstance.py:441} INFO - ::group::Post task execution logs
[2025-06-22T02:32:48.425+0000] {taskinstance.py:2905} ERROR - Task failed with exception
Traceback (most recent call last):
  File "/home/airflow/.local/lib/python3.12/site-packages/airflow/models/taskinstance.py", line 465, in _execute_task
    result = _execute_callable(context=context, **execute_callable_kwargs)
             ^^^^^^^^^^^^^^^^^^^^^^^^^^^^^^^^^^^^^^^^^^^^^^^^^^^^^^^^^^^^^
  File "/home/airflow/.local/lib/python3.12/site-packages/airflow/models/taskinstance.py", line 432, in _execute_callable
    return execute_callable(context=context, **execute_callable_kwargs)
           ^^^^^^^^^^^^^^^^^^^^^^^^^^^^^^^^^^^^^^^^^^^^^^^^^^^^^^^^^^^^
  File "/home/airflow/.local/lib/python3.12/site-packages/airflow/models/baseoperator.py", line 400, in wrapper
    return func(self, *args, **kwargs)
           ^^^^^^^^^^^^^^^^^^^^^^^^^^^
  File "/home/airflow/.local/lib/python3.12/site-packages/airflow/operators/python.py", line 235, in execute
    return_value = self.execute_callable()
                   ^^^^^^^^^^^^^^^^^^^^^^^
  File "/home/airflow/.local/lib/python3.12/site-packages/airflow/operators/python.py", line 252, in execute_callable
    return self.python_callable(*self.op_args, **self.op_kwargs)
           ^^^^^^^^^^^^^^^^^^^^^^^^^^^^^^^^^^^^^^^^^^^^^^^^^^^^^
  File "/opt/airflow/dags/scripts/load_to_hive.py", line 56, in load_to_hive
    conn.close()
                ^
  File "/home/airflow/.local/lib/python3.12/site-packages/pyhive/hive.py", line 480, in execute
    response = self._connection.client.ExecuteStatement(req)
               ^^^^^^^^^^^^^^^^^^^^^^^^^^^^^^^^^^^^^^^^^^^^^
  File "/home/airflow/.local/lib/python3.12/site-packages/TCLIService/TCLIService.py", line 280, in ExecuteStatement
    return self.recv_ExecuteStatement()
           ^^^^^^^^^^^^^^^^^^^^^^^^^^^^
  File "/home/airflow/.local/lib/python3.12/site-packages/TCLIService/TCLIService.py", line 292, in recv_ExecuteStatement
    (fname, mtype, rseqid) = iprot.readMessageBegin()
                             ^^^^^^^^^^^^^^^^^^^^^^^^
  File "/home/airflow/.local/lib/python3.12/site-packages/thrift/protocol/TBinaryProtocol.py", line 135, in readMessageBegin
    sz = self.readI32()
         ^^^^^^^^^^^^^^
  File "/home/airflow/.local/lib/python3.12/site-packages/thrift/protocol/TBinaryProtocol.py", line 218, in readI32
    buff = self.trans.readAll(4)
           ^^^^^^^^^^^^^^^^^^^^^
  File "/home/airflow/.local/lib/python3.12/site-packages/thrift/transport/TTransport.py", line 63, in readAll
    chunk = self.read(sz - have)
            ^^^^^^^^^^^^^^^^^^^^
  File "/home/airflow/.local/lib/python3.12/site-packages/thrift_sasl/__init__.py", line 173, in read
    self._read_frame()
  File "/home/airflow/.local/lib/python3.12/site-packages/thrift_sasl/__init__.py", line 177, in _read_frame
    header = self._trans_read_all(4)
             ^^^^^^^^^^^^^^^^^^^^^^^
  File "/home/airflow/.local/lib/python3.12/site-packages/thrift_sasl/__init__.py", line 210, in _trans_read_all
    return read_all(sz)
           ^^^^^^^^^^^^
  File "/home/airflow/.local/lib/python3.12/site-packages/thrift/transport/TTransport.py", line 63, in readAll
    chunk = self.read(sz - have)
            ^^^^^^^^^^^^^^^^^^^^
  File "/home/airflow/.local/lib/python3.12/site-packages/thrift/transport/TSocket.py", line 157, in read
    buff = self.handle.recv(sz)
           ^^^^^^^^^^^^^^^^^^^^
  File "/home/airflow/.local/lib/python3.12/site-packages/airflow/models/taskinstance.py", line 2613, in signal_handler
    raise AirflowTaskTerminated("Task received SIGTERM signal")
airflow.exceptions.AirflowTaskTerminated: Task received SIGTERM signal
[2025-06-22T02:32:48.645+0000] {taskinstance.py:1206} INFO - Marking task as FAILED. dag_id=etl_pipeline, task_id=load, run_id=manual__2025-06-22T02:20:28.560513+00:00, execution_date=20250622T022028, start_date=20250622T022040, end_date=20250622T023248
[2025-06-22T02:32:48.911+0000] {process_utils.py:80} INFO - Process psutil.Process(pid=62, status='terminated', exitcode=2, started='02:20:40') (62) terminated with exit code 2
[2025-06-22T02:32:48.917+0000] {local_task_job_runner.py:240} INFO - Task exited with return code 143
[2025-06-22T02:32:49.012+0000] {taskinstance.py:3498} INFO - 0 downstream tasks scheduled from follow-on schedule check
[2025-06-22T02:32:49.066+0000] {local_task_job_runner.py:222} INFO - ::endgroup::
