[2025-06-22T18:38:23.298+0000] {local_task_job_runner.py:120} INFO - ::group::Pre task execution logs
[2025-06-22T18:38:23.325+0000] {taskinstance.py:2076} INFO - Dependencies all met for dep_context=non-requeueable deps ti=<TaskInstance: etl_pipeline.extract manual__2025-06-22T18:38:13.991536+00:00 [queued]>
[2025-06-22T18:38:23.333+0000] {taskinstance.py:2076} INFO - Dependencies all met for dep_context=requeueable deps ti=<TaskInstance: etl_pipeline.extract manual__2025-06-22T18:38:13.991536+00:00 [queued]>
[2025-06-22T18:38:23.347+0000] {taskinstance.py:2306} INFO - Starting attempt 1 of 1
[2025-06-22T18:38:23.390+0000] {taskinstance.py:2330} INFO - Executing <Task(PythonOperator): extract> on 2025-06-22 18:38:13.991536+00:00
[2025-06-22T18:38:23.396+0000] {standard_task_runner.py:90} INFO - Running: ['airflow', 'tasks', 'run', 'etl_pipeline', 'extract', 'manual__2025-06-22T18:38:13.991536+00:00', '--job-id', '90', '--raw', '--subdir', 'DAGS_FOLDER/etl_dag.py', '--cfg-path', '/tmp/tmpc5bzapes']
[2025-06-22T18:38:23.398+0000] {standard_task_runner.py:91} INFO - Job 90: Subtask extract
[2025-06-22T18:38:23.400+0000] {logging_mixin.py:188} WARNING - /home/airflow/.local/lib/python3.12/site-packages/airflow/task/task_runner/standard_task_runner.py:61 DeprecationWarning: This process (pid=50) is multi-threaded, use of fork() may lead to deadlocks in the child.
[2025-06-22T18:38:23.401+0000] {standard_task_runner.py:63} INFO - Started process 59 to run task
[2025-06-22T18:38:23.474+0000] {task_command.py:426} INFO - Running <TaskInstance: etl_pipeline.extract manual__2025-06-22T18:38:13.991536+00:00 [running]> on host 8983ef640d38
[2025-06-22T18:38:23.614+0000] {taskinstance.py:2648} INFO - Exporting env vars: AIRFLOW_CTX_DAG_OWNER='airflow' AIRFLOW_CTX_DAG_ID='etl_pipeline' AIRFLOW_CTX_TASK_ID='extract' AIRFLOW_CTX_EXECUTION_DATE='2025-06-22T18:38:13.991536+00:00' AIRFLOW_CTX_TRY_NUMBER='1' AIRFLOW_CTX_DAG_RUN_ID='manual__2025-06-22T18:38:13.991536+00:00'
[2025-06-22T18:38:23.615+0000] {taskinstance.py:430} INFO - ::endgroup::
[2025-06-22T18:38:23.635+0000] {logging_mixin.py:188} INFO - Extrayendo tabla: order_line
[2025-06-22T18:38:23.639+0000] {logging_mixin.py:188} WARNING - /opt/airflow/dags/scripts/extract_postgres.py:25 UserWarning: pandas only supports SQLAlchemy connectable (engine/connection) or database string URI or sqlite3 DBAPI2 connection. Other DBAPI2 objects are not tested. Please consider using SQLAlchemy.
[2025-06-22T18:38:23.655+0000] {logging_mixin.py:188} INFO - Extrayendo tabla: reservation
[2025-06-22T18:38:23.666+0000] {logging_mixin.py:188} INFO - Extrayendo tabla: Order
[2025-06-22T18:38:23.676+0000] {logging_mixin.py:188} INFO - Extrayendo tabla: Table
[2025-06-22T18:38:23.688+0000] {logging_mixin.py:188} INFO - Extrayendo tabla: menu_restaurant
[2025-06-22T18:38:23.697+0000] {logging_mixin.py:188} INFO - Extrayendo tabla: products
[2025-06-22T18:38:23.706+0000] {logging_mixin.py:188} INFO - Extrayendo tabla: menu
[2025-06-22T18:38:23.711+0000] {logging_mixin.py:188} INFO - Extrayendo tabla: restaurant
[2025-06-22T18:38:23.718+0000] {logging_mixin.py:188} INFO - Extrayendo tabla: users
[2025-06-22T18:38:23.726+0000] {python.py:237} INFO - Done. Returned value was: None
[2025-06-22T18:38:23.727+0000] {taskinstance.py:441} INFO - ::group::Post task execution logs
[2025-06-22T18:38:23.741+0000] {taskinstance.py:1206} INFO - Marking task as SUCCESS. dag_id=etl_pipeline, task_id=extract, run_id=manual__2025-06-22T18:38:13.991536+00:00, execution_date=20250622T183813, start_date=20250622T183823, end_date=20250622T183823
[2025-06-22T18:38:23.817+0000] {local_task_job_runner.py:240} INFO - Task exited with return code 0
[2025-06-22T18:38:23.848+0000] {taskinstance.py:3498} INFO - 1 downstream tasks scheduled from follow-on schedule check
[2025-06-22T18:38:23.884+0000] {local_task_job_runner.py:222} INFO - ::endgroup::
