[2025-06-23T00:46:16.611+0000] {local_task_job_runner.py:120} INFO - ::group::Pre task execution logs
[2025-06-23T00:46:16.638+0000] {taskinstance.py:2076} INFO - Dependencies all met for dep_context=non-requeueable deps ti=<TaskInstance: etl_pipeline.analize manual__2025-06-23T00:45:36.765891+00:00 [queued]>
[2025-06-23T00:46:16.647+0000] {taskinstance.py:2076} INFO - Dependencies all met for dep_context=requeueable deps ti=<TaskInstance: etl_pipeline.analize manual__2025-06-23T00:45:36.765891+00:00 [queued]>
[2025-06-23T00:46:16.648+0000] {taskinstance.py:2306} INFO - Starting attempt 1 of 1
[2025-06-23T00:46:16.674+0000] {taskinstance.py:2330} INFO - Executing <Task(PythonOperator): analize> on 2025-06-23 00:45:36.765891+00:00
[2025-06-23T00:46:16.681+0000] {standard_task_runner.py:90} INFO - Running: ['airflow', 'tasks', 'run', 'etl_pipeline', 'analize', 'manual__2025-06-23T00:45:36.765891+00:00', '--job-id', '174', '--raw', '--subdir', 'DAGS_FOLDER/etl_dag.py', '--cfg-path', '/tmp/tmpyzuaqc33']
[2025-06-23T00:46:16.685+0000] {standard_task_runner.py:91} INFO - Job 174: Subtask analize
[2025-06-23T00:46:16.690+0000] {logging_mixin.py:188} WARNING - /home/airflow/.local/lib/python3.12/site-packages/airflow/task/task_runner/standard_task_runner.py:61 DeprecationWarning: This process (pid=474) is multi-threaded, use of fork() may lead to deadlocks in the child.
[2025-06-23T00:46:16.691+0000] {standard_task_runner.py:63} INFO - Started process 483 to run task
[2025-06-23T00:46:16.753+0000] {task_command.py:426} INFO - Running <TaskInstance: etl_pipeline.analize manual__2025-06-23T00:45:36.765891+00:00 [running]> on host bf7d98e72989
[2025-06-23T00:46:16.856+0000] {taskinstance.py:2648} INFO - Exporting env vars: AIRFLOW_CTX_DAG_OWNER='airflow' AIRFLOW_CTX_DAG_ID='etl_pipeline' AIRFLOW_CTX_TASK_ID='analize' AIRFLOW_CTX_EXECUTION_DATE='2025-06-23T00:45:36.765891+00:00' AIRFLOW_CTX_TRY_NUMBER='1' AIRFLOW_CTX_DAG_RUN_ID='manual__2025-06-23T00:45:36.765891+00:00'
[2025-06-23T00:46:16.857+0000] {taskinstance.py:430} INFO - ::endgroup::
[2025-06-23T00:46:16.974+0000] {hive.py:475} INFO - USE `default`
[2025-06-23T00:46:17.041+0000] {hive.py:475} INFO -  
        CREATE OR REPLACE VIEW sales_by_mon AS
        SELECT
            CAST(date_format(CAST(o.datetime AS timestamp), 'yyyy') AS INT) AS year,
            CAST(date_format(CAST(o.datetime AS timestamp), 'MM') AS INT) AS month,
            SUM(ol.price) AS total_sales
        FROM `order` o
        JOIN order_line ol ON o.order_id = ol.order_id
        GROUP BY 
            CAST(date_format(CAST(o.datetime AS timestamp), 'yyyy') AS INT),
            CAST(date_format(CAST(o.datetime AS timestamp), 'MM') AS INT)
    
[2025-06-23T00:46:18.562+0000] {hive.py:475} INFO -  
        CREATE OR REPLACE VIEW sales_by_product AS
        SELECT 
            name AS product_name,
            SUM(price) AS total_sales
        FROM product_sales
        GROUP BY name
    
[2025-06-23T00:46:18.686+0000] {hive.py:475} INFO -  
        CREATE OR REPLACE VIEW reservations_by_date AS
        SELECT 
            TO_DATE(datetime) AS reservation_date,
            COUNT(*) AS num_reservations
        FROM reservation
        GROUP BY TO_DATE(datetime)
    
[2025-06-23T00:46:18.785+0000] {hive.py:475} INFO -  
        CREATE OR REPLACE VIEW monthly_sales_growth AS
        SELECT
            year(datetime) AS year,
            month(datetime) AS month,
            SUM(total) AS total_sales
        FROM sales
        GROUP BY year(datetime), month(datetime)
    
[2025-06-23T00:46:18.872+0000] {hive.py:475} INFO -  
        CREATE OR REPLACE VIEW peak_order_hours AS
        SELECT
            HOUR(datetime) AS hour,
            COUNT(*) AS order_count
        FROM `order`
        GROUP BY HOUR(datetime)
    
[2025-06-23T00:46:18.961+0000] {hive.py:475} INFO -  
        CREATE OR REPLACE VIEW weekly_reservation_patterns AS
        SELECT
            DAYOFWEEK(datetime) AS weekday,
            COUNT(*) AS total_reservations
        FROM reservation
        GROUP BY DAYOFWEEK(datetime)
        ORDER BY weekday
    
[2025-06-23T00:46:19.064+0000] {python.py:237} INFO - Done. Returned value was: None
[2025-06-23T00:46:19.065+0000] {taskinstance.py:441} INFO - ::group::Post task execution logs
[2025-06-23T00:46:19.079+0000] {taskinstance.py:1206} INFO - Marking task as SUCCESS. dag_id=etl_pipeline, task_id=analize, run_id=manual__2025-06-23T00:45:36.765891+00:00, execution_date=20250623T004536, start_date=20250623T004616, end_date=20250623T004619
[2025-06-23T00:46:19.115+0000] {local_task_job_runner.py:240} INFO - Task exited with return code 0
[2025-06-23T00:46:19.130+0000] {taskinstance.py:3498} INFO - 0 downstream tasks scheduled from follow-on schedule check
[2025-06-23T00:46:19.132+0000] {local_task_job_runner.py:222} INFO - ::endgroup::
