[2025-06-23T01:08:14.505+0000] {local_task_job_runner.py:120} INFO - ::group::Pre task execution logs
[2025-06-23T01:08:14.533+0000] {taskinstance.py:2076} INFO - Dependencies all met for dep_context=non-requeueable deps ti=<TaskInstance: etl_pipeline.load manual__2025-06-23T01:07:43.983527+00:00 [queued]>
[2025-06-23T01:08:14.543+0000] {taskinstance.py:2076} INFO - Dependencies all met for dep_context=requeueable deps ti=<TaskInstance: etl_pipeline.load manual__2025-06-23T01:07:43.983527+00:00 [queued]>
[2025-06-23T01:08:14.544+0000] {taskinstance.py:2306} INFO - Starting attempt 1 of 1
[2025-06-23T01:08:14.573+0000] {taskinstance.py:2330} INFO - Executing <Task(PythonOperator): load> on 2025-06-23 01:07:43.983527+00:00
[2025-06-23T01:08:14.580+0000] {standard_task_runner.py:90} INFO - Running: ['airflow', 'tasks', 'run', 'etl_pipeline', 'load', 'manual__2025-06-23T01:07:43.983527+00:00', '--job-id', '182', '--raw', '--subdir', 'DAGS_FOLDER/etl_dag.py', '--cfg-path', '/tmp/tmpudrbvvau']
[2025-06-23T01:08:14.583+0000] {standard_task_runner.py:91} INFO - Job 182: Subtask load
[2025-06-23T01:08:14.589+0000] {logging_mixin.py:188} WARNING - /home/airflow/.local/lib/python3.12/site-packages/airflow/task/task_runner/standard_task_runner.py:61 DeprecationWarning: This process (pid=507) is multi-threaded, use of fork() may lead to deadlocks in the child.
[2025-06-23T01:08:14.590+0000] {standard_task_runner.py:63} INFO - Started process 516 to run task
[2025-06-23T01:08:14.684+0000] {task_command.py:426} INFO - Running <TaskInstance: etl_pipeline.load manual__2025-06-23T01:07:43.983527+00:00 [running]> on host 8e3fa3848122
[2025-06-23T01:08:14.817+0000] {taskinstance.py:2648} INFO - Exporting env vars: AIRFLOW_CTX_DAG_OWNER='airflow' AIRFLOW_CTX_DAG_ID='etl_pipeline' AIRFLOW_CTX_TASK_ID='load' AIRFLOW_CTX_EXECUTION_DATE='2025-06-23T01:07:43.983527+00:00' AIRFLOW_CTX_TRY_NUMBER='1' AIRFLOW_CTX_DAG_RUN_ID='manual__2025-06-23T01:07:43.983527+00:00'
[2025-06-23T01:08:14.818+0000] {taskinstance.py:430} INFO - ::endgroup::
[2025-06-23T01:08:15.267+0000] {hive.py:475} INFO - USE `default`
[2025-06-23T01:08:16.537+0000] {logging_mixin.py:188} INFO - Cargando tabla: customers desde /opt/airflow/dags/customers.csv
[2025-06-23T01:08:16.549+0000] {hive.py:475} INFO - 
                CREATE TABLE IF NOT EXISTS `customers` (
                    user_id INT, Role STRING, email STRING
                )
                ROW FORMAT DELIMITED
                FIELDS TERMINATED BY ','
                STORED AS TEXTFILE
            
[2025-06-23T01:08:17.342+0000] {hive.py:475} INFO - LOAD DATA LOCAL INPATH '/opt/airflow/dags/customers.csv' OVERWRITE INTO TABLE `customers`
[2025-06-23T01:08:18.948+0000] {logging_mixin.py:188} INFO - Cargando tabla: Order desde /opt/airflow/dags/Order.csv
[2025-06-23T01:08:18.958+0000] {hive.py:475} INFO - 
                CREATE TABLE IF NOT EXISTS `Order` (
                    order_id INT, Datetime STRING, user_id INT, restaurant_id INT, Address STRING, Status STRING
                )
                ROW FORMAT DELIMITED
                FIELDS TERMINATED BY ','
                STORED AS TEXTFILE
            
[2025-06-23T01:08:19.085+0000] {hive.py:475} INFO - LOAD DATA LOCAL INPATH '/opt/airflow/dags/Order.csv' OVERWRITE INTO TABLE `Order`
[2025-06-23T01:08:19.503+0000] {logging_mixin.py:188} INFO - Cargando tabla: order_line desde /opt/airflow/dags/order_line.csv
[2025-06-23T01:08:19.508+0000] {hive.py:475} INFO - 
                CREATE TABLE IF NOT EXISTS `order_line` (
                    order_id INT, product_id INT, price FLOAT
                )
                ROW FORMAT DELIMITED
                FIELDS TERMINATED BY ','
                STORED AS TEXTFILE
            
[2025-06-23T01:08:19.615+0000] {hive.py:475} INFO - LOAD DATA LOCAL INPATH '/opt/airflow/dags/order_line.csv' OVERWRITE INTO TABLE `order_line`
[2025-06-23T01:08:20.159+0000] {logging_mixin.py:188} INFO - Cargando tabla: products desde /opt/airflow/dags/products.csv
[2025-06-23T01:08:20.166+0000] {hive.py:475} INFO - 
                CREATE TABLE IF NOT EXISTS `products` (
                    product_id INT, Name STRING, menu_id INT, price FLOAT
                )
                ROW FORMAT DELIMITED
                FIELDS TERMINATED BY ','
                STORED AS TEXTFILE
            
[2025-06-23T01:08:20.280+0000] {hive.py:475} INFO - LOAD DATA LOCAL INPATH '/opt/airflow/dags/products.csv' OVERWRITE INTO TABLE `products`
[2025-06-23T01:08:20.668+0000] {logging_mixin.py:188} INFO - Cargando tabla: product_sales desde /opt/airflow/dags/product_sales.csv
[2025-06-23T01:08:20.677+0000] {hive.py:475} INFO - 
                CREATE TABLE IF NOT EXISTS `product_sales` (
                    product_id INT, name STRING, menu_id INT, order_id INT, price FLOAT
                )
                ROW FORMAT DELIMITED
                FIELDS TERMINATED BY ','
                STORED AS TEXTFILE
            
[2025-06-23T01:08:20.796+0000] {hive.py:475} INFO - LOAD DATA LOCAL INPATH '/opt/airflow/dags/product_sales.csv' OVERWRITE INTO TABLE `product_sales`
[2025-06-23T01:08:21.210+0000] {logging_mixin.py:188} INFO - Cargando tabla: reservation desde /opt/airflow/dags/reservation.csv
[2025-06-23T01:08:21.217+0000] {hive.py:475} INFO - 
                CREATE TABLE IF NOT EXISTS `reservation` (
                    reservation_id INT, Datetime STRING, user_id INT, capacity INT, table_id INT, restaurant_id INT
                )
                ROW FORMAT DELIMITED
                FIELDS TERMINATED BY ','
                STORED AS TEXTFILE
            
[2025-06-23T01:08:21.385+0000] {hive.py:475} INFO - LOAD DATA LOCAL INPATH '/opt/airflow/dags/reservation.csv' OVERWRITE INTO TABLE `reservation`
[2025-06-23T01:08:21.834+0000] {logging_mixin.py:188} INFO - Cargando tabla: restaurant desde /opt/airflow/dags/restaurant.csv
[2025-06-23T01:08:21.842+0000] {hive.py:475} INFO - 
                CREATE TABLE IF NOT EXISTS `restaurant` (
                    restaurant_id INT, Name STRING, Address STRING
                )
                ROW FORMAT DELIMITED
                FIELDS TERMINATED BY ','
                STORED AS TEXTFILE
            
[2025-06-23T01:08:21.962+0000] {hive.py:475} INFO - LOAD DATA LOCAL INPATH '/opt/airflow/dags/restaurant.csv' OVERWRITE INTO TABLE `restaurant`
[2025-06-23T01:08:22.382+0000] {logging_mixin.py:188} INFO - Cargando tabla: sales desde /opt/airflow/dags/sales.csv
[2025-06-23T01:08:22.393+0000] {hive.py:475} INFO - 
                CREATE TABLE IF NOT EXISTS `sales` (
                    order_id INT, datetime STRING, user_id INT, restaurant_id INT, address STRING, status STRING, total FLOAT
                )
                ROW FORMAT DELIMITED
                FIELDS TERMINATED BY ','
                STORED AS TEXTFILE
            
[2025-06-23T01:08:22.496+0000] {hive.py:475} INFO - LOAD DATA LOCAL INPATH '/opt/airflow/dags/sales.csv' OVERWRITE INTO TABLE `sales`
[2025-06-23T01:08:23.350+0000] {python.py:237} INFO - Done. Returned value was: None
[2025-06-23T01:08:23.351+0000] {taskinstance.py:441} INFO - ::group::Post task execution logs
[2025-06-23T01:08:23.364+0000] {taskinstance.py:1206} INFO - Marking task as SUCCESS. dag_id=etl_pipeline, task_id=load, run_id=manual__2025-06-23T01:07:43.983527+00:00, execution_date=20250623T010743, start_date=20250623T010814, end_date=20250623T010823
[2025-06-23T01:08:23.421+0000] {local_task_job_runner.py:240} INFO - Task exited with return code 0
[2025-06-23T01:08:23.448+0000] {taskinstance.py:3498} INFO - 1 downstream tasks scheduled from follow-on schedule check
[2025-06-23T01:08:23.458+0000] {local_task_job_runner.py:222} INFO - ::endgroup::
