[2025-06-23T00:12:57.848+0000] {local_task_job_runner.py:120} INFO - ::group::Pre task execution logs
[2025-06-23T00:12:57.871+0000] {taskinstance.py:2076} INFO - Dependencies all met for dep_context=non-requeueable deps ti=<TaskInstance: etl_pipeline.load scheduled__2025-06-22T00:00:00+00:00 [queued]>
[2025-06-23T00:12:57.881+0000] {taskinstance.py:2076} INFO - Dependencies all met for dep_context=requeueable deps ti=<TaskInstance: etl_pipeline.load scheduled__2025-06-22T00:00:00+00:00 [queued]>
[2025-06-23T00:12:57.884+0000] {taskinstance.py:2306} INFO - Starting attempt 1 of 1
[2025-06-23T00:12:57.910+0000] {taskinstance.py:2330} INFO - Executing <Task(PythonOperator): load> on 2025-06-22 00:00:00+00:00
[2025-06-23T00:12:57.920+0000] {standard_task_runner.py:90} INFO - Running: ['airflow', 'tasks', 'run', 'etl_pipeline', 'load', 'scheduled__2025-06-22T00:00:00+00:00', '--job-id', '149', '--raw', '--subdir', 'DAGS_FOLDER/etl_dag.py', '--cfg-path', '/tmp/tmplrgtw7up']
[2025-06-23T00:12:57.922+0000] {standard_task_runner.py:91} INFO - Job 149: Subtask load
[2025-06-23T00:12:57.926+0000] {logging_mixin.py:188} WARNING - /home/airflow/.local/lib/python3.12/site-packages/airflow/task/task_runner/standard_task_runner.py:61 DeprecationWarning: This process (pid=498) is multi-threaded, use of fork() may lead to deadlocks in the child.
[2025-06-23T00:12:57.927+0000] {standard_task_runner.py:63} INFO - Started process 507 to run task
[2025-06-23T00:12:57.986+0000] {task_command.py:426} INFO - Running <TaskInstance: etl_pipeline.load scheduled__2025-06-22T00:00:00+00:00 [running]> on host 2c64c5599160
[2025-06-23T00:12:58.090+0000] {taskinstance.py:2648} INFO - Exporting env vars: AIRFLOW_CTX_DAG_OWNER='airflow' AIRFLOW_CTX_DAG_ID='etl_pipeline' AIRFLOW_CTX_TASK_ID='load' AIRFLOW_CTX_EXECUTION_DATE='2025-06-22T00:00:00+00:00' AIRFLOW_CTX_TRY_NUMBER='1' AIRFLOW_CTX_DAG_RUN_ID='scheduled__2025-06-22T00:00:00+00:00'
[2025-06-23T00:12:58.091+0000] {taskinstance.py:430} INFO - ::endgroup::
[2025-06-23T00:12:58.259+0000] {hive.py:475} INFO - USE `default`
[2025-06-23T00:12:59.154+0000] {logging_mixin.py:188} INFO - Cargando tabla: customers desde /opt/airflow/dags/customers.csv
[2025-06-23T00:12:59.162+0000] {hive.py:475} INFO - 
                CREATE TABLE IF NOT EXISTS `customers` (
                    user_id INT, Role STRING, email STRING
                )
                ROW FORMAT DELIMITED
                FIELDS TERMINATED BY ','
                STORED AS TEXTFILE
            
[2025-06-23T00:12:59.729+0000] {hive.py:475} INFO - LOAD DATA LOCAL INPATH '/opt/airflow/dags/customers.csv' OVERWRITE INTO TABLE `customers`
[2025-06-23T00:13:01.118+0000] {logging_mixin.py:188} INFO - Cargando tabla: Order desde /opt/airflow/dags/Order.csv
[2025-06-23T00:13:01.126+0000] {hive.py:475} INFO - 
                CREATE TABLE IF NOT EXISTS `Order` (
                    order_id INT, Datetime STRING, user_id INT, restaurant_id INT, Address STRING, Status STRING
                )
                ROW FORMAT DELIMITED
                FIELDS TERMINATED BY ','
                STORED AS TEXTFILE
            
[2025-06-23T00:13:01.239+0000] {hive.py:475} INFO - LOAD DATA LOCAL INPATH '/opt/airflow/dags/Order.csv' OVERWRITE INTO TABLE `Order`
[2025-06-23T00:13:01.667+0000] {logging_mixin.py:188} INFO - Cargando tabla: order_line desde /opt/airflow/dags/order_line.csv
[2025-06-23T00:13:01.672+0000] {hive.py:475} INFO - 
                CREATE TABLE IF NOT EXISTS `order_line` (
                    order_id INT, product_id INT, price FLOAT
                )
                ROW FORMAT DELIMITED
                FIELDS TERMINATED BY ','
                STORED AS TEXTFILE
            
[2025-06-23T00:13:01.776+0000] {hive.py:475} INFO - LOAD DATA LOCAL INPATH '/opt/airflow/dags/order_line.csv' OVERWRITE INTO TABLE `order_line`
[2025-06-23T00:13:02.152+0000] {logging_mixin.py:188} INFO - Cargando tabla: products desde /opt/airflow/dags/products.csv
[2025-06-23T00:13:02.157+0000] {hive.py:475} INFO - 
                CREATE TABLE IF NOT EXISTS `products` (
                    product_id INT, Name STRING, menu_id INT, price FLOAT
                )
                ROW FORMAT DELIMITED
                FIELDS TERMINATED BY ','
                STORED AS TEXTFILE
            
[2025-06-23T00:13:02.250+0000] {hive.py:475} INFO - LOAD DATA LOCAL INPATH '/opt/airflow/dags/products.csv' OVERWRITE INTO TABLE `products`
[2025-06-23T00:13:03.048+0000] {logging_mixin.py:188} INFO - Cargando tabla: product_sales desde /opt/airflow/dags/product_sales.csv
[2025-06-23T00:13:03.055+0000] {hive.py:475} INFO - 
                CREATE TABLE IF NOT EXISTS `product_sales` (
                    product_id INT, name STRING, menu_id INT, order_id INT, price FLOAT
                )
                ROW FORMAT DELIMITED
                FIELDS TERMINATED BY ','
                STORED AS TEXTFILE
            
[2025-06-23T00:13:03.144+0000] {hive.py:475} INFO - LOAD DATA LOCAL INPATH '/opt/airflow/dags/product_sales.csv' OVERWRITE INTO TABLE `product_sales`
[2025-06-23T00:13:03.503+0000] {logging_mixin.py:188} INFO - Cargando tabla: reservation desde /opt/airflow/dags/reservation.csv
[2025-06-23T00:13:03.508+0000] {hive.py:475} INFO - 
                CREATE TABLE IF NOT EXISTS `reservation` (
                    reservation_id INT, Datetime STRING, user_id INT, capacity INT, table_id INT, restaurant_id INT
                )
                ROW FORMAT DELIMITED
                FIELDS TERMINATED BY ','
                STORED AS TEXTFILE
            
[2025-06-23T00:13:03.631+0000] {hive.py:475} INFO - LOAD DATA LOCAL INPATH '/opt/airflow/dags/reservation.csv' OVERWRITE INTO TABLE `reservation`
[2025-06-23T00:13:03.950+0000] {logging_mixin.py:188} INFO - Cargando tabla: restaurant desde /opt/airflow/dags/restaurant.csv
[2025-06-23T00:13:03.955+0000] {hive.py:475} INFO - 
                CREATE TABLE IF NOT EXISTS `restaurant` (
                    restaurant_id INT, Name STRING, Address STRING
                )
                ROW FORMAT DELIMITED
                FIELDS TERMINATED BY ','
                STORED AS TEXTFILE
            
[2025-06-23T00:13:04.051+0000] {hive.py:475} INFO - LOAD DATA LOCAL INPATH '/opt/airflow/dags/restaurant.csv' OVERWRITE INTO TABLE `restaurant`
[2025-06-23T00:13:04.370+0000] {logging_mixin.py:188} INFO - Cargando tabla: sales desde /opt/airflow/dags/sales.csv
[2025-06-23T00:13:04.376+0000] {hive.py:475} INFO - 
                CREATE TABLE IF NOT EXISTS `sales` (
                    order_id INT, datetime STRING, user_id INT, restaurant_id INT, address STRING, status STRING, total FLOAT
                )
                ROW FORMAT DELIMITED
                FIELDS TERMINATED BY ','
                STORED AS TEXTFILE
            
[2025-06-23T00:13:04.462+0000] {hive.py:475} INFO - LOAD DATA LOCAL INPATH '/opt/airflow/dags/sales.csv' OVERWRITE INTO TABLE `sales`
[2025-06-23T00:13:05.270+0000] {python.py:237} INFO - Done. Returned value was: None
[2025-06-23T00:13:05.271+0000] {taskinstance.py:441} INFO - ::group::Post task execution logs
[2025-06-23T00:13:05.284+0000] {taskinstance.py:1206} INFO - Marking task as SUCCESS. dag_id=etl_pipeline, task_id=load, run_id=scheduled__2025-06-22T00:00:00+00:00, execution_date=20250622T000000, start_date=20250623T001257, end_date=20250623T001305
[2025-06-23T00:13:05.348+0000] {local_task_job_runner.py:240} INFO - Task exited with return code 0
[2025-06-23T00:13:05.374+0000] {taskinstance.py:3498} INFO - 1 downstream tasks scheduled from follow-on schedule check
[2025-06-23T00:13:05.383+0000] {local_task_job_runner.py:222} INFO - ::endgroup::
[2025-06-23T01:25:53.609+0000] {local_task_job_runner.py:120} INFO - ::group::Pre task execution logs
[2025-06-23T01:25:53.638+0000] {taskinstance.py:2076} INFO - Dependencies all met for dep_context=non-requeueable deps ti=<TaskInstance: etl_pipeline.load scheduled__2025-06-22T00:00:00+00:00 [queued]>
[2025-06-23T01:25:53.652+0000] {taskinstance.py:2076} INFO - Dependencies all met for dep_context=requeueable deps ti=<TaskInstance: etl_pipeline.load scheduled__2025-06-22T00:00:00+00:00 [queued]>
[2025-06-23T01:25:53.653+0000] {taskinstance.py:2306} INFO - Starting attempt 1 of 1
[2025-06-23T01:25:53.688+0000] {taskinstance.py:2330} INFO - Executing <Task(PythonOperator): load> on 2025-06-22 00:00:00+00:00
[2025-06-23T01:25:53.699+0000] {standard_task_runner.py:90} INFO - Running: ['airflow', 'tasks', 'run', 'etl_pipeline', 'load', 'scheduled__2025-06-22T00:00:00+00:00', '--job-id', '185', '--raw', '--subdir', 'DAGS_FOLDER/etl_dag.py', '--cfg-path', '/tmp/tmpb82aerdh']
[2025-06-23T01:25:53.701+0000] {standard_task_runner.py:91} INFO - Job 185: Subtask load
[2025-06-23T01:25:53.703+0000] {logging_mixin.py:188} WARNING - /home/airflow/.local/lib/python3.12/site-packages/airflow/task/task_runner/standard_task_runner.py:61 DeprecationWarning: This process (pid=679) is multi-threaded, use of fork() may lead to deadlocks in the child.
[2025-06-23T01:25:53.703+0000] {standard_task_runner.py:63} INFO - Started process 688 to run task
[2025-06-23T01:25:53.771+0000] {task_command.py:426} INFO - Running <TaskInstance: etl_pipeline.load scheduled__2025-06-22T00:00:00+00:00 [running]> on host 4fb827bf51e5
[2025-06-23T01:25:53.866+0000] {taskinstance.py:2648} INFO - Exporting env vars: AIRFLOW_CTX_DAG_OWNER='airflow' AIRFLOW_CTX_DAG_ID='etl_pipeline' AIRFLOW_CTX_TASK_ID='load' AIRFLOW_CTX_EXECUTION_DATE='2025-06-22T00:00:00+00:00' AIRFLOW_CTX_TRY_NUMBER='1' AIRFLOW_CTX_DAG_RUN_ID='scheduled__2025-06-22T00:00:00+00:00'
[2025-06-23T01:25:53.867+0000] {taskinstance.py:430} INFO - ::endgroup::
[2025-06-23T01:25:54.080+0000] {hive.py:475} INFO - USE `default`
[2025-06-23T01:25:54.991+0000] {logging_mixin.py:188} INFO - Cargando tabla: customers desde /opt/airflow/dags/customers.csv
[2025-06-23T01:25:55.001+0000] {hive.py:475} INFO - 
                CREATE TABLE IF NOT EXISTS `customers` (
                    user_id INT, Role STRING, email STRING
                )
                ROW FORMAT DELIMITED
                FIELDS TERMINATED BY ','
                STORED AS TEXTFILE
            
[2025-06-23T01:25:55.682+0000] {hive.py:475} INFO - LOAD DATA LOCAL INPATH '/opt/airflow/dags/customers.csv' OVERWRITE INTO TABLE `customers`
[2025-06-23T01:25:57.214+0000] {logging_mixin.py:188} INFO - Cargando tabla: Order desde /opt/airflow/dags/Order.csv
[2025-06-23T01:25:57.221+0000] {hive.py:475} INFO - 
                CREATE TABLE IF NOT EXISTS `Order` (
                    order_id INT, Datetime STRING, user_id INT, restaurant_id INT, Address STRING, Status STRING
                )
                ROW FORMAT DELIMITED
                FIELDS TERMINATED BY ','
                STORED AS TEXTFILE
            
[2025-06-23T01:25:57.338+0000] {hive.py:475} INFO - LOAD DATA LOCAL INPATH '/opt/airflow/dags/Order.csv' OVERWRITE INTO TABLE `Order`
[2025-06-23T01:25:57.762+0000] {logging_mixin.py:188} INFO - Cargando tabla: order_line desde /opt/airflow/dags/order_line.csv
[2025-06-23T01:25:57.769+0000] {hive.py:475} INFO - 
                CREATE TABLE IF NOT EXISTS `order_line` (
                    order_id INT, product_id INT, price FLOAT
                )
                ROW FORMAT DELIMITED
                FIELDS TERMINATED BY ','
                STORED AS TEXTFILE
            
[2025-06-23T01:25:57.932+0000] {hive.py:475} INFO - LOAD DATA LOCAL INPATH '/opt/airflow/dags/order_line.csv' OVERWRITE INTO TABLE `order_line`
[2025-06-23T01:25:58.298+0000] {logging_mixin.py:188} INFO - Cargando tabla: products desde /opt/airflow/dags/products.csv
[2025-06-23T01:25:58.305+0000] {hive.py:475} INFO - 
                CREATE TABLE IF NOT EXISTS `products` (
                    product_id INT, Name STRING, menu_id INT, price FLOAT
                )
                ROW FORMAT DELIMITED
                FIELDS TERMINATED BY ','
                STORED AS TEXTFILE
            
[2025-06-23T01:25:58.408+0000] {hive.py:475} INFO - LOAD DATA LOCAL INPATH '/opt/airflow/dags/products.csv' OVERWRITE INTO TABLE `products`
[2025-06-23T01:25:58.779+0000] {logging_mixin.py:188} INFO - Cargando tabla: product_sales desde /opt/airflow/dags/product_sales.csv
[2025-06-23T01:25:58.786+0000] {hive.py:475} INFO - 
                CREATE TABLE IF NOT EXISTS `product_sales` (
                    product_id INT, name STRING, menu_id INT, order_id INT, price FLOAT
                )
                ROW FORMAT DELIMITED
                FIELDS TERMINATED BY ','
                STORED AS TEXTFILE
            
[2025-06-23T01:25:58.881+0000] {hive.py:475} INFO - LOAD DATA LOCAL INPATH '/opt/airflow/dags/product_sales.csv' OVERWRITE INTO TABLE `product_sales`
[2025-06-23T01:25:59.651+0000] {logging_mixin.py:188} INFO - Cargando tabla: reservation desde /opt/airflow/dags/reservation.csv
[2025-06-23T01:25:59.659+0000] {hive.py:475} INFO - 
                CREATE TABLE IF NOT EXISTS `reservation` (
                    reservation_id INT, Datetime STRING, user_id INT, capacity INT, table_id INT, restaurant_id INT
                )
                ROW FORMAT DELIMITED
                FIELDS TERMINATED BY ','
                STORED AS TEXTFILE
            
[2025-06-23T01:25:59.774+0000] {hive.py:475} INFO - LOAD DATA LOCAL INPATH '/opt/airflow/dags/reservation.csv' OVERWRITE INTO TABLE `reservation`
[2025-06-23T01:26:00.146+0000] {logging_mixin.py:188} INFO - Cargando tabla: restaurant desde /opt/airflow/dags/restaurant.csv
[2025-06-23T01:26:00.153+0000] {hive.py:475} INFO - 
                CREATE TABLE IF NOT EXISTS `restaurant` (
                    restaurant_id INT, Name STRING, Address STRING
                )
                ROW FORMAT DELIMITED
                FIELDS TERMINATED BY ','
                STORED AS TEXTFILE
            
[2025-06-23T01:26:00.248+0000] {hive.py:475} INFO - LOAD DATA LOCAL INPATH '/opt/airflow/dags/restaurant.csv' OVERWRITE INTO TABLE `restaurant`
[2025-06-23T01:26:00.596+0000] {logging_mixin.py:188} INFO - Cargando tabla: sales desde /opt/airflow/dags/sales.csv
[2025-06-23T01:26:00.602+0000] {hive.py:475} INFO - 
                CREATE TABLE IF NOT EXISTS `sales` (
                    order_id INT, datetime STRING, user_id INT, restaurant_id INT, address STRING, status STRING, total FLOAT
                )
                ROW FORMAT DELIMITED
                FIELDS TERMINATED BY ','
                STORED AS TEXTFILE
            
[2025-06-23T01:26:00.714+0000] {hive.py:475} INFO - LOAD DATA LOCAL INPATH '/opt/airflow/dags/sales.csv' OVERWRITE INTO TABLE `sales`
[2025-06-23T01:26:01.104+0000] {python.py:237} INFO - Done. Returned value was: None
[2025-06-23T01:26:01.105+0000] {taskinstance.py:441} INFO - ::group::Post task execution logs
[2025-06-23T01:26:01.117+0000] {taskinstance.py:1206} INFO - Marking task as SUCCESS. dag_id=etl_pipeline, task_id=load, run_id=scheduled__2025-06-22T00:00:00+00:00, execution_date=20250622T000000, start_date=20250623T012553, end_date=20250623T012601
[2025-06-23T01:26:01.175+0000] {local_task_job_runner.py:240} INFO - Task exited with return code 0
[2025-06-23T01:26:01.201+0000] {taskinstance.py:3498} INFO - 1 downstream tasks scheduled from follow-on schedule check
[2025-06-23T01:26:01.211+0000] {local_task_job_runner.py:222} INFO - ::endgroup::
[2025-06-23T01:28:49.558+0000] {local_task_job_runner.py:120} INFO - ::group::Pre task execution logs
[2025-06-23T01:28:49.585+0000] {taskinstance.py:2076} INFO - Dependencies all met for dep_context=non-requeueable deps ti=<TaskInstance: etl_pipeline.load scheduled__2025-06-22T00:00:00+00:00 [queued]>
[2025-06-23T01:28:49.595+0000] {taskinstance.py:2076} INFO - Dependencies all met for dep_context=requeueable deps ti=<TaskInstance: etl_pipeline.load scheduled__2025-06-22T00:00:00+00:00 [queued]>
[2025-06-23T01:28:49.596+0000] {taskinstance.py:2306} INFO - Starting attempt 1 of 1
[2025-06-23T01:28:49.623+0000] {taskinstance.py:2330} INFO - Executing <Task(PythonOperator): load> on 2025-06-22 00:00:00+00:00
[2025-06-23T01:28:49.637+0000] {logging_mixin.py:188} WARNING - /home/airflow/.local/lib/python3.12/site-packages/airflow/task/task_runner/standard_task_runner.py:61 DeprecationWarning: This process (pid=490) is multi-threaded, use of fork() may lead to deadlocks in the child.
[2025-06-23T01:28:49.636+0000] {standard_task_runner.py:90} INFO - Running: ['airflow', 'tasks', 'run', 'etl_pipeline', 'load', 'scheduled__2025-06-22T00:00:00+00:00', '--job-id', '184', '--raw', '--subdir', 'DAGS_FOLDER/etl_dag.py', '--cfg-path', '/tmp/tmpp6gp7rgd']
[2025-06-23T01:28:49.638+0000] {standard_task_runner.py:63} INFO - Started process 499 to run task
[2025-06-23T01:28:49.639+0000] {standard_task_runner.py:91} INFO - Job 184: Subtask load
[2025-06-23T01:28:49.747+0000] {task_command.py:426} INFO - Running <TaskInstance: etl_pipeline.load scheduled__2025-06-22T00:00:00+00:00 [running]> on host 4d9aee0bb78a
[2025-06-23T01:28:49.942+0000] {taskinstance.py:2648} INFO - Exporting env vars: AIRFLOW_CTX_DAG_OWNER='airflow' AIRFLOW_CTX_DAG_ID='etl_pipeline' AIRFLOW_CTX_TASK_ID='load' AIRFLOW_CTX_EXECUTION_DATE='2025-06-22T00:00:00+00:00' AIRFLOW_CTX_TRY_NUMBER='1' AIRFLOW_CTX_DAG_RUN_ID='scheduled__2025-06-22T00:00:00+00:00'
[2025-06-23T01:28:49.943+0000] {taskinstance.py:430} INFO - ::endgroup::
[2025-06-23T01:28:50.180+0000] {hive.py:475} INFO - USE `default`
[2025-06-23T01:28:51.141+0000] {logging_mixin.py:188} INFO - Cargando tabla: customers desde /opt/airflow/dags/customers.csv
[2025-06-23T01:28:51.155+0000] {hive.py:475} INFO - 
                CREATE TABLE IF NOT EXISTS `customers` (
                    user_id INT, Role STRING, email STRING
                )
                ROW FORMAT DELIMITED
                FIELDS TERMINATED BY ','
                STORED AS TEXTFILE
            
[2025-06-23T01:28:51.752+0000] {hive.py:475} INFO - LOAD DATA LOCAL INPATH '/opt/airflow/dags/customers.csv' OVERWRITE INTO TABLE `customers`
[2025-06-23T01:28:53.122+0000] {logging_mixin.py:188} INFO - Cargando tabla: Order desde /opt/airflow/dags/Order.csv
[2025-06-23T01:28:53.128+0000] {hive.py:475} INFO - 
                CREATE TABLE IF NOT EXISTS `Order` (
                    order_id INT, Datetime STRING, user_id INT, restaurant_id INT, Address STRING, Status STRING
                )
                ROW FORMAT DELIMITED
                FIELDS TERMINATED BY ','
                STORED AS TEXTFILE
            
[2025-06-23T01:28:53.233+0000] {hive.py:475} INFO - LOAD DATA LOCAL INPATH '/opt/airflow/dags/Order.csv' OVERWRITE INTO TABLE `Order`
[2025-06-23T01:28:53.582+0000] {logging_mixin.py:188} INFO - Cargando tabla: order_line desde /opt/airflow/dags/order_line.csv
[2025-06-23T01:28:53.588+0000] {hive.py:475} INFO - 
                CREATE TABLE IF NOT EXISTS `order_line` (
                    order_id INT, product_id INT, price FLOAT
                )
                ROW FORMAT DELIMITED
                FIELDS TERMINATED BY ','
                STORED AS TEXTFILE
            
[2025-06-23T01:28:53.708+0000] {hive.py:475} INFO - LOAD DATA LOCAL INPATH '/opt/airflow/dags/order_line.csv' OVERWRITE INTO TABLE `order_line`
[2025-06-23T01:28:54.021+0000] {logging_mixin.py:188} INFO - Cargando tabla: products desde /opt/airflow/dags/products.csv
[2025-06-23T01:28:54.026+0000] {hive.py:475} INFO - 
                CREATE TABLE IF NOT EXISTS `products` (
                    product_id INT, Name STRING, menu_id INT, price FLOAT
                )
                ROW FORMAT DELIMITED
                FIELDS TERMINATED BY ','
                STORED AS TEXTFILE
            
[2025-06-23T01:28:54.116+0000] {hive.py:475} INFO - LOAD DATA LOCAL INPATH '/opt/airflow/dags/products.csv' OVERWRITE INTO TABLE `products`
[2025-06-23T01:28:54.447+0000] {logging_mixin.py:188} INFO - Cargando tabla: product_sales desde /opt/airflow/dags/product_sales.csv
[2025-06-23T01:28:54.454+0000] {hive.py:475} INFO - 
                CREATE TABLE IF NOT EXISTS `product_sales` (
                    product_id INT, name STRING, menu_id INT, order_id INT, price FLOAT
                )
                ROW FORMAT DELIMITED
                FIELDS TERMINATED BY ','
                STORED AS TEXTFILE
            
[2025-06-23T01:28:54.537+0000] {hive.py:475} INFO - LOAD DATA LOCAL INPATH '/opt/airflow/dags/product_sales.csv' OVERWRITE INTO TABLE `product_sales`
[2025-06-23T01:28:54.871+0000] {logging_mixin.py:188} INFO - Cargando tabla: reservation desde /opt/airflow/dags/reservation.csv
[2025-06-23T01:28:54.878+0000] {hive.py:475} INFO - 
                CREATE TABLE IF NOT EXISTS `reservation` (
                    reservation_id INT, Datetime STRING, user_id INT, capacity INT, table_id INT, restaurant_id INT
                )
                ROW FORMAT DELIMITED
                FIELDS TERMINATED BY ','
                STORED AS TEXTFILE
            
[2025-06-23T01:28:54.982+0000] {hive.py:475} INFO - LOAD DATA LOCAL INPATH '/opt/airflow/dags/reservation.csv' OVERWRITE INTO TABLE `reservation`
[2025-06-23T01:28:55.314+0000] {logging_mixin.py:188} INFO - Cargando tabla: restaurant desde /opt/airflow/dags/restaurant.csv
[2025-06-23T01:28:55.321+0000] {hive.py:475} INFO - 
                CREATE TABLE IF NOT EXISTS `restaurant` (
                    restaurant_id INT, Name STRING, Address STRING
                )
                ROW FORMAT DELIMITED
                FIELDS TERMINATED BY ','
                STORED AS TEXTFILE
            
[2025-06-23T01:28:55.412+0000] {hive.py:475} INFO - LOAD DATA LOCAL INPATH '/opt/airflow/dags/restaurant.csv' OVERWRITE INTO TABLE `restaurant`
[2025-06-23T01:28:55.706+0000] {logging_mixin.py:188} INFO - Cargando tabla: sales desde /opt/airflow/dags/sales.csv
[2025-06-23T01:28:55.712+0000] {hive.py:475} INFO - 
                CREATE TABLE IF NOT EXISTS `sales` (
                    order_id INT, datetime STRING, user_id INT, restaurant_id INT, address STRING, status STRING, total FLOAT
                )
                ROW FORMAT DELIMITED
                FIELDS TERMINATED BY ','
                STORED AS TEXTFILE
            
[2025-06-23T01:28:55.811+0000] {hive.py:475} INFO - LOAD DATA LOCAL INPATH '/opt/airflow/dags/sales.csv' OVERWRITE INTO TABLE `sales`
[2025-06-23T01:28:56.140+0000] {python.py:237} INFO - Done. Returned value was: None
[2025-06-23T01:28:56.141+0000] {taskinstance.py:441} INFO - ::group::Post task execution logs
[2025-06-23T01:28:56.156+0000] {taskinstance.py:1206} INFO - Marking task as SUCCESS. dag_id=etl_pipeline, task_id=load, run_id=scheduled__2025-06-22T00:00:00+00:00, execution_date=20250622T000000, start_date=20250623T012849, end_date=20250623T012856
[2025-06-23T01:28:56.220+0000] {local_task_job_runner.py:240} INFO - Task exited with return code 0
[2025-06-23T01:28:56.247+0000] {taskinstance.py:3498} INFO - 1 downstream tasks scheduled from follow-on schedule check
[2025-06-23T01:28:56.258+0000] {local_task_job_runner.py:222} INFO - ::endgroup::
