[2025-06-22T15:44:37.620+0000] {local_task_job_runner.py:120} INFO - ::group::Pre task execution logs
[2025-06-22T15:44:37.651+0000] {taskinstance.py:2076} INFO - Dependencies all met for dep_context=non-requeueable deps ti=<TaskInstance: etl_pipeline.extract manual__2025-06-22T15:43:23.162089+00:00 [queued]>
[2025-06-22T15:44:37.665+0000] {taskinstance.py:2076} INFO - Dependencies all met for dep_context=requeueable deps ti=<TaskInstance: etl_pipeline.extract manual__2025-06-22T15:43:23.162089+00:00 [queued]>
[2025-06-22T15:44:37.667+0000] {taskinstance.py:2306} INFO - Starting attempt 1 of 1
[2025-06-22T15:44:37.700+0000] {taskinstance.py:2330} INFO - Executing <Task(PythonOperator): extract> on 2025-06-22 15:43:23.162089+00:00
[2025-06-22T15:44:37.707+0000] {standard_task_runner.py:90} INFO - Running: ['airflow', 'tasks', 'run', 'etl_pipeline', 'extract', 'manual__2025-06-22T15:43:23.162089+00:00', '--job-id', '74', '--raw', '--subdir', 'DAGS_FOLDER/etl_dag.py', '--cfg-path', '/tmp/tmpegstop2j']
[2025-06-22T15:44:37.711+0000] {standard_task_runner.py:91} INFO - Job 74: Subtask extract
[2025-06-22T15:44:37.711+0000] {logging_mixin.py:188} WARNING - /home/airflow/.local/lib/python3.12/site-packages/airflow/task/task_runner/standard_task_runner.py:61 DeprecationWarning: This process (pid=27) is multi-threaded, use of fork() may lead to deadlocks in the child.
[2025-06-22T15:44:37.712+0000] {standard_task_runner.py:63} INFO - Started process 36 to run task
[2025-06-22T15:44:37.803+0000] {task_command.py:426} INFO - Running <TaskInstance: etl_pipeline.extract manual__2025-06-22T15:43:23.162089+00:00 [running]> on host 4803b0f5d607
[2025-06-22T15:44:37.959+0000] {taskinstance.py:2648} INFO - Exporting env vars: AIRFLOW_CTX_DAG_OWNER='airflow' AIRFLOW_CTX_DAG_ID='etl_pipeline' AIRFLOW_CTX_TASK_ID='extract' AIRFLOW_CTX_EXECUTION_DATE='2025-06-22T15:43:23.162089+00:00' AIRFLOW_CTX_TRY_NUMBER='1' AIRFLOW_CTX_DAG_RUN_ID='manual__2025-06-22T15:43:23.162089+00:00'
[2025-06-22T15:44:37.960+0000] {taskinstance.py:430} INFO - ::endgroup::
[2025-06-22T15:44:38.041+0000] {logging_mixin.py:188} INFO - Extrayendo tabla: order_line
[2025-06-22T15:44:38.046+0000] {logging_mixin.py:188} WARNING - /opt/airflow/dags/scripts/extract_postgres.py:25 UserWarning: pandas only supports SQLAlchemy connectable (engine/connection) or database string URI or sqlite3 DBAPI2 connection. Other DBAPI2 objects are not tested. Please consider using SQLAlchemy.
[2025-06-22T15:44:38.087+0000] {logging_mixin.py:188} INFO - Extrayendo tabla: reservation
[2025-06-22T15:44:38.109+0000] {logging_mixin.py:188} INFO - Extrayendo tabla: Order
[2025-06-22T15:44:38.120+0000] {logging_mixin.py:188} INFO - Extrayendo tabla: Table
[2025-06-22T15:44:38.135+0000] {logging_mixin.py:188} INFO - Extrayendo tabla: menu_restaurant
[2025-06-22T15:44:38.143+0000] {logging_mixin.py:188} INFO - Extrayendo tabla: products
[2025-06-22T15:44:38.153+0000] {logging_mixin.py:188} INFO - Extrayendo tabla: menu
[2025-06-22T15:44:38.159+0000] {logging_mixin.py:188} INFO - Extrayendo tabla: restaurant
[2025-06-22T15:44:38.167+0000] {logging_mixin.py:188} INFO - Extrayendo tabla: users
[2025-06-22T15:44:38.176+0000] {python.py:237} INFO - Done. Returned value was: None
[2025-06-22T15:44:38.177+0000] {taskinstance.py:441} INFO - ::group::Post task execution logs
[2025-06-22T15:44:38.189+0000] {taskinstance.py:1206} INFO - Marking task as SUCCESS. dag_id=etl_pipeline, task_id=extract, run_id=manual__2025-06-22T15:43:23.162089+00:00, execution_date=20250622T154323, start_date=20250622T154437, end_date=20250622T154438
[2025-06-22T15:44:38.247+0000] {local_task_job_runner.py:240} INFO - Task exited with return code 0
[2025-06-22T15:44:38.275+0000] {taskinstance.py:3498} INFO - 1 downstream tasks scheduled from follow-on schedule check
[2025-06-22T15:44:38.285+0000] {local_task_job_runner.py:222} INFO - ::endgroup::
