[2025-06-23T01:26:05.057+0000] {local_task_job_runner.py:120} INFO - ::group::Pre task execution logs
[2025-06-23T01:26:05.082+0000] {taskinstance.py:2076} INFO - Dependencies all met for dep_context=non-requeueable deps ti=<TaskInstance: etl_pipeline.extract manual__2025-06-23T01:25:07.336888+00:00 [queued]>
[2025-06-23T01:26:05.093+0000] {taskinstance.py:2076} INFO - Dependencies all met for dep_context=requeueable deps ti=<TaskInstance: etl_pipeline.extract manual__2025-06-23T01:25:07.336888+00:00 [queued]>
[2025-06-23T01:26:05.095+0000] {taskinstance.py:2306} INFO - Starting attempt 2 of 2
[2025-06-23T01:26:05.134+0000] {taskinstance.py:2330} INFO - Executing <Task(PythonOperator): extract> on 2025-06-23 01:25:07.336888+00:00
[2025-06-23T01:26:05.143+0000] {standard_task_runner.py:90} INFO - Running: ['airflow', 'tasks', 'run', 'etl_pipeline', 'extract', 'manual__2025-06-23T01:25:07.336888+00:00', '--job-id', '186', '--raw', '--subdir', 'DAGS_FOLDER/etl_dag.py', '--cfg-path', '/tmp/tmpxposzh0j']
[2025-06-23T01:26:05.145+0000] {standard_task_runner.py:91} INFO - Job 186: Subtask extract
[2025-06-23T01:26:05.147+0000] {logging_mixin.py:188} WARNING - /home/airflow/.local/lib/python3.12/site-packages/airflow/task/task_runner/standard_task_runner.py:61 DeprecationWarning: This process (pid=690) is multi-threaded, use of fork() may lead to deadlocks in the child.
[2025-06-23T01:26:05.148+0000] {standard_task_runner.py:63} INFO - Started process 699 to run task
[2025-06-23T01:26:05.211+0000] {task_command.py:426} INFO - Running <TaskInstance: etl_pipeline.extract manual__2025-06-23T01:25:07.336888+00:00 [running]> on host 4fb827bf51e5
[2025-06-23T01:26:05.300+0000] {taskinstance.py:2648} INFO - Exporting env vars: AIRFLOW_CTX_DAG_OWNER='airflow' AIRFLOW_CTX_DAG_ID='etl_pipeline' AIRFLOW_CTX_TASK_ID='extract' AIRFLOW_CTX_EXECUTION_DATE='2025-06-23T01:25:07.336888+00:00' AIRFLOW_CTX_TRY_NUMBER='2' AIRFLOW_CTX_DAG_RUN_ID='manual__2025-06-23T01:25:07.336888+00:00'
[2025-06-23T01:26:05.301+0000] {taskinstance.py:430} INFO - ::endgroup::
[2025-06-23T01:26:05.319+0000] {logging_mixin.py:188} INFO - Extrayendo tabla: order_line
[2025-06-23T01:26:05.323+0000] {logging_mixin.py:188} WARNING - /opt/airflow/dags/scripts/extract_postgres.py:25 UserWarning: pandas only supports SQLAlchemy connectable (engine/connection) or database string URI or sqlite3 DBAPI2 connection. Other DBAPI2 objects are not tested. Please consider using SQLAlchemy.
[2025-06-23T01:26:05.338+0000] {logging_mixin.py:188} INFO - Extrayendo tabla: reservation
[2025-06-23T01:26:05.351+0000] {logging_mixin.py:188} INFO - Extrayendo tabla: Order
[2025-06-23T01:26:05.364+0000] {logging_mixin.py:188} INFO - Extrayendo tabla: Table
[2025-06-23T01:26:05.377+0000] {logging_mixin.py:188} INFO - Extrayendo tabla: menu_restaurant
[2025-06-23T01:26:05.385+0000] {logging_mixin.py:188} INFO - Extrayendo tabla: products
[2025-06-23T01:26:05.393+0000] {logging_mixin.py:188} INFO - Extrayendo tabla: menu
[2025-06-23T01:26:05.399+0000] {logging_mixin.py:188} INFO - Extrayendo tabla: restaurant
[2025-06-23T01:26:05.407+0000] {logging_mixin.py:188} INFO - Extrayendo tabla: users
[2025-06-23T01:26:05.415+0000] {python.py:237} INFO - Done. Returned value was: None
[2025-06-23T01:26:05.416+0000] {taskinstance.py:441} INFO - ::group::Post task execution logs
[2025-06-23T01:26:05.430+0000] {taskinstance.py:1206} INFO - Marking task as SUCCESS. dag_id=etl_pipeline, task_id=extract, run_id=manual__2025-06-23T01:25:07.336888+00:00, execution_date=20250623T012507, start_date=20250623T012605, end_date=20250623T012605
[2025-06-23T01:26:05.483+0000] {local_task_job_runner.py:240} INFO - Task exited with return code 0
[2025-06-23T01:26:05.524+0000] {taskinstance.py:3498} INFO - 1 downstream tasks scheduled from follow-on schedule check
[2025-06-23T01:26:05.534+0000] {local_task_job_runner.py:222} INFO - ::endgroup::
