[2025-06-22T02:00:19.477+0000] {local_task_job_runner.py:120} INFO - ::group::Pre task execution logs
[2025-06-22T02:00:19.523+0000] {taskinstance.py:2076} INFO - Dependencies all met for dep_context=non-requeueable deps ti=<TaskInstance: etl_pipeline.extract manual__2025-06-22T02:00:12.166425+00:00 [queued]>
[2025-06-22T02:00:19.537+0000] {taskinstance.py:2076} INFO - Dependencies all met for dep_context=requeueable deps ti=<TaskInstance: etl_pipeline.extract manual__2025-06-22T02:00:12.166425+00:00 [queued]>
[2025-06-22T02:00:19.539+0000] {taskinstance.py:2306} INFO - Starting attempt 1 of 1
[2025-06-22T02:00:19.576+0000] {taskinstance.py:2330} INFO - Executing <Task(PythonOperator): extract> on 2025-06-22 02:00:12.166425+00:00
[2025-06-22T02:00:19.592+0000] {standard_task_runner.py:90} INFO - Running: ['airflow', 'tasks', 'run', 'etl_pipeline', 'extract', 'manual__2025-06-22T02:00:12.166425+00:00', '--job-id', '36', '--raw', '--subdir', 'DAGS_FOLDER/etl_dag.py', '--cfg-path', '/tmp/tmpom6ao8ht']
[2025-06-22T02:00:19.595+0000] {standard_task_runner.py:91} INFO - Job 36: Subtask extract
[2025-06-22T02:00:19.598+0000] {logging_mixin.py:188} WARNING - /home/airflow/.local/lib/python3.12/site-packages/airflow/task/task_runner/standard_task_runner.py:61 DeprecationWarning: This process (pid=43) is multi-threaded, use of fork() may lead to deadlocks in the child.
[2025-06-22T02:00:19.599+0000] {standard_task_runner.py:63} INFO - Started process 52 to run task
[2025-06-22T02:00:19.696+0000] {task_command.py:426} INFO - Running <TaskInstance: etl_pipeline.extract manual__2025-06-22T02:00:12.166425+00:00 [running]> on host a1f4132065dc
[2025-06-22T02:00:19.855+0000] {taskinstance.py:2648} INFO - Exporting env vars: AIRFLOW_CTX_DAG_OWNER='airflow' AIRFLOW_CTX_DAG_ID='etl_pipeline' AIRFLOW_CTX_TASK_ID='extract' AIRFLOW_CTX_EXECUTION_DATE='2025-06-22T02:00:12.166425+00:00' AIRFLOW_CTX_TRY_NUMBER='1' AIRFLOW_CTX_DAG_RUN_ID='manual__2025-06-22T02:00:12.166425+00:00'
[2025-06-22T02:00:19.856+0000] {taskinstance.py:430} INFO - ::endgroup::
[2025-06-22T02:00:19.920+0000] {logging_mixin.py:188} INFO - Extrayendo tabla: order_line
[2025-06-22T02:00:19.926+0000] {logging_mixin.py:188} WARNING - /opt/airflow/dags/scripts/extract_postgres.py:25 UserWarning: pandas only supports SQLAlchemy connectable (engine/connection) or database string URI or sqlite3 DBAPI2 connection. Other DBAPI2 objects are not tested. Please consider using SQLAlchemy.
[2025-06-22T02:00:19.952+0000] {logging_mixin.py:188} INFO - Extrayendo tabla: reservation
[2025-06-22T02:00:19.972+0000] {logging_mixin.py:188} INFO - Extrayendo tabla: Order
[2025-06-22T02:00:19.988+0000] {logging_mixin.py:188} INFO - Extrayendo tabla: Table
[2025-06-22T02:00:20.007+0000] {logging_mixin.py:188} INFO - Extrayendo tabla: menu_restaurant
[2025-06-22T02:00:20.017+0000] {logging_mixin.py:188} INFO - Extrayendo tabla: products
[2025-06-22T02:00:20.032+0000] {logging_mixin.py:188} INFO - Extrayendo tabla: menu
[2025-06-22T02:00:20.038+0000] {logging_mixin.py:188} INFO - Extrayendo tabla: restaurant
[2025-06-22T02:00:20.047+0000] {logging_mixin.py:188} INFO - Extrayendo tabla: users
[2025-06-22T02:00:20.059+0000] {python.py:237} INFO - Done. Returned value was: None
[2025-06-22T02:00:20.061+0000] {taskinstance.py:441} INFO - ::group::Post task execution logs
[2025-06-22T02:00:20.081+0000] {taskinstance.py:1206} INFO - Marking task as SUCCESS. dag_id=etl_pipeline, task_id=extract, run_id=manual__2025-06-22T02:00:12.166425+00:00, execution_date=20250622T020012, start_date=20250622T020019, end_date=20250622T020020
[2025-06-22T02:00:20.175+0000] {local_task_job_runner.py:240} INFO - Task exited with return code 0
[2025-06-22T02:00:20.217+0000] {taskinstance.py:3498} INFO - 1 downstream tasks scheduled from follow-on schedule check
[2025-06-22T02:00:20.230+0000] {local_task_job_runner.py:222} INFO - ::endgroup::
