[2025-06-22T03:01:01.278+0000] {local_task_job_runner.py:120} INFO - ::group::Pre task execution logs
[2025-06-22T03:01:01.318+0000] {taskinstance.py:2076} INFO - Dependencies all met for dep_context=non-requeueable deps ti=<TaskInstance: etl_pipeline.extract manual__2025-06-22T03:00:55.101671+00:00 [queued]>
[2025-06-22T03:01:01.332+0000] {taskinstance.py:2076} INFO - Dependencies all met for dep_context=requeueable deps ti=<TaskInstance: etl_pipeline.extract manual__2025-06-22T03:00:55.101671+00:00 [queued]>
[2025-06-22T03:01:01.333+0000] {taskinstance.py:2306} INFO - Starting attempt 1 of 1
[2025-06-22T03:01:01.365+0000] {taskinstance.py:2330} INFO - Executing <Task(PythonOperator): extract> on 2025-06-22 03:00:55.101671+00:00
[2025-06-22T03:01:01.394+0000] {logging_mixin.py:188} WARNING - /home/airflow/.local/lib/python3.12/site-packages/airflow/task/task_runner/standard_task_runner.py:61 DeprecationWarning: This process (pid=87) is multi-threaded, use of fork() may lead to deadlocks in the child.
[2025-06-22T03:01:01.386+0000] {standard_task_runner.py:90} INFO - Running: ['airflow', 'tasks', 'run', 'etl_pipeline', 'extract', 'manual__2025-06-22T03:00:55.101671+00:00', '--job-id', '57', '--raw', '--subdir', 'DAGS_FOLDER/etl_dag.py', '--cfg-path', '/tmp/tmp5883iitm']
[2025-06-22T03:01:01.395+0000] {standard_task_runner.py:91} INFO - Job 57: Subtask extract
[2025-06-22T03:01:01.395+0000] {standard_task_runner.py:63} INFO - Started process 96 to run task
[2025-06-22T03:01:01.562+0000] {task_command.py:426} INFO - Running <TaskInstance: etl_pipeline.extract manual__2025-06-22T03:00:55.101671+00:00 [running]> on host 5b1c71cc14a7
[2025-06-22T03:01:01.789+0000] {taskinstance.py:2648} INFO - Exporting env vars: AIRFLOW_CTX_DAG_OWNER='airflow' AIRFLOW_CTX_DAG_ID='etl_pipeline' AIRFLOW_CTX_TASK_ID='extract' AIRFLOW_CTX_EXECUTION_DATE='2025-06-22T03:00:55.101671+00:00' AIRFLOW_CTX_TRY_NUMBER='1' AIRFLOW_CTX_DAG_RUN_ID='manual__2025-06-22T03:00:55.101671+00:00'
[2025-06-22T03:01:01.791+0000] {taskinstance.py:430} INFO - ::endgroup::
[2025-06-22T03:01:01.873+0000] {logging_mixin.py:188} INFO - Extrayendo tabla: order_line
[2025-06-22T03:01:01.879+0000] {logging_mixin.py:188} WARNING - /opt/airflow/dags/scripts/extract_postgres.py:25 UserWarning: pandas only supports SQLAlchemy connectable (engine/connection) or database string URI or sqlite3 DBAPI2 connection. Other DBAPI2 objects are not tested. Please consider using SQLAlchemy.
[2025-06-22T03:01:01.924+0000] {logging_mixin.py:188} INFO - Extrayendo tabla: reservation
[2025-06-22T03:01:01.953+0000] {logging_mixin.py:188} INFO - Extrayendo tabla: Order
[2025-06-22T03:01:01.965+0000] {logging_mixin.py:188} INFO - Extrayendo tabla: Table
[2025-06-22T03:01:01.979+0000] {logging_mixin.py:188} INFO - Extrayendo tabla: menu_restaurant
[2025-06-22T03:01:01.986+0000] {logging_mixin.py:188} INFO - Extrayendo tabla: products
[2025-06-22T03:01:01.997+0000] {logging_mixin.py:188} INFO - Extrayendo tabla: menu
[2025-06-22T03:01:02.003+0000] {logging_mixin.py:188} INFO - Extrayendo tabla: restaurant
[2025-06-22T03:01:02.010+0000] {logging_mixin.py:188} INFO - Extrayendo tabla: users
[2025-06-22T03:01:02.020+0000] {python.py:237} INFO - Done. Returned value was: None
[2025-06-22T03:01:02.020+0000] {taskinstance.py:441} INFO - ::group::Post task execution logs
[2025-06-22T03:01:02.033+0000] {taskinstance.py:1206} INFO - Marking task as SUCCESS. dag_id=etl_pipeline, task_id=extract, run_id=manual__2025-06-22T03:00:55.101671+00:00, execution_date=20250622T030055, start_date=20250622T030101, end_date=20250622T030102
[2025-06-22T03:01:02.094+0000] {local_task_job_runner.py:240} INFO - Task exited with return code 0
[2025-06-22T03:01:02.126+0000] {taskinstance.py:3498} INFO - 1 downstream tasks scheduled from follow-on schedule check
[2025-06-22T03:01:02.136+0000] {local_task_job_runner.py:222} INFO - ::endgroup::
