[2025-06-23T01:02:36.952+0000] {local_task_job_runner.py:120} INFO - ::group::Pre task execution logs
[2025-06-23T01:02:36.990+0000] {taskinstance.py:2076} INFO - Dependencies all met for dep_context=non-requeueable deps ti=<TaskInstance: etl_pipeline.analize manual__2025-06-23T01:02:00.500683+00:00 [queued]>
[2025-06-23T01:02:37.007+0000] {taskinstance.py:2076} INFO - Dependencies all met for dep_context=requeueable deps ti=<TaskInstance: etl_pipeline.analize manual__2025-06-23T01:02:00.500683+00:00 [queued]>
[2025-06-23T01:02:37.010+0000] {taskinstance.py:2306} INFO - Starting attempt 1 of 1
[2025-06-23T01:02:37.043+0000] {taskinstance.py:2330} INFO - Executing <Task(PythonOperator): analize> on 2025-06-23 01:02:00.500683+00:00
[2025-06-23T01:02:37.054+0000] {standard_task_runner.py:90} INFO - Running: ['airflow', 'tasks', 'run', 'etl_pipeline', 'analize', 'manual__2025-06-23T01:02:00.500683+00:00', '--job-id', '178', '--raw', '--subdir', 'DAGS_FOLDER/etl_dag.py', '--cfg-path', '/tmp/tmp4o101r1k']
[2025-06-23T01:02:37.057+0000] {standard_task_runner.py:91} INFO - Job 178: Subtask analize
[2025-06-23T01:02:37.058+0000] {logging_mixin.py:188} WARNING - /home/airflow/.local/lib/python3.12/site-packages/airflow/task/task_runner/standard_task_runner.py:61 DeprecationWarning: This process (pid=1100) is multi-threaded, use of fork() may lead to deadlocks in the child.
[2025-06-23T01:02:37.059+0000] {standard_task_runner.py:63} INFO - Started process 1109 to run task
[2025-06-23T01:02:37.128+0000] {task_command.py:426} INFO - Running <TaskInstance: etl_pipeline.analize manual__2025-06-23T01:02:00.500683+00:00 [running]> on host bf7d98e72989
[2025-06-23T01:02:37.239+0000] {taskinstance.py:2648} INFO - Exporting env vars: AIRFLOW_CTX_DAG_OWNER='airflow' AIRFLOW_CTX_DAG_ID='etl_pipeline' AIRFLOW_CTX_TASK_ID='analize' AIRFLOW_CTX_EXECUTION_DATE='2025-06-23T01:02:00.500683+00:00' AIRFLOW_CTX_TRY_NUMBER='1' AIRFLOW_CTX_DAG_RUN_ID='manual__2025-06-23T01:02:00.500683+00:00'
[2025-06-23T01:02:37.240+0000] {taskinstance.py:430} INFO - ::endgroup::
[2025-06-23T01:02:37.372+0000] {hive.py:475} INFO - USE `default`
[2025-06-23T01:02:37.424+0000] {hive.py:475} INFO -  
        CREATE OR REPLACE VIEW sales_by_mon AS
        SELECT
            CAST(date_format(CAST(o.datetime AS timestamp), 'yyyy') AS INT) AS year,
            CAST(date_format(CAST(o.datetime AS timestamp), 'MM') AS INT) AS month,
            SUM(ol.price) AS total_sales
        FROM `order` o
        JOIN order_line ol ON o.order_id = ol.order_id
        GROUP BY 
            CAST(date_format(CAST(o.datetime AS timestamp), 'yyyy') AS INT),
            CAST(date_format(CAST(o.datetime AS timestamp), 'MM') AS INT)
    
[2025-06-23T01:02:37.553+0000] {hive.py:475} INFO -  
        CREATE OR REPLACE VIEW sales_by_product AS
        SELECT 
            name AS product_name,
            SUM(price) AS total_sales
        FROM product_sales
        GROUP BY name
    
[2025-06-23T01:02:37.652+0000] {hive.py:475} INFO -  
        CREATE OR REPLACE VIEW reservations_by_date AS
        SELECT 
            TO_DATE(datetime) AS reservation_date,
            COUNT(*) AS num_reservations
        FROM reservation
        GROUP BY TO_DATE(datetime)
    
[2025-06-23T01:02:37.747+0000] {hive.py:475} INFO -  
        CREATE OR REPLACE VIEW monthly_sales_growth AS
        SELECT
            year(datetime) AS year,
            month(datetime) AS month,
            SUM(total) AS total_sales
        FROM sales
        GROUP BY year(datetime), month(datetime)
    
[2025-06-23T01:02:37.834+0000] {hive.py:475} INFO -  
        CREATE OR REPLACE VIEW peak_order_hours AS
        SELECT
            HOUR(datetime) AS hour,
            COUNT(*) AS order_count
        FROM `order`
        GROUP BY HOUR(datetime)
    
[2025-06-23T01:02:37.914+0000] {hive.py:475} INFO -  
        CREATE OR REPLACE VIEW weekly_reservation_patterns AS
        SELECT
            DAYOFWEEK(datetime) AS weekday,
            COUNT(*) AS total_reservations
        FROM reservation
        GROUP BY DAYOFWEEK(datetime)
        ORDER BY weekday
    
[2025-06-23T01:02:37.991+0000] {python.py:237} INFO - Done. Returned value was: None
[2025-06-23T01:02:37.992+0000] {taskinstance.py:441} INFO - ::group::Post task execution logs
[2025-06-23T01:02:38.004+0000] {taskinstance.py:1206} INFO - Marking task as SUCCESS. dag_id=etl_pipeline, task_id=analize, run_id=manual__2025-06-23T01:02:00.500683+00:00, execution_date=20250623T010200, start_date=20250623T010236, end_date=20250623T010238
[2025-06-23T01:02:38.036+0000] {local_task_job_runner.py:240} INFO - Task exited with return code 0
[2025-06-23T01:02:38.053+0000] {taskinstance.py:3498} INFO - 0 downstream tasks scheduled from follow-on schedule check
[2025-06-23T01:02:38.054+0000] {local_task_job_runner.py:222} INFO - ::endgroup::
