[2025-06-23T01:02:28.199+0000] {local_task_job_runner.py:120} INFO - ::group::Pre task execution logs
[2025-06-23T01:02:28.227+0000] {taskinstance.py:2076} INFO - Dependencies all met for dep_context=non-requeueable deps ti=<TaskInstance: etl_pipeline.load manual__2025-06-23T01:02:00.500683+00:00 [queued]>
[2025-06-23T01:02:28.236+0000] {taskinstance.py:2076} INFO - Dependencies all met for dep_context=requeueable deps ti=<TaskInstance: etl_pipeline.load manual__2025-06-23T01:02:00.500683+00:00 [queued]>
[2025-06-23T01:02:28.238+0000] {taskinstance.py:2306} INFO - Starting attempt 1 of 1
[2025-06-23T01:02:28.261+0000] {taskinstance.py:2330} INFO - Executing <Task(PythonOperator): load> on 2025-06-23 01:02:00.500683+00:00
[2025-06-23T01:02:28.270+0000] {standard_task_runner.py:90} INFO - Running: ['airflow', 'tasks', 'run', 'etl_pipeline', 'load', 'manual__2025-06-23T01:02:00.500683+00:00', '--job-id', '177', '--raw', '--subdir', 'DAGS_FOLDER/etl_dag.py', '--cfg-path', '/tmp/tmpkc0sp0u2']
[2025-06-23T01:02:28.272+0000] {standard_task_runner.py:91} INFO - Job 177: Subtask load
[2025-06-23T01:02:28.287+0000] {logging_mixin.py:188} WARNING - /home/airflow/.local/lib/python3.12/site-packages/airflow/task/task_runner/standard_task_runner.py:61 DeprecationWarning: This process (pid=1089) is multi-threaded, use of fork() may lead to deadlocks in the child.
[2025-06-23T01:02:28.288+0000] {standard_task_runner.py:63} INFO - Started process 1098 to run task
[2025-06-23T01:02:28.342+0000] {task_command.py:426} INFO - Running <TaskInstance: etl_pipeline.load manual__2025-06-23T01:02:00.500683+00:00 [running]> on host bf7d98e72989
[2025-06-23T01:02:28.438+0000] {taskinstance.py:2648} INFO - Exporting env vars: AIRFLOW_CTX_DAG_OWNER='airflow' AIRFLOW_CTX_DAG_ID='etl_pipeline' AIRFLOW_CTX_TASK_ID='load' AIRFLOW_CTX_EXECUTION_DATE='2025-06-23T01:02:00.500683+00:00' AIRFLOW_CTX_TRY_NUMBER='1' AIRFLOW_CTX_DAG_RUN_ID='manual__2025-06-23T01:02:00.500683+00:00'
[2025-06-23T01:02:28.439+0000] {taskinstance.py:430} INFO - ::endgroup::
[2025-06-23T01:02:28.525+0000] {hive.py:475} INFO - USE `default`
[2025-06-23T01:02:28.666+0000] {logging_mixin.py:188} INFO - Cargando tabla: customers desde /opt/airflow/dags/customers.csv
[2025-06-23T01:02:28.675+0000] {hive.py:475} INFO - 
                CREATE TABLE IF NOT EXISTS `customers` (
                    user_id INT, Role STRING, email STRING
                )
                ROW FORMAT DELIMITED
                FIELDS TERMINATED BY ','
                STORED AS TEXTFILE
            
[2025-06-23T01:02:28.694+0000] {hive.py:475} INFO - LOAD DATA LOCAL INPATH '/opt/airflow/dags/customers.csv' OVERWRITE INTO TABLE `customers`
[2025-06-23T01:02:29.756+0000] {logging_mixin.py:188} INFO - Cargando tabla: Order desde /opt/airflow/dags/Order.csv
[2025-06-23T01:02:29.763+0000] {hive.py:475} INFO - 
                CREATE TABLE IF NOT EXISTS `Order` (
                    order_id STRING, Datetime STRING, user_id STRING, restaurant_id STRING, Address STRING, Status STRING
                )
                ROW FORMAT DELIMITED
                FIELDS TERMINATED BY ','
                STORED AS TEXTFILE
            
[2025-06-23T01:02:29.842+0000] {hive.py:475} INFO - LOAD DATA LOCAL INPATH '/opt/airflow/dags/Order.csv' OVERWRITE INTO TABLE `Order`
[2025-06-23T01:02:30.149+0000] {logging_mixin.py:188} INFO - Cargando tabla: order_line desde /opt/airflow/dags/order_line.csv
[2025-06-23T01:02:30.156+0000] {hive.py:475} INFO - 
                CREATE TABLE IF NOT EXISTS `order_line` (
                    order_id STRING, product_id STRING, price STRING
                )
                ROW FORMAT DELIMITED
                FIELDS TERMINATED BY ','
                STORED AS TEXTFILE
            
[2025-06-23T01:02:30.212+0000] {hive.py:475} INFO - LOAD DATA LOCAL INPATH '/opt/airflow/dags/order_line.csv' OVERWRITE INTO TABLE `order_line`
[2025-06-23T01:02:30.519+0000] {logging_mixin.py:188} INFO - Cargando tabla: products desde /opt/airflow/dags/products.csv
[2025-06-23T01:02:30.525+0000] {hive.py:475} INFO - 
                CREATE TABLE IF NOT EXISTS `products` (
                    product_id STRING, Name STRING, menu_id STRING, price STRING
                )
                ROW FORMAT DELIMITED
                FIELDS TERMINATED BY ','
                STORED AS TEXTFILE
            
[2025-06-23T01:02:30.590+0000] {hive.py:475} INFO - LOAD DATA LOCAL INPATH '/opt/airflow/dags/products.csv' OVERWRITE INTO TABLE `products`
[2025-06-23T01:02:30.944+0000] {logging_mixin.py:188} INFO - Cargando tabla: product_sales desde /opt/airflow/dags/product_sales.csv
[2025-06-23T01:02:30.952+0000] {hive.py:475} INFO - 
                CREATE TABLE IF NOT EXISTS `product_sales` (
                    product_id STRING, name STRING, menu_id STRING, order_id STRING, price STRING
                )
                ROW FORMAT DELIMITED
                FIELDS TERMINATED BY ','
                STORED AS TEXTFILE
            
[2025-06-23T01:02:31.018+0000] {hive.py:475} INFO - LOAD DATA LOCAL INPATH '/opt/airflow/dags/product_sales.csv' OVERWRITE INTO TABLE `product_sales`
[2025-06-23T01:02:31.328+0000] {logging_mixin.py:188} INFO - Cargando tabla: reservation desde /opt/airflow/dags/reservation.csv
[2025-06-23T01:02:31.335+0000] {hive.py:475} INFO - 
                CREATE TABLE IF NOT EXISTS `reservation` (
                    reservation_id STRING, Datetime STRING, user_id STRING, capacity STRING, table_id STRING, restaurant_id STRING
                )
                ROW FORMAT DELIMITED
                FIELDS TERMINATED BY ','
                STORED AS TEXTFILE
            
[2025-06-23T01:02:31.385+0000] {hive.py:475} INFO - LOAD DATA LOCAL INPATH '/opt/airflow/dags/reservation.csv' OVERWRITE INTO TABLE `reservation`
[2025-06-23T01:02:32.099+0000] {logging_mixin.py:188} INFO - Cargando tabla: restaurant desde /opt/airflow/dags/restaurant.csv
[2025-06-23T01:02:32.104+0000] {hive.py:475} INFO - 
                CREATE TABLE IF NOT EXISTS `restaurant` (
                    restaurant_id STRING, Name STRING, Address STRING
                )
                ROW FORMAT DELIMITED
                FIELDS TERMINATED BY ','
                STORED AS TEXTFILE
            
[2025-06-23T01:02:32.150+0000] {hive.py:475} INFO - LOAD DATA LOCAL INPATH '/opt/airflow/dags/restaurant.csv' OVERWRITE INTO TABLE `restaurant`
[2025-06-23T01:02:32.466+0000] {logging_mixin.py:188} INFO - Cargando tabla: sales desde /opt/airflow/dags/sales.csv
[2025-06-23T01:02:32.472+0000] {hive.py:475} INFO - 
                CREATE TABLE IF NOT EXISTS `sales` (
                    order_id STRING, datetime STRING, user_id STRING, restaurant_id STRING, address STRING, status STRING, total STRING
                )
                ROW FORMAT DELIMITED
                FIELDS TERMINATED BY ','
                STORED AS TEXTFILE
            
[2025-06-23T01:02:32.520+0000] {hive.py:475} INFO - LOAD DATA LOCAL INPATH '/opt/airflow/dags/sales.csv' OVERWRITE INTO TABLE `sales`
[2025-06-23T01:02:33.241+0000] {python.py:237} INFO - Done. Returned value was: None
[2025-06-23T01:02:33.242+0000] {taskinstance.py:441} INFO - ::group::Post task execution logs
[2025-06-23T01:02:33.251+0000] {taskinstance.py:1206} INFO - Marking task as SUCCESS. dag_id=etl_pipeline, task_id=load, run_id=manual__2025-06-23T01:02:00.500683+00:00, execution_date=20250623T010200, start_date=20250623T010228, end_date=20250623T010233
[2025-06-23T01:02:33.284+0000] {local_task_job_runner.py:240} INFO - Task exited with return code 0
[2025-06-23T01:02:33.307+0000] {taskinstance.py:3498} INFO - 1 downstream tasks scheduled from follow-on schedule check
[2025-06-23T01:02:33.315+0000] {local_task_job_runner.py:222} INFO - ::endgroup::
