[2025-06-23T01:08:27.330+0000] {local_task_job_runner.py:120} INFO - ::group::Pre task execution logs
[2025-06-23T01:08:27.364+0000] {taskinstance.py:2076} INFO - Dependencies all met for dep_context=non-requeueable deps ti=<TaskInstance: etl_pipeline.analize manual__2025-06-23T01:07:43.983527+00:00 [queued]>
[2025-06-23T01:08:27.376+0000] {taskinstance.py:2076} INFO - Dependencies all met for dep_context=requeueable deps ti=<TaskInstance: etl_pipeline.analize manual__2025-06-23T01:07:43.983527+00:00 [queued]>
[2025-06-23T01:08:27.378+0000] {taskinstance.py:2306} INFO - Starting attempt 1 of 1
[2025-06-23T01:08:27.410+0000] {taskinstance.py:2330} INFO - Executing <Task(PythonOperator): analize> on 2025-06-23 01:07:43.983527+00:00
[2025-06-23T01:08:27.421+0000] {standard_task_runner.py:90} INFO - Running: ['airflow', 'tasks', 'run', 'etl_pipeline', 'analize', 'manual__2025-06-23T01:07:43.983527+00:00', '--job-id', '183', '--raw', '--subdir', 'DAGS_FOLDER/etl_dag.py', '--cfg-path', '/tmp/tmpveb_canj']
[2025-06-23T01:08:27.426+0000] {standard_task_runner.py:91} INFO - Job 183: Subtask analize
[2025-06-23T01:08:27.432+0000] {logging_mixin.py:188} WARNING - /home/airflow/.local/lib/python3.12/site-packages/airflow/task/task_runner/standard_task_runner.py:61 DeprecationWarning: This process (pid=518) is multi-threaded, use of fork() may lead to deadlocks in the child.
[2025-06-23T01:08:27.433+0000] {standard_task_runner.py:63} INFO - Started process 527 to run task
[2025-06-23T01:08:27.520+0000] {task_command.py:426} INFO - Running <TaskInstance: etl_pipeline.analize manual__2025-06-23T01:07:43.983527+00:00 [running]> on host 8e3fa3848122
[2025-06-23T01:08:27.631+0000] {taskinstance.py:2648} INFO - Exporting env vars: AIRFLOW_CTX_DAG_OWNER='airflow' AIRFLOW_CTX_DAG_ID='etl_pipeline' AIRFLOW_CTX_TASK_ID='analize' AIRFLOW_CTX_EXECUTION_DATE='2025-06-23T01:07:43.983527+00:00' AIRFLOW_CTX_TRY_NUMBER='1' AIRFLOW_CTX_DAG_RUN_ID='manual__2025-06-23T01:07:43.983527+00:00'
[2025-06-23T01:08:27.632+0000] {taskinstance.py:430} INFO - ::endgroup::
[2025-06-23T01:08:27.742+0000] {hive.py:475} INFO - USE `default`
[2025-06-23T01:08:27.816+0000] {hive.py:475} INFO -  
        CREATE OR REPLACE VIEW sales_by_mon AS
        SELECT
            CAST(date_format(CAST(o.datetime AS timestamp), 'yyyy') AS INT) AS year,
            CAST(date_format(CAST(o.datetime AS timestamp), 'MM') AS INT) AS month,
            SUM(ol.price) AS total_sales
        FROM `order` o
        JOIN order_line ol ON o.order_id = ol.order_id
        GROUP BY 
            CAST(date_format(CAST(o.datetime AS timestamp), 'yyyy') AS INT),
            CAST(date_format(CAST(o.datetime AS timestamp), 'MM') AS INT)
    
[2025-06-23T01:08:29.660+0000] {hive.py:475} INFO -  
        CREATE OR REPLACE VIEW sales_by_product AS
        SELECT 
            name AS product_name,
            SUM(price) AS total_sales
        FROM product_sales
        GROUP BY name
    
[2025-06-23T01:08:29.778+0000] {hive.py:475} INFO -  
        CREATE OR REPLACE VIEW reservations_by_date AS
        SELECT 
            TO_DATE(datetime) AS reservation_date,
            COUNT(*) AS num_reservations
        FROM reservation
        GROUP BY TO_DATE(datetime)
    
[2025-06-23T01:08:29.894+0000] {hive.py:475} INFO -  
        CREATE OR REPLACE VIEW monthly_sales_growth AS
        SELECT
            year(datetime) AS year,
            month(datetime) AS month,
            SUM(total) AS total_sales
        FROM sales
        GROUP BY year(datetime), month(datetime)
    
[2025-06-23T01:08:30.001+0000] {hive.py:475} INFO -  
        CREATE OR REPLACE VIEW peak_order_hours AS
        SELECT
            HOUR(datetime) AS hour,
            COUNT(*) AS order_count
        FROM `order`
        GROUP BY HOUR(datetime)
    
[2025-06-23T01:08:30.104+0000] {hive.py:475} INFO -  
        CREATE OR REPLACE VIEW weekly_reservation_patterns AS
        SELECT
            DAYOFWEEK(datetime) AS weekday,
            COUNT(*) AS total_reservations
        FROM reservation
        GROUP BY DAYOFWEEK(datetime)
        ORDER BY weekday
    
[2025-06-23T01:08:30.205+0000] {python.py:237} INFO - Done. Returned value was: None
[2025-06-23T01:08:30.208+0000] {taskinstance.py:441} INFO - ::group::Post task execution logs
[2025-06-23T01:08:30.225+0000] {taskinstance.py:1206} INFO - Marking task as SUCCESS. dag_id=etl_pipeline, task_id=analize, run_id=manual__2025-06-23T01:07:43.983527+00:00, execution_date=20250623T010743, start_date=20250623T010827, end_date=20250623T010830
[2025-06-23T01:08:30.262+0000] {local_task_job_runner.py:240} INFO - Task exited with return code 0
[2025-06-23T01:08:30.280+0000] {taskinstance.py:3498} INFO - 0 downstream tasks scheduled from follow-on schedule check
[2025-06-23T01:08:30.282+0000] {local_task_job_runner.py:222} INFO - ::endgroup::
