[2025-06-22T02:04:41.417+0000] {local_task_job_runner.py:120} INFO - ::group::Pre task execution logs
[2025-06-22T02:04:41.453+0000] {taskinstance.py:2076} INFO - Dependencies all met for dep_context=non-requeueable deps ti=<TaskInstance: etl_pipeline.extract manual__2025-06-22T02:04:34.631237+00:00 [queued]>
[2025-06-22T02:04:41.471+0000] {taskinstance.py:2076} INFO - Dependencies all met for dep_context=requeueable deps ti=<TaskInstance: etl_pipeline.extract manual__2025-06-22T02:04:34.631237+00:00 [queued]>
[2025-06-22T02:04:41.485+0000] {taskinstance.py:2306} INFO - Starting attempt 1 of 1
[2025-06-22T02:04:41.601+0000] {taskinstance.py:2330} INFO - Executing <Task(PythonOperator): extract> on 2025-06-22 02:04:34.631237+00:00
[2025-06-22T02:04:41.613+0000] {standard_task_runner.py:90} INFO - Running: ['airflow', 'tasks', 'run', 'etl_pipeline', 'extract', 'manual__2025-06-22T02:04:34.631237+00:00', '--job-id', '39', '--raw', '--subdir', 'DAGS_FOLDER/etl_dag.py', '--cfg-path', '/tmp/tmps0103_9s']
[2025-06-22T02:04:41.617+0000] {standard_task_runner.py:91} INFO - Job 39: Subtask extract
[2025-06-22T02:04:41.620+0000] {logging_mixin.py:188} WARNING - /home/airflow/.local/lib/python3.12/site-packages/airflow/task/task_runner/standard_task_runner.py:61 DeprecationWarning: This process (pid=36) is multi-threaded, use of fork() may lead to deadlocks in the child.
[2025-06-22T02:04:41.621+0000] {standard_task_runner.py:63} INFO - Started process 45 to run task
[2025-06-22T02:04:41.773+0000] {task_command.py:426} INFO - Running <TaskInstance: etl_pipeline.extract manual__2025-06-22T02:04:34.631237+00:00 [running]> on host 8abbe489f871
[2025-06-22T02:04:41.994+0000] {taskinstance.py:2648} INFO - Exporting env vars: AIRFLOW_CTX_DAG_OWNER='airflow' AIRFLOW_CTX_DAG_ID='etl_pipeline' AIRFLOW_CTX_TASK_ID='extract' AIRFLOW_CTX_EXECUTION_DATE='2025-06-22T02:04:34.631237+00:00' AIRFLOW_CTX_TRY_NUMBER='1' AIRFLOW_CTX_DAG_RUN_ID='manual__2025-06-22T02:04:34.631237+00:00'
[2025-06-22T02:04:41.995+0000] {taskinstance.py:430} INFO - ::endgroup::
[2025-06-22T02:04:42.041+0000] {logging_mixin.py:188} INFO - Extrayendo tabla: order_line
[2025-06-22T02:04:42.046+0000] {logging_mixin.py:188} WARNING - /opt/airflow/dags/scripts/extract_postgres.py:25 UserWarning: pandas only supports SQLAlchemy connectable (engine/connection) or database string URI or sqlite3 DBAPI2 connection. Other DBAPI2 objects are not tested. Please consider using SQLAlchemy.
[2025-06-22T02:04:42.070+0000] {logging_mixin.py:188} INFO - Extrayendo tabla: reservation
[2025-06-22T02:04:42.085+0000] {logging_mixin.py:188} INFO - Extrayendo tabla: Order
[2025-06-22T02:04:42.098+0000] {logging_mixin.py:188} INFO - Extrayendo tabla: Table
[2025-06-22T02:04:42.113+0000] {logging_mixin.py:188} INFO - Extrayendo tabla: menu_restaurant
[2025-06-22T02:04:42.124+0000] {logging_mixin.py:188} INFO - Extrayendo tabla: products
[2025-06-22T02:04:42.141+0000] {logging_mixin.py:188} INFO - Extrayendo tabla: menu
[2025-06-22T02:04:42.148+0000] {logging_mixin.py:188} INFO - Extrayendo tabla: restaurant
[2025-06-22T02:04:42.157+0000] {logging_mixin.py:188} INFO - Extrayendo tabla: users
[2025-06-22T02:04:42.166+0000] {python.py:237} INFO - Done. Returned value was: None
[2025-06-22T02:04:42.167+0000] {taskinstance.py:441} INFO - ::group::Post task execution logs
[2025-06-22T02:04:42.180+0000] {taskinstance.py:1206} INFO - Marking task as SUCCESS. dag_id=etl_pipeline, task_id=extract, run_id=manual__2025-06-22T02:04:34.631237+00:00, execution_date=20250622T020434, start_date=20250622T020441, end_date=20250622T020442
[2025-06-22T02:04:42.237+0000] {local_task_job_runner.py:240} INFO - Task exited with return code 0
[2025-06-22T02:04:42.268+0000] {taskinstance.py:3498} INFO - 1 downstream tasks scheduled from follow-on schedule check
[2025-06-22T02:04:42.278+0000] {local_task_job_runner.py:222} INFO - ::endgroup::
