[2025-06-22T18:43:55.266+0000] {local_task_job_runner.py:120} INFO - ::group::Pre task execution logs
[2025-06-22T18:43:55.293+0000] {taskinstance.py:2076} INFO - Dependencies all met for dep_context=non-requeueable deps ti=<TaskInstance: etl_pipeline.transform manual__2025-06-22T18:43:41.658367+00:00 [queued]>
[2025-06-22T18:43:55.302+0000] {taskinstance.py:2076} INFO - Dependencies all met for dep_context=requeueable deps ti=<TaskInstance: etl_pipeline.transform manual__2025-06-22T18:43:41.658367+00:00 [queued]>
[2025-06-22T18:43:55.304+0000] {taskinstance.py:2306} INFO - Starting attempt 1 of 1
[2025-06-22T18:43:55.331+0000] {taskinstance.py:2330} INFO - Executing <Task(PythonOperator): transform> on 2025-06-22 18:43:41.658367+00:00
[2025-06-22T18:43:55.339+0000] {standard_task_runner.py:90} INFO - Running: ['airflow', 'tasks', 'run', 'etl_pipeline', 'transform', 'manual__2025-06-22T18:43:41.658367+00:00', '--job-id', '97', '--raw', '--subdir', 'DAGS_FOLDER/etl_dag.py', '--cfg-path', '/tmp/tmpt_jub604']
[2025-06-22T18:43:55.342+0000] {standard_task_runner.py:91} INFO - Job 97: Subtask transform
[2025-06-22T18:43:55.348+0000] {logging_mixin.py:188} WARNING - /home/airflow/.local/lib/python3.12/site-packages/airflow/task/task_runner/standard_task_runner.py:61 DeprecationWarning: This process (pid=70) is multi-threaded, use of fork() may lead to deadlocks in the child.
[2025-06-22T18:43:55.349+0000] {standard_task_runner.py:63} INFO - Started process 79 to run task
[2025-06-22T18:43:55.448+0000] {task_command.py:426} INFO - Running <TaskInstance: etl_pipeline.transform manual__2025-06-22T18:43:41.658367+00:00 [running]> on host ee9b7eef007b
[2025-06-22T18:43:55.563+0000] {taskinstance.py:2648} INFO - Exporting env vars: AIRFLOW_CTX_DAG_OWNER='airflow' AIRFLOW_CTX_DAG_ID='etl_pipeline' AIRFLOW_CTX_TASK_ID='transform' AIRFLOW_CTX_EXECUTION_DATE='2025-06-22T18:43:41.658367+00:00' AIRFLOW_CTX_TRY_NUMBER='1' AIRFLOW_CTX_DAG_RUN_ID='manual__2025-06-22T18:43:41.658367+00:00'
[2025-06-22T18:43:55.565+0000] {taskinstance.py:430} INFO - ::endgroup::
[2025-06-22T18:44:12.028+0000] {logging_mixin.py:188} WARNING - {"ts": "2025-06-22 18:44:11.978", "level": "ERROR", "logger": "DataFrameQueryContextLogger", "msg": "[UNRESOLVED_COLUMN.WITH_SUGGESTION] A column, variable, or function parameter with name `datetime` cannot be resolved. Did you mean one of the following? [`date`, `date_key`, `day`, `month`, `year`]. SQLSTATE: 42703", "context": {"file": "jdk.internal.reflect.GeneratedMethodAccessor53.invoke(Unknown Source)", "line": "", "fragment": "col", "errorClass": "UNRESOLVED_COLUMN.WITH_SUGGESTION"}, "exception": {"class": "Py4JJavaError", "msg": "An error occurred while calling o205.withColumn.\n: org.apache.spark.sql.AnalysisException: [UNRESOLVED_COLUMN.WITH_SUGGESTION] A column, variable, or function parameter with name `datetime` cannot be resolved. Did you mean one of the following? [`date`, `date_key`, `day`, `month`, `year`]. SQLSTATE: 42703;\n'Project [date#234, date_key#235, year#236, month#237, day#238, weekday#239, 'hour('to_timestamp('datetime)) AS hour#240]\n+- Project [date#234, date_key#235, year#236, month#237, day#238, date_format(cast(date#234 as timestamp), EEEE, Some(Etc/UTC)) AS weekday#239]\n   +- Project [date#234, date_key#235, year#236, month#237, dayofmonth(date#234) AS day#238]\n      +- Project [date#234, date_key#235, year#236, month(date#234) AS month#237]\n         +- Project [date#234, date_key#235, year(date#234) AS year#236]\n            +- Project [date#234, cast(date#234 as string) AS date_key#235]\n               +- Project [to_date(datetime#192, None, Some(Etc/UTC), true) AS date#234]\n                  +- Relation [order_id#191,Datetime#192,user_id#193,restaurant_id#194,Address#195,Status#196] csv\n\n\tat org.apache.spark.sql.errors.QueryCompilationErrors$.unresolvedAttributeError(QueryCompilationErrors.scala:401)\n\tat org.apache.spark.sql.catalyst.analysis.CheckAnalysis.org$apache$spark$sql$catalyst$analysis$CheckAnalysis$$failUnresolvedAttribute(CheckAnalysis.scala:169)\n\tat org.apache.spark.sql.catalyst.analysis.CheckAnalysis.$anonfun$checkAnalysis0$7(CheckAnalysis.scala:404)\n\tat org.apache.spark.sql.catalyst.analysis.CheckAnalysis.$anonfun$checkAnalysis0$7$adapted(CheckAnalysis.scala:402)\n\tat org.apache.spark.sql.catalyst.trees.TreeNode.foreachUp(TreeNode.scala:252)\n\tat org.apache.spark.sql.catalyst.trees.TreeNode.$anonfun$foreachUp$1(TreeNode.scala:251)\n\tat org.apache.spark.sql.catalyst.trees.TreeNode.$anonfun$foreachUp$1$adapted(TreeNode.scala:251)\n\tat scala.collection.IterableOnceOps.foreach(IterableOnce.scala:619)\n\tat scala.collection.IterableOnceOps.foreach$(IterableOnce.scala:617)\n\tat scala.collection.AbstractIterable.foreach(Iterable.scala:935)\n\tat org.apache.spark.sql.catalyst.trees.TreeNode.foreachUp(TreeNode.scala:251)\n\tat org.apache.spark.sql.catalyst.trees.TreeNode.$anonfun$foreachUp$1(TreeNode.scala:251)\n\tat org.apache.spark.sql.catalyst.trees.TreeNode.$anonfun$foreachUp$1$adapted(TreeNode.scala:251)\n\tat scala.collection.IterableOnceOps.foreach(IterableOnce.scala:619)\n\tat scala.collection.IterableOnceOps.foreach$(IterableOnce.scala:617)\n\tat scala.collection.AbstractIterable.foreach(Iterable.scala:935)\n\tat org.apache.spark.sql.catalyst.trees.TreeNode.foreachUp(TreeNode.scala:251)\n\tat org.apache.spark.sql.catalyst.trees.TreeNode.$anonfun$foreachUp$1(TreeNode.scala:251)\n\tat org.apache.spark.sql.catalyst.trees.TreeNode.$anonfun$foreachUp$1$adapted(TreeNode.scala:251)\n\tat scala.collection.immutable.Vector.foreach(Vector.scala:2125)\n\tat org.apache.spark.sql.catalyst.trees.TreeNode.foreachUp(TreeNode.scala:251)\n\tat org.apache.spark.sql.catalyst.analysis.CheckAnalysis.$anonfun$checkAnalysis0$6(CheckAnalysis.scala:402)\n\tat org.apache.spark.sql.catalyst.analysis.CheckAnalysis.$anonfun$checkAnalysis0$6$adapted(CheckAnalysis.scala:402)\n\tat scala.collection.immutable.List.foreach(List.scala:334)\n\tat org.apache.spark.sql.catalyst.analysis.CheckAnalysis.$anonfun$checkAnalysis0$2(CheckAnalysis.scala:402)\n\tat org.apache.spark.sql.catalyst.analysis.CheckAnalysis.$anonfun$checkAnalysis0$2$adapted(CheckAnalysis.scala:284)\n\tat org.apache.spark.sql.catalyst.trees.TreeNode.foreachUp(TreeNode.scala:252)\n\tat org.apache.spark.sql.catalyst.analysis.CheckAnalysis.checkAnalysis0(CheckAnalysis.scala:284)\n\tat org.apache.spark.sql.catalyst.analysis.CheckAnalysis.checkAnalysis0$(CheckAnalysis.scala:255)\n\tat org.apache.spark.sql.catalyst.analysis.Analyzer.checkAnalysis0(Analyzer.scala:249)\n\tat org.apache.spark.sql.catalyst.analysis.CheckAnalysis.checkAnalysis(CheckAnalysis.scala:244)\n\tat org.apache.spark.sql.catalyst.analysis.CheckAnalysis.checkAnalysis$(CheckAnalysis.scala:231)\n\tat org.apache.spark.sql.catalyst.analysis.Analyzer.checkAnalysis(Analyzer.scala:249)\n\tat org.apache.spark.sql.catalyst.analysis.resolver.HybridAnalyzer.$anonfun$resolveInFixedPoint$1(HybridAnalyzer.scala:192)\n\tat scala.runtime.java8.JFunction0$mcV$sp.apply(JFunction0$mcV$sp.scala:18)\n\tat org.apache.spark.sql.catalyst.QueryPlanningTracker$.withTracker(QueryPlanningTracker.scala:89)\n\tat org.apache.spark.sql.catalyst.analysis.resolver.HybridAnalyzer.resolveInFixedPoint(HybridAnalyzer.scala:192)\n\tat org.apache.spark.sql.catalyst.analysis.resolver.HybridAnalyzer.$anonfun$apply$1(HybridAnalyzer.scala:76)\n\tat org.apache.spark.sql.catalyst.analysis.resolver.HybridAnalyzer.withTrackedAnalyzerBridgeState(HybridAnalyzer.scala:111)\n\tat org.apache.spark.sql.catalyst.analysis.resolver.HybridAnalyzer.apply(HybridAnalyzer.scala:71)\n\tat org.apache.spark.sql.catalyst.analysis.Analyzer.$anonfun$executeAndCheck$1(Analyzer.scala:280)\n\tat org.apache.spark.sql.catalyst.plans.logical.AnalysisHelper$.markInAnalyzer(AnalysisHelper.scala:423)\n\tat org.apache.spark.sql.catalyst.analysis.Analyzer.executeAndCheck(Analyzer.scala:280)\n\tat org.apache.spark.sql.execution.QueryExecution.$anonfun$lazyAnalyzed$2(QueryExecution.scala:110)\n\tat org.apache.spark.sql.catalyst.QueryPlanningTracker.measurePhase(QueryPlanningTracker.scala:148)\n\tat org.apache.spark.sql.execution.QueryExecution.$anonfun$executePhase$2(QueryExecution.scala:278)\n\tat org.apache.spark.sql.execution.QueryExecution$.withInternalError(QueryExecution.scala:654)\n\tat org.apache.spark.sql.execution.QueryExecution.$anonfun$executePhase$1(QueryExecution.scala:278)\n\tat org.apache.spark.sql.SparkSession.withActive(SparkSession.scala:804)\n\tat org.apache.spark.sql.execution.QueryExecution.executePhase(QueryExecution.scala:277)\n\tat org.apache.spark.sql.execution.QueryExecution.$anonfun$lazyAnalyzed$1(QueryExecution.scala:110)\n\tat scala.util.Try$.apply(Try.scala:217)\n\tat org.apache.spark.util.Utils$.doTryWithCallerStacktrace(Utils.scala:1378)\n\tat org.apache.spark.util.Utils$.getTryWithCallerStacktrace(Utils.scala:1439)\n\tat org.apache.spark.util.LazyTry.get(LazyTry.scala:58)\n\tat org.apache.spark.sql.execution.QueryExecution.analyzed(QueryExecution.scala:121)\n\tat org.apache.spark.sql.execution.QueryExecution.assertAnalyzed(QueryExecution.scala:80)\n\tat org.apache.spark.sql.classic.Dataset$.$anonfun$ofRows$1(Dataset.scala:115)\n\tat org.apache.spark.sql.SparkSession.withActive(SparkSession.scala:804)\n\tat org.apache.spark.sql.classic.Dataset$.ofRows(Dataset.scala:113)\n\tat org.apache.spark.sql.classic.Dataset.withPlan(Dataset.scala:2263)\n\tat org.apache.spark.sql.classic.Dataset.withColumns(Dataset.scala:1283)\n\tat org.apache.spark.sql.classic.Dataset.withColumns(Dataset.scala:232)\n\tat org.apache.spark.sql.Dataset.withColumn(Dataset.scala:2187)\n\tat org.apache.spark.sql.classic.Dataset.withColumn(Dataset.scala:1819)\n\tat java.base/jdk.internal.reflect.NativeMethodAccessorImpl.invoke0(Native Method)\n\tat java.base/jdk.internal.reflect.NativeMethodAccessorImpl.invoke(NativeMethodAccessorImpl.java:77)\n\tat java.base/jdk.internal.reflect.DelegatingMethodAccessorImpl.invoke(DelegatingMethodAccessorImpl.java:43)\n\tat java.base/java.lang.reflect.Method.invoke(Method.java:569)\n\tat py4j.reflection.MethodInvoker.invoke(MethodInvoker.java:244)\n\tat py4j.reflection.ReflectionEngine.invoke(ReflectionEngine.java:374)\n\tat py4j.Gateway.invoke(Gateway.java:282)\n\tat py4j.commands.AbstractCommand.invokeMethod(AbstractCommand.java:132)\n\tat py4j.commands.CallCommand.execute(CallCommand.java:79)\n\tat py4j.ClientServerConnection.waitForCommands(ClientServerConnection.java:184)\n\tat py4j.ClientServerConnection.run(ClientServerConnection.java:108)\n\tat java.base/java.lang.Thread.run(Thread.java:840)\n\tSuppressed: org.apache.spark.util.Utils$OriginalTryStackTraceException: Full stacktrace of original doTryWithCallerStacktrace caller\n\t\tat org.apache.spark.sql.errors.QueryCompilationErrors$.unresolvedAttributeError(QueryCompilationErrors.scala:401)\n\t\tat org.apache.spark.sql.catalyst.analysis.CheckAnalysis.org$apache$spark$sql$catalyst$analysis$CheckAnalysis$$failUnresolvedAttribute(CheckAnalysis.scala:169)\n\t\tat org.apache.spark.sql.catalyst.analysis.CheckAnalysis.$anonfun$checkAnalysis0$7(CheckAnalysis.scala:404)\n\t\tat org.apache.spark.sql.catalyst.analysis.CheckAnalysis.$anonfun$checkAnalysis0$7$adapted(CheckAnalysis.scala:402)\n\t\tat org.apache.spark.sql.catalyst.trees.TreeNode.foreachUp(TreeNode.scala:252)\n\t\tat org.apache.spark.sql.catalyst.trees.TreeNode.$anonfun$foreachUp$1(TreeNode.scala:251)\n\t\tat org.apache.spark.sql.catalyst.trees.TreeNode.$anonfun$foreachUp$1$adapted(TreeNode.scala:251)\n\t\tat scala.collection.IterableOnceOps.foreach(IterableOnce.scala:619)\n\t\tat scala.collection.IterableOnceOps.foreach$(IterableOnce.scala:617)\n\t\tat scala.collection.AbstractIterable.foreach(Iterable.scala:935)\n\t\tat org.apache.spark.sql.catalyst.trees.TreeNode.foreachUp(TreeNode.scala:251)\n\t\tat org.apache.spark.sql.catalyst.trees.TreeNode.$anonfun$foreachUp$1(TreeNode.scala:251)\n\t\tat org.apache.spark.sql.catalyst.trees.TreeNode.$anonfun$foreachUp$1$adapted(TreeNode.scala:251)\n\t\tat scala.collection.IterableOnceOps.foreach(IterableOnce.scala:619)\n\t\tat scala.collection.IterableOnceOps.foreach$(IterableOnce.scala:617)\n\t\tat scala.collection.AbstractIterable.foreach(Iterable.scala:935)\n\t\tat org.apache.spark.sql.catalyst.trees.TreeNode.foreachUp(TreeNode.scala:251)\n\t\tat org.apache.spark.sql.catalyst.trees.TreeNode.$anonfun$foreachUp$1(TreeNode.scala:251)\n\t\tat org.apache.spark.sql.catalyst.trees.TreeNode.$anonfun$foreachUp$1$adapted(TreeNode.scala:251)\n\t\tat scala.collection.immutable.Vector.foreach(Vector.scala:2125)\n\t\tat org.apache.spark.sql.catalyst.trees.TreeNode.foreachUp(TreeNode.scala:251)\n\t\tat org.apache.spark.sql.catalyst.analysis.CheckAnalysis.$anonfun$checkAnalysis0$6(CheckAnalysis.scala:402)\n\t\tat org.apache.spark.sql.catalyst.analysis.CheckAnalysis.$anonfun$checkAnalysis0$6$adapted(CheckAnalysis.scala:402)\n\t\tat scala.collection.immutable.List.foreach(List.scala:334)\n\t\tat org.apache.spark.sql.catalyst.analysis.CheckAnalysis.$anonfun$checkAnalysis0$2(CheckAnalysis.scala:402)\n\t\tat org.apache.spark.sql.catalyst.analysis.CheckAnalysis.$anonfun$checkAnalysis0$2$adapted(CheckAnalysis.scala:284)\n\t\tat org.apache.spark.sql.catalyst.trees.TreeNode.foreachUp(TreeNode.scala:252)\n\t\tat org.apache.spark.sql.catalyst.analysis.CheckAnalysis.checkAnalysis0(CheckAnalysis.scala:284)\n\t\tat org.apache.spark.sql.catalyst.analysis.CheckAnalysis.checkAnalysis0$(CheckAnalysis.scala:255)\n\t\tat org.apache.spark.sql.catalyst.analysis.Analyzer.checkAnalysis0(Analyzer.scala:249)\n\t\tat org.apache.spark.sql.catalyst.analysis.CheckAnalysis.checkAnalysis(CheckAnalysis.scala:244)\n\t\tat org.apache.spark.sql.catalyst.analysis.CheckAnalysis.checkAnalysis$(CheckAnalysis.scala:231)\n\t\tat org.apache.spark.sql.catalyst.analysis.Analyzer.checkAnalysis(Analyzer.scala:249)\n\t\tat org.apache.spark.sql.catalyst.analysis.resolver.HybridAnalyzer.$anonfun$resolveInFixedPoint$1(HybridAnalyzer.scala:192)\n\t\tat scala.runtime.java8.JFunction0$mcV$sp.apply(JFunction0$mcV$sp.scala:18)\n\t\tat org.apache.spark.sql.catalyst.QueryPlanningTracker$.withTracker(QueryPlanningTracker.scala:89)\n\t\tat org.apache.spark.sql.catalyst.analysis.resolver.HybridAnalyzer.resolveInFixedPoint(HybridAnalyzer.scala:192)\n\t\tat org.apache.spark.sql.catalyst.analysis.resolver.HybridAnalyzer.$anonfun$apply$1(HybridAnalyzer.scala:76)\n\t\tat org.apache.spark.sql.catalyst.analysis.resolver.HybridAnalyzer.withTrackedAnalyzerBridgeState(HybridAnalyzer.scala:111)\n\t\tat org.apache.spark.sql.catalyst.analysis.resolver.HybridAnalyzer.apply(HybridAnalyzer.scala:71)\n\t\tat org.apache.spark.sql.catalyst.analysis.Analyzer.$anonfun$executeAndCheck$1(Analyzer.scala:280)\n\t\tat org.apache.spark.sql.catalyst.plans.logical.AnalysisHelper$.markInAnalyzer(AnalysisHelper.scala:423)\n\t\tat org.apache.spark.sql.catalyst.analysis.Analyzer.executeAndCheck(Analyzer.scala:280)\n\t\tat org.apache.spark.sql.execution.QueryExecution.$anonfun$lazyAnalyzed$2(QueryExecution.scala:110)\n\t\tat org.apache.spark.sql.catalyst.QueryPlanningTracker.measurePhase(QueryPlanningTracker.scala:148)\n\t\tat org.apache.spark.sql.execution.QueryExecution.$anonfun$executePhase$2(QueryExecution.scala:278)\n\t\tat org.apache.spark.sql.execution.QueryExecution$.withInternalError(QueryExecution.scala:654)\n\t\tat org.apache.spark.sql.execution.QueryExecution.$anonfun$executePhase$1(QueryExecution.scala:278)\n\t\tat org.apache.spark.sql.SparkSession.withActive(SparkSession.scala:804)\n\t\tat org.apache.spark.sql.execution.QueryExecution.executePhase(QueryExecution.scala:277)\n\t\tat org.apache.spark.sql.execution.QueryExecution.$anonfun$lazyAnalyzed$1(QueryExecution.scala:110)\n\t\tat scala.util.Try$.apply(Try.scala:217)\n\t\tat org.apache.spark.util.Utils$.doTryWithCallerStacktrace(Utils.scala:1378)\n\t\tat org.apache.spark.util.LazyTry.tryT$lzycompute(LazyTry.scala:46)\n\t\tat org.apache.spark.util.LazyTry.tryT(LazyTry.scala:46)\n\t\t... 23 more\n", "stacktrace": [{"class": null, "method": "deco", "file": "/home/airflow/.local/lib/python3.12/site-packages/pyspark/errors/exceptions/captured.py", "line": "282"}, {"class": null, "method": "get_return_value", "file": "/home/airflow/.local/lib/python3.12/site-packages/py4j/protocol.py", "line": "327"}]}}
[2025-06-22T18:44:11.978+0000] {logger.py:289} ERROR - [UNRESOLVED_COLUMN.WITH_SUGGESTION] A column, variable, or function parameter with name `datetime` cannot be resolved. Did you mean one of the following? [`date`, `date_key`, `day`, `month`, `year`]. SQLSTATE: 42703
Traceback (most recent call last):
  File "/home/airflow/.local/lib/python3.12/site-packages/pyspark/errors/exceptions/captured.py", line 282, in deco
    return f(*a, **kw)
           ^^^^^^^^^^^
  File "/home/airflow/.local/lib/python3.12/site-packages/py4j/protocol.py", line 327, in get_return_value
    raise Py4JJavaError(
py4j.protocol.Py4JJavaError: An error occurred while calling o205.withColumn.
: org.apache.spark.sql.AnalysisException: [UNRESOLVED_COLUMN.WITH_SUGGESTION] A column, variable, or function parameter with name `datetime` cannot be resolved. Did you mean one of the following? [`date`, `date_key`, `day`, `month`, `year`]. SQLSTATE: 42703;
'Project [date#234, date_key#235, year#236, month#237, day#238, weekday#239, 'hour('to_timestamp('datetime)) AS hour#240]
+- Project [date#234, date_key#235, year#236, month#237, day#238, date_format(cast(date#234 as timestamp), EEEE, Some(Etc/UTC)) AS weekday#239]
   +- Project [date#234, date_key#235, year#236, month#237, dayofmonth(date#234) AS day#238]
      +- Project [date#234, date_key#235, year#236, month(date#234) AS month#237]
         +- Project [date#234, date_key#235, year(date#234) AS year#236]
            +- Project [date#234, cast(date#234 as string) AS date_key#235]
               +- Project [to_date(datetime#192, None, Some(Etc/UTC), true) AS date#234]
                  +- Relation [order_id#191,Datetime#192,user_id#193,restaurant_id#194,Address#195,Status#196] csv

	at org.apache.spark.sql.errors.QueryCompilationErrors$.unresolvedAttributeError(QueryCompilationErrors.scala:401)
	at org.apache.spark.sql.catalyst.analysis.CheckAnalysis.org$apache$spark$sql$catalyst$analysis$CheckAnalysis$$failUnresolvedAttribute(CheckAnalysis.scala:169)
	at org.apache.spark.sql.catalyst.analysis.CheckAnalysis.$anonfun$checkAnalysis0$7(CheckAnalysis.scala:404)
	at org.apache.spark.sql.catalyst.analysis.CheckAnalysis.$anonfun$checkAnalysis0$7$adapted(CheckAnalysis.scala:402)
	at org.apache.spark.sql.catalyst.trees.TreeNode.foreachUp(TreeNode.scala:252)
	at org.apache.spark.sql.catalyst.trees.TreeNode.$anonfun$foreachUp$1(TreeNode.scala:251)
	at org.apache.spark.sql.catalyst.trees.TreeNode.$anonfun$foreachUp$1$adapted(TreeNode.scala:251)
	at scala.collection.IterableOnceOps.foreach(IterableOnce.scala:619)
	at scala.collection.IterableOnceOps.foreach$(IterableOnce.scala:617)
	at scala.collection.AbstractIterable.foreach(Iterable.scala:935)
	at org.apache.spark.sql.catalyst.trees.TreeNode.foreachUp(TreeNode.scala:251)
	at org.apache.spark.sql.catalyst.trees.TreeNode.$anonfun$foreachUp$1(TreeNode.scala:251)
	at org.apache.spark.sql.catalyst.trees.TreeNode.$anonfun$foreachUp$1$adapted(TreeNode.scala:251)
	at scala.collection.IterableOnceOps.foreach(IterableOnce.scala:619)
	at scala.collection.IterableOnceOps.foreach$(IterableOnce.scala:617)
	at scala.collection.AbstractIterable.foreach(Iterable.scala:935)
	at org.apache.spark.sql.catalyst.trees.TreeNode.foreachUp(TreeNode.scala:251)
	at org.apache.spark.sql.catalyst.trees.TreeNode.$anonfun$foreachUp$1(TreeNode.scala:251)
	at org.apache.spark.sql.catalyst.trees.TreeNode.$anonfun$foreachUp$1$adapted(TreeNode.scala:251)
	at scala.collection.immutable.Vector.foreach(Vector.scala:2125)
	at org.apache.spark.sql.catalyst.trees.TreeNode.foreachUp(TreeNode.scala:251)
	at org.apache.spark.sql.catalyst.analysis.CheckAnalysis.$anonfun$checkAnalysis0$6(CheckAnalysis.scala:402)
	at org.apache.spark.sql.catalyst.analysis.CheckAnalysis.$anonfun$checkAnalysis0$6$adapted(CheckAnalysis.scala:402)
	at scala.collection.immutable.List.foreach(List.scala:334)
	at org.apache.spark.sql.catalyst.analysis.CheckAnalysis.$anonfun$checkAnalysis0$2(CheckAnalysis.scala:402)
	at org.apache.spark.sql.catalyst.analysis.CheckAnalysis.$anonfun$checkAnalysis0$2$adapted(CheckAnalysis.scala:284)
	at org.apache.spark.sql.catalyst.trees.TreeNode.foreachUp(TreeNode.scala:252)
	at org.apache.spark.sql.catalyst.analysis.CheckAnalysis.checkAnalysis0(CheckAnalysis.scala:284)
	at org.apache.spark.sql.catalyst.analysis.CheckAnalysis.checkAnalysis0$(CheckAnalysis.scala:255)
	at org.apache.spark.sql.catalyst.analysis.Analyzer.checkAnalysis0(Analyzer.scala:249)
	at org.apache.spark.sql.catalyst.analysis.CheckAnalysis.checkAnalysis(CheckAnalysis.scala:244)
	at org.apache.spark.sql.catalyst.analysis.CheckAnalysis.checkAnalysis$(CheckAnalysis.scala:231)
	at org.apache.spark.sql.catalyst.analysis.Analyzer.checkAnalysis(Analyzer.scala:249)
	at org.apache.spark.sql.catalyst.analysis.resolver.HybridAnalyzer.$anonfun$resolveInFixedPoint$1(HybridAnalyzer.scala:192)
	at scala.runtime.java8.JFunction0$mcV$sp.apply(JFunction0$mcV$sp.scala:18)
	at org.apache.spark.sql.catalyst.QueryPlanningTracker$.withTracker(QueryPlanningTracker.scala:89)
	at org.apache.spark.sql.catalyst.analysis.resolver.HybridAnalyzer.resolveInFixedPoint(HybridAnalyzer.scala:192)
	at org.apache.spark.sql.catalyst.analysis.resolver.HybridAnalyzer.$anonfun$apply$1(HybridAnalyzer.scala:76)
	at org.apache.spark.sql.catalyst.analysis.resolver.HybridAnalyzer.withTrackedAnalyzerBridgeState(HybridAnalyzer.scala:111)
	at org.apache.spark.sql.catalyst.analysis.resolver.HybridAnalyzer.apply(HybridAnalyzer.scala:71)
	at org.apache.spark.sql.catalyst.analysis.Analyzer.$anonfun$executeAndCheck$1(Analyzer.scala:280)
	at org.apache.spark.sql.catalyst.plans.logical.AnalysisHelper$.markInAnalyzer(AnalysisHelper.scala:423)
	at org.apache.spark.sql.catalyst.analysis.Analyzer.executeAndCheck(Analyzer.scala:280)
	at org.apache.spark.sql.execution.QueryExecution.$anonfun$lazyAnalyzed$2(QueryExecution.scala:110)
	at org.apache.spark.sql.catalyst.QueryPlanningTracker.measurePhase(QueryPlanningTracker.scala:148)
	at org.apache.spark.sql.execution.QueryExecution.$anonfun$executePhase$2(QueryExecution.scala:278)
	at org.apache.spark.sql.execution.QueryExecution$.withInternalError(QueryExecution.scala:654)
	at org.apache.spark.sql.execution.QueryExecution.$anonfun$executePhase$1(QueryExecution.scala:278)
	at org.apache.spark.sql.SparkSession.withActive(SparkSession.scala:804)
	at org.apache.spark.sql.execution.QueryExecution.executePhase(QueryExecution.scala:277)
	at org.apache.spark.sql.execution.QueryExecution.$anonfun$lazyAnalyzed$1(QueryExecution.scala:110)
	at scala.util.Try$.apply(Try.scala:217)
	at org.apache.spark.util.Utils$.doTryWithCallerStacktrace(Utils.scala:1378)
	at org.apache.spark.util.Utils$.getTryWithCallerStacktrace(Utils.scala:1439)
	at org.apache.spark.util.LazyTry.get(LazyTry.scala:58)
	at org.apache.spark.sql.execution.QueryExecution.analyzed(QueryExecution.scala:121)
	at org.apache.spark.sql.execution.QueryExecution.assertAnalyzed(QueryExecution.scala:80)
	at org.apache.spark.sql.classic.Dataset$.$anonfun$ofRows$1(Dataset.scala:115)
	at org.apache.spark.sql.SparkSession.withActive(SparkSession.scala:804)
	at org.apache.spark.sql.classic.Dataset$.ofRows(Dataset.scala:113)
	at org.apache.spark.sql.classic.Dataset.withPlan(Dataset.scala:2263)
	at org.apache.spark.sql.classic.Dataset.withColumns(Dataset.scala:1283)
	at org.apache.spark.sql.classic.Dataset.withColumns(Dataset.scala:232)
	at org.apache.spark.sql.Dataset.withColumn(Dataset.scala:2187)
	at org.apache.spark.sql.classic.Dataset.withColumn(Dataset.scala:1819)
	at java.base/jdk.internal.reflect.NativeMethodAccessorImpl.invoke0(Native Method)
	at java.base/jdk.internal.reflect.NativeMethodAccessorImpl.invoke(NativeMethodAccessorImpl.java:77)
	at java.base/jdk.internal.reflect.DelegatingMethodAccessorImpl.invoke(DelegatingMethodAccessorImpl.java:43)
	at java.base/java.lang.reflect.Method.invoke(Method.java:569)
	at py4j.reflection.MethodInvoker.invoke(MethodInvoker.java:244)
	at py4j.reflection.ReflectionEngine.invoke(ReflectionEngine.java:374)
	at py4j.Gateway.invoke(Gateway.java:282)
	at py4j.commands.AbstractCommand.invokeMethod(AbstractCommand.java:132)
	at py4j.commands.CallCommand.execute(CallCommand.java:79)
	at py4j.ClientServerConnection.waitForCommands(ClientServerConnection.java:184)
	at py4j.ClientServerConnection.run(ClientServerConnection.java:108)
	at java.base/java.lang.Thread.run(Thread.java:840)
	Suppressed: org.apache.spark.util.Utils$OriginalTryStackTraceException: Full stacktrace of original doTryWithCallerStacktrace caller
		at org.apache.spark.sql.errors.QueryCompilationErrors$.unresolvedAttributeError(QueryCompilationErrors.scala:401)
		at org.apache.spark.sql.catalyst.analysis.CheckAnalysis.org$apache$spark$sql$catalyst$analysis$CheckAnalysis$$failUnresolvedAttribute(CheckAnalysis.scala:169)
		at org.apache.spark.sql.catalyst.analysis.CheckAnalysis.$anonfun$checkAnalysis0$7(CheckAnalysis.scala:404)
		at org.apache.spark.sql.catalyst.analysis.CheckAnalysis.$anonfun$checkAnalysis0$7$adapted(CheckAnalysis.scala:402)
		at org.apache.spark.sql.catalyst.trees.TreeNode.foreachUp(TreeNode.scala:252)
		at org.apache.spark.sql.catalyst.trees.TreeNode.$anonfun$foreachUp$1(TreeNode.scala:251)
		at org.apache.spark.sql.catalyst.trees.TreeNode.$anonfun$foreachUp$1$adapted(TreeNode.scala:251)
		at scala.collection.IterableOnceOps.foreach(IterableOnce.scala:619)
		at scala.collection.IterableOnceOps.foreach$(IterableOnce.scala:617)
		at scala.collection.AbstractIterable.foreach(Iterable.scala:935)
		at org.apache.spark.sql.catalyst.trees.TreeNode.foreachUp(TreeNode.scala:251)
		at org.apache.spark.sql.catalyst.trees.TreeNode.$anonfun$foreachUp$1(TreeNode.scala:251)
		at org.apache.spark.sql.catalyst.trees.TreeNode.$anonfun$foreachUp$1$adapted(TreeNode.scala:251)
		at scala.collection.IterableOnceOps.foreach(IterableOnce.scala:619)
		at scala.collection.IterableOnceOps.foreach$(IterableOnce.scala:617)
		at scala.collection.AbstractIterable.foreach(Iterable.scala:935)
		at org.apache.spark.sql.catalyst.trees.TreeNode.foreachUp(TreeNode.scala:251)
		at org.apache.spark.sql.catalyst.trees.TreeNode.$anonfun$foreachUp$1(TreeNode.scala:251)
		at org.apache.spark.sql.catalyst.trees.TreeNode.$anonfun$foreachUp$1$adapted(TreeNode.scala:251)
		at scala.collection.immutable.Vector.foreach(Vector.scala:2125)
		at org.apache.spark.sql.catalyst.trees.TreeNode.foreachUp(TreeNode.scala:251)
		at org.apache.spark.sql.catalyst.analysis.CheckAnalysis.$anonfun$checkAnalysis0$6(CheckAnalysis.scala:402)
		at org.apache.spark.sql.catalyst.analysis.CheckAnalysis.$anonfun$checkAnalysis0$6$adapted(CheckAnalysis.scala:402)
		at scala.collection.immutable.List.foreach(List.scala:334)
		at org.apache.spark.sql.catalyst.analysis.CheckAnalysis.$anonfun$checkAnalysis0$2(CheckAnalysis.scala:402)
		at org.apache.spark.sql.catalyst.analysis.CheckAnalysis.$anonfun$checkAnalysis0$2$adapted(CheckAnalysis.scala:284)
		at org.apache.spark.sql.catalyst.trees.TreeNode.foreachUp(TreeNode.scala:252)
		at org.apache.spark.sql.catalyst.analysis.CheckAnalysis.checkAnalysis0(CheckAnalysis.scala:284)
		at org.apache.spark.sql.catalyst.analysis.CheckAnalysis.checkAnalysis0$(CheckAnalysis.scala:255)
		at org.apache.spark.sql.catalyst.analysis.Analyzer.checkAnalysis0(Analyzer.scala:249)
		at org.apache.spark.sql.catalyst.analysis.CheckAnalysis.checkAnalysis(CheckAnalysis.scala:244)
		at org.apache.spark.sql.catalyst.analysis.CheckAnalysis.checkAnalysis$(CheckAnalysis.scala:231)
		at org.apache.spark.sql.catalyst.analysis.Analyzer.checkAnalysis(Analyzer.scala:249)
		at org.apache.spark.sql.catalyst.analysis.resolver.HybridAnalyzer.$anonfun$resolveInFixedPoint$1(HybridAnalyzer.scala:192)
		at scala.runtime.java8.JFunction0$mcV$sp.apply(JFunction0$mcV$sp.scala:18)
		at org.apache.spark.sql.catalyst.QueryPlanningTracker$.withTracker(QueryPlanningTracker.scala:89)
		at org.apache.spark.sql.catalyst.analysis.resolver.HybridAnalyzer.resolveInFixedPoint(HybridAnalyzer.scala:192)
		at org.apache.spark.sql.catalyst.analysis.resolver.HybridAnalyzer.$anonfun$apply$1(HybridAnalyzer.scala:76)
		at org.apache.spark.sql.catalyst.analysis.resolver.HybridAnalyzer.withTrackedAnalyzerBridgeState(HybridAnalyzer.scala:111)
		at org.apache.spark.sql.catalyst.analysis.resolver.HybridAnalyzer.apply(HybridAnalyzer.scala:71)
		at org.apache.spark.sql.catalyst.analysis.Analyzer.$anonfun$executeAndCheck$1(Analyzer.scala:280)
		at org.apache.spark.sql.catalyst.plans.logical.AnalysisHelper$.markInAnalyzer(AnalysisHelper.scala:423)
		at org.apache.spark.sql.catalyst.analysis.Analyzer.executeAndCheck(Analyzer.scala:280)
		at org.apache.spark.sql.execution.QueryExecution.$anonfun$lazyAnalyzed$2(QueryExecution.scala:110)
		at org.apache.spark.sql.catalyst.QueryPlanningTracker.measurePhase(QueryPlanningTracker.scala:148)
		at org.apache.spark.sql.execution.QueryExecution.$anonfun$executePhase$2(QueryExecution.scala:278)
		at org.apache.spark.sql.execution.QueryExecution$.withInternalError(QueryExecution.scala:654)
		at org.apache.spark.sql.execution.QueryExecution.$anonfun$executePhase$1(QueryExecution.scala:278)
		at org.apache.spark.sql.SparkSession.withActive(SparkSession.scala:804)
		at org.apache.spark.sql.execution.QueryExecution.executePhase(QueryExecution.scala:277)
		at org.apache.spark.sql.execution.QueryExecution.$anonfun$lazyAnalyzed$1(QueryExecution.scala:110)
		at scala.util.Try$.apply(Try.scala:217)
		at org.apache.spark.util.Utils$.doTryWithCallerStacktrace(Utils.scala:1378)
		at org.apache.spark.util.LazyTry.tryT$lzycompute(LazyTry.scala:46)
		at org.apache.spark.util.LazyTry.tryT(LazyTry.scala:46)
		... 23 more

[2025-06-22T18:44:12.079+0000] {taskinstance.py:441} INFO - ::group::Post task execution logs
[2025-06-22T18:44:12.080+0000] {taskinstance.py:2905} ERROR - Task failed with exception
Traceback (most recent call last):
  File "/home/airflow/.local/lib/python3.12/site-packages/airflow/models/taskinstance.py", line 465, in _execute_task
    result = _execute_callable(context=context, **execute_callable_kwargs)
             ^^^^^^^^^^^^^^^^^^^^^^^^^^^^^^^^^^^^^^^^^^^^^^^^^^^^^^^^^^^^^
  File "/home/airflow/.local/lib/python3.12/site-packages/airflow/models/taskinstance.py", line 432, in _execute_callable
    return execute_callable(context=context, **execute_callable_kwargs)
           ^^^^^^^^^^^^^^^^^^^^^^^^^^^^^^^^^^^^^^^^^^^^^^^^^^^^^^^^^^^^
  File "/home/airflow/.local/lib/python3.12/site-packages/airflow/models/baseoperator.py", line 400, in wrapper
    return func(self, *args, **kwargs)
           ^^^^^^^^^^^^^^^^^^^^^^^^^^^
  File "/home/airflow/.local/lib/python3.12/site-packages/airflow/operators/python.py", line 235, in execute
    return_value = self.execute_callable()
                   ^^^^^^^^^^^^^^^^^^^^^^^
  File "/home/airflow/.local/lib/python3.12/site-packages/airflow/operators/python.py", line 252, in execute_callable
    return self.python_callable(*self.op_args, **self.op_kwargs)
           ^^^^^^^^^^^^^^^^^^^^^^^^^^^^^^^^^^^^^^^^^^^^^^^^^^^^^
  File "/opt/airflow/dags/scripts/transform_with_spark.py", line 72, in transform_with_spark
    .withColumn("hour", hour(to_timestamp("datetime"))) \
     ^^^^^^^^^^^^^^^^^^^^^^^^^^^^^^^^^^^^^^^^^^^^^^^^^^
  File "/home/airflow/.local/lib/python3.12/site-packages/pyspark/sql/classic/dataframe.py", line 1623, in withColumn
    return DataFrame(self._jdf.withColumn(colName, col._jc), self.sparkSession)
                     ^^^^^^^^^^^^^^^^^^^^^^^^^^^^^^^^^^^^^^
  File "/home/airflow/.local/lib/python3.12/site-packages/py4j/java_gateway.py", line 1362, in __call__
    return_value = get_return_value(
                   ^^^^^^^^^^^^^^^^^
  File "/home/airflow/.local/lib/python3.12/site-packages/pyspark/errors/exceptions/captured.py", line 288, in deco
    raise converted from None
pyspark.errors.exceptions.captured.AnalysisException: [UNRESOLVED_COLUMN.WITH_SUGGESTION] A column, variable, or function parameter with name `datetime` cannot be resolved. Did you mean one of the following? [`date`, `date_key`, `day`, `month`, `year`]. SQLSTATE: 42703;
'Project [date#234, date_key#235, year#236, month#237, day#238, weekday#239, 'hour('to_timestamp('datetime)) AS hour#240]
+- Project [date#234, date_key#235, year#236, month#237, day#238, date_format(cast(date#234 as timestamp), EEEE, Some(Etc/UTC)) AS weekday#239]
   +- Project [date#234, date_key#235, year#236, month#237, dayofmonth(date#234) AS day#238]
      +- Project [date#234, date_key#235, year#236, month(date#234) AS month#237]
         +- Project [date#234, date_key#235, year(date#234) AS year#236]
            +- Project [date#234, cast(date#234 as string) AS date_key#235]
               +- Project [to_date(datetime#192, None, Some(Etc/UTC), true) AS date#234]
                  +- Relation [order_id#191,Datetime#192,user_id#193,restaurant_id#194,Address#195,Status#196] csv

[2025-06-22T18:44:12.098+0000] {taskinstance.py:1206} INFO - Marking task as FAILED. dag_id=etl_pipeline, task_id=transform, run_id=manual__2025-06-22T18:43:41.658367+00:00, execution_date=20250622T184341, start_date=20250622T184355, end_date=20250622T184412
[2025-06-22T18:44:12.129+0000] {standard_task_runner.py:110} ERROR - Failed to execute job 97 for task transform ([UNRESOLVED_COLUMN.WITH_SUGGESTION] A column, variable, or function parameter with name `datetime` cannot be resolved. Did you mean one of the following? [`date`, `date_key`, `day`, `month`, `year`]. SQLSTATE: 42703;
'Project [date#234, date_key#235, year#236, month#237, day#238, weekday#239, 'hour('to_timestamp('datetime)) AS hour#240]
+- Project [date#234, date_key#235, year#236, month#237, day#238, date_format(cast(date#234 as timestamp), EEEE, Some(Etc/UTC)) AS weekday#239]
   +- Project [date#234, date_key#235, year#236, month#237, dayofmonth(date#234) AS day#238]
      +- Project [date#234, date_key#235, year#236, month(date#234) AS month#237]
         +- Project [date#234, date_key#235, year(date#234) AS year#236]
            +- Project [date#234, cast(date#234 as string) AS date_key#235]
               +- Project [to_date(datetime#192, None, Some(Etc/UTC), true) AS date#234]
                  +- Relation [order_id#191,Datetime#192,user_id#193,restaurant_id#194,Address#195,Status#196] csv
; 79)
[2025-06-22T18:44:12.150+0000] {local_task_job_runner.py:240} INFO - Task exited with return code 1
[2025-06-22T18:44:12.179+0000] {taskinstance.py:3498} INFO - 0 downstream tasks scheduled from follow-on schedule check
[2025-06-22T18:44:12.198+0000] {local_task_job_runner.py:222} INFO - ::endgroup::
