[2025-06-22T19:08:43.290+0000] {local_task_job_runner.py:120} INFO - ::group::Pre task execution logs
[2025-06-22T19:08:43.373+0000] {taskinstance.py:2076} INFO - Dependencies all met for dep_context=non-requeueable deps ti=<TaskInstance: etl_pipeline.extract manual__2025-06-22T19:08:36.750740+00:00 [queued]>
[2025-06-22T19:08:43.387+0000] {taskinstance.py:2076} INFO - Dependencies all met for dep_context=requeueable deps ti=<TaskInstance: etl_pipeline.extract manual__2025-06-22T19:08:36.750740+00:00 [queued]>
[2025-06-22T19:08:43.422+0000] {taskinstance.py:2306} INFO - Starting attempt 1 of 1
[2025-06-22T19:08:43.569+0000] {taskinstance.py:2330} INFO - Executing <Task(PythonOperator): extract> on 2025-06-22 19:08:36.750740+00:00
[2025-06-22T19:08:43.578+0000] {standard_task_runner.py:90} INFO - Running: ['airflow', 'tasks', 'run', 'etl_pipeline', 'extract', 'manual__2025-06-22T19:08:36.750740+00:00', '--job-id', '99', '--raw', '--subdir', 'DAGS_FOLDER/etl_dag.py', '--cfg-path', '/tmp/tmp8ob02gf9']
[2025-06-22T19:08:43.581+0000] {standard_task_runner.py:91} INFO - Job 99: Subtask extract
[2025-06-22T19:08:43.585+0000] {logging_mixin.py:188} WARNING - /home/airflow/.local/lib/python3.12/site-packages/airflow/task/task_runner/standard_task_runner.py:61 DeprecationWarning: This process (pid=53) is multi-threaded, use of fork() may lead to deadlocks in the child.
[2025-06-22T19:08:43.586+0000] {standard_task_runner.py:63} INFO - Started process 62 to run task
[2025-06-22T19:08:43.985+0000] {task_command.py:426} INFO - Running <TaskInstance: etl_pipeline.extract manual__2025-06-22T19:08:36.750740+00:00 [running]> on host 4545cedb4139
[2025-06-22T19:08:44.579+0000] {taskinstance.py:2648} INFO - Exporting env vars: AIRFLOW_CTX_DAG_OWNER='airflow' AIRFLOW_CTX_DAG_ID='etl_pipeline' AIRFLOW_CTX_TASK_ID='extract' AIRFLOW_CTX_EXECUTION_DATE='2025-06-22T19:08:36.750740+00:00' AIRFLOW_CTX_TRY_NUMBER='1' AIRFLOW_CTX_DAG_RUN_ID='manual__2025-06-22T19:08:36.750740+00:00'
[2025-06-22T19:08:44.580+0000] {taskinstance.py:430} INFO - ::endgroup::
[2025-06-22T19:08:44.631+0000] {logging_mixin.py:188} INFO - Extrayendo tabla: order_line
[2025-06-22T19:08:44.636+0000] {logging_mixin.py:188} WARNING - /opt/airflow/dags/scripts/extract_postgres.py:25 UserWarning: pandas only supports SQLAlchemy connectable (engine/connection) or database string URI or sqlite3 DBAPI2 connection. Other DBAPI2 objects are not tested. Please consider using SQLAlchemy.
[2025-06-22T19:08:44.665+0000] {logging_mixin.py:188} INFO - Extrayendo tabla: reservation
[2025-06-22T19:08:44.690+0000] {logging_mixin.py:188} INFO - Extrayendo tabla: Order
[2025-06-22T19:08:44.701+0000] {logging_mixin.py:188} INFO - Extrayendo tabla: Table
[2025-06-22T19:08:44.715+0000] {logging_mixin.py:188} INFO - Extrayendo tabla: menu_restaurant
[2025-06-22T19:08:44.729+0000] {logging_mixin.py:188} INFO - Extrayendo tabla: products
[2025-06-22T19:08:44.746+0000] {logging_mixin.py:188} INFO - Extrayendo tabla: menu
[2025-06-22T19:08:44.753+0000] {logging_mixin.py:188} INFO - Extrayendo tabla: restaurant
[2025-06-22T19:08:44.760+0000] {logging_mixin.py:188} INFO - Extrayendo tabla: users
[2025-06-22T19:08:44.770+0000] {python.py:237} INFO - Done. Returned value was: None
[2025-06-22T19:08:44.771+0000] {taskinstance.py:441} INFO - ::group::Post task execution logs
[2025-06-22T19:08:44.786+0000] {taskinstance.py:1206} INFO - Marking task as SUCCESS. dag_id=etl_pipeline, task_id=extract, run_id=manual__2025-06-22T19:08:36.750740+00:00, execution_date=20250622T190836, start_date=20250622T190843, end_date=20250622T190844
[2025-06-22T19:08:44.927+0000] {local_task_job_runner.py:240} INFO - Task exited with return code 0
[2025-06-22T19:08:44.963+0000] {taskinstance.py:3498} INFO - 1 downstream tasks scheduled from follow-on schedule check
[2025-06-22T19:08:44.975+0000] {local_task_job_runner.py:222} INFO - ::endgroup::
