[2025-06-23T00:12:54.091+0000] {processor.py:161} INFO - Started process (PID=496) to work on /opt/airflow/dags/scripts/load_to_hive.py
[2025-06-23T00:12:54.092+0000] {processor.py:830} INFO - Processing file /opt/airflow/dags/scripts/load_to_hive.py for tasks to queue
[2025-06-23T00:12:54.094+0000] {logging_mixin.py:188} INFO - [2025-06-23T00:12:54.094+0000] {dagbag.py:545} INFO - Filling up the DagBag from /opt/airflow/dags/scripts/load_to_hive.py
[2025-06-23T00:12:54.409+0000] {processor.py:842} WARNING - No viable dags retrieved from /opt/airflow/dags/scripts/load_to_hive.py
[2025-06-23T00:12:54.434+0000] {processor.py:183} INFO - Processing /opt/airflow/dags/scripts/load_to_hive.py took 0.348 seconds
[2025-06-23T00:13:25.195+0000] {processor.py:161} INFO - Started process (PID=523) to work on /opt/airflow/dags/scripts/load_to_hive.py
[2025-06-23T00:13:25.197+0000] {processor.py:830} INFO - Processing file /opt/airflow/dags/scripts/load_to_hive.py for tasks to queue
[2025-06-23T00:13:25.199+0000] {logging_mixin.py:188} INFO - [2025-06-23T00:13:25.198+0000] {dagbag.py:545} INFO - Filling up the DagBag from /opt/airflow/dags/scripts/load_to_hive.py
[2025-06-23T00:13:25.544+0000] {processor.py:842} WARNING - No viable dags retrieved from /opt/airflow/dags/scripts/load_to_hive.py
[2025-06-23T00:13:25.566+0000] {processor.py:183} INFO - Processing /opt/airflow/dags/scripts/load_to_hive.py took 0.377 seconds
[2025-06-23T00:13:56.645+0000] {processor.py:161} INFO - Started process (PID=530) to work on /opt/airflow/dags/scripts/load_to_hive.py
[2025-06-23T00:13:56.646+0000] {processor.py:830} INFO - Processing file /opt/airflow/dags/scripts/load_to_hive.py for tasks to queue
[2025-06-23T00:13:56.649+0000] {logging_mixin.py:188} INFO - [2025-06-23T00:13:56.648+0000] {dagbag.py:545} INFO - Filling up the DagBag from /opt/airflow/dags/scripts/load_to_hive.py
[2025-06-23T00:13:56.980+0000] {processor.py:842} WARNING - No viable dags retrieved from /opt/airflow/dags/scripts/load_to_hive.py
[2025-06-23T00:13:56.999+0000] {processor.py:183} INFO - Processing /opt/airflow/dags/scripts/load_to_hive.py took 0.360 seconds
[2025-06-23T00:14:35.073+0000] {processor.py:161} INFO - Started process (PID=547) to work on /opt/airflow/dags/scripts/load_to_hive.py
[2025-06-23T00:14:35.079+0000] {processor.py:830} INFO - Processing file /opt/airflow/dags/scripts/load_to_hive.py for tasks to queue
[2025-06-23T00:14:35.088+0000] {logging_mixin.py:188} INFO - [2025-06-23T00:14:35.087+0000] {dagbag.py:545} INFO - Filling up the DagBag from /opt/airflow/dags/scripts/load_to_hive.py
[2025-06-23T00:14:35.837+0000] {processor.py:842} WARNING - No viable dags retrieved from /opt/airflow/dags/scripts/load_to_hive.py
[2025-06-23T00:14:35.872+0000] {processor.py:183} INFO - Processing /opt/airflow/dags/scripts/load_to_hive.py took 0.827 seconds
[2025-06-23T00:15:22.398+0000] {processor.py:161} INFO - Started process (PID=1017) to work on /opt/airflow/dags/scripts/load_to_hive.py
[2025-06-23T00:15:22.400+0000] {processor.py:830} INFO - Processing file /opt/airflow/dags/scripts/load_to_hive.py for tasks to queue
[2025-06-23T00:15:22.402+0000] {logging_mixin.py:188} INFO - [2025-06-23T00:15:22.402+0000] {dagbag.py:545} INFO - Filling up the DagBag from /opt/airflow/dags/scripts/load_to_hive.py
[2025-06-23T00:15:22.743+0000] {processor.py:842} WARNING - No viable dags retrieved from /opt/airflow/dags/scripts/load_to_hive.py
[2025-06-23T00:15:22.764+0000] {processor.py:183} INFO - Processing /opt/airflow/dags/scripts/load_to_hive.py took 0.370 seconds
[2025-06-23T00:15:54.001+0000] {processor.py:161} INFO - Started process (PID=1024) to work on /opt/airflow/dags/scripts/load_to_hive.py
[2025-06-23T00:15:54.003+0000] {processor.py:830} INFO - Processing file /opt/airflow/dags/scripts/load_to_hive.py for tasks to queue
[2025-06-23T00:15:54.008+0000] {logging_mixin.py:188} INFO - [2025-06-23T00:15:54.007+0000] {dagbag.py:545} INFO - Filling up the DagBag from /opt/airflow/dags/scripts/load_to_hive.py
[2025-06-23T00:15:54.620+0000] {processor.py:842} WARNING - No viable dags retrieved from /opt/airflow/dags/scripts/load_to_hive.py
[2025-06-23T00:15:54.647+0000] {processor.py:183} INFO - Processing /opt/airflow/dags/scripts/load_to_hive.py took 0.655 seconds
[2025-06-23T00:16:25.381+0000] {processor.py:161} INFO - Started process (PID=1031) to work on /opt/airflow/dags/scripts/load_to_hive.py
[2025-06-23T00:16:25.383+0000] {processor.py:830} INFO - Processing file /opt/airflow/dags/scripts/load_to_hive.py for tasks to queue
[2025-06-23T00:16:25.384+0000] {logging_mixin.py:188} INFO - [2025-06-23T00:16:25.384+0000] {dagbag.py:545} INFO - Filling up the DagBag from /opt/airflow/dags/scripts/load_to_hive.py
[2025-06-23T00:16:25.654+0000] {processor.py:842} WARNING - No viable dags retrieved from /opt/airflow/dags/scripts/load_to_hive.py
[2025-06-23T00:16:25.674+0000] {processor.py:183} INFO - Processing /opt/airflow/dags/scripts/load_to_hive.py took 0.297 seconds
[2025-06-23T00:16:56.747+0000] {processor.py:161} INFO - Started process (PID=1038) to work on /opt/airflow/dags/scripts/load_to_hive.py
[2025-06-23T00:16:56.748+0000] {processor.py:830} INFO - Processing file /opt/airflow/dags/scripts/load_to_hive.py for tasks to queue
[2025-06-23T00:16:56.750+0000] {logging_mixin.py:188} INFO - [2025-06-23T00:16:56.750+0000] {dagbag.py:545} INFO - Filling up the DagBag from /opt/airflow/dags/scripts/load_to_hive.py
[2025-06-23T00:16:57.085+0000] {processor.py:842} WARNING - No viable dags retrieved from /opt/airflow/dags/scripts/load_to_hive.py
[2025-06-23T00:16:57.104+0000] {processor.py:183} INFO - Processing /opt/airflow/dags/scripts/load_to_hive.py took 0.364 seconds
[2025-06-23T00:17:27.499+0000] {processor.py:161} INFO - Started process (PID=1045) to work on /opt/airflow/dags/scripts/load_to_hive.py
[2025-06-23T00:17:27.501+0000] {processor.py:830} INFO - Processing file /opt/airflow/dags/scripts/load_to_hive.py for tasks to queue
[2025-06-23T00:17:27.503+0000] {logging_mixin.py:188} INFO - [2025-06-23T00:17:27.502+0000] {dagbag.py:545} INFO - Filling up the DagBag from /opt/airflow/dags/scripts/load_to_hive.py
[2025-06-23T00:17:27.849+0000] {processor.py:842} WARNING - No viable dags retrieved from /opt/airflow/dags/scripts/load_to_hive.py
[2025-06-23T00:17:27.864+0000] {processor.py:183} INFO - Processing /opt/airflow/dags/scripts/load_to_hive.py took 0.370 seconds
[2025-06-23T00:18:52.658+0000] {processor.py:161} INFO - Started process (PID=28) to work on /opt/airflow/dags/scripts/load_to_hive.py
[2025-06-23T00:18:52.659+0000] {processor.py:830} INFO - Processing file /opt/airflow/dags/scripts/load_to_hive.py for tasks to queue
[2025-06-23T00:18:52.662+0000] {logging_mixin.py:188} INFO - [2025-06-23T00:18:52.662+0000] {dagbag.py:545} INFO - Filling up the DagBag from /opt/airflow/dags/scripts/load_to_hive.py
[2025-06-23T00:18:53.161+0000] {processor.py:842} WARNING - No viable dags retrieved from /opt/airflow/dags/scripts/load_to_hive.py
[2025-06-23T00:18:53.184+0000] {processor.py:183} INFO - Processing /opt/airflow/dags/scripts/load_to_hive.py took 0.535 seconds
[2025-06-23T00:19:23.882+0000] {processor.py:161} INFO - Started process (PID=35) to work on /opt/airflow/dags/scripts/load_to_hive.py
[2025-06-23T00:19:23.883+0000] {processor.py:830} INFO - Processing file /opt/airflow/dags/scripts/load_to_hive.py for tasks to queue
[2025-06-23T00:19:23.885+0000] {logging_mixin.py:188} INFO - [2025-06-23T00:19:23.884+0000] {dagbag.py:545} INFO - Filling up the DagBag from /opt/airflow/dags/scripts/load_to_hive.py
[2025-06-23T00:19:24.207+0000] {processor.py:842} WARNING - No viable dags retrieved from /opt/airflow/dags/scripts/load_to_hive.py
[2025-06-23T00:19:24.233+0000] {processor.py:183} INFO - Processing /opt/airflow/dags/scripts/load_to_hive.py took 0.356 seconds
[2025-06-23T00:19:55.052+0000] {processor.py:161} INFO - Started process (PID=42) to work on /opt/airflow/dags/scripts/load_to_hive.py
[2025-06-23T00:19:55.055+0000] {processor.py:830} INFO - Processing file /opt/airflow/dags/scripts/load_to_hive.py for tasks to queue
[2025-06-23T00:19:55.057+0000] {logging_mixin.py:188} INFO - [2025-06-23T00:19:55.056+0000] {dagbag.py:545} INFO - Filling up the DagBag from /opt/airflow/dags/scripts/load_to_hive.py
[2025-06-23T00:19:55.410+0000] {processor.py:842} WARNING - No viable dags retrieved from /opt/airflow/dags/scripts/load_to_hive.py
[2025-06-23T00:19:55.431+0000] {processor.py:183} INFO - Processing /opt/airflow/dags/scripts/load_to_hive.py took 0.384 seconds
[2025-06-23T00:20:51.347+0000] {processor.py:161} INFO - Started process (PID=524) to work on /opt/airflow/dags/scripts/load_to_hive.py
[2025-06-23T00:20:51.348+0000] {processor.py:830} INFO - Processing file /opt/airflow/dags/scripts/load_to_hive.py for tasks to queue
[2025-06-23T00:20:51.350+0000] {logging_mixin.py:188} INFO - [2025-06-23T00:20:51.350+0000] {dagbag.py:545} INFO - Filling up the DagBag from /opt/airflow/dags/scripts/load_to_hive.py
[2025-06-23T00:20:51.653+0000] {processor.py:842} WARNING - No viable dags retrieved from /opt/airflow/dags/scripts/load_to_hive.py
[2025-06-23T00:20:51.675+0000] {processor.py:183} INFO - Processing /opt/airflow/dags/scripts/load_to_hive.py took 0.333 seconds
[2025-06-23T00:21:22.173+0000] {processor.py:161} INFO - Started process (PID=531) to work on /opt/airflow/dags/scripts/load_to_hive.py
[2025-06-23T00:21:22.174+0000] {processor.py:830} INFO - Processing file /opt/airflow/dags/scripts/load_to_hive.py for tasks to queue
[2025-06-23T00:21:22.176+0000] {logging_mixin.py:188} INFO - [2025-06-23T00:21:22.176+0000] {dagbag.py:545} INFO - Filling up the DagBag from /opt/airflow/dags/scripts/load_to_hive.py
[2025-06-23T00:21:22.456+0000] {processor.py:842} WARNING - No viable dags retrieved from /opt/airflow/dags/scripts/load_to_hive.py
[2025-06-23T00:21:22.478+0000] {processor.py:183} INFO - Processing /opt/airflow/dags/scripts/load_to_hive.py took 0.310 seconds
[2025-06-23T00:21:52.680+0000] {processor.py:161} INFO - Started process (PID=538) to work on /opt/airflow/dags/scripts/load_to_hive.py
[2025-06-23T00:21:52.682+0000] {processor.py:830} INFO - Processing file /opt/airflow/dags/scripts/load_to_hive.py for tasks to queue
[2025-06-23T00:21:52.685+0000] {logging_mixin.py:188} INFO - [2025-06-23T00:21:52.684+0000] {dagbag.py:545} INFO - Filling up the DagBag from /opt/airflow/dags/scripts/load_to_hive.py
[2025-06-23T00:21:53.037+0000] {processor.py:842} WARNING - No viable dags retrieved from /opt/airflow/dags/scripts/load_to_hive.py
[2025-06-23T00:21:53.063+0000] {processor.py:183} INFO - Processing /opt/airflow/dags/scripts/load_to_hive.py took 0.390 seconds
[2025-06-23T00:22:24.000+0000] {processor.py:161} INFO - Started process (PID=545) to work on /opt/airflow/dags/scripts/load_to_hive.py
[2025-06-23T00:22:24.001+0000] {processor.py:830} INFO - Processing file /opt/airflow/dags/scripts/load_to_hive.py for tasks to queue
[2025-06-23T00:22:24.003+0000] {logging_mixin.py:188} INFO - [2025-06-23T00:22:24.002+0000] {dagbag.py:545} INFO - Filling up the DagBag from /opt/airflow/dags/scripts/load_to_hive.py
[2025-06-23T00:22:24.299+0000] {processor.py:842} WARNING - No viable dags retrieved from /opt/airflow/dags/scripts/load_to_hive.py
[2025-06-23T00:22:24.318+0000] {processor.py:183} INFO - Processing /opt/airflow/dags/scripts/load_to_hive.py took 0.324 seconds
[2025-06-23T00:22:55.303+0000] {processor.py:161} INFO - Started process (PID=552) to work on /opt/airflow/dags/scripts/load_to_hive.py
[2025-06-23T00:22:55.305+0000] {processor.py:830} INFO - Processing file /opt/airflow/dags/scripts/load_to_hive.py for tasks to queue
[2025-06-23T00:22:55.307+0000] {logging_mixin.py:188} INFO - [2025-06-23T00:22:55.306+0000] {dagbag.py:545} INFO - Filling up the DagBag from /opt/airflow/dags/scripts/load_to_hive.py
[2025-06-23T00:22:55.598+0000] {processor.py:842} WARNING - No viable dags retrieved from /opt/airflow/dags/scripts/load_to_hive.py
[2025-06-23T00:22:55.617+0000] {processor.py:183} INFO - Processing /opt/airflow/dags/scripts/load_to_hive.py took 0.320 seconds
[2025-06-23T00:23:26.627+0000] {processor.py:161} INFO - Started process (PID=559) to work on /opt/airflow/dags/scripts/load_to_hive.py
[2025-06-23T00:23:26.629+0000] {processor.py:830} INFO - Processing file /opt/airflow/dags/scripts/load_to_hive.py for tasks to queue
[2025-06-23T00:23:26.631+0000] {logging_mixin.py:188} INFO - [2025-06-23T00:23:26.631+0000] {dagbag.py:545} INFO - Filling up the DagBag from /opt/airflow/dags/scripts/load_to_hive.py
[2025-06-23T00:23:26.941+0000] {processor.py:842} WARNING - No viable dags retrieved from /opt/airflow/dags/scripts/load_to_hive.py
[2025-06-23T00:23:26.961+0000] {processor.py:183} INFO - Processing /opt/airflow/dags/scripts/load_to_hive.py took 0.340 seconds
[2025-06-23T00:23:57.705+0000] {processor.py:161} INFO - Started process (PID=566) to work on /opt/airflow/dags/scripts/load_to_hive.py
[2025-06-23T00:23:57.707+0000] {processor.py:830} INFO - Processing file /opt/airflow/dags/scripts/load_to_hive.py for tasks to queue
[2025-06-23T00:23:57.710+0000] {logging_mixin.py:188} INFO - [2025-06-23T00:23:57.709+0000] {dagbag.py:545} INFO - Filling up the DagBag from /opt/airflow/dags/scripts/load_to_hive.py
[2025-06-23T00:23:58.033+0000] {processor.py:842} WARNING - No viable dags retrieved from /opt/airflow/dags/scripts/load_to_hive.py
[2025-06-23T00:23:58.054+0000] {processor.py:183} INFO - Processing /opt/airflow/dags/scripts/load_to_hive.py took 0.354 seconds
[2025-06-23T00:25:42.485+0000] {processor.py:161} INFO - Started process (PID=28) to work on /opt/airflow/dags/scripts/load_to_hive.py
[2025-06-23T00:25:42.489+0000] {processor.py:830} INFO - Processing file /opt/airflow/dags/scripts/load_to_hive.py for tasks to queue
[2025-06-23T00:25:42.493+0000] {logging_mixin.py:188} INFO - [2025-06-23T00:25:42.493+0000] {dagbag.py:545} INFO - Filling up the DagBag from /opt/airflow/dags/scripts/load_to_hive.py
[2025-06-23T00:25:43.145+0000] {processor.py:842} WARNING - No viable dags retrieved from /opt/airflow/dags/scripts/load_to_hive.py
[2025-06-23T00:25:43.174+0000] {processor.py:183} INFO - Processing /opt/airflow/dags/scripts/load_to_hive.py took 0.701 seconds
[2025-06-23T00:26:13.609+0000] {processor.py:161} INFO - Started process (PID=35) to work on /opt/airflow/dags/scripts/load_to_hive.py
[2025-06-23T00:26:13.611+0000] {processor.py:830} INFO - Processing file /opt/airflow/dags/scripts/load_to_hive.py for tasks to queue
[2025-06-23T00:26:13.613+0000] {logging_mixin.py:188} INFO - [2025-06-23T00:26:13.612+0000] {dagbag.py:545} INFO - Filling up the DagBag from /opt/airflow/dags/scripts/load_to_hive.py
[2025-06-23T00:26:13.998+0000] {processor.py:842} WARNING - No viable dags retrieved from /opt/airflow/dags/scripts/load_to_hive.py
[2025-06-23T00:26:14.017+0000] {processor.py:183} INFO - Processing /opt/airflow/dags/scripts/load_to_hive.py took 0.413 seconds
[2025-06-23T00:26:44.921+0000] {processor.py:161} INFO - Started process (PID=42) to work on /opt/airflow/dags/scripts/load_to_hive.py
[2025-06-23T00:26:44.931+0000] {processor.py:830} INFO - Processing file /opt/airflow/dags/scripts/load_to_hive.py for tasks to queue
[2025-06-23T00:26:44.940+0000] {logging_mixin.py:188} INFO - [2025-06-23T00:26:44.939+0000] {dagbag.py:545} INFO - Filling up the DagBag from /opt/airflow/dags/scripts/load_to_hive.py
[2025-06-23T00:26:45.629+0000] {processor.py:842} WARNING - No viable dags retrieved from /opt/airflow/dags/scripts/load_to_hive.py
[2025-06-23T00:26:45.675+0000] {processor.py:183} INFO - Processing /opt/airflow/dags/scripts/load_to_hive.py took 0.767 seconds
[2025-06-23T00:27:36.387+0000] {processor.py:161} INFO - Started process (PID=519) to work on /opt/airflow/dags/scripts/load_to_hive.py
[2025-06-23T00:27:36.389+0000] {processor.py:830} INFO - Processing file /opt/airflow/dags/scripts/load_to_hive.py for tasks to queue
[2025-06-23T00:27:36.391+0000] {logging_mixin.py:188} INFO - [2025-06-23T00:27:36.391+0000] {dagbag.py:545} INFO - Filling up the DagBag from /opt/airflow/dags/scripts/load_to_hive.py
[2025-06-23T00:27:36.709+0000] {processor.py:842} WARNING - No viable dags retrieved from /opt/airflow/dags/scripts/load_to_hive.py
[2025-06-23T00:27:36.727+0000] {processor.py:183} INFO - Processing /opt/airflow/dags/scripts/load_to_hive.py took 0.344 seconds
[2025-06-23T00:28:07.157+0000] {processor.py:161} INFO - Started process (PID=526) to work on /opt/airflow/dags/scripts/load_to_hive.py
[2025-06-23T00:28:07.159+0000] {processor.py:830} INFO - Processing file /opt/airflow/dags/scripts/load_to_hive.py for tasks to queue
[2025-06-23T00:28:07.161+0000] {logging_mixin.py:188} INFO - [2025-06-23T00:28:07.161+0000] {dagbag.py:545} INFO - Filling up the DagBag from /opt/airflow/dags/scripts/load_to_hive.py
[2025-06-23T00:28:07.505+0000] {processor.py:842} WARNING - No viable dags retrieved from /opt/airflow/dags/scripts/load_to_hive.py
[2025-06-23T00:28:07.524+0000] {processor.py:183} INFO - Processing /opt/airflow/dags/scripts/load_to_hive.py took 0.372 seconds
[2025-06-23T00:28:37.747+0000] {processor.py:161} INFO - Started process (PID=533) to work on /opt/airflow/dags/scripts/load_to_hive.py
[2025-06-23T00:28:37.748+0000] {processor.py:830} INFO - Processing file /opt/airflow/dags/scripts/load_to_hive.py for tasks to queue
[2025-06-23T00:28:37.751+0000] {logging_mixin.py:188} INFO - [2025-06-23T00:28:37.750+0000] {dagbag.py:545} INFO - Filling up the DagBag from /opt/airflow/dags/scripts/load_to_hive.py
[2025-06-23T00:28:38.113+0000] {processor.py:842} WARNING - No viable dags retrieved from /opt/airflow/dags/scripts/load_to_hive.py
[2025-06-23T00:28:38.140+0000] {processor.py:183} INFO - Processing /opt/airflow/dags/scripts/load_to_hive.py took 0.400 seconds
[2025-06-23T00:29:08.893+0000] {processor.py:161} INFO - Started process (PID=540) to work on /opt/airflow/dags/scripts/load_to_hive.py
[2025-06-23T00:29:08.894+0000] {processor.py:830} INFO - Processing file /opt/airflow/dags/scripts/load_to_hive.py for tasks to queue
[2025-06-23T00:29:08.896+0000] {logging_mixin.py:188} INFO - [2025-06-23T00:29:08.895+0000] {dagbag.py:545} INFO - Filling up the DagBag from /opt/airflow/dags/scripts/load_to_hive.py
[2025-06-23T00:29:09.252+0000] {processor.py:842} WARNING - No viable dags retrieved from /opt/airflow/dags/scripts/load_to_hive.py
[2025-06-23T00:29:09.277+0000] {processor.py:183} INFO - Processing /opt/airflow/dags/scripts/load_to_hive.py took 0.390 seconds
[2025-06-23T00:29:40.029+0000] {processor.py:161} INFO - Started process (PID=547) to work on /opt/airflow/dags/scripts/load_to_hive.py
[2025-06-23T00:29:40.031+0000] {processor.py:830} INFO - Processing file /opt/airflow/dags/scripts/load_to_hive.py for tasks to queue
[2025-06-23T00:29:40.035+0000] {logging_mixin.py:188} INFO - [2025-06-23T00:29:40.034+0000] {dagbag.py:545} INFO - Filling up the DagBag from /opt/airflow/dags/scripts/load_to_hive.py
[2025-06-23T00:29:40.332+0000] {processor.py:842} WARNING - No viable dags retrieved from /opt/airflow/dags/scripts/load_to_hive.py
[2025-06-23T00:29:40.354+0000] {processor.py:183} INFO - Processing /opt/airflow/dags/scripts/load_to_hive.py took 0.332 seconds
[2025-06-23T00:32:18.545+0000] {processor.py:161} INFO - Started process (PID=28) to work on /opt/airflow/dags/scripts/load_to_hive.py
[2025-06-23T00:32:18.546+0000] {processor.py:830} INFO - Processing file /opt/airflow/dags/scripts/load_to_hive.py for tasks to queue
[2025-06-23T00:32:18.548+0000] {logging_mixin.py:188} INFO - [2025-06-23T00:32:18.547+0000] {dagbag.py:545} INFO - Filling up the DagBag from /opt/airflow/dags/scripts/load_to_hive.py
[2025-06-23T00:32:19.488+0000] {processor.py:842} WARNING - No viable dags retrieved from /opt/airflow/dags/scripts/load_to_hive.py
[2025-06-23T00:32:19.520+0000] {processor.py:183} INFO - Processing /opt/airflow/dags/scripts/load_to_hive.py took 0.981 seconds
[2025-06-23T00:32:50.204+0000] {processor.py:161} INFO - Started process (PID=35) to work on /opt/airflow/dags/scripts/load_to_hive.py
[2025-06-23T00:32:50.205+0000] {processor.py:830} INFO - Processing file /opt/airflow/dags/scripts/load_to_hive.py for tasks to queue
[2025-06-23T00:32:50.207+0000] {logging_mixin.py:188} INFO - [2025-06-23T00:32:50.207+0000] {dagbag.py:545} INFO - Filling up the DagBag from /opt/airflow/dags/scripts/load_to_hive.py
[2025-06-23T00:32:50.556+0000] {processor.py:842} WARNING - No viable dags retrieved from /opt/airflow/dags/scripts/load_to_hive.py
[2025-06-23T00:32:50.577+0000] {processor.py:183} INFO - Processing /opt/airflow/dags/scripts/load_to_hive.py took 0.378 seconds
[2025-06-23T00:33:21.577+0000] {processor.py:161} INFO - Started process (PID=42) to work on /opt/airflow/dags/scripts/load_to_hive.py
[2025-06-23T00:33:21.579+0000] {processor.py:830} INFO - Processing file /opt/airflow/dags/scripts/load_to_hive.py for tasks to queue
[2025-06-23T00:33:21.581+0000] {logging_mixin.py:188} INFO - [2025-06-23T00:33:21.581+0000] {dagbag.py:545} INFO - Filling up the DagBag from /opt/airflow/dags/scripts/load_to_hive.py
[2025-06-23T00:33:22.040+0000] {processor.py:842} WARNING - No viable dags retrieved from /opt/airflow/dags/scripts/load_to_hive.py
[2025-06-23T00:33:22.062+0000] {processor.py:183} INFO - Processing /opt/airflow/dags/scripts/load_to_hive.py took 0.494 seconds
[2025-06-23T00:34:20.053+0000] {processor.py:161} INFO - Started process (PID=530) to work on /opt/airflow/dags/scripts/load_to_hive.py
[2025-06-23T00:34:20.057+0000] {processor.py:830} INFO - Processing file /opt/airflow/dags/scripts/load_to_hive.py for tasks to queue
[2025-06-23T00:34:20.061+0000] {logging_mixin.py:188} INFO - [2025-06-23T00:34:20.060+0000] {dagbag.py:545} INFO - Filling up the DagBag from /opt/airflow/dags/scripts/load_to_hive.py
[2025-06-23T00:34:20.396+0000] {processor.py:842} WARNING - No viable dags retrieved from /opt/airflow/dags/scripts/load_to_hive.py
[2025-06-23T00:34:20.417+0000] {processor.py:183} INFO - Processing /opt/airflow/dags/scripts/load_to_hive.py took 0.371 seconds
[2025-06-23T00:34:51.227+0000] {processor.py:161} INFO - Started process (PID=537) to work on /opt/airflow/dags/scripts/load_to_hive.py
[2025-06-23T00:34:51.229+0000] {processor.py:830} INFO - Processing file /opt/airflow/dags/scripts/load_to_hive.py for tasks to queue
[2025-06-23T00:34:51.235+0000] {logging_mixin.py:188} INFO - [2025-06-23T00:34:51.234+0000] {dagbag.py:545} INFO - Filling up the DagBag from /opt/airflow/dags/scripts/load_to_hive.py
[2025-06-23T00:34:51.666+0000] {processor.py:842} WARNING - No viable dags retrieved from /opt/airflow/dags/scripts/load_to_hive.py
[2025-06-23T00:34:51.687+0000] {processor.py:183} INFO - Processing /opt/airflow/dags/scripts/load_to_hive.py took 0.471 seconds
[2025-06-23T00:35:22.506+0000] {processor.py:161} INFO - Started process (PID=544) to work on /opt/airflow/dags/scripts/load_to_hive.py
[2025-06-23T00:35:22.507+0000] {processor.py:830} INFO - Processing file /opt/airflow/dags/scripts/load_to_hive.py for tasks to queue
[2025-06-23T00:35:22.509+0000] {logging_mixin.py:188} INFO - [2025-06-23T00:35:22.509+0000] {dagbag.py:545} INFO - Filling up the DagBag from /opt/airflow/dags/scripts/load_to_hive.py
[2025-06-23T00:35:22.801+0000] {processor.py:842} WARNING - No viable dags retrieved from /opt/airflow/dags/scripts/load_to_hive.py
[2025-06-23T00:35:22.823+0000] {processor.py:183} INFO - Processing /opt/airflow/dags/scripts/load_to_hive.py took 0.322 seconds
[2025-06-23T00:35:53.764+0000] {processor.py:161} INFO - Started process (PID=551) to work on /opt/airflow/dags/scripts/load_to_hive.py
[2025-06-23T00:35:53.765+0000] {processor.py:830} INFO - Processing file /opt/airflow/dags/scripts/load_to_hive.py for tasks to queue
[2025-06-23T00:35:53.766+0000] {logging_mixin.py:188} INFO - [2025-06-23T00:35:53.766+0000] {dagbag.py:545} INFO - Filling up the DagBag from /opt/airflow/dags/scripts/load_to_hive.py
[2025-06-23T00:35:54.106+0000] {processor.py:842} WARNING - No viable dags retrieved from /opt/airflow/dags/scripts/load_to_hive.py
[2025-06-23T00:35:54.131+0000] {processor.py:183} INFO - Processing /opt/airflow/dags/scripts/load_to_hive.py took 0.372 seconds
[2025-06-23T00:36:24.688+0000] {processor.py:161} INFO - Started process (PID=558) to work on /opt/airflow/dags/scripts/load_to_hive.py
[2025-06-23T00:36:24.691+0000] {processor.py:830} INFO - Processing file /opt/airflow/dags/scripts/load_to_hive.py for tasks to queue
[2025-06-23T00:36:24.693+0000] {logging_mixin.py:188} INFO - [2025-06-23T00:36:24.693+0000] {dagbag.py:545} INFO - Filling up the DagBag from /opt/airflow/dags/scripts/load_to_hive.py
[2025-06-23T00:36:25.076+0000] {processor.py:842} WARNING - No viable dags retrieved from /opt/airflow/dags/scripts/load_to_hive.py
[2025-06-23T00:36:25.102+0000] {processor.py:183} INFO - Processing /opt/airflow/dags/scripts/load_to_hive.py took 0.420 seconds
[2025-06-23T00:36:55.255+0000] {processor.py:161} INFO - Started process (PID=565) to work on /opt/airflow/dags/scripts/load_to_hive.py
[2025-06-23T00:36:55.257+0000] {processor.py:830} INFO - Processing file /opt/airflow/dags/scripts/load_to_hive.py for tasks to queue
[2025-06-23T00:36:55.262+0000] {logging_mixin.py:188} INFO - [2025-06-23T00:36:55.262+0000] {dagbag.py:545} INFO - Filling up the DagBag from /opt/airflow/dags/scripts/load_to_hive.py
[2025-06-23T00:36:55.571+0000] {processor.py:842} WARNING - No viable dags retrieved from /opt/airflow/dags/scripts/load_to_hive.py
[2025-06-23T00:36:55.595+0000] {processor.py:183} INFO - Processing /opt/airflow/dags/scripts/load_to_hive.py took 0.346 seconds
[2025-06-23T00:37:26.432+0000] {processor.py:161} INFO - Started process (PID=572) to work on /opt/airflow/dags/scripts/load_to_hive.py
[2025-06-23T00:37:26.433+0000] {processor.py:830} INFO - Processing file /opt/airflow/dags/scripts/load_to_hive.py for tasks to queue
[2025-06-23T00:37:26.435+0000] {logging_mixin.py:188} INFO - [2025-06-23T00:37:26.435+0000] {dagbag.py:545} INFO - Filling up the DagBag from /opt/airflow/dags/scripts/load_to_hive.py
[2025-06-23T00:37:26.797+0000] {processor.py:842} WARNING - No viable dags retrieved from /opt/airflow/dags/scripts/load_to_hive.py
[2025-06-23T00:37:26.832+0000] {processor.py:183} INFO - Processing /opt/airflow/dags/scripts/load_to_hive.py took 0.407 seconds
[2025-06-23T00:37:57.287+0000] {processor.py:161} INFO - Started process (PID=579) to work on /opt/airflow/dags/scripts/load_to_hive.py
[2025-06-23T00:37:57.288+0000] {processor.py:830} INFO - Processing file /opt/airflow/dags/scripts/load_to_hive.py for tasks to queue
[2025-06-23T00:37:57.290+0000] {logging_mixin.py:188} INFO - [2025-06-23T00:37:57.290+0000] {dagbag.py:545} INFO - Filling up the DagBag from /opt/airflow/dags/scripts/load_to_hive.py
[2025-06-23T00:37:57.603+0000] {processor.py:842} WARNING - No viable dags retrieved from /opt/airflow/dags/scripts/load_to_hive.py
[2025-06-23T00:37:57.622+0000] {processor.py:183} INFO - Processing /opt/airflow/dags/scripts/load_to_hive.py took 0.341 seconds
[2025-06-23T00:38:28.296+0000] {processor.py:161} INFO - Started process (PID=586) to work on /opt/airflow/dags/scripts/load_to_hive.py
[2025-06-23T00:38:28.297+0000] {processor.py:830} INFO - Processing file /opt/airflow/dags/scripts/load_to_hive.py for tasks to queue
[2025-06-23T00:38:28.299+0000] {logging_mixin.py:188} INFO - [2025-06-23T00:38:28.299+0000] {dagbag.py:545} INFO - Filling up the DagBag from /opt/airflow/dags/scripts/load_to_hive.py
[2025-06-23T00:38:28.566+0000] {processor.py:842} WARNING - No viable dags retrieved from /opt/airflow/dags/scripts/load_to_hive.py
[2025-06-23T00:38:28.589+0000] {processor.py:183} INFO - Processing /opt/airflow/dags/scripts/load_to_hive.py took 0.298 seconds
