[2025-06-23T00:12:31.696+0000] {processor.py:161} INFO - Started process (PID=38) to work on /opt/airflow/dags/scripts/transform_with_spark.py
[2025-06-23T00:12:31.700+0000] {processor.py:830} INFO - Processing file /opt/airflow/dags/scripts/transform_with_spark.py for tasks to queue
[2025-06-23T00:12:31.704+0000] {logging_mixin.py:188} INFO - [2025-06-23T00:12:31.703+0000] {dagbag.py:545} INFO - Filling up the DagBag from /opt/airflow/dags/scripts/transform_with_spark.py
[2025-06-23T00:12:31.866+0000] {processor.py:842} WARNING - No viable dags retrieved from /opt/airflow/dags/scripts/transform_with_spark.py
[2025-06-23T00:12:31.888+0000] {processor.py:183} INFO - Processing /opt/airflow/dags/scripts/transform_with_spark.py took 0.201 seconds
[2025-06-23T00:13:14.811+0000] {processor.py:161} INFO - Started process (PID=522) to work on /opt/airflow/dags/scripts/transform_with_spark.py
[2025-06-23T00:13:14.813+0000] {processor.py:830} INFO - Processing file /opt/airflow/dags/scripts/transform_with_spark.py for tasks to queue
[2025-06-23T00:13:14.817+0000] {logging_mixin.py:188} INFO - [2025-06-23T00:13:14.816+0000] {dagbag.py:545} INFO - Filling up the DagBag from /opt/airflow/dags/scripts/transform_with_spark.py
[2025-06-23T00:13:15.096+0000] {processor.py:842} WARNING - No viable dags retrieved from /opt/airflow/dags/scripts/transform_with_spark.py
[2025-06-23T00:13:15.126+0000] {processor.py:183} INFO - Processing /opt/airflow/dags/scripts/transform_with_spark.py took 0.322 seconds
[2025-06-23T00:13:46.265+0000] {processor.py:161} INFO - Started process (PID=529) to work on /opt/airflow/dags/scripts/transform_with_spark.py
[2025-06-23T00:13:46.270+0000] {processor.py:830} INFO - Processing file /opt/airflow/dags/scripts/transform_with_spark.py for tasks to queue
[2025-06-23T00:13:46.272+0000] {logging_mixin.py:188} INFO - [2025-06-23T00:13:46.272+0000] {dagbag.py:545} INFO - Filling up the DagBag from /opt/airflow/dags/scripts/transform_with_spark.py
[2025-06-23T00:13:46.441+0000] {processor.py:842} WARNING - No viable dags retrieved from /opt/airflow/dags/scripts/transform_with_spark.py
[2025-06-23T00:13:46.473+0000] {processor.py:183} INFO - Processing /opt/airflow/dags/scripts/transform_with_spark.py took 0.214 seconds
[2025-06-23T00:14:17.274+0000] {processor.py:161} INFO - Started process (PID=536) to work on /opt/airflow/dags/scripts/transform_with_spark.py
[2025-06-23T00:14:17.275+0000] {processor.py:830} INFO - Processing file /opt/airflow/dags/scripts/transform_with_spark.py for tasks to queue
[2025-06-23T00:14:17.278+0000] {logging_mixin.py:188} INFO - [2025-06-23T00:14:17.277+0000] {dagbag.py:545} INFO - Filling up the DagBag from /opt/airflow/dags/scripts/transform_with_spark.py
[2025-06-23T00:14:17.374+0000] {processor.py:842} WARNING - No viable dags retrieved from /opt/airflow/dags/scripts/transform_with_spark.py
[2025-06-23T00:14:17.398+0000] {processor.py:183} INFO - Processing /opt/airflow/dags/scripts/transform_with_spark.py took 0.128 seconds
[2025-06-23T00:15:16.245+0000] {processor.py:161} INFO - Started process (PID=1004) to work on /opt/airflow/dags/scripts/transform_with_spark.py
[2025-06-23T00:15:16.248+0000] {processor.py:830} INFO - Processing file /opt/airflow/dags/scripts/transform_with_spark.py for tasks to queue
[2025-06-23T00:15:16.250+0000] {logging_mixin.py:188} INFO - [2025-06-23T00:15:16.250+0000] {dagbag.py:545} INFO - Filling up the DagBag from /opt/airflow/dags/scripts/transform_with_spark.py
[2025-06-23T00:15:16.390+0000] {processor.py:842} WARNING - No viable dags retrieved from /opt/airflow/dags/scripts/transform_with_spark.py
[2025-06-23T00:15:16.411+0000] {processor.py:183} INFO - Processing /opt/airflow/dags/scripts/transform_with_spark.py took 0.171 seconds
[2025-06-23T00:15:46.887+0000] {processor.py:161} INFO - Started process (PID=1021) to work on /opt/airflow/dags/scripts/transform_with_spark.py
[2025-06-23T00:15:46.888+0000] {processor.py:830} INFO - Processing file /opt/airflow/dags/scripts/transform_with_spark.py for tasks to queue
[2025-06-23T00:15:46.890+0000] {logging_mixin.py:188} INFO - [2025-06-23T00:15:46.890+0000] {dagbag.py:545} INFO - Filling up the DagBag from /opt/airflow/dags/scripts/transform_with_spark.py
[2025-06-23T00:15:47.037+0000] {processor.py:842} WARNING - No viable dags retrieved from /opt/airflow/dags/scripts/transform_with_spark.py
[2025-06-23T00:15:47.064+0000] {processor.py:183} INFO - Processing /opt/airflow/dags/scripts/transform_with_spark.py took 0.184 seconds
[2025-06-23T00:16:18.108+0000] {processor.py:161} INFO - Started process (PID=1028) to work on /opt/airflow/dags/scripts/transform_with_spark.py
[2025-06-23T00:16:18.109+0000] {processor.py:830} INFO - Processing file /opt/airflow/dags/scripts/transform_with_spark.py for tasks to queue
[2025-06-23T00:16:18.110+0000] {logging_mixin.py:188} INFO - [2025-06-23T00:16:18.110+0000] {dagbag.py:545} INFO - Filling up the DagBag from /opt/airflow/dags/scripts/transform_with_spark.py
[2025-06-23T00:16:18.192+0000] {processor.py:842} WARNING - No viable dags retrieved from /opt/airflow/dags/scripts/transform_with_spark.py
[2025-06-23T00:16:18.220+0000] {processor.py:183} INFO - Processing /opt/airflow/dags/scripts/transform_with_spark.py took 0.117 seconds
[2025-06-23T00:16:49.016+0000] {processor.py:161} INFO - Started process (PID=1035) to work on /opt/airflow/dags/scripts/transform_with_spark.py
[2025-06-23T00:16:49.018+0000] {processor.py:830} INFO - Processing file /opt/airflow/dags/scripts/transform_with_spark.py for tasks to queue
[2025-06-23T00:16:49.020+0000] {logging_mixin.py:188} INFO - [2025-06-23T00:16:49.019+0000] {dagbag.py:545} INFO - Filling up the DagBag from /opt/airflow/dags/scripts/transform_with_spark.py
[2025-06-23T00:16:49.146+0000] {processor.py:842} WARNING - No viable dags retrieved from /opt/airflow/dags/scripts/transform_with_spark.py
[2025-06-23T00:16:49.174+0000] {processor.py:183} INFO - Processing /opt/airflow/dags/scripts/transform_with_spark.py took 0.163 seconds
[2025-06-23T00:17:19.916+0000] {processor.py:161} INFO - Started process (PID=1042) to work on /opt/airflow/dags/scripts/transform_with_spark.py
[2025-06-23T00:17:19.917+0000] {processor.py:830} INFO - Processing file /opt/airflow/dags/scripts/transform_with_spark.py for tasks to queue
[2025-06-23T00:17:19.919+0000] {logging_mixin.py:188} INFO - [2025-06-23T00:17:19.919+0000] {dagbag.py:545} INFO - Filling up the DagBag from /opt/airflow/dags/scripts/transform_with_spark.py
[2025-06-23T00:17:20.055+0000] {processor.py:842} WARNING - No viable dags retrieved from /opt/airflow/dags/scripts/transform_with_spark.py
[2025-06-23T00:17:20.084+0000] {processor.py:183} INFO - Processing /opt/airflow/dags/scripts/transform_with_spark.py took 0.173 seconds
[2025-06-23T00:18:51.297+0000] {processor.py:161} INFO - Started process (PID=27) to work on /opt/airflow/dags/scripts/transform_with_spark.py
[2025-06-23T00:18:51.299+0000] {processor.py:830} INFO - Processing file /opt/airflow/dags/scripts/transform_with_spark.py for tasks to queue
[2025-06-23T00:18:51.302+0000] {logging_mixin.py:188} INFO - [2025-06-23T00:18:51.301+0000] {dagbag.py:545} INFO - Filling up the DagBag from /opt/airflow/dags/scripts/transform_with_spark.py
[2025-06-23T00:18:51.447+0000] {processor.py:842} WARNING - No viable dags retrieved from /opt/airflow/dags/scripts/transform_with_spark.py
[2025-06-23T00:18:51.474+0000] {processor.py:183} INFO - Processing /opt/airflow/dags/scripts/transform_with_spark.py took 0.185 seconds
[2025-06-23T00:19:23.217+0000] {processor.py:161} INFO - Started process (PID=34) to work on /opt/airflow/dags/scripts/transform_with_spark.py
[2025-06-23T00:19:23.218+0000] {processor.py:830} INFO - Processing file /opt/airflow/dags/scripts/transform_with_spark.py for tasks to queue
[2025-06-23T00:19:23.220+0000] {logging_mixin.py:188} INFO - [2025-06-23T00:19:23.219+0000] {dagbag.py:545} INFO - Filling up the DagBag from /opt/airflow/dags/scripts/transform_with_spark.py
[2025-06-23T00:19:23.328+0000] {processor.py:842} WARNING - No viable dags retrieved from /opt/airflow/dags/scripts/transform_with_spark.py
[2025-06-23T00:19:23.346+0000] {processor.py:183} INFO - Processing /opt/airflow/dags/scripts/transform_with_spark.py took 0.136 seconds
[2025-06-23T00:19:54.325+0000] {processor.py:161} INFO - Started process (PID=41) to work on /opt/airflow/dags/scripts/transform_with_spark.py
[2025-06-23T00:19:54.327+0000] {processor.py:830} INFO - Processing file /opt/airflow/dags/scripts/transform_with_spark.py for tasks to queue
[2025-06-23T00:19:54.329+0000] {logging_mixin.py:188} INFO - [2025-06-23T00:19:54.329+0000] {dagbag.py:545} INFO - Filling up the DagBag from /opt/airflow/dags/scripts/transform_with_spark.py
[2025-06-23T00:19:54.445+0000] {processor.py:842} WARNING - No viable dags retrieved from /opt/airflow/dags/scripts/transform_with_spark.py
[2025-06-23T00:19:54.465+0000] {processor.py:183} INFO - Processing /opt/airflow/dags/scripts/transform_with_spark.py took 0.145 seconds
[2025-06-23T00:20:46.213+0000] {processor.py:161} INFO - Started process (PID=513) to work on /opt/airflow/dags/scripts/transform_with_spark.py
[2025-06-23T00:20:46.214+0000] {processor.py:830} INFO - Processing file /opt/airflow/dags/scripts/transform_with_spark.py for tasks to queue
[2025-06-23T00:20:46.217+0000] {logging_mixin.py:188} INFO - [2025-06-23T00:20:46.217+0000] {dagbag.py:545} INFO - Filling up the DagBag from /opt/airflow/dags/scripts/transform_with_spark.py
[2025-06-23T00:20:46.319+0000] {processor.py:842} WARNING - No viable dags retrieved from /opt/airflow/dags/scripts/transform_with_spark.py
[2025-06-23T00:20:46.338+0000] {processor.py:183} INFO - Processing /opt/airflow/dags/scripts/transform_with_spark.py took 0.130 seconds
[2025-06-23T00:21:16.825+0000] {processor.py:161} INFO - Started process (PID=530) to work on /opt/airflow/dags/scripts/transform_with_spark.py
[2025-06-23T00:21:16.827+0000] {processor.py:830} INFO - Processing file /opt/airflow/dags/scripts/transform_with_spark.py for tasks to queue
[2025-06-23T00:21:16.829+0000] {logging_mixin.py:188} INFO - [2025-06-23T00:21:16.828+0000] {dagbag.py:545} INFO - Filling up the DagBag from /opt/airflow/dags/scripts/transform_with_spark.py
[2025-06-23T00:21:16.939+0000] {processor.py:842} WARNING - No viable dags retrieved from /opt/airflow/dags/scripts/transform_with_spark.py
[2025-06-23T00:21:16.957+0000] {processor.py:183} INFO - Processing /opt/airflow/dags/scripts/transform_with_spark.py took 0.141 seconds
[2025-06-23T00:21:47.614+0000] {processor.py:161} INFO - Started process (PID=537) to work on /opt/airflow/dags/scripts/transform_with_spark.py
[2025-06-23T00:21:47.620+0000] {processor.py:830} INFO - Processing file /opt/airflow/dags/scripts/transform_with_spark.py for tasks to queue
[2025-06-23T00:21:47.626+0000] {logging_mixin.py:188} INFO - [2025-06-23T00:21:47.625+0000] {dagbag.py:545} INFO - Filling up the DagBag from /opt/airflow/dags/scripts/transform_with_spark.py
[2025-06-23T00:21:47.887+0000] {processor.py:842} WARNING - No viable dags retrieved from /opt/airflow/dags/scripts/transform_with_spark.py
[2025-06-23T00:21:47.924+0000] {processor.py:183} INFO - Processing /opt/airflow/dags/scripts/transform_with_spark.py took 0.322 seconds
[2025-06-23T00:22:19.011+0000] {processor.py:161} INFO - Started process (PID=544) to work on /opt/airflow/dags/scripts/transform_with_spark.py
[2025-06-23T00:22:19.012+0000] {processor.py:830} INFO - Processing file /opt/airflow/dags/scripts/transform_with_spark.py for tasks to queue
[2025-06-23T00:22:19.014+0000] {logging_mixin.py:188} INFO - [2025-06-23T00:22:19.014+0000] {dagbag.py:545} INFO - Filling up the DagBag from /opt/airflow/dags/scripts/transform_with_spark.py
[2025-06-23T00:22:19.118+0000] {processor.py:842} WARNING - No viable dags retrieved from /opt/airflow/dags/scripts/transform_with_spark.py
[2025-06-23T00:22:19.148+0000] {processor.py:183} INFO - Processing /opt/airflow/dags/scripts/transform_with_spark.py took 0.143 seconds
[2025-06-23T00:22:50.107+0000] {processor.py:161} INFO - Started process (PID=551) to work on /opt/airflow/dags/scripts/transform_with_spark.py
[2025-06-23T00:22:50.108+0000] {processor.py:830} INFO - Processing file /opt/airflow/dags/scripts/transform_with_spark.py for tasks to queue
[2025-06-23T00:22:50.110+0000] {logging_mixin.py:188} INFO - [2025-06-23T00:22:50.109+0000] {dagbag.py:545} INFO - Filling up the DagBag from /opt/airflow/dags/scripts/transform_with_spark.py
[2025-06-23T00:22:50.225+0000] {processor.py:842} WARNING - No viable dags retrieved from /opt/airflow/dags/scripts/transform_with_spark.py
[2025-06-23T00:22:50.257+0000] {processor.py:183} INFO - Processing /opt/airflow/dags/scripts/transform_with_spark.py took 0.156 seconds
[2025-06-23T00:23:20.537+0000] {processor.py:161} INFO - Started process (PID=558) to work on /opt/airflow/dags/scripts/transform_with_spark.py
[2025-06-23T00:23:20.538+0000] {processor.py:830} INFO - Processing file /opt/airflow/dags/scripts/transform_with_spark.py for tasks to queue
[2025-06-23T00:23:20.541+0000] {logging_mixin.py:188} INFO - [2025-06-23T00:23:20.540+0000] {dagbag.py:545} INFO - Filling up the DagBag from /opt/airflow/dags/scripts/transform_with_spark.py
[2025-06-23T00:23:20.674+0000] {processor.py:842} WARNING - No viable dags retrieved from /opt/airflow/dags/scripts/transform_with_spark.py
[2025-06-23T00:23:20.703+0000] {processor.py:183} INFO - Processing /opt/airflow/dags/scripts/transform_with_spark.py took 0.171 seconds
[2025-06-23T00:23:51.519+0000] {processor.py:161} INFO - Started process (PID=565) to work on /opt/airflow/dags/scripts/transform_with_spark.py
[2025-06-23T00:23:51.521+0000] {processor.py:830} INFO - Processing file /opt/airflow/dags/scripts/transform_with_spark.py for tasks to queue
[2025-06-23T00:23:51.523+0000] {logging_mixin.py:188} INFO - [2025-06-23T00:23:51.523+0000] {dagbag.py:545} INFO - Filling up the DagBag from /opt/airflow/dags/scripts/transform_with_spark.py
[2025-06-23T00:23:51.625+0000] {processor.py:842} WARNING - No viable dags retrieved from /opt/airflow/dags/scripts/transform_with_spark.py
[2025-06-23T00:23:51.645+0000] {processor.py:183} INFO - Processing /opt/airflow/dags/scripts/transform_with_spark.py took 0.132 seconds
[2025-06-23T00:25:41.039+0000] {processor.py:161} INFO - Started process (PID=27) to work on /opt/airflow/dags/scripts/transform_with_spark.py
[2025-06-23T00:25:41.043+0000] {processor.py:830} INFO - Processing file /opt/airflow/dags/scripts/transform_with_spark.py for tasks to queue
[2025-06-23T00:25:41.047+0000] {logging_mixin.py:188} INFO - [2025-06-23T00:25:41.046+0000] {dagbag.py:545} INFO - Filling up the DagBag from /opt/airflow/dags/scripts/transform_with_spark.py
[2025-06-23T00:25:41.254+0000] {processor.py:842} WARNING - No viable dags retrieved from /opt/airflow/dags/scripts/transform_with_spark.py
[2025-06-23T00:25:41.291+0000] {processor.py:183} INFO - Processing /opt/airflow/dags/scripts/transform_with_spark.py took 0.260 seconds
[2025-06-23T00:26:12.169+0000] {processor.py:161} INFO - Started process (PID=34) to work on /opt/airflow/dags/scripts/transform_with_spark.py
[2025-06-23T00:26:12.170+0000] {processor.py:830} INFO - Processing file /opt/airflow/dags/scripts/transform_with_spark.py for tasks to queue
[2025-06-23T00:26:12.172+0000] {logging_mixin.py:188} INFO - [2025-06-23T00:26:12.172+0000] {dagbag.py:545} INFO - Filling up the DagBag from /opt/airflow/dags/scripts/transform_with_spark.py
[2025-06-23T00:26:12.316+0000] {processor.py:842} WARNING - No viable dags retrieved from /opt/airflow/dags/scripts/transform_with_spark.py
[2025-06-23T00:26:12.348+0000] {processor.py:183} INFO - Processing /opt/airflow/dags/scripts/transform_with_spark.py took 0.188 seconds
[2025-06-23T00:26:43.554+0000] {processor.py:161} INFO - Started process (PID=41) to work on /opt/airflow/dags/scripts/transform_with_spark.py
[2025-06-23T00:26:43.558+0000] {processor.py:830} INFO - Processing file /opt/airflow/dags/scripts/transform_with_spark.py for tasks to queue
[2025-06-23T00:26:43.561+0000] {logging_mixin.py:188} INFO - [2025-06-23T00:26:43.560+0000] {dagbag.py:545} INFO - Filling up the DagBag from /opt/airflow/dags/scripts/transform_with_spark.py
[2025-06-23T00:26:43.679+0000] {processor.py:842} WARNING - No viable dags retrieved from /opt/airflow/dags/scripts/transform_with_spark.py
[2025-06-23T00:26:43.704+0000] {processor.py:183} INFO - Processing /opt/airflow/dags/scripts/transform_with_spark.py took 0.154 seconds
[2025-06-23T00:27:31.149+0000] {processor.py:161} INFO - Started process (PID=508) to work on /opt/airflow/dags/scripts/transform_with_spark.py
[2025-06-23T00:27:31.151+0000] {processor.py:830} INFO - Processing file /opt/airflow/dags/scripts/transform_with_spark.py for tasks to queue
[2025-06-23T00:27:31.153+0000] {logging_mixin.py:188} INFO - [2025-06-23T00:27:31.152+0000] {dagbag.py:545} INFO - Filling up the DagBag from /opt/airflow/dags/scripts/transform_with_spark.py
[2025-06-23T00:27:31.256+0000] {processor.py:842} WARNING - No viable dags retrieved from /opt/airflow/dags/scripts/transform_with_spark.py
[2025-06-23T00:27:31.281+0000] {processor.py:183} INFO - Processing /opt/airflow/dags/scripts/transform_with_spark.py took 0.137 seconds
[2025-06-23T00:28:01.438+0000] {processor.py:161} INFO - Started process (PID=525) to work on /opt/airflow/dags/scripts/transform_with_spark.py
[2025-06-23T00:28:01.440+0000] {processor.py:830} INFO - Processing file /opt/airflow/dags/scripts/transform_with_spark.py for tasks to queue
[2025-06-23T00:28:01.444+0000] {logging_mixin.py:188} INFO - [2025-06-23T00:28:01.443+0000] {dagbag.py:545} INFO - Filling up the DagBag from /opt/airflow/dags/scripts/transform_with_spark.py
[2025-06-23T00:28:01.680+0000] {processor.py:842} WARNING - No viable dags retrieved from /opt/airflow/dags/scripts/transform_with_spark.py
[2025-06-23T00:28:01.755+0000] {processor.py:183} INFO - Processing /opt/airflow/dags/scripts/transform_with_spark.py took 0.326 seconds
[2025-06-23T00:28:32.330+0000] {processor.py:161} INFO - Started process (PID=532) to work on /opt/airflow/dags/scripts/transform_with_spark.py
[2025-06-23T00:28:32.332+0000] {processor.py:830} INFO - Processing file /opt/airflow/dags/scripts/transform_with_spark.py for tasks to queue
[2025-06-23T00:28:32.337+0000] {logging_mixin.py:188} INFO - [2025-06-23T00:28:32.336+0000] {dagbag.py:545} INFO - Filling up the DagBag from /opt/airflow/dags/scripts/transform_with_spark.py
[2025-06-23T00:28:32.520+0000] {processor.py:842} WARNING - No viable dags retrieved from /opt/airflow/dags/scripts/transform_with_spark.py
[2025-06-23T00:28:32.542+0000] {processor.py:183} INFO - Processing /opt/airflow/dags/scripts/transform_with_spark.py took 0.220 seconds
[2025-06-23T00:29:02.961+0000] {processor.py:161} INFO - Started process (PID=539) to work on /opt/airflow/dags/scripts/transform_with_spark.py
[2025-06-23T00:29:02.962+0000] {processor.py:830} INFO - Processing file /opt/airflow/dags/scripts/transform_with_spark.py for tasks to queue
[2025-06-23T00:29:02.964+0000] {logging_mixin.py:188} INFO - [2025-06-23T00:29:02.964+0000] {dagbag.py:545} INFO - Filling up the DagBag from /opt/airflow/dags/scripts/transform_with_spark.py
[2025-06-23T00:29:03.078+0000] {processor.py:842} WARNING - No viable dags retrieved from /opt/airflow/dags/scripts/transform_with_spark.py
[2025-06-23T00:29:03.098+0000] {processor.py:183} INFO - Processing /opt/airflow/dags/scripts/transform_with_spark.py took 0.143 seconds
[2025-06-23T00:29:33.321+0000] {processor.py:161} INFO - Started process (PID=546) to work on /opt/airflow/dags/scripts/transform_with_spark.py
[2025-06-23T00:29:33.325+0000] {processor.py:830} INFO - Processing file /opt/airflow/dags/scripts/transform_with_spark.py for tasks to queue
[2025-06-23T00:29:33.327+0000] {logging_mixin.py:188} INFO - [2025-06-23T00:29:33.326+0000] {dagbag.py:545} INFO - Filling up the DagBag from /opt/airflow/dags/scripts/transform_with_spark.py
[2025-06-23T00:29:33.423+0000] {processor.py:842} WARNING - No viable dags retrieved from /opt/airflow/dags/scripts/transform_with_spark.py
[2025-06-23T00:29:33.445+0000] {processor.py:183} INFO - Processing /opt/airflow/dags/scripts/transform_with_spark.py took 0.129 seconds
[2025-06-23T00:32:17.306+0000] {processor.py:161} INFO - Started process (PID=27) to work on /opt/airflow/dags/scripts/transform_with_spark.py
[2025-06-23T00:32:17.307+0000] {processor.py:830} INFO - Processing file /opt/airflow/dags/scripts/transform_with_spark.py for tasks to queue
[2025-06-23T00:32:17.309+0000] {logging_mixin.py:188} INFO - [2025-06-23T00:32:17.309+0000] {dagbag.py:545} INFO - Filling up the DagBag from /opt/airflow/dags/scripts/transform_with_spark.py
[2025-06-23T00:32:17.467+0000] {processor.py:842} WARNING - No viable dags retrieved from /opt/airflow/dags/scripts/transform_with_spark.py
[2025-06-23T00:32:17.489+0000] {processor.py:183} INFO - Processing /opt/airflow/dags/scripts/transform_with_spark.py took 0.191 seconds
[2025-06-23T00:32:48.897+0000] {processor.py:161} INFO - Started process (PID=34) to work on /opt/airflow/dags/scripts/transform_with_spark.py
[2025-06-23T00:32:48.899+0000] {processor.py:830} INFO - Processing file /opt/airflow/dags/scripts/transform_with_spark.py for tasks to queue
[2025-06-23T00:32:48.902+0000] {logging_mixin.py:188} INFO - [2025-06-23T00:32:48.902+0000] {dagbag.py:545} INFO - Filling up the DagBag from /opt/airflow/dags/scripts/transform_with_spark.py
[2025-06-23T00:32:49.043+0000] {processor.py:842} WARNING - No viable dags retrieved from /opt/airflow/dags/scripts/transform_with_spark.py
[2025-06-23T00:32:49.071+0000] {processor.py:183} INFO - Processing /opt/airflow/dags/scripts/transform_with_spark.py took 0.181 seconds
[2025-06-23T00:33:20.567+0000] {processor.py:161} INFO - Started process (PID=41) to work on /opt/airflow/dags/scripts/transform_with_spark.py
[2025-06-23T00:33:20.571+0000] {processor.py:830} INFO - Processing file /opt/airflow/dags/scripts/transform_with_spark.py for tasks to queue
[2025-06-23T00:33:20.574+0000] {logging_mixin.py:188} INFO - [2025-06-23T00:33:20.573+0000] {dagbag.py:545} INFO - Filling up the DagBag from /opt/airflow/dags/scripts/transform_with_spark.py
[2025-06-23T00:33:20.665+0000] {processor.py:842} WARNING - No viable dags retrieved from /opt/airflow/dags/scripts/transform_with_spark.py
[2025-06-23T00:33:20.690+0000] {processor.py:183} INFO - Processing /opt/airflow/dags/scripts/transform_with_spark.py took 0.127 seconds
[2025-06-23T00:34:12.184+0000] {processor.py:161} INFO - Started process (PID=519) to work on /opt/airflow/dags/scripts/transform_with_spark.py
[2025-06-23T00:34:12.187+0000] {processor.py:830} INFO - Processing file /opt/airflow/dags/scripts/transform_with_spark.py for tasks to queue
[2025-06-23T00:34:12.189+0000] {logging_mixin.py:188} INFO - [2025-06-23T00:34:12.189+0000] {dagbag.py:545} INFO - Filling up the DagBag from /opt/airflow/dags/scripts/transform_with_spark.py
[2025-06-23T00:34:12.286+0000] {processor.py:842} WARNING - No viable dags retrieved from /opt/airflow/dags/scripts/transform_with_spark.py
[2025-06-23T00:34:12.306+0000] {processor.py:183} INFO - Processing /opt/airflow/dags/scripts/transform_with_spark.py took 0.128 seconds
[2025-06-23T00:34:43.424+0000] {processor.py:161} INFO - Started process (PID=536) to work on /opt/airflow/dags/scripts/transform_with_spark.py
[2025-06-23T00:34:43.426+0000] {processor.py:830} INFO - Processing file /opt/airflow/dags/scripts/transform_with_spark.py for tasks to queue
[2025-06-23T00:34:43.428+0000] {logging_mixin.py:188} INFO - [2025-06-23T00:34:43.427+0000] {dagbag.py:545} INFO - Filling up the DagBag from /opt/airflow/dags/scripts/transform_with_spark.py
[2025-06-23T00:34:43.544+0000] {processor.py:842} WARNING - No viable dags retrieved from /opt/airflow/dags/scripts/transform_with_spark.py
[2025-06-23T00:34:43.577+0000] {processor.py:183} INFO - Processing /opt/airflow/dags/scripts/transform_with_spark.py took 0.159 seconds
[2025-06-23T00:35:14.221+0000] {processor.py:161} INFO - Started process (PID=543) to work on /opt/airflow/dags/scripts/transform_with_spark.py
[2025-06-23T00:35:14.223+0000] {processor.py:830} INFO - Processing file /opt/airflow/dags/scripts/transform_with_spark.py for tasks to queue
[2025-06-23T00:35:14.226+0000] {logging_mixin.py:188} INFO - [2025-06-23T00:35:14.225+0000] {dagbag.py:545} INFO - Filling up the DagBag from /opt/airflow/dags/scripts/transform_with_spark.py
[2025-06-23T00:35:14.353+0000] {processor.py:842} WARNING - No viable dags retrieved from /opt/airflow/dags/scripts/transform_with_spark.py
[2025-06-23T00:35:14.375+0000] {processor.py:183} INFO - Processing /opt/airflow/dags/scripts/transform_with_spark.py took 0.161 seconds
[2025-06-23T00:35:45.067+0000] {processor.py:161} INFO - Started process (PID=550) to work on /opt/airflow/dags/scripts/transform_with_spark.py
[2025-06-23T00:35:45.069+0000] {processor.py:830} INFO - Processing file /opt/airflow/dags/scripts/transform_with_spark.py for tasks to queue
[2025-06-23T00:35:45.072+0000] {logging_mixin.py:188} INFO - [2025-06-23T00:35:45.071+0000] {dagbag.py:545} INFO - Filling up the DagBag from /opt/airflow/dags/scripts/transform_with_spark.py
[2025-06-23T00:35:45.189+0000] {processor.py:842} WARNING - No viable dags retrieved from /opt/airflow/dags/scripts/transform_with_spark.py
[2025-06-23T00:35:45.216+0000] {processor.py:183} INFO - Processing /opt/airflow/dags/scripts/transform_with_spark.py took 0.155 seconds
[2025-06-23T00:36:15.844+0000] {processor.py:161} INFO - Started process (PID=557) to work on /opt/airflow/dags/scripts/transform_with_spark.py
[2025-06-23T00:36:15.845+0000] {processor.py:830} INFO - Processing file /opt/airflow/dags/scripts/transform_with_spark.py for tasks to queue
[2025-06-23T00:36:15.847+0000] {logging_mixin.py:188} INFO - [2025-06-23T00:36:15.847+0000] {dagbag.py:545} INFO - Filling up the DagBag from /opt/airflow/dags/scripts/transform_with_spark.py
[2025-06-23T00:36:15.936+0000] {processor.py:842} WARNING - No viable dags retrieved from /opt/airflow/dags/scripts/transform_with_spark.py
[2025-06-23T00:36:15.961+0000] {processor.py:183} INFO - Processing /opt/airflow/dags/scripts/transform_with_spark.py took 0.121 seconds
[2025-06-23T00:36:46.864+0000] {processor.py:161} INFO - Started process (PID=564) to work on /opt/airflow/dags/scripts/transform_with_spark.py
[2025-06-23T00:36:46.868+0000] {processor.py:830} INFO - Processing file /opt/airflow/dags/scripts/transform_with_spark.py for tasks to queue
[2025-06-23T00:36:46.874+0000] {logging_mixin.py:188} INFO - [2025-06-23T00:36:46.873+0000] {dagbag.py:545} INFO - Filling up the DagBag from /opt/airflow/dags/scripts/transform_with_spark.py
[2025-06-23T00:36:47.038+0000] {processor.py:842} WARNING - No viable dags retrieved from /opt/airflow/dags/scripts/transform_with_spark.py
[2025-06-23T00:36:47.056+0000] {processor.py:183} INFO - Processing /opt/airflow/dags/scripts/transform_with_spark.py took 0.205 seconds
[2025-06-23T00:37:17.924+0000] {processor.py:161} INFO - Started process (PID=571) to work on /opt/airflow/dags/scripts/transform_with_spark.py
[2025-06-23T00:37:17.925+0000] {processor.py:830} INFO - Processing file /opt/airflow/dags/scripts/transform_with_spark.py for tasks to queue
[2025-06-23T00:37:17.927+0000] {logging_mixin.py:188} INFO - [2025-06-23T00:37:17.927+0000] {dagbag.py:545} INFO - Filling up the DagBag from /opt/airflow/dags/scripts/transform_with_spark.py
[2025-06-23T00:37:18.019+0000] {processor.py:842} WARNING - No viable dags retrieved from /opt/airflow/dags/scripts/transform_with_spark.py
[2025-06-23T00:37:18.040+0000] {processor.py:183} INFO - Processing /opt/airflow/dags/scripts/transform_with_spark.py took 0.121 seconds
[2025-06-23T00:37:48.986+0000] {processor.py:161} INFO - Started process (PID=578) to work on /opt/airflow/dags/scripts/transform_with_spark.py
[2025-06-23T00:37:48.987+0000] {processor.py:830} INFO - Processing file /opt/airflow/dags/scripts/transform_with_spark.py for tasks to queue
[2025-06-23T00:37:48.990+0000] {logging_mixin.py:188} INFO - [2025-06-23T00:37:48.989+0000] {dagbag.py:545} INFO - Filling up the DagBag from /opt/airflow/dags/scripts/transform_with_spark.py
[2025-06-23T00:37:49.114+0000] {processor.py:842} WARNING - No viable dags retrieved from /opt/airflow/dags/scripts/transform_with_spark.py
[2025-06-23T00:37:49.139+0000] {processor.py:183} INFO - Processing /opt/airflow/dags/scripts/transform_with_spark.py took 0.163 seconds
[2025-06-23T00:38:19.930+0000] {processor.py:161} INFO - Started process (PID=585) to work on /opt/airflow/dags/scripts/transform_with_spark.py
[2025-06-23T00:38:19.932+0000] {processor.py:830} INFO - Processing file /opt/airflow/dags/scripts/transform_with_spark.py for tasks to queue
[2025-06-23T00:38:19.933+0000] {logging_mixin.py:188} INFO - [2025-06-23T00:38:19.933+0000] {dagbag.py:545} INFO - Filling up the DagBag from /opt/airflow/dags/scripts/transform_with_spark.py
[2025-06-23T00:38:20.031+0000] {processor.py:842} WARNING - No viable dags retrieved from /opt/airflow/dags/scripts/transform_with_spark.py
[2025-06-23T00:38:20.047+0000] {processor.py:183} INFO - Processing /opt/airflow/dags/scripts/transform_with_spark.py took 0.121 seconds
[2025-06-23T00:44:33.940+0000] {processor.py:161} INFO - Started process (PID=27) to work on /opt/airflow/dags/scripts/transform_with_spark.py
[2025-06-23T00:44:33.942+0000] {processor.py:830} INFO - Processing file /opt/airflow/dags/scripts/transform_with_spark.py for tasks to queue
[2025-06-23T00:44:33.944+0000] {logging_mixin.py:188} INFO - [2025-06-23T00:44:33.943+0000] {dagbag.py:545} INFO - Filling up the DagBag from /opt/airflow/dags/scripts/transform_with_spark.py
[2025-06-23T00:44:34.074+0000] {processor.py:842} WARNING - No viable dags retrieved from /opt/airflow/dags/scripts/transform_with_spark.py
[2025-06-23T00:44:34.103+0000] {processor.py:183} INFO - Processing /opt/airflow/dags/scripts/transform_with_spark.py took 0.170 seconds
[2025-06-23T00:45:05.768+0000] {processor.py:161} INFO - Started process (PID=34) to work on /opt/airflow/dags/scripts/transform_with_spark.py
[2025-06-23T00:45:05.769+0000] {processor.py:830} INFO - Processing file /opt/airflow/dags/scripts/transform_with_spark.py for tasks to queue
[2025-06-23T00:45:05.771+0000] {logging_mixin.py:188} INFO - [2025-06-23T00:45:05.771+0000] {dagbag.py:545} INFO - Filling up the DagBag from /opt/airflow/dags/scripts/transform_with_spark.py
[2025-06-23T00:45:05.891+0000] {processor.py:842} WARNING - No viable dags retrieved from /opt/airflow/dags/scripts/transform_with_spark.py
[2025-06-23T00:45:05.913+0000] {processor.py:183} INFO - Processing /opt/airflow/dags/scripts/transform_with_spark.py took 0.150 seconds
[2025-06-23T00:45:36.573+0000] {processor.py:161} INFO - Started process (PID=41) to work on /opt/airflow/dags/scripts/transform_with_spark.py
[2025-06-23T00:45:36.575+0000] {processor.py:830} INFO - Processing file /opt/airflow/dags/scripts/transform_with_spark.py for tasks to queue
[2025-06-23T00:45:36.578+0000] {logging_mixin.py:188} INFO - [2025-06-23T00:45:36.577+0000] {dagbag.py:545} INFO - Filling up the DagBag from /opt/airflow/dags/scripts/transform_with_spark.py
[2025-06-23T00:45:36.674+0000] {processor.py:842} WARNING - No viable dags retrieved from /opt/airflow/dags/scripts/transform_with_spark.py
[2025-06-23T00:45:36.703+0000] {processor.py:183} INFO - Processing /opt/airflow/dags/scripts/transform_with_spark.py took 0.137 seconds
[2025-06-23T00:46:19.802+0000] {processor.py:161} INFO - Started process (PID=484) to work on /opt/airflow/dags/scripts/transform_with_spark.py
[2025-06-23T00:46:19.803+0000] {processor.py:830} INFO - Processing file /opt/airflow/dags/scripts/transform_with_spark.py for tasks to queue
[2025-06-23T00:46:19.806+0000] {logging_mixin.py:188} INFO - [2025-06-23T00:46:19.806+0000] {dagbag.py:545} INFO - Filling up the DagBag from /opt/airflow/dags/scripts/transform_with_spark.py
[2025-06-23T00:46:19.939+0000] {processor.py:842} WARNING - No viable dags retrieved from /opt/airflow/dags/scripts/transform_with_spark.py
[2025-06-23T00:46:19.965+0000] {processor.py:183} INFO - Processing /opt/airflow/dags/scripts/transform_with_spark.py took 0.171 seconds
[2025-06-23T00:46:50.396+0000] {processor.py:161} INFO - Started process (PID=491) to work on /opt/airflow/dags/scripts/transform_with_spark.py
[2025-06-23T00:46:50.397+0000] {processor.py:830} INFO - Processing file /opt/airflow/dags/scripts/transform_with_spark.py for tasks to queue
[2025-06-23T00:46:50.398+0000] {logging_mixin.py:188} INFO - [2025-06-23T00:46:50.398+0000] {dagbag.py:545} INFO - Filling up the DagBag from /opt/airflow/dags/scripts/transform_with_spark.py
[2025-06-23T00:46:50.481+0000] {processor.py:842} WARNING - No viable dags retrieved from /opt/airflow/dags/scripts/transform_with_spark.py
[2025-06-23T00:46:50.507+0000] {processor.py:183} INFO - Processing /opt/airflow/dags/scripts/transform_with_spark.py took 0.116 seconds
[2025-06-23T00:47:21.090+0000] {processor.py:161} INFO - Started process (PID=498) to work on /opt/airflow/dags/scripts/transform_with_spark.py
[2025-06-23T00:47:21.091+0000] {processor.py:830} INFO - Processing file /opt/airflow/dags/scripts/transform_with_spark.py for tasks to queue
[2025-06-23T00:47:21.093+0000] {logging_mixin.py:188} INFO - [2025-06-23T00:47:21.092+0000] {dagbag.py:545} INFO - Filling up the DagBag from /opt/airflow/dags/scripts/transform_with_spark.py
[2025-06-23T00:47:21.178+0000] {processor.py:842} WARNING - No viable dags retrieved from /opt/airflow/dags/scripts/transform_with_spark.py
[2025-06-23T00:47:21.207+0000] {processor.py:183} INFO - Processing /opt/airflow/dags/scripts/transform_with_spark.py took 0.121 seconds
[2025-06-23T00:47:52.317+0000] {processor.py:161} INFO - Started process (PID=505) to work on /opt/airflow/dags/scripts/transform_with_spark.py
[2025-06-23T00:47:52.318+0000] {processor.py:830} INFO - Processing file /opt/airflow/dags/scripts/transform_with_spark.py for tasks to queue
[2025-06-23T00:47:52.319+0000] {logging_mixin.py:188} INFO - [2025-06-23T00:47:52.319+0000] {dagbag.py:545} INFO - Filling up the DagBag from /opt/airflow/dags/scripts/transform_with_spark.py
[2025-06-23T00:47:52.435+0000] {processor.py:842} WARNING - No viable dags retrieved from /opt/airflow/dags/scripts/transform_with_spark.py
[2025-06-23T00:47:52.458+0000] {processor.py:183} INFO - Processing /opt/airflow/dags/scripts/transform_with_spark.py took 0.146 seconds
[2025-06-23T00:48:23.481+0000] {processor.py:161} INFO - Started process (PID=512) to work on /opt/airflow/dags/scripts/transform_with_spark.py
[2025-06-23T00:48:23.482+0000] {processor.py:830} INFO - Processing file /opt/airflow/dags/scripts/transform_with_spark.py for tasks to queue
[2025-06-23T00:48:23.484+0000] {logging_mixin.py:188} INFO - [2025-06-23T00:48:23.483+0000] {dagbag.py:545} INFO - Filling up the DagBag from /opt/airflow/dags/scripts/transform_with_spark.py
[2025-06-23T00:48:23.582+0000] {processor.py:842} WARNING - No viable dags retrieved from /opt/airflow/dags/scripts/transform_with_spark.py
[2025-06-23T00:48:23.601+0000] {processor.py:183} INFO - Processing /opt/airflow/dags/scripts/transform_with_spark.py took 0.125 seconds
[2025-06-23T00:48:54.723+0000] {processor.py:161} INFO - Started process (PID=519) to work on /opt/airflow/dags/scripts/transform_with_spark.py
[2025-06-23T00:48:54.724+0000] {processor.py:830} INFO - Processing file /opt/airflow/dags/scripts/transform_with_spark.py for tasks to queue
[2025-06-23T00:48:54.726+0000] {logging_mixin.py:188} INFO - [2025-06-23T00:48:54.725+0000] {dagbag.py:545} INFO - Filling up the DagBag from /opt/airflow/dags/scripts/transform_with_spark.py
[2025-06-23T00:48:54.807+0000] {processor.py:842} WARNING - No viable dags retrieved from /opt/airflow/dags/scripts/transform_with_spark.py
[2025-06-23T00:48:54.829+0000] {processor.py:183} INFO - Processing /opt/airflow/dags/scripts/transform_with_spark.py took 0.110 seconds
[2025-06-23T00:49:25.794+0000] {processor.py:161} INFO - Started process (PID=526) to work on /opt/airflow/dags/scripts/transform_with_spark.py
[2025-06-23T00:49:25.795+0000] {processor.py:830} INFO - Processing file /opt/airflow/dags/scripts/transform_with_spark.py for tasks to queue
[2025-06-23T00:49:25.797+0000] {logging_mixin.py:188} INFO - [2025-06-23T00:49:25.797+0000] {dagbag.py:545} INFO - Filling up the DagBag from /opt/airflow/dags/scripts/transform_with_spark.py
[2025-06-23T00:49:25.911+0000] {processor.py:842} WARNING - No viable dags retrieved from /opt/airflow/dags/scripts/transform_with_spark.py
[2025-06-23T00:49:25.933+0000] {processor.py:183} INFO - Processing /opt/airflow/dags/scripts/transform_with_spark.py took 0.144 seconds
[2025-06-23T00:49:56.992+0000] {processor.py:161} INFO - Started process (PID=533) to work on /opt/airflow/dags/scripts/transform_with_spark.py
[2025-06-23T00:49:56.994+0000] {processor.py:830} INFO - Processing file /opt/airflow/dags/scripts/transform_with_spark.py for tasks to queue
[2025-06-23T00:49:56.997+0000] {logging_mixin.py:188} INFO - [2025-06-23T00:49:56.996+0000] {dagbag.py:545} INFO - Filling up the DagBag from /opt/airflow/dags/scripts/transform_with_spark.py
[2025-06-23T00:49:57.151+0000] {processor.py:842} WARNING - No viable dags retrieved from /opt/airflow/dags/scripts/transform_with_spark.py
[2025-06-23T00:49:57.175+0000] {processor.py:183} INFO - Processing /opt/airflow/dags/scripts/transform_with_spark.py took 0.190 seconds
[2025-06-23T00:50:27.376+0000] {processor.py:161} INFO - Started process (PID=540) to work on /opt/airflow/dags/scripts/transform_with_spark.py
[2025-06-23T00:50:27.377+0000] {processor.py:830} INFO - Processing file /opt/airflow/dags/scripts/transform_with_spark.py for tasks to queue
[2025-06-23T00:50:27.379+0000] {logging_mixin.py:188} INFO - [2025-06-23T00:50:27.378+0000] {dagbag.py:545} INFO - Filling up the DagBag from /opt/airflow/dags/scripts/transform_with_spark.py
[2025-06-23T00:50:27.463+0000] {processor.py:842} WARNING - No viable dags retrieved from /opt/airflow/dags/scripts/transform_with_spark.py
[2025-06-23T00:50:27.483+0000] {processor.py:183} INFO - Processing /opt/airflow/dags/scripts/transform_with_spark.py took 0.112 seconds
[2025-06-23T00:50:57.876+0000] {processor.py:161} INFO - Started process (PID=547) to work on /opt/airflow/dags/scripts/transform_with_spark.py
[2025-06-23T00:50:57.877+0000] {processor.py:830} INFO - Processing file /opt/airflow/dags/scripts/transform_with_spark.py for tasks to queue
[2025-06-23T00:50:57.879+0000] {logging_mixin.py:188} INFO - [2025-06-23T00:50:57.878+0000] {dagbag.py:545} INFO - Filling up the DagBag from /opt/airflow/dags/scripts/transform_with_spark.py
[2025-06-23T00:50:57.966+0000] {processor.py:842} WARNING - No viable dags retrieved from /opt/airflow/dags/scripts/transform_with_spark.py
[2025-06-23T00:50:57.988+0000] {processor.py:183} INFO - Processing /opt/airflow/dags/scripts/transform_with_spark.py took 0.118 seconds
[2025-06-23T00:51:28.347+0000] {processor.py:161} INFO - Started process (PID=554) to work on /opt/airflow/dags/scripts/transform_with_spark.py
[2025-06-23T00:51:28.348+0000] {processor.py:830} INFO - Processing file /opt/airflow/dags/scripts/transform_with_spark.py for tasks to queue
[2025-06-23T00:51:28.351+0000] {logging_mixin.py:188} INFO - [2025-06-23T00:51:28.350+0000] {dagbag.py:545} INFO - Filling up the DagBag from /opt/airflow/dags/scripts/transform_with_spark.py
[2025-06-23T00:51:28.465+0000] {processor.py:842} WARNING - No viable dags retrieved from /opt/airflow/dags/scripts/transform_with_spark.py
[2025-06-23T00:51:28.492+0000] {processor.py:183} INFO - Processing /opt/airflow/dags/scripts/transform_with_spark.py took 0.153 seconds
[2025-06-23T00:51:58.885+0000] {processor.py:161} INFO - Started process (PID=561) to work on /opt/airflow/dags/scripts/transform_with_spark.py
[2025-06-23T00:51:58.886+0000] {processor.py:830} INFO - Processing file /opt/airflow/dags/scripts/transform_with_spark.py for tasks to queue
[2025-06-23T00:51:58.889+0000] {logging_mixin.py:188} INFO - [2025-06-23T00:51:58.888+0000] {dagbag.py:545} INFO - Filling up the DagBag from /opt/airflow/dags/scripts/transform_with_spark.py
[2025-06-23T00:51:58.988+0000] {processor.py:842} WARNING - No viable dags retrieved from /opt/airflow/dags/scripts/transform_with_spark.py
[2025-06-23T00:51:59.015+0000] {processor.py:183} INFO - Processing /opt/airflow/dags/scripts/transform_with_spark.py took 0.135 seconds
[2025-06-23T00:52:29.410+0000] {processor.py:161} INFO - Started process (PID=568) to work on /opt/airflow/dags/scripts/transform_with_spark.py
[2025-06-23T00:52:29.411+0000] {processor.py:830} INFO - Processing file /opt/airflow/dags/scripts/transform_with_spark.py for tasks to queue
[2025-06-23T00:52:29.414+0000] {logging_mixin.py:188} INFO - [2025-06-23T00:52:29.413+0000] {dagbag.py:545} INFO - Filling up the DagBag from /opt/airflow/dags/scripts/transform_with_spark.py
[2025-06-23T00:52:29.516+0000] {processor.py:842} WARNING - No viable dags retrieved from /opt/airflow/dags/scripts/transform_with_spark.py
[2025-06-23T00:52:29.547+0000] {processor.py:183} INFO - Processing /opt/airflow/dags/scripts/transform_with_spark.py took 0.144 seconds
[2025-06-23T00:52:59.982+0000] {processor.py:161} INFO - Started process (PID=575) to work on /opt/airflow/dags/scripts/transform_with_spark.py
[2025-06-23T00:52:59.983+0000] {processor.py:830} INFO - Processing file /opt/airflow/dags/scripts/transform_with_spark.py for tasks to queue
[2025-06-23T00:52:59.985+0000] {logging_mixin.py:188} INFO - [2025-06-23T00:52:59.985+0000] {dagbag.py:545} INFO - Filling up the DagBag from /opt/airflow/dags/scripts/transform_with_spark.py
[2025-06-23T00:53:00.114+0000] {processor.py:842} WARNING - No viable dags retrieved from /opt/airflow/dags/scripts/transform_with_spark.py
[2025-06-23T00:53:00.142+0000] {processor.py:183} INFO - Processing /opt/airflow/dags/scripts/transform_with_spark.py took 0.167 seconds
[2025-06-23T00:53:31.799+0000] {processor.py:161} INFO - Started process (PID=582) to work on /opt/airflow/dags/scripts/transform_with_spark.py
[2025-06-23T00:53:31.800+0000] {processor.py:830} INFO - Processing file /opt/airflow/dags/scripts/transform_with_spark.py for tasks to queue
[2025-06-23T00:53:31.802+0000] {logging_mixin.py:188} INFO - [2025-06-23T00:53:31.802+0000] {dagbag.py:545} INFO - Filling up the DagBag from /opt/airflow/dags/scripts/transform_with_spark.py
[2025-06-23T00:53:31.904+0000] {processor.py:842} WARNING - No viable dags retrieved from /opt/airflow/dags/scripts/transform_with_spark.py
[2025-06-23T00:53:31.936+0000] {processor.py:183} INFO - Processing /opt/airflow/dags/scripts/transform_with_spark.py took 0.143 seconds
[2025-06-23T00:54:04.305+0000] {processor.py:161} INFO - Started process (PID=589) to work on /opt/airflow/dags/scripts/transform_with_spark.py
[2025-06-23T00:54:04.306+0000] {processor.py:830} INFO - Processing file /opt/airflow/dags/scripts/transform_with_spark.py for tasks to queue
[2025-06-23T00:54:04.308+0000] {logging_mixin.py:188} INFO - [2025-06-23T00:54:04.308+0000] {dagbag.py:545} INFO - Filling up the DagBag from /opt/airflow/dags/scripts/transform_with_spark.py
[2025-06-23T00:54:04.429+0000] {processor.py:842} WARNING - No viable dags retrieved from /opt/airflow/dags/scripts/transform_with_spark.py
[2025-06-23T00:54:04.453+0000] {processor.py:183} INFO - Processing /opt/airflow/dags/scripts/transform_with_spark.py took 0.153 seconds
[2025-06-23T00:54:35.321+0000] {processor.py:161} INFO - Started process (PID=596) to work on /opt/airflow/dags/scripts/transform_with_spark.py
[2025-06-23T00:54:35.324+0000] {processor.py:830} INFO - Processing file /opt/airflow/dags/scripts/transform_with_spark.py for tasks to queue
[2025-06-23T00:54:35.326+0000] {logging_mixin.py:188} INFO - [2025-06-23T00:54:35.326+0000] {dagbag.py:545} INFO - Filling up the DagBag from /opt/airflow/dags/scripts/transform_with_spark.py
[2025-06-23T00:54:35.472+0000] {processor.py:842} WARNING - No viable dags retrieved from /opt/airflow/dags/scripts/transform_with_spark.py
[2025-06-23T00:54:35.491+0000] {processor.py:183} INFO - Processing /opt/airflow/dags/scripts/transform_with_spark.py took 0.178 seconds
[2025-06-23T00:55:06.467+0000] {processor.py:161} INFO - Started process (PID=603) to work on /opt/airflow/dags/scripts/transform_with_spark.py
[2025-06-23T00:55:06.468+0000] {processor.py:830} INFO - Processing file /opt/airflow/dags/scripts/transform_with_spark.py for tasks to queue
[2025-06-23T00:55:06.470+0000] {logging_mixin.py:188} INFO - [2025-06-23T00:55:06.470+0000] {dagbag.py:545} INFO - Filling up the DagBag from /opt/airflow/dags/scripts/transform_with_spark.py
[2025-06-23T00:55:06.572+0000] {processor.py:842} WARNING - No viable dags retrieved from /opt/airflow/dags/scripts/transform_with_spark.py
[2025-06-23T00:55:06.593+0000] {processor.py:183} INFO - Processing /opt/airflow/dags/scripts/transform_with_spark.py took 0.131 seconds
[2025-06-23T00:55:37.421+0000] {processor.py:161} INFO - Started process (PID=610) to work on /opt/airflow/dags/scripts/transform_with_spark.py
[2025-06-23T00:55:37.422+0000] {processor.py:830} INFO - Processing file /opt/airflow/dags/scripts/transform_with_spark.py for tasks to queue
[2025-06-23T00:55:37.426+0000] {logging_mixin.py:188} INFO - [2025-06-23T00:55:37.425+0000] {dagbag.py:545} INFO - Filling up the DagBag from /opt/airflow/dags/scripts/transform_with_spark.py
[2025-06-23T00:55:37.541+0000] {processor.py:842} WARNING - No viable dags retrieved from /opt/airflow/dags/scripts/transform_with_spark.py
[2025-06-23T00:55:37.558+0000] {processor.py:183} INFO - Processing /opt/airflow/dags/scripts/transform_with_spark.py took 0.143 seconds
[2025-06-23T00:56:08.429+0000] {processor.py:161} INFO - Started process (PID=617) to work on /opt/airflow/dags/scripts/transform_with_spark.py
[2025-06-23T00:56:08.430+0000] {processor.py:830} INFO - Processing file /opt/airflow/dags/scripts/transform_with_spark.py for tasks to queue
[2025-06-23T00:56:08.432+0000] {logging_mixin.py:188} INFO - [2025-06-23T00:56:08.431+0000] {dagbag.py:545} INFO - Filling up the DagBag from /opt/airflow/dags/scripts/transform_with_spark.py
[2025-06-23T00:56:08.529+0000] {processor.py:842} WARNING - No viable dags retrieved from /opt/airflow/dags/scripts/transform_with_spark.py
[2025-06-23T00:56:08.547+0000] {processor.py:183} INFO - Processing /opt/airflow/dags/scripts/transform_with_spark.py took 0.122 seconds
[2025-06-23T00:56:39.472+0000] {processor.py:161} INFO - Started process (PID=624) to work on /opt/airflow/dags/scripts/transform_with_spark.py
[2025-06-23T00:56:39.473+0000] {processor.py:830} INFO - Processing file /opt/airflow/dags/scripts/transform_with_spark.py for tasks to queue
[2025-06-23T00:56:39.475+0000] {logging_mixin.py:188} INFO - [2025-06-23T00:56:39.475+0000] {dagbag.py:545} INFO - Filling up the DagBag from /opt/airflow/dags/scripts/transform_with_spark.py
[2025-06-23T00:56:39.580+0000] {processor.py:842} WARNING - No viable dags retrieved from /opt/airflow/dags/scripts/transform_with_spark.py
[2025-06-23T00:56:39.605+0000] {processor.py:183} INFO - Processing /opt/airflow/dags/scripts/transform_with_spark.py took 0.139 seconds
[2025-06-23T00:57:10.502+0000] {processor.py:161} INFO - Started process (PID=631) to work on /opt/airflow/dags/scripts/transform_with_spark.py
[2025-06-23T00:57:10.503+0000] {processor.py:830} INFO - Processing file /opt/airflow/dags/scripts/transform_with_spark.py for tasks to queue
[2025-06-23T00:57:10.505+0000] {logging_mixin.py:188} INFO - [2025-06-23T00:57:10.505+0000] {dagbag.py:545} INFO - Filling up the DagBag from /opt/airflow/dags/scripts/transform_with_spark.py
[2025-06-23T00:57:10.620+0000] {processor.py:842} WARNING - No viable dags retrieved from /opt/airflow/dags/scripts/transform_with_spark.py
[2025-06-23T00:57:10.642+0000] {processor.py:183} INFO - Processing /opt/airflow/dags/scripts/transform_with_spark.py took 0.146 seconds
[2025-06-23T00:57:41.593+0000] {processor.py:161} INFO - Started process (PID=638) to work on /opt/airflow/dags/scripts/transform_with_spark.py
[2025-06-23T00:57:41.594+0000] {processor.py:830} INFO - Processing file /opt/airflow/dags/scripts/transform_with_spark.py for tasks to queue
[2025-06-23T00:57:41.596+0000] {logging_mixin.py:188} INFO - [2025-06-23T00:57:41.596+0000] {dagbag.py:545} INFO - Filling up the DagBag from /opt/airflow/dags/scripts/transform_with_spark.py
[2025-06-23T00:57:41.712+0000] {processor.py:842} WARNING - No viable dags retrieved from /opt/airflow/dags/scripts/transform_with_spark.py
[2025-06-23T00:57:41.733+0000] {processor.py:183} INFO - Processing /opt/airflow/dags/scripts/transform_with_spark.py took 0.147 seconds
[2025-06-23T00:58:12.348+0000] {processor.py:161} INFO - Started process (PID=645) to work on /opt/airflow/dags/scripts/transform_with_spark.py
[2025-06-23T00:58:12.349+0000] {processor.py:830} INFO - Processing file /opt/airflow/dags/scripts/transform_with_spark.py for tasks to queue
[2025-06-23T00:58:12.350+0000] {logging_mixin.py:188} INFO - [2025-06-23T00:58:12.350+0000] {dagbag.py:545} INFO - Filling up the DagBag from /opt/airflow/dags/scripts/transform_with_spark.py
[2025-06-23T00:58:12.448+0000] {processor.py:842} WARNING - No viable dags retrieved from /opt/airflow/dags/scripts/transform_with_spark.py
[2025-06-23T00:58:12.470+0000] {processor.py:183} INFO - Processing /opt/airflow/dags/scripts/transform_with_spark.py took 0.127 seconds
[2025-06-23T00:58:43.108+0000] {processor.py:161} INFO - Started process (PID=652) to work on /opt/airflow/dags/scripts/transform_with_spark.py
[2025-06-23T00:58:43.109+0000] {processor.py:830} INFO - Processing file /opt/airflow/dags/scripts/transform_with_spark.py for tasks to queue
[2025-06-23T00:58:43.110+0000] {logging_mixin.py:188} INFO - [2025-06-23T00:58:43.110+0000] {dagbag.py:545} INFO - Filling up the DagBag from /opt/airflow/dags/scripts/transform_with_spark.py
[2025-06-23T00:58:43.195+0000] {processor.py:842} WARNING - No viable dags retrieved from /opt/airflow/dags/scripts/transform_with_spark.py
[2025-06-23T00:58:43.216+0000] {processor.py:183} INFO - Processing /opt/airflow/dags/scripts/transform_with_spark.py took 0.113 seconds
[2025-06-23T00:59:13.910+0000] {processor.py:161} INFO - Started process (PID=659) to work on /opt/airflow/dags/scripts/transform_with_spark.py
[2025-06-23T00:59:13.911+0000] {processor.py:830} INFO - Processing file /opt/airflow/dags/scripts/transform_with_spark.py for tasks to queue
[2025-06-23T00:59:13.912+0000] {logging_mixin.py:188} INFO - [2025-06-23T00:59:13.912+0000] {dagbag.py:545} INFO - Filling up the DagBag from /opt/airflow/dags/scripts/transform_with_spark.py
[2025-06-23T00:59:13.998+0000] {processor.py:842} WARNING - No viable dags retrieved from /opt/airflow/dags/scripts/transform_with_spark.py
[2025-06-23T00:59:14.015+0000] {processor.py:183} INFO - Processing /opt/airflow/dags/scripts/transform_with_spark.py took 0.110 seconds
[2025-06-23T00:59:44.876+0000] {processor.py:161} INFO - Started process (PID=666) to work on /opt/airflow/dags/scripts/transform_with_spark.py
[2025-06-23T00:59:44.877+0000] {processor.py:830} INFO - Processing file /opt/airflow/dags/scripts/transform_with_spark.py for tasks to queue
[2025-06-23T00:59:44.879+0000] {logging_mixin.py:188} INFO - [2025-06-23T00:59:44.878+0000] {dagbag.py:545} INFO - Filling up the DagBag from /opt/airflow/dags/scripts/transform_with_spark.py
[2025-06-23T00:59:44.964+0000] {processor.py:842} WARNING - No viable dags retrieved from /opt/airflow/dags/scripts/transform_with_spark.py
[2025-06-23T00:59:44.991+0000] {processor.py:183} INFO - Processing /opt/airflow/dags/scripts/transform_with_spark.py took 0.120 seconds
[2025-06-23T01:00:15.784+0000] {processor.py:161} INFO - Started process (PID=673) to work on /opt/airflow/dags/scripts/transform_with_spark.py
[2025-06-23T01:00:15.785+0000] {processor.py:830} INFO - Processing file /opt/airflow/dags/scripts/transform_with_spark.py for tasks to queue
[2025-06-23T01:00:15.787+0000] {logging_mixin.py:188} INFO - [2025-06-23T01:00:15.786+0000] {dagbag.py:545} INFO - Filling up the DagBag from /opt/airflow/dags/scripts/transform_with_spark.py
[2025-06-23T01:00:15.874+0000] {processor.py:842} WARNING - No viable dags retrieved from /opt/airflow/dags/scripts/transform_with_spark.py
[2025-06-23T01:00:15.901+0000] {processor.py:183} INFO - Processing /opt/airflow/dags/scripts/transform_with_spark.py took 0.121 seconds
[2025-06-23T01:00:46.826+0000] {processor.py:161} INFO - Started process (PID=680) to work on /opt/airflow/dags/scripts/transform_with_spark.py
[2025-06-23T01:00:46.827+0000] {processor.py:830} INFO - Processing file /opt/airflow/dags/scripts/transform_with_spark.py for tasks to queue
[2025-06-23T01:00:46.829+0000] {logging_mixin.py:188} INFO - [2025-06-23T01:00:46.829+0000] {dagbag.py:545} INFO - Filling up the DagBag from /opt/airflow/dags/scripts/transform_with_spark.py
[2025-06-23T01:00:46.934+0000] {processor.py:842} WARNING - No viable dags retrieved from /opt/airflow/dags/scripts/transform_with_spark.py
[2025-06-23T01:00:46.963+0000] {processor.py:183} INFO - Processing /opt/airflow/dags/scripts/transform_with_spark.py took 0.142 seconds
[2025-06-23T01:01:17.634+0000] {processor.py:161} INFO - Started process (PID=687) to work on /opt/airflow/dags/scripts/transform_with_spark.py
[2025-06-23T01:01:17.635+0000] {processor.py:830} INFO - Processing file /opt/airflow/dags/scripts/transform_with_spark.py for tasks to queue
[2025-06-23T01:01:17.637+0000] {logging_mixin.py:188} INFO - [2025-06-23T01:01:17.637+0000] {dagbag.py:545} INFO - Filling up the DagBag from /opt/airflow/dags/scripts/transform_with_spark.py
[2025-06-23T01:01:17.719+0000] {processor.py:842} WARNING - No viable dags retrieved from /opt/airflow/dags/scripts/transform_with_spark.py
[2025-06-23T01:01:17.748+0000] {processor.py:183} INFO - Processing /opt/airflow/dags/scripts/transform_with_spark.py took 0.119 seconds
[2025-06-23T01:01:48.746+0000] {processor.py:161} INFO - Started process (PID=694) to work on /opt/airflow/dags/scripts/transform_with_spark.py
[2025-06-23T01:01:48.748+0000] {processor.py:830} INFO - Processing file /opt/airflow/dags/scripts/transform_with_spark.py for tasks to queue
[2025-06-23T01:01:48.750+0000] {logging_mixin.py:188} INFO - [2025-06-23T01:01:48.750+0000] {dagbag.py:545} INFO - Filling up the DagBag from /opt/airflow/dags/scripts/transform_with_spark.py
[2025-06-23T01:01:48.872+0000] {processor.py:842} WARNING - No viable dags retrieved from /opt/airflow/dags/scripts/transform_with_spark.py
[2025-06-23T01:01:48.898+0000] {processor.py:183} INFO - Processing /opt/airflow/dags/scripts/transform_with_spark.py took 0.159 seconds
[2025-06-23T01:02:33.904+0000] {processor.py:161} INFO - Started process (PID=1099) to work on /opt/airflow/dags/scripts/transform_with_spark.py
[2025-06-23T01:02:33.905+0000] {processor.py:830} INFO - Processing file /opt/airflow/dags/scripts/transform_with_spark.py for tasks to queue
[2025-06-23T01:02:33.907+0000] {logging_mixin.py:188} INFO - [2025-06-23T01:02:33.906+0000] {dagbag.py:545} INFO - Filling up the DagBag from /opt/airflow/dags/scripts/transform_with_spark.py
[2025-06-23T01:02:34.001+0000] {processor.py:842} WARNING - No viable dags retrieved from /opt/airflow/dags/scripts/transform_with_spark.py
[2025-06-23T01:02:34.027+0000] {processor.py:183} INFO - Processing /opt/airflow/dags/scripts/transform_with_spark.py took 0.129 seconds
[2025-06-23T01:03:04.431+0000] {processor.py:161} INFO - Started process (PID=1116) to work on /opt/airflow/dags/scripts/transform_with_spark.py
[2025-06-23T01:03:04.432+0000] {processor.py:830} INFO - Processing file /opt/airflow/dags/scripts/transform_with_spark.py for tasks to queue
[2025-06-23T01:03:04.434+0000] {logging_mixin.py:188} INFO - [2025-06-23T01:03:04.434+0000] {dagbag.py:545} INFO - Filling up the DagBag from /opt/airflow/dags/scripts/transform_with_spark.py
[2025-06-23T01:03:04.522+0000] {processor.py:842} WARNING - No viable dags retrieved from /opt/airflow/dags/scripts/transform_with_spark.py
[2025-06-23T01:03:04.541+0000] {processor.py:183} INFO - Processing /opt/airflow/dags/scripts/transform_with_spark.py took 0.114 seconds
[2025-06-23T01:03:34.985+0000] {processor.py:161} INFO - Started process (PID=1123) to work on /opt/airflow/dags/scripts/transform_with_spark.py
[2025-06-23T01:03:34.986+0000] {processor.py:830} INFO - Processing file /opt/airflow/dags/scripts/transform_with_spark.py for tasks to queue
[2025-06-23T01:03:34.989+0000] {logging_mixin.py:188} INFO - [2025-06-23T01:03:34.988+0000] {dagbag.py:545} INFO - Filling up the DagBag from /opt/airflow/dags/scripts/transform_with_spark.py
[2025-06-23T01:03:35.088+0000] {processor.py:842} WARNING - No viable dags retrieved from /opt/airflow/dags/scripts/transform_with_spark.py
[2025-06-23T01:03:35.111+0000] {processor.py:183} INFO - Processing /opt/airflow/dags/scripts/transform_with_spark.py took 0.132 seconds
[2025-06-23T01:04:05.539+0000] {processor.py:161} INFO - Started process (PID=1130) to work on /opt/airflow/dags/scripts/transform_with_spark.py
[2025-06-23T01:04:05.540+0000] {processor.py:830} INFO - Processing file /opt/airflow/dags/scripts/transform_with_spark.py for tasks to queue
[2025-06-23T01:04:05.542+0000] {logging_mixin.py:188} INFO - [2025-06-23T01:04:05.541+0000] {dagbag.py:545} INFO - Filling up the DagBag from /opt/airflow/dags/scripts/transform_with_spark.py
[2025-06-23T01:04:05.629+0000] {processor.py:842} WARNING - No viable dags retrieved from /opt/airflow/dags/scripts/transform_with_spark.py
[2025-06-23T01:04:05.650+0000] {processor.py:183} INFO - Processing /opt/airflow/dags/scripts/transform_with_spark.py took 0.116 seconds
[2025-06-23T01:04:36.131+0000] {processor.py:161} INFO - Started process (PID=1137) to work on /opt/airflow/dags/scripts/transform_with_spark.py
[2025-06-23T01:04:36.132+0000] {processor.py:830} INFO - Processing file /opt/airflow/dags/scripts/transform_with_spark.py for tasks to queue
[2025-06-23T01:04:36.133+0000] {logging_mixin.py:188} INFO - [2025-06-23T01:04:36.133+0000] {dagbag.py:545} INFO - Filling up the DagBag from /opt/airflow/dags/scripts/transform_with_spark.py
[2025-06-23T01:04:36.247+0000] {processor.py:842} WARNING - No viable dags retrieved from /opt/airflow/dags/scripts/transform_with_spark.py
[2025-06-23T01:04:36.274+0000] {processor.py:183} INFO - Processing /opt/airflow/dags/scripts/transform_with_spark.py took 0.148 seconds
[2025-06-23T01:05:06.881+0000] {processor.py:161} INFO - Started process (PID=1144) to work on /opt/airflow/dags/scripts/transform_with_spark.py
[2025-06-23T01:05:06.881+0000] {processor.py:830} INFO - Processing file /opt/airflow/dags/scripts/transform_with_spark.py for tasks to queue
[2025-06-23T01:05:06.883+0000] {logging_mixin.py:188} INFO - [2025-06-23T01:05:06.883+0000] {dagbag.py:545} INFO - Filling up the DagBag from /opt/airflow/dags/scripts/transform_with_spark.py
[2025-06-23T01:05:06.968+0000] {processor.py:842} WARNING - No viable dags retrieved from /opt/airflow/dags/scripts/transform_with_spark.py
[2025-06-23T01:05:06.996+0000] {processor.py:183} INFO - Processing /opt/airflow/dags/scripts/transform_with_spark.py took 0.120 seconds
[2025-06-23T01:06:38.381+0000] {processor.py:161} INFO - Started process (PID=26) to work on /opt/airflow/dags/scripts/transform_with_spark.py
[2025-06-23T01:06:38.382+0000] {processor.py:830} INFO - Processing file /opt/airflow/dags/scripts/transform_with_spark.py for tasks to queue
[2025-06-23T01:06:38.386+0000] {logging_mixin.py:188} INFO - [2025-06-23T01:06:38.385+0000] {dagbag.py:545} INFO - Filling up the DagBag from /opt/airflow/dags/scripts/transform_with_spark.py
[2025-06-23T01:06:38.550+0000] {processor.py:842} WARNING - No viable dags retrieved from /opt/airflow/dags/scripts/transform_with_spark.py
[2025-06-23T01:06:38.572+0000] {processor.py:183} INFO - Processing /opt/airflow/dags/scripts/transform_with_spark.py took 0.196 seconds
[2025-06-23T01:07:09.943+0000] {processor.py:161} INFO - Started process (PID=33) to work on /opt/airflow/dags/scripts/transform_with_spark.py
[2025-06-23T01:07:09.944+0000] {processor.py:830} INFO - Processing file /opt/airflow/dags/scripts/transform_with_spark.py for tasks to queue
[2025-06-23T01:07:09.946+0000] {logging_mixin.py:188} INFO - [2025-06-23T01:07:09.945+0000] {dagbag.py:545} INFO - Filling up the DagBag from /opt/airflow/dags/scripts/transform_with_spark.py
[2025-06-23T01:07:10.035+0000] {processor.py:842} WARNING - No viable dags retrieved from /opt/airflow/dags/scripts/transform_with_spark.py
[2025-06-23T01:07:10.057+0000] {processor.py:183} INFO - Processing /opt/airflow/dags/scripts/transform_with_spark.py took 0.118 seconds
[2025-06-23T01:07:41.073+0000] {processor.py:161} INFO - Started process (PID=40) to work on /opt/airflow/dags/scripts/transform_with_spark.py
[2025-06-23T01:07:41.077+0000] {processor.py:830} INFO - Processing file /opt/airflow/dags/scripts/transform_with_spark.py for tasks to queue
[2025-06-23T01:07:41.079+0000] {logging_mixin.py:188} INFO - [2025-06-23T01:07:41.078+0000] {dagbag.py:545} INFO - Filling up the DagBag from /opt/airflow/dags/scripts/transform_with_spark.py
[2025-06-23T01:07:41.160+0000] {processor.py:842} WARNING - No viable dags retrieved from /opt/airflow/dags/scripts/transform_with_spark.py
[2025-06-23T01:07:41.179+0000] {processor.py:183} INFO - Processing /opt/airflow/dags/scripts/transform_with_spark.py took 0.110 seconds
[2025-06-23T01:08:24.094+0000] {processor.py:161} INFO - Started process (PID=517) to work on /opt/airflow/dags/scripts/transform_with_spark.py
[2025-06-23T01:08:24.096+0000] {processor.py:830} INFO - Processing file /opt/airflow/dags/scripts/transform_with_spark.py for tasks to queue
[2025-06-23T01:08:24.097+0000] {logging_mixin.py:188} INFO - [2025-06-23T01:08:24.097+0000] {dagbag.py:545} INFO - Filling up the DagBag from /opt/airflow/dags/scripts/transform_with_spark.py
[2025-06-23T01:08:24.191+0000] {processor.py:842} WARNING - No viable dags retrieved from /opt/airflow/dags/scripts/transform_with_spark.py
[2025-06-23T01:08:24.212+0000] {processor.py:183} INFO - Processing /opt/airflow/dags/scripts/transform_with_spark.py took 0.123 seconds
[2025-06-23T01:08:55.355+0000] {processor.py:161} INFO - Started process (PID=534) to work on /opt/airflow/dags/scripts/transform_with_spark.py
[2025-06-23T01:08:55.357+0000] {processor.py:830} INFO - Processing file /opt/airflow/dags/scripts/transform_with_spark.py for tasks to queue
[2025-06-23T01:08:55.359+0000] {logging_mixin.py:188} INFO - [2025-06-23T01:08:55.359+0000] {dagbag.py:545} INFO - Filling up the DagBag from /opt/airflow/dags/scripts/transform_with_spark.py
[2025-06-23T01:08:55.463+0000] {processor.py:842} WARNING - No viable dags retrieved from /opt/airflow/dags/scripts/transform_with_spark.py
[2025-06-23T01:08:55.484+0000] {processor.py:183} INFO - Processing /opt/airflow/dags/scripts/transform_with_spark.py took 0.135 seconds
[2025-06-23T01:09:25.686+0000] {processor.py:161} INFO - Started process (PID=541) to work on /opt/airflow/dags/scripts/transform_with_spark.py
[2025-06-23T01:09:25.687+0000] {processor.py:830} INFO - Processing file /opt/airflow/dags/scripts/transform_with_spark.py for tasks to queue
[2025-06-23T01:09:25.690+0000] {logging_mixin.py:188} INFO - [2025-06-23T01:09:25.689+0000] {dagbag.py:545} INFO - Filling up the DagBag from /opt/airflow/dags/scripts/transform_with_spark.py
[2025-06-23T01:09:25.804+0000] {processor.py:842} WARNING - No viable dags retrieved from /opt/airflow/dags/scripts/transform_with_spark.py
[2025-06-23T01:09:25.829+0000] {processor.py:183} INFO - Processing /opt/airflow/dags/scripts/transform_with_spark.py took 0.149 seconds
[2025-06-23T01:09:56.100+0000] {processor.py:161} INFO - Started process (PID=548) to work on /opt/airflow/dags/scripts/transform_with_spark.py
[2025-06-23T01:09:56.101+0000] {processor.py:830} INFO - Processing file /opt/airflow/dags/scripts/transform_with_spark.py for tasks to queue
[2025-06-23T01:09:56.102+0000] {logging_mixin.py:188} INFO - [2025-06-23T01:09:56.102+0000] {dagbag.py:545} INFO - Filling up the DagBag from /opt/airflow/dags/scripts/transform_with_spark.py
[2025-06-23T01:09:56.195+0000] {processor.py:842} WARNING - No viable dags retrieved from /opt/airflow/dags/scripts/transform_with_spark.py
[2025-06-23T01:09:56.219+0000] {processor.py:183} INFO - Processing /opt/airflow/dags/scripts/transform_with_spark.py took 0.124 seconds
[2025-06-23T01:10:26.810+0000] {processor.py:161} INFO - Started process (PID=555) to work on /opt/airflow/dags/scripts/transform_with_spark.py
[2025-06-23T01:10:26.811+0000] {processor.py:830} INFO - Processing file /opt/airflow/dags/scripts/transform_with_spark.py for tasks to queue
[2025-06-23T01:10:26.813+0000] {logging_mixin.py:188} INFO - [2025-06-23T01:10:26.813+0000] {dagbag.py:545} INFO - Filling up the DagBag from /opt/airflow/dags/scripts/transform_with_spark.py
[2025-06-23T01:10:26.916+0000] {processor.py:842} WARNING - No viable dags retrieved from /opt/airflow/dags/scripts/transform_with_spark.py
[2025-06-23T01:10:26.939+0000] {processor.py:183} INFO - Processing /opt/airflow/dags/scripts/transform_with_spark.py took 0.135 seconds
[2025-06-23T01:10:58.115+0000] {processor.py:161} INFO - Started process (PID=562) to work on /opt/airflow/dags/scripts/transform_with_spark.py
[2025-06-23T01:10:58.117+0000] {processor.py:830} INFO - Processing file /opt/airflow/dags/scripts/transform_with_spark.py for tasks to queue
[2025-06-23T01:10:58.119+0000] {logging_mixin.py:188} INFO - [2025-06-23T01:10:58.119+0000] {dagbag.py:545} INFO - Filling up the DagBag from /opt/airflow/dags/scripts/transform_with_spark.py
[2025-06-23T01:10:58.214+0000] {processor.py:842} WARNING - No viable dags retrieved from /opt/airflow/dags/scripts/transform_with_spark.py
[2025-06-23T01:10:58.241+0000] {processor.py:183} INFO - Processing /opt/airflow/dags/scripts/transform_with_spark.py took 0.133 seconds
[2025-06-23T01:11:28.909+0000] {processor.py:161} INFO - Started process (PID=569) to work on /opt/airflow/dags/scripts/transform_with_spark.py
[2025-06-23T01:11:28.910+0000] {processor.py:830} INFO - Processing file /opt/airflow/dags/scripts/transform_with_spark.py for tasks to queue
[2025-06-23T01:11:28.911+0000] {logging_mixin.py:188} INFO - [2025-06-23T01:11:28.911+0000] {dagbag.py:545} INFO - Filling up the DagBag from /opt/airflow/dags/scripts/transform_with_spark.py
[2025-06-23T01:11:28.992+0000] {processor.py:842} WARNING - No viable dags retrieved from /opt/airflow/dags/scripts/transform_with_spark.py
[2025-06-23T01:11:29.013+0000] {processor.py:183} INFO - Processing /opt/airflow/dags/scripts/transform_with_spark.py took 0.109 seconds
[2025-06-23T01:11:59.740+0000] {processor.py:161} INFO - Started process (PID=576) to work on /opt/airflow/dags/scripts/transform_with_spark.py
[2025-06-23T01:11:59.742+0000] {processor.py:830} INFO - Processing file /opt/airflow/dags/scripts/transform_with_spark.py for tasks to queue
[2025-06-23T01:11:59.744+0000] {logging_mixin.py:188} INFO - [2025-06-23T01:11:59.744+0000] {dagbag.py:545} INFO - Filling up the DagBag from /opt/airflow/dags/scripts/transform_with_spark.py
[2025-06-23T01:11:59.838+0000] {processor.py:842} WARNING - No viable dags retrieved from /opt/airflow/dags/scripts/transform_with_spark.py
[2025-06-23T01:11:59.868+0000] {processor.py:183} INFO - Processing /opt/airflow/dags/scripts/transform_with_spark.py took 0.134 seconds
[2025-06-23T01:12:30.520+0000] {processor.py:161} INFO - Started process (PID=583) to work on /opt/airflow/dags/scripts/transform_with_spark.py
[2025-06-23T01:12:30.521+0000] {processor.py:830} INFO - Processing file /opt/airflow/dags/scripts/transform_with_spark.py for tasks to queue
[2025-06-23T01:12:30.523+0000] {logging_mixin.py:188} INFO - [2025-06-23T01:12:30.523+0000] {dagbag.py:545} INFO - Filling up the DagBag from /opt/airflow/dags/scripts/transform_with_spark.py
[2025-06-23T01:12:30.604+0000] {processor.py:842} WARNING - No viable dags retrieved from /opt/airflow/dags/scripts/transform_with_spark.py
[2025-06-23T01:12:30.633+0000] {processor.py:183} INFO - Processing /opt/airflow/dags/scripts/transform_with_spark.py took 0.118 seconds
[2025-06-23T01:13:01.298+0000] {processor.py:161} INFO - Started process (PID=590) to work on /opt/airflow/dags/scripts/transform_with_spark.py
[2025-06-23T01:13:01.299+0000] {processor.py:830} INFO - Processing file /opt/airflow/dags/scripts/transform_with_spark.py for tasks to queue
[2025-06-23T01:13:01.301+0000] {logging_mixin.py:188} INFO - [2025-06-23T01:13:01.301+0000] {dagbag.py:545} INFO - Filling up the DagBag from /opt/airflow/dags/scripts/transform_with_spark.py
[2025-06-23T01:13:01.386+0000] {processor.py:842} WARNING - No viable dags retrieved from /opt/airflow/dags/scripts/transform_with_spark.py
[2025-06-23T01:13:01.411+0000] {processor.py:183} INFO - Processing /opt/airflow/dags/scripts/transform_with_spark.py took 0.117 seconds
[2025-06-23T01:13:32.274+0000] {processor.py:161} INFO - Started process (PID=597) to work on /opt/airflow/dags/scripts/transform_with_spark.py
[2025-06-23T01:13:32.276+0000] {processor.py:830} INFO - Processing file /opt/airflow/dags/scripts/transform_with_spark.py for tasks to queue
[2025-06-23T01:13:32.278+0000] {logging_mixin.py:188} INFO - [2025-06-23T01:13:32.277+0000] {dagbag.py:545} INFO - Filling up the DagBag from /opt/airflow/dags/scripts/transform_with_spark.py
[2025-06-23T01:13:32.398+0000] {processor.py:842} WARNING - No viable dags retrieved from /opt/airflow/dags/scripts/transform_with_spark.py
[2025-06-23T01:13:32.421+0000] {processor.py:183} INFO - Processing /opt/airflow/dags/scripts/transform_with_spark.py took 0.152 seconds
[2025-06-23T01:14:03.107+0000] {processor.py:161} INFO - Started process (PID=604) to work on /opt/airflow/dags/scripts/transform_with_spark.py
[2025-06-23T01:14:03.108+0000] {processor.py:830} INFO - Processing file /opt/airflow/dags/scripts/transform_with_spark.py for tasks to queue
[2025-06-23T01:14:03.110+0000] {logging_mixin.py:188} INFO - [2025-06-23T01:14:03.109+0000] {dagbag.py:545} INFO - Filling up the DagBag from /opt/airflow/dags/scripts/transform_with_spark.py
[2025-06-23T01:14:03.190+0000] {processor.py:842} WARNING - No viable dags retrieved from /opt/airflow/dags/scripts/transform_with_spark.py
[2025-06-23T01:14:03.215+0000] {processor.py:183} INFO - Processing /opt/airflow/dags/scripts/transform_with_spark.py took 0.113 seconds
[2025-06-23T01:14:34.381+0000] {processor.py:161} INFO - Started process (PID=611) to work on /opt/airflow/dags/scripts/transform_with_spark.py
[2025-06-23T01:14:34.382+0000] {processor.py:830} INFO - Processing file /opt/airflow/dags/scripts/transform_with_spark.py for tasks to queue
[2025-06-23T01:14:34.384+0000] {logging_mixin.py:188} INFO - [2025-06-23T01:14:34.383+0000] {dagbag.py:545} INFO - Filling up the DagBag from /opt/airflow/dags/scripts/transform_with_spark.py
[2025-06-23T01:14:34.472+0000] {processor.py:842} WARNING - No viable dags retrieved from /opt/airflow/dags/scripts/transform_with_spark.py
[2025-06-23T01:14:34.490+0000] {processor.py:183} INFO - Processing /opt/airflow/dags/scripts/transform_with_spark.py took 0.114 seconds
[2025-06-23T01:15:05.131+0000] {processor.py:161} INFO - Started process (PID=618) to work on /opt/airflow/dags/scripts/transform_with_spark.py
[2025-06-23T01:15:05.132+0000] {processor.py:830} INFO - Processing file /opt/airflow/dags/scripts/transform_with_spark.py for tasks to queue
[2025-06-23T01:15:05.135+0000] {logging_mixin.py:188} INFO - [2025-06-23T01:15:05.134+0000] {dagbag.py:545} INFO - Filling up the DagBag from /opt/airflow/dags/scripts/transform_with_spark.py
[2025-06-23T01:15:05.327+0000] {processor.py:842} WARNING - No viable dags retrieved from /opt/airflow/dags/scripts/transform_with_spark.py
[2025-06-23T01:15:05.349+0000] {processor.py:183} INFO - Processing /opt/airflow/dags/scripts/transform_with_spark.py took 0.227 seconds
[2025-06-23T01:15:35.462+0000] {processor.py:161} INFO - Started process (PID=625) to work on /opt/airflow/dags/scripts/transform_with_spark.py
[2025-06-23T01:15:35.463+0000] {processor.py:830} INFO - Processing file /opt/airflow/dags/scripts/transform_with_spark.py for tasks to queue
[2025-06-23T01:15:35.465+0000] {logging_mixin.py:188} INFO - [2025-06-23T01:15:35.464+0000] {dagbag.py:545} INFO - Filling up the DagBag from /opt/airflow/dags/scripts/transform_with_spark.py
[2025-06-23T01:15:35.564+0000] {processor.py:842} WARNING - No viable dags retrieved from /opt/airflow/dags/scripts/transform_with_spark.py
[2025-06-23T01:15:35.586+0000] {processor.py:183} INFO - Processing /opt/airflow/dags/scripts/transform_with_spark.py took 0.130 seconds
[2025-06-23T01:16:05.907+0000] {processor.py:161} INFO - Started process (PID=632) to work on /opt/airflow/dags/scripts/transform_with_spark.py
[2025-06-23T01:16:05.908+0000] {processor.py:830} INFO - Processing file /opt/airflow/dags/scripts/transform_with_spark.py for tasks to queue
[2025-06-23T01:16:05.909+0000] {logging_mixin.py:188} INFO - [2025-06-23T01:16:05.909+0000] {dagbag.py:545} INFO - Filling up the DagBag from /opt/airflow/dags/scripts/transform_with_spark.py
[2025-06-23T01:16:05.995+0000] {processor.py:842} WARNING - No viable dags retrieved from /opt/airflow/dags/scripts/transform_with_spark.py
[2025-06-23T01:16:06.015+0000] {processor.py:183} INFO - Processing /opt/airflow/dags/scripts/transform_with_spark.py took 0.113 seconds
[2025-06-23T01:16:36.648+0000] {processor.py:161} INFO - Started process (PID=639) to work on /opt/airflow/dags/scripts/transform_with_spark.py
[2025-06-23T01:16:36.649+0000] {processor.py:830} INFO - Processing file /opt/airflow/dags/scripts/transform_with_spark.py for tasks to queue
[2025-06-23T01:16:36.651+0000] {logging_mixin.py:188} INFO - [2025-06-23T01:16:36.650+0000] {dagbag.py:545} INFO - Filling up the DagBag from /opt/airflow/dags/scripts/transform_with_spark.py
[2025-06-23T01:16:36.735+0000] {processor.py:842} WARNING - No viable dags retrieved from /opt/airflow/dags/scripts/transform_with_spark.py
[2025-06-23T01:16:36.759+0000] {processor.py:183} INFO - Processing /opt/airflow/dags/scripts/transform_with_spark.py took 0.117 seconds
[2025-06-23T01:17:06.954+0000] {processor.py:161} INFO - Started process (PID=646) to work on /opt/airflow/dags/scripts/transform_with_spark.py
[2025-06-23T01:17:06.955+0000] {processor.py:830} INFO - Processing file /opt/airflow/dags/scripts/transform_with_spark.py for tasks to queue
[2025-06-23T01:17:06.956+0000] {logging_mixin.py:188} INFO - [2025-06-23T01:17:06.956+0000] {dagbag.py:545} INFO - Filling up the DagBag from /opt/airflow/dags/scripts/transform_with_spark.py
[2025-06-23T01:17:07.040+0000] {processor.py:842} WARNING - No viable dags retrieved from /opt/airflow/dags/scripts/transform_with_spark.py
[2025-06-23T01:17:07.062+0000] {processor.py:183} INFO - Processing /opt/airflow/dags/scripts/transform_with_spark.py took 0.113 seconds
[2025-06-23T01:17:38.170+0000] {processor.py:161} INFO - Started process (PID=653) to work on /opt/airflow/dags/scripts/transform_with_spark.py
[2025-06-23T01:17:38.171+0000] {processor.py:830} INFO - Processing file /opt/airflow/dags/scripts/transform_with_spark.py for tasks to queue
[2025-06-23T01:17:38.173+0000] {logging_mixin.py:188} INFO - [2025-06-23T01:17:38.173+0000] {dagbag.py:545} INFO - Filling up the DagBag from /opt/airflow/dags/scripts/transform_with_spark.py
[2025-06-23T01:17:38.301+0000] {processor.py:842} WARNING - No viable dags retrieved from /opt/airflow/dags/scripts/transform_with_spark.py
[2025-06-23T01:17:38.328+0000] {processor.py:183} INFO - Processing /opt/airflow/dags/scripts/transform_with_spark.py took 0.164 seconds
[2025-06-23T01:18:08.523+0000] {processor.py:161} INFO - Started process (PID=660) to work on /opt/airflow/dags/scripts/transform_with_spark.py
[2025-06-23T01:18:08.523+0000] {processor.py:830} INFO - Processing file /opt/airflow/dags/scripts/transform_with_spark.py for tasks to queue
[2025-06-23T01:18:08.525+0000] {logging_mixin.py:188} INFO - [2025-06-23T01:18:08.525+0000] {dagbag.py:545} INFO - Filling up the DagBag from /opt/airflow/dags/scripts/transform_with_spark.py
[2025-06-23T01:18:08.621+0000] {processor.py:842} WARNING - No viable dags retrieved from /opt/airflow/dags/scripts/transform_with_spark.py
[2025-06-23T01:18:08.648+0000] {processor.py:183} INFO - Processing /opt/airflow/dags/scripts/transform_with_spark.py took 0.131 seconds
[2025-06-23T01:18:39.235+0000] {processor.py:161} INFO - Started process (PID=667) to work on /opt/airflow/dags/scripts/transform_with_spark.py
[2025-06-23T01:18:39.236+0000] {processor.py:830} INFO - Processing file /opt/airflow/dags/scripts/transform_with_spark.py for tasks to queue
[2025-06-23T01:18:39.237+0000] {logging_mixin.py:188} INFO - [2025-06-23T01:18:39.237+0000] {dagbag.py:545} INFO - Filling up the DagBag from /opt/airflow/dags/scripts/transform_with_spark.py
[2025-06-23T01:18:39.320+0000] {processor.py:842} WARNING - No viable dags retrieved from /opt/airflow/dags/scripts/transform_with_spark.py
[2025-06-23T01:18:39.340+0000] {processor.py:183} INFO - Processing /opt/airflow/dags/scripts/transform_with_spark.py took 0.110 seconds
[2025-06-23T01:19:10.036+0000] {processor.py:161} INFO - Started process (PID=674) to work on /opt/airflow/dags/scripts/transform_with_spark.py
[2025-06-23T01:19:10.038+0000] {processor.py:830} INFO - Processing file /opt/airflow/dags/scripts/transform_with_spark.py for tasks to queue
[2025-06-23T01:19:10.040+0000] {logging_mixin.py:188} INFO - [2025-06-23T01:19:10.039+0000] {dagbag.py:545} INFO - Filling up the DagBag from /opt/airflow/dags/scripts/transform_with_spark.py
[2025-06-23T01:19:10.133+0000] {processor.py:842} WARNING - No viable dags retrieved from /opt/airflow/dags/scripts/transform_with_spark.py
[2025-06-23T01:19:10.158+0000] {processor.py:183} INFO - Processing /opt/airflow/dags/scripts/transform_with_spark.py took 0.128 seconds
[2025-06-23T01:19:40.863+0000] {processor.py:161} INFO - Started process (PID=681) to work on /opt/airflow/dags/scripts/transform_with_spark.py
[2025-06-23T01:19:40.864+0000] {processor.py:830} INFO - Processing file /opt/airflow/dags/scripts/transform_with_spark.py for tasks to queue
[2025-06-23T01:19:40.866+0000] {logging_mixin.py:188} INFO - [2025-06-23T01:19:40.865+0000] {dagbag.py:545} INFO - Filling up the DagBag from /opt/airflow/dags/scripts/transform_with_spark.py
[2025-06-23T01:19:40.945+0000] {processor.py:842} WARNING - No viable dags retrieved from /opt/airflow/dags/scripts/transform_with_spark.py
[2025-06-23T01:19:40.978+0000] {processor.py:183} INFO - Processing /opt/airflow/dags/scripts/transform_with_spark.py took 0.120 seconds
[2025-06-23T01:20:11.626+0000] {processor.py:161} INFO - Started process (PID=688) to work on /opt/airflow/dags/scripts/transform_with_spark.py
[2025-06-23T01:20:11.627+0000] {processor.py:830} INFO - Processing file /opt/airflow/dags/scripts/transform_with_spark.py for tasks to queue
[2025-06-23T01:20:11.628+0000] {logging_mixin.py:188} INFO - [2025-06-23T01:20:11.628+0000] {dagbag.py:545} INFO - Filling up the DagBag from /opt/airflow/dags/scripts/transform_with_spark.py
[2025-06-23T01:20:11.712+0000] {processor.py:842} WARNING - No viable dags retrieved from /opt/airflow/dags/scripts/transform_with_spark.py
[2025-06-23T01:20:11.740+0000] {processor.py:183} INFO - Processing /opt/airflow/dags/scripts/transform_with_spark.py took 0.120 seconds
[2025-06-23T01:20:42.329+0000] {processor.py:161} INFO - Started process (PID=695) to work on /opt/airflow/dags/scripts/transform_with_spark.py
[2025-06-23T01:20:42.330+0000] {processor.py:830} INFO - Processing file /opt/airflow/dags/scripts/transform_with_spark.py for tasks to queue
[2025-06-23T01:20:42.331+0000] {logging_mixin.py:188} INFO - [2025-06-23T01:20:42.331+0000] {dagbag.py:545} INFO - Filling up the DagBag from /opt/airflow/dags/scripts/transform_with_spark.py
[2025-06-23T01:20:42.416+0000] {processor.py:842} WARNING - No viable dags retrieved from /opt/airflow/dags/scripts/transform_with_spark.py
[2025-06-23T01:20:42.441+0000] {processor.py:183} INFO - Processing /opt/airflow/dags/scripts/transform_with_spark.py took 0.117 seconds
[2025-06-23T01:21:13.215+0000] {processor.py:161} INFO - Started process (PID=702) to work on /opt/airflow/dags/scripts/transform_with_spark.py
[2025-06-23T01:21:13.216+0000] {processor.py:830} INFO - Processing file /opt/airflow/dags/scripts/transform_with_spark.py for tasks to queue
[2025-06-23T01:21:13.219+0000] {logging_mixin.py:188} INFO - [2025-06-23T01:21:13.218+0000] {dagbag.py:545} INFO - Filling up the DagBag from /opt/airflow/dags/scripts/transform_with_spark.py
[2025-06-23T01:21:13.313+0000] {processor.py:842} WARNING - No viable dags retrieved from /opt/airflow/dags/scripts/transform_with_spark.py
[2025-06-23T01:21:13.347+0000] {processor.py:183} INFO - Processing /opt/airflow/dags/scripts/transform_with_spark.py took 0.140 seconds
[2025-06-23T01:22:43.258+0000] {processor.py:161} INFO - Started process (PID=27) to work on /opt/airflow/dags/scripts/transform_with_spark.py
[2025-06-23T01:22:43.259+0000] {processor.py:830} INFO - Processing file /opt/airflow/dags/scripts/transform_with_spark.py for tasks to queue
[2025-06-23T01:22:43.261+0000] {logging_mixin.py:188} INFO - [2025-06-23T01:22:43.260+0000] {dagbag.py:545} INFO - Filling up the DagBag from /opt/airflow/dags/scripts/transform_with_spark.py
[2025-06-23T01:22:43.381+0000] {processor.py:842} WARNING - No viable dags retrieved from /opt/airflow/dags/scripts/transform_with_spark.py
[2025-06-23T01:22:43.407+0000] {processor.py:183} INFO - Processing /opt/airflow/dags/scripts/transform_with_spark.py took 0.156 seconds
[2025-06-23T01:23:15.216+0000] {processor.py:161} INFO - Started process (PID=34) to work on /opt/airflow/dags/scripts/transform_with_spark.py
[2025-06-23T01:23:15.218+0000] {processor.py:830} INFO - Processing file /opt/airflow/dags/scripts/transform_with_spark.py for tasks to queue
[2025-06-23T01:23:15.221+0000] {logging_mixin.py:188} INFO - [2025-06-23T01:23:15.220+0000] {dagbag.py:545} INFO - Filling up the DagBag from /opt/airflow/dags/scripts/transform_with_spark.py
[2025-06-23T01:23:15.329+0000] {processor.py:842} WARNING - No viable dags retrieved from /opt/airflow/dags/scripts/transform_with_spark.py
[2025-06-23T01:23:15.352+0000] {processor.py:183} INFO - Processing /opt/airflow/dags/scripts/transform_with_spark.py took 0.142 seconds
[2025-06-23T01:23:46.124+0000] {processor.py:161} INFO - Started process (PID=41) to work on /opt/airflow/dags/scripts/transform_with_spark.py
[2025-06-23T01:23:46.125+0000] {processor.py:830} INFO - Processing file /opt/airflow/dags/scripts/transform_with_spark.py for tasks to queue
[2025-06-23T01:23:46.127+0000] {logging_mixin.py:188} INFO - [2025-06-23T01:23:46.126+0000] {dagbag.py:545} INFO - Filling up the DagBag from /opt/airflow/dags/scripts/transform_with_spark.py
[2025-06-23T01:23:46.210+0000] {processor.py:842} WARNING - No viable dags retrieved from /opt/airflow/dags/scripts/transform_with_spark.py
[2025-06-23T01:23:46.228+0000] {processor.py:183} INFO - Processing /opt/airflow/dags/scripts/transform_with_spark.py took 0.109 seconds
[2025-06-23T01:24:17.890+0000] {processor.py:161} INFO - Started process (PID=48) to work on /opt/airflow/dags/scripts/transform_with_spark.py
[2025-06-23T01:24:17.891+0000] {processor.py:830} INFO - Processing file /opt/airflow/dags/scripts/transform_with_spark.py for tasks to queue
[2025-06-23T01:24:17.893+0000] {logging_mixin.py:188} INFO - [2025-06-23T01:24:17.893+0000] {dagbag.py:545} INFO - Filling up the DagBag from /opt/airflow/dags/scripts/transform_with_spark.py
[2025-06-23T01:24:17.976+0000] {processor.py:842} WARNING - No viable dags retrieved from /opt/airflow/dags/scripts/transform_with_spark.py
[2025-06-23T01:24:17.994+0000] {processor.py:183} INFO - Processing /opt/airflow/dags/scripts/transform_with_spark.py took 0.109 seconds
[2025-06-23T01:24:49.045+0000] {processor.py:161} INFO - Started process (PID=55) to work on /opt/airflow/dags/scripts/transform_with_spark.py
[2025-06-23T01:24:49.046+0000] {processor.py:830} INFO - Processing file /opt/airflow/dags/scripts/transform_with_spark.py for tasks to queue
[2025-06-23T01:24:49.048+0000] {logging_mixin.py:188} INFO - [2025-06-23T01:24:49.048+0000] {dagbag.py:545} INFO - Filling up the DagBag from /opt/airflow/dags/scripts/transform_with_spark.py
[2025-06-23T01:24:49.143+0000] {processor.py:842} WARNING - No viable dags retrieved from /opt/airflow/dags/scripts/transform_with_spark.py
[2025-06-23T01:24:49.169+0000] {processor.py:183} INFO - Processing /opt/airflow/dags/scripts/transform_with_spark.py took 0.130 seconds
[2025-06-23T01:26:01.937+0000] {processor.py:161} INFO - Started process (PID=689) to work on /opt/airflow/dags/scripts/transform_with_spark.py
[2025-06-23T01:26:01.940+0000] {processor.py:830} INFO - Processing file /opt/airflow/dags/scripts/transform_with_spark.py for tasks to queue
[2025-06-23T01:26:01.942+0000] {logging_mixin.py:188} INFO - [2025-06-23T01:26:01.942+0000] {dagbag.py:545} INFO - Filling up the DagBag from /opt/airflow/dags/scripts/transform_with_spark.py
[2025-06-23T01:26:02.053+0000] {processor.py:842} WARNING - No viable dags retrieved from /opt/airflow/dags/scripts/transform_with_spark.py
[2025-06-23T01:26:02.070+0000] {processor.py:183} INFO - Processing /opt/airflow/dags/scripts/transform_with_spark.py took 0.138 seconds
[2025-06-23T01:26:32.555+0000] {processor.py:161} INFO - Started process (PID=726) to work on /opt/airflow/dags/scripts/transform_with_spark.py
[2025-06-23T01:26:32.556+0000] {processor.py:830} INFO - Processing file /opt/airflow/dags/scripts/transform_with_spark.py for tasks to queue
[2025-06-23T01:26:32.557+0000] {logging_mixin.py:188} INFO - [2025-06-23T01:26:32.557+0000] {dagbag.py:545} INFO - Filling up the DagBag from /opt/airflow/dags/scripts/transform_with_spark.py
[2025-06-23T01:26:32.672+0000] {processor.py:842} WARNING - No viable dags retrieved from /opt/airflow/dags/scripts/transform_with_spark.py
[2025-06-23T01:26:32.692+0000] {processor.py:183} INFO - Processing /opt/airflow/dags/scripts/transform_with_spark.py took 0.142 seconds
[2025-06-23T01:27:34.400+0000] {processor.py:161} INFO - Started process (PID=27) to work on /opt/airflow/dags/scripts/transform_with_spark.py
[2025-06-23T01:27:34.401+0000] {processor.py:830} INFO - Processing file /opt/airflow/dags/scripts/transform_with_spark.py for tasks to queue
[2025-06-23T01:27:34.404+0000] {logging_mixin.py:188} INFO - [2025-06-23T01:27:34.403+0000] {dagbag.py:545} INFO - Filling up the DagBag from /opt/airflow/dags/scripts/transform_with_spark.py
[2025-06-23T01:27:34.531+0000] {processor.py:842} WARNING - No viable dags retrieved from /opt/airflow/dags/scripts/transform_with_spark.py
[2025-06-23T01:27:34.549+0000] {processor.py:183} INFO - Processing /opt/airflow/dags/scripts/transform_with_spark.py took 0.157 seconds
[2025-06-23T01:28:05.317+0000] {processor.py:161} INFO - Started process (PID=34) to work on /opt/airflow/dags/scripts/transform_with_spark.py
[2025-06-23T01:28:05.318+0000] {processor.py:830} INFO - Processing file /opt/airflow/dags/scripts/transform_with_spark.py for tasks to queue
[2025-06-23T01:28:05.320+0000] {logging_mixin.py:188} INFO - [2025-06-23T01:28:05.320+0000] {dagbag.py:545} INFO - Filling up the DagBag from /opt/airflow/dags/scripts/transform_with_spark.py
[2025-06-23T01:28:05.417+0000] {processor.py:842} WARNING - No viable dags retrieved from /opt/airflow/dags/scripts/transform_with_spark.py
[2025-06-23T01:28:05.442+0000] {processor.py:183} INFO - Processing /opt/airflow/dags/scripts/transform_with_spark.py took 0.129 seconds
[2025-06-23T01:28:56.871+0000] {processor.py:161} INFO - Started process (PID=500) to work on /opt/airflow/dags/scripts/transform_with_spark.py
[2025-06-23T01:28:56.872+0000] {processor.py:830} INFO - Processing file /opt/airflow/dags/scripts/transform_with_spark.py for tasks to queue
[2025-06-23T01:28:56.874+0000] {logging_mixin.py:188} INFO - [2025-06-23T01:28:56.873+0000] {dagbag.py:545} INFO - Filling up the DagBag from /opt/airflow/dags/scripts/transform_with_spark.py
[2025-06-23T01:28:56.961+0000] {processor.py:842} WARNING - No viable dags retrieved from /opt/airflow/dags/scripts/transform_with_spark.py
[2025-06-23T01:28:56.986+0000] {processor.py:183} INFO - Processing /opt/airflow/dags/scripts/transform_with_spark.py took 0.120 seconds
[2025-06-23T01:29:27.397+0000] {processor.py:161} INFO - Started process (PID=517) to work on /opt/airflow/dags/scripts/transform_with_spark.py
[2025-06-23T01:29:27.398+0000] {processor.py:830} INFO - Processing file /opt/airflow/dags/scripts/transform_with_spark.py for tasks to queue
[2025-06-23T01:29:27.400+0000] {logging_mixin.py:188} INFO - [2025-06-23T01:29:27.399+0000] {dagbag.py:545} INFO - Filling up the DagBag from /opt/airflow/dags/scripts/transform_with_spark.py
[2025-06-23T01:29:27.487+0000] {processor.py:842} WARNING - No viable dags retrieved from /opt/airflow/dags/scripts/transform_with_spark.py
[2025-06-23T01:29:27.512+0000] {processor.py:183} INFO - Processing /opt/airflow/dags/scripts/transform_with_spark.py took 0.121 seconds
[2025-06-23T01:29:58.330+0000] {processor.py:161} INFO - Started process (PID=524) to work on /opt/airflow/dags/scripts/transform_with_spark.py
[2025-06-23T01:29:58.332+0000] {processor.py:830} INFO - Processing file /opt/airflow/dags/scripts/transform_with_spark.py for tasks to queue
[2025-06-23T01:29:58.334+0000] {logging_mixin.py:188} INFO - [2025-06-23T01:29:58.333+0000] {dagbag.py:545} INFO - Filling up the DagBag from /opt/airflow/dags/scripts/transform_with_spark.py
[2025-06-23T01:29:58.432+0000] {processor.py:842} WARNING - No viable dags retrieved from /opt/airflow/dags/scripts/transform_with_spark.py
[2025-06-23T01:29:58.455+0000] {processor.py:183} INFO - Processing /opt/airflow/dags/scripts/transform_with_spark.py took 0.132 seconds
