[2025-06-22T20:23:59.797+0000] {local_task_job_runner.py:120} INFO - ::group::Pre task execution logs
[2025-06-22T20:23:59.826+0000] {taskinstance.py:2076} INFO - Dependencies all met for dep_context=non-requeueable deps ti=<TaskInstance: etl_pipeline.extract manual__2025-06-22T20:23:49.487417+00:00 [queued]>
[2025-06-22T20:23:59.837+0000] {taskinstance.py:2076} INFO - Dependencies all met for dep_context=requeueable deps ti=<TaskInstance: etl_pipeline.extract manual__2025-06-22T20:23:49.487417+00:00 [queued]>
[2025-06-22T20:23:59.839+0000] {taskinstance.py:2306} INFO - Starting attempt 1 of 1
[2025-06-22T20:23:59.864+0000] {taskinstance.py:2330} INFO - Executing <Task(PythonOperator): extract> on 2025-06-22 20:23:49.487417+00:00
[2025-06-22T20:23:59.872+0000] {standard_task_runner.py:90} INFO - Running: ['airflow', 'tasks', 'run', 'etl_pipeline', 'extract', 'manual__2025-06-22T20:23:49.487417+00:00', '--job-id', '123', '--raw', '--subdir', 'DAGS_FOLDER/etl_dag.py', '--cfg-path', '/tmp/tmpolxqap0y']
[2025-06-22T20:23:59.875+0000] {standard_task_runner.py:91} INFO - Job 123: Subtask extract
[2025-06-22T20:23:59.876+0000] {logging_mixin.py:188} WARNING - /home/airflow/.local/lib/python3.12/site-packages/airflow/task/task_runner/standard_task_runner.py:61 DeprecationWarning: This process (pid=55) is multi-threaded, use of fork() may lead to deadlocks in the child.
[2025-06-22T20:23:59.877+0000] {standard_task_runner.py:63} INFO - Started process 64 to run task
[2025-06-22T20:23:59.969+0000] {task_command.py:426} INFO - Running <TaskInstance: etl_pipeline.extract manual__2025-06-22T20:23:49.487417+00:00 [running]> on host 05d78a34d645
[2025-06-22T20:24:00.111+0000] {taskinstance.py:2648} INFO - Exporting env vars: AIRFLOW_CTX_DAG_OWNER='airflow' AIRFLOW_CTX_DAG_ID='etl_pipeline' AIRFLOW_CTX_TASK_ID='extract' AIRFLOW_CTX_EXECUTION_DATE='2025-06-22T20:23:49.487417+00:00' AIRFLOW_CTX_TRY_NUMBER='1' AIRFLOW_CTX_DAG_RUN_ID='manual__2025-06-22T20:23:49.487417+00:00'
[2025-06-22T20:24:00.112+0000] {taskinstance.py:430} INFO - ::endgroup::
[2025-06-22T20:24:00.135+0000] {logging_mixin.py:188} INFO - Extrayendo tabla: order_line
[2025-06-22T20:24:00.140+0000] {logging_mixin.py:188} WARNING - /opt/airflow/dags/scripts/extract_postgres.py:25 UserWarning: pandas only supports SQLAlchemy connectable (engine/connection) or database string URI or sqlite3 DBAPI2 connection. Other DBAPI2 objects are not tested. Please consider using SQLAlchemy.
[2025-06-22T20:24:00.157+0000] {logging_mixin.py:188} INFO - Extrayendo tabla: reservation
[2025-06-22T20:24:00.169+0000] {logging_mixin.py:188} INFO - Extrayendo tabla: Order
[2025-06-22T20:24:00.179+0000] {logging_mixin.py:188} INFO - Extrayendo tabla: Table
[2025-06-22T20:24:00.192+0000] {logging_mixin.py:188} INFO - Extrayendo tabla: menu_restaurant
[2025-06-22T20:24:00.197+0000] {logging_mixin.py:188} INFO - Extrayendo tabla: products
[2025-06-22T20:24:00.205+0000] {logging_mixin.py:188} INFO - Extrayendo tabla: menu
[2025-06-22T20:24:00.210+0000] {logging_mixin.py:188} INFO - Extrayendo tabla: restaurant
[2025-06-22T20:24:00.215+0000] {logging_mixin.py:188} INFO - Extrayendo tabla: users
[2025-06-22T20:24:00.223+0000] {python.py:237} INFO - Done. Returned value was: None
[2025-06-22T20:24:00.224+0000] {taskinstance.py:441} INFO - ::group::Post task execution logs
[2025-06-22T20:24:00.235+0000] {taskinstance.py:1206} INFO - Marking task as SUCCESS. dag_id=etl_pipeline, task_id=extract, run_id=manual__2025-06-22T20:23:49.487417+00:00, execution_date=20250622T202349, start_date=20250622T202359, end_date=20250622T202400
[2025-06-22T20:24:00.292+0000] {local_task_job_runner.py:240} INFO - Task exited with return code 0
[2025-06-22T20:24:00.342+0000] {taskinstance.py:3498} INFO - 1 downstream tasks scheduled from follow-on schedule check
[2025-06-22T20:24:00.353+0000] {local_task_job_runner.py:222} INFO - ::endgroup::
